#
# There is insufficient memory for the Java Runtime Environment to continue.
# Native memory allocation (malloc) failed to allocate 89391104 bytes for committing reserved memory.
# Possible reasons:
#   The system is out of physical RAM or swap space
#   In 32 bit mode, the process size limit was hit
# Possible solutions:
#   Reduce memory load on the system
#   Increase physical memory or swap space
#   Check if swap backing store is full
#   Use 64 bit Java on a 64 bit OS
#   Decrease Java heap size (-Xmx/-Xms)
#   Decrease number of Java threads
#   Decrease Java thread stack sizes (-Xss)
#   Set larger code cache with -XX:ReservedCodeCacheSize=
# This output file may be truncated or incomplete.
#
#  Out of Memory Error (os_linux.cpp:2718), pid=8856, tid=1813744448
#
# JRE version: Java(TM) SE Runtime Environment (7.0_45-b18) (build 1.7.0_45-b18)
# Java VM: Java HotSpot(TM) Server VM (24.45-b08 mixed mode linux-x86 )
# Failed to write core dump. Core dumps have been disabled. To enable core dumping, try "ulimit -c unlimited" before starting Java again
#

---------------  T H R E A D  ---------------

Current thread (0x6c080800):  VMThread [stack: 0x6c138000,0x6c1b9000] [id=8869]

Stack: [0x6c138000,0x6c1b9000],  sp=0x6c1b78e0,  free space=510k
Native frames: (J=compiled Java code, j=interpreted, Vv=VM code, C=native code)
V  [libjvm.so+0x7dc836]  VMError::report_and_die()+0x1a6
V  [libjvm.so+0x33a5c2]  report_vm_out_of_memory(char const*, int, unsigned int, char const*)+0x72
V  [libjvm.so+0x67bc21]  os::Linux::commit_memory_impl(char*, unsigned int, bool)+0xe1
V  [libjvm.so+0x67c077]  os::Linux::commit_memory_impl(char*, unsigned int, unsigned int, bool)+0x47
V  [libjvm.so+0x67c23d]  os::pd_commit_memory(char*, unsigned int, unsigned int, bool)+0x1d
V  [libjvm.so+0x675c8c]  os::commit_memory(char*, unsigned int, unsigned int, bool)+0x2c
V  [libjvm.so+0x6df178]  PSVirtualSpace::expand_by(unsigned int)+0x48
V  [libjvm.so+0x6e027a]  PSYoungGen::resize_generation(unsigned int, unsigned int)+0xda
V  [libjvm.so+0x6df5b9]  PSYoungGen::resize(unsigned int, unsigned int)+0x19
V  [libjvm.so+0x6dd31b]  PSScavenge::invoke_no_policy()+0x105b
V  [libjvm.so+0x6dd748]  PSScavenge::invoke()+0x28
V  [libjvm.so+0x69b9aa]  ParallelScavengeHeap::failed_mem_allocate(unsigned int)+0x5a
V  [libjvm.so+0x7de0da]  VM_ParallelGCFailedAllocation::doit()+0x7a
V  [libjvm.so+0x7e6e97]  VM_Operation::evaluate()+0x47
V  [libjvm.so+0x7e4f93]  VMThread::evaluate_operation(VM_Operation*)+0xb3
V  [libjvm.so+0x7e5330]  VMThread::loop()+0x1b0
V  [libjvm.so+0x7e5795]  VMThread::run()+0x85
V  [libjvm.so+0x67e0f9]  java_start(Thread*)+0x119
C  [libpthread.so.0+0x6d4c]  start_thread+0xcc

VM_Operation (0xb67cbbe4): ParallelGCFailedAllocation, mode: safepoint, requested by thread 0xb6608c00


---------------  P R O C E S S  ---------------

Java Threads: ( => current thread )
  0x6c099c00 JavaThread "Service Thread" daemon [_thread_blocked, id=8875, stack(0x6b8d9000,0x6b92a000)]
  0x6c098000 JavaThread "C2 CompilerThread1" daemon [_thread_blocked, id=8874, stack(0x6b92a000,0x6b9ab000)]
  0x6c096000 JavaThread "C2 CompilerThread0" daemon [_thread_blocked, id=8873, stack(0x6b9ab000,0x6ba2c000)]
  0x6c094400 JavaThread "Signal Dispatcher" daemon [_thread_blocked, id=8872, stack(0x6ba2c000,0x6ba7d000)]
  0x6c084800 JavaThread "Finalizer" daemon [_thread_blocked, id=8871, stack(0x6bdaf000,0x6be00000)]
  0x6c082000 JavaThread "Reference Handler" daemon [_thread_blocked, id=8870, stack(0x6eb2e000,0x6eb7f000)]
  0xb6608c00 JavaThread "main" [_thread_blocked, id=8864, stack(0xb677c000,0xb67cd000)]

Other Threads:
=>0x6c080800 VMThread [stack: 0x6c138000,0x6c1b9000] [id=8869]
  0x6c09bc00 WatcherThread [stack: 0x6b858000,0x6b8d9000] [id=8876]

VM state:at safepoint (normal execution)

VM Mutex/Monitor currently owned by a thread:  ([mutex/lock_event])
[0xb66062b0] Threads_lock - owner thread: 0x6c080800
[0xb66066c0] Heap_lock - owner thread: 0xb6608c00

Heap
 PSYoungGen      total 222976K, used 31533K [0x9df80000, 0xadc40000, 0xb3500000)
  eden space 188416K, 0% used [0x9df80000,0x9df80000,0xa9780000)
  from space 34560K, 91% used [0xa9780000,0xab64b4b8,0xab940000)
  to   space 31488K, 0% used [0xab940000,0xab940000,0xad800000)
 ParOldGen       total 71168K, used 53870K [0x73500000, 0x77a80000, 0x9df80000)
  object space 71168K, 75% used [0x73500000,0x7699b9b8,0x77a80000)
 PSPermGen       total 16384K, used 4533K [0x6f500000, 0x70500000, 0x73500000)
  object space 16384K, 27% used [0x6f500000,0x6f96d410,0x70500000)

Card table byte_map: [0x6f2df000,0x6f500000] byte_map_base: 0x6ef64800

Polling page: 0xb76e2000

Code Cache  [0xb35c8000, 0xb3808000, 0xb65c8000)
 total_blobs=970 nmethods=835 adapters=89 free_code_cache=46968Kb largest_free_block=48058304

Compilation events (10 events):
Event: 8,436 Thread 0x6c096000  843             java.lang.Integer::bitCount (49 bytes)
Event: 8,436 Thread 0x6c096000 nmethod 843 0xb37e3508 code [0xb37e35e0, 0xb37e3650]
Event: 8,512 Thread 0x6c098000  844             java.util.HashMap::roundUpToPowerOf2 (42 bytes)
Event: 8,512 Thread 0x6c096000  845             java.lang.Integer::highestOneBit (38 bytes)
Event: 8,512 Thread 0x6c096000 nmethod 845 0xb37e3388 code [0xb37e3460, 0xb37e34b0]
Event: 8,512 Thread 0x6c098000 nmethod 844 0xb37e31c8 code [0xb37e32a0, 0xb37e3330]
Event: 8,548 Thread 0x6c098000  846             java.util.TimSort::mergeLo (655 bytes)
Event: 8,601 Thread 0x6c096000  847             com.android.dx.io.instructions.InstructionCodec$34::decode (314 bytes)
Event: 8,607 Thread 0x6c098000 nmethod 846 0xb37f09c8 code [0xb37f0b80, 0xb37f2484]
Event: 8,635 Thread 0x6c096000 nmethod 847 0xb37ecb88 code [0xb37ecd00, 0xb37edc04]

GC Heap History (10 events):
Event: 6,376 GC heap after
Heap after GC invocations=12 (full 1):
 PSYoungGen      total 117504K, used 18324K [0x9df80000, 0xa9380000, 0xb3500000)
  eden space 96512K, 0% used [0x9df80000,0x9df80000,0xa3dc0000)
  from space 20992K, 87% used [0xa3dc0000,0xa4fa5228,0xa5240000)
  to   space 23040K, 0% used [0xa7d00000,0xa7d00000,0xa9380000)
 ParOldGen       total 51968K, used 35905K [0x73500000, 0x767c0000, 0x9df80000)
  object space 51968K, 69% used [0x73500000,0x758104c8,0x767c0000)
 PSPermGen       total 16384K, used 4526K [0x6f500000, 0x70500000, 0x73500000)
  object space 16384K, 27% used [0x6f500000,0x6f96bba8,0x70500000)
}
Event: 6,657 GC heap before
{Heap before GC invocations=13 (full 1):
 PSYoungGen      total 117504K, used 114836K [0x9df80000, 0xa9380000, 0xb3500000)
  eden space 96512K, 100% used [0x9df80000,0xa3dc0000,0xa3dc0000)
  from space 20992K, 87% used [0xa3dc0000,0xa4fa5228,0xa5240000)
  to   space 23040K, 0% used [0xa7d00000,0xa7d00000,0xa9380000)
 ParOldGen       total 51968K, used 35905K [0x73500000, 0x767c0000, 0x9df80000)
  object space 51968K, 69% used [0x73500000,0x758104c8,0x767c0000)
 PSPermGen       total 16384K, used 4528K [0x6f500000, 0x70500000, 0x73500000)
  object space 16384K, 27% used [0x6f500000,0x6f96c330,0x70500000)
Event: 6,675 GC heap after
Heap after GC invocations=13 (full 1):
 PSYoungGen      total 158976K, used 20926K [0x9df80000, 0xa9a40000, 0xb3500000)
  eden space 135936K, 0% used [0x9df80000,0x9df80000,0xa6440000)
  from space 23040K, 90% used [0xa7d00000,0xa916fb58,0xa9380000)
  to   space 25344K, 0% used [0xa6440000,0xa6440000,0xa7d00000)
 ParOldGen       total 51968K, used 48188K [0x73500000, 0x767c0000, 0x9df80000)
  object space 51968K, 92% used [0x73500000,0x7640f1c8,0x767c0000)
 PSPermGen       total 16384K, used 4528K [0x6f500000, 0x70500000, 0x73500000)
  object space 16384K, 27% used [0x6f500000,0x6f96c330,0x70500000)
}
Event: 6,675 GC heap before
{Heap before GC invocations=14 (full 2):
 PSYoungGen      total 158976K, used 20926K [0x9df80000, 0xa9a40000, 0xb3500000)
  eden space 135936K, 0% used [0x9df80000,0x9df80000,0xa6440000)
  from space 23040K, 90% used [0xa7d00000,0xa916fb58,0xa9380000)
  to   space 25344K, 0% used [0xa6440000,0xa6440000,0xa7d00000)
 ParOldGen       total 51968K, used 48188K [0x73500000, 0x767c0000, 0x9df80000)
  object space 51968K, 92% used [0x73500000,0x7640f1c8,0x767c0000)
 PSPermGen       total 16384K, used 4528K [0x6f500000, 0x70500000, 0x73500000)
  object space 16384K, 27% used [0x6f500000,0x6f96c330,0x70500000)
Event: 7,153 GC heap after
Heap after GC invocations=14 (full 2):
 PSYoungGen      total 158976K, used 0K [0x9df80000, 0xa9a40000, 0xb3500000)
  eden space 135936K, 0% used [0x9df80000,0x9df80000,0xa6440000)
  from space 23040K, 0% used [0xa7d00000,0xa7d00000,0xa9380000)
  to   space 25344K, 0% used [0xa6440000,0xa6440000,0xa7d00000)
 ParOldGen       total 71168K, used 27630K [0x73500000, 0x77a80000, 0x9df80000)
  object space 71168K, 38% used [0x73500000,0x74ffb988,0x77a80000)
 PSPermGen       total 16384K, used 4528K [0x6f500000, 0x70500000, 0x73500000)
  object space 16384K, 27% used [0x6f500000,0x6f96c218,0x70500000)
}
Event: 7,480 GC heap before
{Heap before GC invocations=15 (full 2):
 PSYoungGen      total 158976K, used 135936K [0x9df80000, 0xa9a40000, 0xb3500000)
  eden space 135936K, 100% used [0x9df80000,0xa6440000,0xa6440000)
  from space 23040K, 0% used [0xa7d00000,0xa7d00000,0xa9380000)
  to   space 25344K, 0% used [0xa6440000,0xa6440000,0xa7d00000)
 ParOldGen       total 71168K, used 27630K [0x73500000, 0x77a80000, 0x9df80000)
  object space 71168K, 38% used [0x73500000,0x74ffb988,0x77a80000)
 PSPermGen       total 16384K, used 4530K [0x6f500000, 0x70500000, 0x73500000)
  object space 16384K, 27% used [0x6f500000,0x6f96c800,0x70500000)
Event: 7,930 GC heap after
Heap after GC invocations=15 (full 2):
 PSYoungGen      total 161280K, used 25330K [0x9df80000, 0xad800000, 0xb3500000)
  eden space 135936K, 0% used [0x9df80000,0x9df80000,0xa6440000)
  from space 25344K, 99% used [0xa6440000,0xa7cfcb98,0xa7d00000)
  to   space 31488K, 0% used [0xab940000,0xab940000,0xad800000)
 ParOldGen       total 71168K, used 34286K [0x73500000, 0x77a80000, 0x9df80000)
  object space 71168K, 48% used [0x73500000,0x7567ba40,0x77a80000)
 PSPermGen       total 16384K, used 4530K [0x6f500000, 0x70500000, 0x73500000)
  object space 16384K, 27% used [0x6f500000,0x6f96c800,0x70500000)
}
Event: 8,296 GC heap before
{Heap before GC invocations=16 (full 2):
 PSYoungGen      total 161280K, used 161266K [0x9df80000, 0xad800000, 0xb3500000)
  eden space 135936K, 100% used [0x9df80000,0xa6440000,0xa6440000)
  from space 25344K, 99% used [0xa6440000,0xa7cfcb98,0xa7d00000)
  to   space 31488K, 0% used [0xab940000,0xab940000,0xad800000)
 ParOldGen       total 71168K, used 34286K [0x73500000, 0x77a80000, 0x9df80000)
  object space 71168K, 48% used [0x73500000,0x7567ba40,0x77a80000)
 PSPermGen       total 16384K, used 4531K [0x6f500000, 0x70500000, 0x73500000)
  object space 16384K, 27% used [0x6f500000,0x6f96cda0,0x70500000)
Event: 8,315 GC heap after
Heap after GC invocations=16 (full 2):
 PSYoungGen      total 219904K, used 26447K [0x9df80000, 0xadc40000, 0xb3500000)
  eden space 188416K, 0% used [0x9df80000,0x9df80000,0xa9780000)
  from space 31488K, 83% used [0xab940000,0xad313c30,0xad800000)
  to   space 34560K, 0% used [0xa9780000,0xa9780000,0xab940000)
 ParOldGen       total 71168K, used 52652K [0x73500000, 0x77a80000, 0x9df80000)
  object space 71168K, 73% used [0x73500000,0x7686b168,0x77a80000)
 PSPermGen       total 16384K, used 4531K [0x6f500000, 0x70500000, 0x73500000)
  object space 16384K, 27% used [0x6f500000,0x6f96cda0,0x70500000)
}
Event: 8,791 GC heap before
{Heap before GC invocations=17 (full 2):
 PSYoungGen      total 219904K, used 214863K [0x9df80000, 0xadc40000, 0xb3500000)
  eden space 188416K, 100% used [0x9df80000,0xa9780000,0xa9780000)
  from space 31488K, 83% used [0xab940000,0xad313c30,0xad800000)
  to   space 34560K, 0% used [0xa9780000,0xa9780000,0xab940000)
 ParOldGen       total 71168K, used 52652K [0x73500000, 0x77a80000, 0x9df80000)
  object space 71168K, 73% used [0x73500000,0x7686b168,0x77a80000)
 PSPermGen       total 16384K, used 4533K [0x6f500000, 0x70500000, 0x73500000)
  object space 16384K, 27% used [0x6f500000,0x6f96d410,0x70500000)

Deoptimization events (10 events):
Event: 7,165 Thread 0xb6608c00 Uncommon trap: reason=array_check action=maybe_recompile pc=0xb37e590c method=java.util.TimSort.reverseRange([Ljava/lang/Object;II)V @ 20
Event: 7,165 Thread 0xb6608c00 Uncommon trap: reason=array_check action=maybe_recompile pc=0xb37e590c method=java.util.TimSort.reverseRange([Ljava/lang/Object;II)V @ 20
Event: 7,165 Thread 0xb6608c00 Uncommon trap: reason=array_check action=maybe_recompile pc=0xb37e590c method=java.util.TimSort.reverseRange([Ljava/lang/Object;II)V @ 20
Event: 7,165 Thread 0xb6608c00 Uncommon trap: reason=array_check action=maybe_recompile pc=0xb37e590c method=java.util.TimSort.reverseRange([Ljava/lang/Object;II)V @ 20
Event: 8,148 Thread 0xb6608c00 Uncommon trap: reason=array_check action=maybe_recompile pc=0xb37ebf8c method=java.util.TimSort.reverseRange([Ljava/lang/Object;II)V @ 27
Event: 8,148 Thread 0xb6608c00 Uncommon trap: reason=array_check action=maybe_recompile pc=0xb37ebf8c method=java.util.TimSort.reverseRange([Ljava/lang/Object;II)V @ 27
Event: 8,757 Thread 0xb6608c00 Uncommon trap: reason=array_check action=maybe_recompile pc=0xb37f1e14 method=java.util.TimSort.mergeLo(IIII)V @ 77
Event: 8,757 Thread 0xb6608c00 Uncommon trap: reason=array_check action=maybe_recompile pc=0xb37f1e14 method=java.util.TimSort.mergeLo(IIII)V @ 77
Event: 8,757 Thread 0xb6608c00 Uncommon trap: reason=array_check action=maybe_recompile pc=0xb37f1e14 method=java.util.TimSort.mergeLo(IIII)V @ 77
Event: 8,757 Thread 0xb6608c00 Uncommon trap: reason=array_check action=maybe_recompile pc=0xb37f1e14 method=java.util.TimSort.mergeLo(IIII)V @ 77

Internal exceptions (10 events):
Event: 4,420 Thread 0xb6608c00 Threw 0x9f25da50 at /HUDSON/workspace/7u-2-build-linux-i586/jdk7u45/229/hotspot/src/share/vm/prims/jvm.cpp:1244
Event: 4,420 Thread 0xb6608c00 Threw 0x9f260950 at /HUDSON/workspace/7u-2-build-linux-i586/jdk7u45/229/hotspot/src/share/vm/prims/jvm.cpp:1244
Event: 4,423 Thread 0xb6608c00 Threw 0x9f267888 at /HUDSON/workspace/7u-2-build-linux-i586/jdk7u45/229/hotspot/src/share/vm/prims/jvm.cpp:1244
Event: 4,423 Thread 0xb6608c00 Threw 0x9f2a9c78 at /HUDSON/workspace/7u-2-build-linux-i586/jdk7u45/229/hotspot/src/share/vm/prims/jvm.cpp:1244
Event: 4,588 Thread 0xb6608c00 Threw 0x9fa5f620 at /HUDSON/workspace/7u-2-build-linux-i586/jdk7u45/229/hotspot/src/share/vm/prims/jvm.cpp:1244
Event: 5,065 Thread 0xb6608c00 Threw 0x9f82bc40 at /HUDSON/workspace/7u-2-build-linux-i586/jdk7u45/229/hotspot/src/share/vm/prims/jvm.cpp:1244
Event: 5,065 Thread 0xb6608c00 Threw 0x9f82bd58 at /HUDSON/workspace/7u-2-build-linux-i586/jdk7u45/229/hotspot/src/share/vm/prims/jvm.cpp:1244
Event: 5,066 Thread 0xb6608c00 Threw 0x9f82df20 at /HUDSON/workspace/7u-2-build-linux-i586/jdk7u45/229/hotspot/src/share/vm/prims/jvm.cpp:1244
Event: 5,066 Thread 0xb6608c00 Threw 0x9f82e038 at /HUDSON/workspace/7u-2-build-linux-i586/jdk7u45/229/hotspot/src/share/vm/prims/jvm.cpp:1244
Event: 5,972 Thread 0xb6608c00 Implicit null exception at 0xb37c4440 to 0xb37c4b61

Events (10 events):
Event: 8,757 Thread 0xb6608c00 Uncommon trap: trap_request=0xffffffd6 fr.pc=0xb37f1e14
Event: 8,757 Thread 0xb6608c00 DEOPT PACKING pc=0xb37f1e14 sp=0xb67cbc60
Event: 8,757 Thread 0xb6608c00 DEOPT UNPACKING pc=0xb35f4bbc sp=0xb67cbc88 mode 2
Event: 8,757 Thread 0xb6608c00 Uncommon trap: trap_request=0xffffffd6 fr.pc=0xb37f1e14
Event: 8,757 Thread 0xb6608c00 DEOPT PACKING pc=0xb37f1e14 sp=0xb67cbc60
Event: 8,757 Thread 0xb6608c00 DEOPT UNPACKING pc=0xb35f4bbc sp=0xb67cbc88 mode 2
Event: 8,757 Thread 0xb6608c00 Uncommon trap: trap_request=0xffffffd6 fr.pc=0xb37f1e14
Event: 8,757 Thread 0xb6608c00 DEOPT PACKING pc=0xb37f1e14 sp=0xb67cbc60
Event: 8,757 Thread 0xb6608c00 DEOPT UNPACKING pc=0xb35f4bbc sp=0xb67cbc88 mode 2
Event: 8,791 Executing VM operation: ParallelGCFailedAllocation


Dynamic libraries:
08048000-08049000 r-xp 00000000 08:06 671014     /usr/local/java/jdk1.7.0_45/bin/java
08049000-0804a000 rw-p 00000000 08:06 671014     /usr/local/java/jdk1.7.0_45/bin/java
08304000-083b2000 rw-p 00000000 00:00 0          [heap]
6a700000-6a73f000 rw-p 00000000 00:00 0 
6a73f000-6a800000 ---p 00000000 00:00 0 
6a900000-6a9fb000 rw-p 00000000 00:00 0 
6a9fb000-6aa00000 ---p 00000000 00:00 0 
6ab00000-6abe9000 rw-p 00000000 00:00 0 
6abe9000-6ac00000 ---p 00000000 00:00 0 
6ad00000-6adf9000 rw-p 00000000 00:00 0 
6adf9000-6ae00000 ---p 00000000 00:00 0 
6af00000-6aff8000 rw-p 00000000 00:00 0 
6aff8000-6b000000 ---p 00000000 00:00 0 
6b100000-6b1fa000 rw-p 00000000 00:00 0 
6b1fa000-6b200000 ---p 00000000 00:00 0 
6b200000-6b2ee000 rw-p 00000000 00:00 0 
6b2ee000-6b300000 ---p 00000000 00:00 0 
6b300000-6b3fd000 rw-p 00000000 00:00 0 
6b3fd000-6b400000 ---p 00000000 00:00 0 
6b400000-6b4fe000 rw-p 00000000 00:00 0 
6b4fe000-6b500000 ---p 00000000 00:00 0 
6b500000-6b5fa000 rw-p 00000000 00:00 0 
6b5fa000-6b600000 ---p 00000000 00:00 0 
6b600000-6b6b6000 rw-p 00000000 00:00 0 
6b6b6000-6b700000 ---p 00000000 00:00 0 
6b714000-6b717000 ---p 00000000 00:00 0 
6b717000-6b765000 rw-p 00000000 00:00 0 
6b765000-6b768000 ---p 00000000 00:00 0 
6b768000-6b7b6000 rw-p 00000000 00:00 0 
6b7b6000-6b7b9000 ---p 00000000 00:00 0 
6b7b9000-6b807000 rw-p 00000000 00:00 0 
6b807000-6b80a000 ---p 00000000 00:00 0 
6b80a000-6b858000 rw-p 00000000 00:00 0 
6b858000-6b859000 ---p 00000000 00:00 0 
6b859000-6b8d9000 rw-p 00000000 00:00 0 
6b8d9000-6b8dc000 ---p 00000000 00:00 0 
6b8dc000-6b92a000 rw-p 00000000 00:00 0 
6b92a000-6b92d000 ---p 00000000 00:00 0 
6b92d000-6b9ab000 rw-p 00000000 00:00 0 
6b9ab000-6b9ae000 ---p 00000000 00:00 0 
6b9ae000-6ba2c000 rw-p 00000000 00:00 0 
6ba2c000-6ba2f000 ---p 00000000 00:00 0 
6ba2f000-6ba7d000 rw-p 00000000 00:00 0 
6ba7d000-6bbaf000 r--p 002c8000 08:06 392632     /usr/lib/locale/locale-archive
6bbaf000-6bdaf000 r--p 00000000 08:06 392632     /usr/lib/locale/locale-archive
6bdaf000-6bdb2000 ---p 00000000 00:00 0 
6bdb2000-6be00000 rw-p 00000000 00:00 0 
6be00000-6beff000 rw-p 00000000 00:00 0 
6beff000-6bf00000 ---p 00000000 00:00 0 
6bf00000-6bf2d000 rw-p 00000000 00:00 0 
6bf2d000-6c000000 ---p 00000000 00:00 0 
6c000000-6c0f8000 rw-p 00000000 00:00 0 
6c0f8000-6c100000 ---p 00000000 00:00 0 
6c138000-6c139000 ---p 00000000 00:00 0 
6c139000-6c204000 rw-p 00000000 00:00 0 
6c204000-6c3c0000 r--s 039b2000 08:06 393573     /usr/local/java/jdk1.7.0_45/jre/lib/rt.jar
6c3c0000-6ea00000 rw-p 00000000 00:00 0 
6ea00000-6eafa000 rw-p 00000000 00:00 0 
6eafa000-6eb00000 ---p 00000000 00:00 0 
6eb2e000-6eb31000 ---p 00000000 00:00 0 
6eb31000-6eb7f000 rw-p 00000000 00:00 0 
6eb7f000-6eb80000 ---p 00000000 00:00 0 
6eb80000-6ec00000 rw-p 00000000 00:00 0 
6ec00000-6ec21000 rw-p 00000000 00:00 0 
6ec21000-6ed00000 ---p 00000000 00:00 0 
6ed00000-6ed21000 rw-p 00000000 00:00 0 
6ed21000-6ee00000 ---p 00000000 00:00 0 
6ee24000-6ee7f000 rw-p 00000000 00:00 0 
6ee7f000-6ee80000 ---p 00000000 00:00 0 
6ee80000-6ef00000 rw-p 00000000 00:00 0 
6ef00000-6ef27000 rw-p 00000000 00:00 0 
6ef27000-6f000000 ---p 00000000 00:00 0 
6f037000-6f04c000 r-xp 00000000 08:06 670957     /usr/local/java/jdk1.7.0_45/jre/lib/i386/libnet.so
6f04c000-6f04d000 rw-p 00014000 08:06 670957     /usr/local/java/jdk1.7.0_45/jre/lib/i386/libnet.so
6f04d000-6f067000 rw-p 00000000 00:00 0 
6f067000-6f068000 ---p 00000000 00:00 0 
6f068000-6f0e8000 rw-p 00000000 00:00 0 
6f0e8000-6f0e9000 ---p 00000000 00:00 0 
6f0e9000-6f171000 rw-p 00000000 00:00 0 
6f171000-6f189000 rw-p 00000000 00:00 0 
6f189000-6f1ac000 rw-p 00000000 00:00 0 
6f1ac000-6f2df000 rw-p 00000000 00:00 0 
6f2df000-6f2e7000 rw-p 00000000 00:00 0 
6f2e7000-6f2ff000 rw-p 00000000 00:00 0 
6f2ff000-6f322000 rw-p 00000000 00:00 0 
6f322000-6f454000 rw-p 00000000 00:00 0 
6f454000-6f4d3000 rw-p 00000000 00:00 0 
6f4d3000-6f4ff000 rw-p 00000000 00:00 0 
6f4ff000-70500000 rw-p 00000000 00:00 0 
70500000-73500000 rw-p 00000000 00:00 0 
73500000-77a80000 rw-p 00000000 00:00 0 
77a80000-9df80000 rw-p 00000000 00:00 0 
9df80000-adc40000 rw-p 00000000 00:00 0 
b2f3c000-b3155000 rw-p 00000000 00:00 0 
b3155000-b315c000 r--s 00000000 08:06 395046     /usr/lib/i386-linux-gnu/gconv/gconv-modules.cache
b315c000-b3180000 r--p 00000000 08:06 1317469    /usr/share/locale-langpack/pl/LC_MESSAGES/libc.mo
b3180000-b3500000 rw-p 00000000 00:00 0 
b3508000-b3511000 rw-p 00000000 00:00 0 
b3511000-b35c8000 rw-p 00000000 00:00 0 
b35c8000-b3808000 rwxp 00000000 00:00 0 
b3808000-b65c8000 rw-p 00000000 00:00 0 
b65c8000-b65df000 r-xp 00000000 08:06 670944     /usr/local/java/jdk1.7.0_45/jre/lib/i386/libzip.so
b65df000-b65e0000 rw-p 00017000 08:06 670944     /usr/local/java/jdk1.7.0_45/jre/lib/i386/libzip.so
b65e0000-b65e7000 r-xp 00000000 08:06 786201     /lib/i386-linux-gnu/libnss_compat-2.15.so
b65e7000-b65e8000 r--p 00006000 08:06 786201     /lib/i386-linux-gnu/libnss_compat-2.15.so
b65e8000-b65e9000 rw-p 00007000 08:06 786201     /lib/i386-linux-gnu/libnss_compat-2.15.so
b65f1000-b65ff000 r-xp 00000000 08:06 670404     /usr/local/java/jdk1.7.0_45/jre/lib/i386/libnio.so
b65ff000-b6600000 rw-p 0000e000 08:06 670404     /usr/local/java/jdk1.7.0_45/jre/lib/i386/libnio.so
b6600000-b66f7000 rw-p 00000000 00:00 0 
b66f7000-b6700000 ---p 00000000 00:00 0 
b6705000-b6710000 r-xp 00000000 08:06 786164     /lib/i386-linux-gnu/libnss_files-2.15.so
b6710000-b6711000 r--p 0000a000 08:06 786164     /lib/i386-linux-gnu/libnss_files-2.15.so
b6711000-b6712000 rw-p 0000b000 08:06 786164     /lib/i386-linux-gnu/libnss_files-2.15.so
b6712000-b671c000 r-xp 00000000 08:06 786202     /lib/i386-linux-gnu/libnss_nis-2.15.so
b671c000-b671d000 r--p 00009000 08:06 786202     /lib/i386-linux-gnu/libnss_nis-2.15.so
b671d000-b671e000 rw-p 0000a000 08:06 786202     /lib/i386-linux-gnu/libnss_nis-2.15.so
b6722000-b6723000 rw-p 00000000 00:00 0 
b6723000-b6727000 r--s 0008a000 08:06 397573     /usr/local/java/jdk1.7.0_45/jre/lib/jsse.jar
b6727000-b6735000 r--s 000b4000 08:06 546427     /usr/share/android-studio/data/sdk/build-tools/android-4.4W/lib/dx.jar
b6735000-b674b000 r-xp 00000000 08:06 786163     /lib/i386-linux-gnu/libnsl-2.15.so
b674b000-b674c000 r--p 00015000 08:06 786163     /lib/i386-linux-gnu/libnsl-2.15.so
b674c000-b674d000 rw-p 00016000 08:06 786163     /lib/i386-linux-gnu/libnsl-2.15.so
b674d000-b674f000 rw-p 00000000 00:00 0 
b674f000-b6772000 r-xp 00000000 08:06 664766     /usr/local/java/jdk1.7.0_45/jre/lib/i386/libjava.so
b6772000-b6773000 rw-p 00022000 08:06 664766     /usr/local/java/jdk1.7.0_45/jre/lib/i386/libjava.so
b6773000-b677a000 r-xp 00000000 08:06 786021     /lib/i386-linux-gnu/librt-2.15.so
b677a000-b677b000 r--p 00006000 08:06 786021     /lib/i386-linux-gnu/librt-2.15.so
b677b000-b677c000 rw-p 00007000 08:06 786021     /lib/i386-linux-gnu/librt-2.15.so
b677c000-b677f000 ---p 00000000 00:00 0 
b677f000-b67cd000 rw-p 00000000 00:00 0 
b67cd000-b67f7000 r-xp 00000000 08:06 786199     /lib/i386-linux-gnu/libm-2.15.so
b67f7000-b67f8000 r--p 00029000 08:06 786199     /lib/i386-linux-gnu/libm-2.15.so
b67f8000-b67f9000 rw-p 0002a000 08:06 786199     /lib/i386-linux-gnu/libm-2.15.so
b67f9000-b7070000 r-xp 00000000 08:06 670953     /usr/local/java/jdk1.7.0_45/jre/lib/i386/server/libjvm.so
b7070000-b70d5000 rw-p 00876000 08:06 670953     /usr/local/java/jdk1.7.0_45/jre/lib/i386/server/libjvm.so
b70d5000-b74f8000 rw-p 00000000 00:00 0 
b74f8000-b769c000 r-xp 00000000 08:06 786179     /lib/i386-linux-gnu/libc-2.15.so
b769c000-b769d000 ---p 001a4000 08:06 786179     /lib/i386-linux-gnu/libc-2.15.so
b769d000-b769f000 r--p 001a4000 08:06 786179     /lib/i386-linux-gnu/libc-2.15.so
b769f000-b76a0000 rw-p 001a6000 08:06 786179     /lib/i386-linux-gnu/libc-2.15.so
b76a0000-b76a3000 rw-p 00000000 00:00 0 
b76a3000-b76a6000 r-xp 00000000 08:06 811213     /lib/i386-linux-gnu/libdl-2.15.so
b76a6000-b76a7000 r--p 00002000 08:06 811213     /lib/i386-linux-gnu/libdl-2.15.so
b76a7000-b76a8000 rw-p 00003000 08:06 811213     /lib/i386-linux-gnu/libdl-2.15.so
b76a8000-b76a9000 rw-p 00000000 00:00 0 
b76a9000-b76bc000 r-xp 00000000 08:06 671956     /usr/local/java/jdk1.7.0_45/lib/i386/jli/libjli.so
b76bc000-b76bd000 rw-p 00012000 08:06 671956     /usr/local/java/jdk1.7.0_45/lib/i386/jli/libjli.so
b76bd000-b76d4000 r-xp 00000000 08:06 785972     /lib/i386-linux-gnu/libpthread-2.15.so
b76d4000-b76d5000 r--p 00016000 08:06 785972     /lib/i386-linux-gnu/libpthread-2.15.so
b76d5000-b76d6000 rw-p 00017000 08:06 785972     /lib/i386-linux-gnu/libpthread-2.15.so
b76d6000-b76d9000 rw-p 00000000 00:00 0 
b76d9000-b76e1000 rw-s 00000000 08:06 1074489    /tmp/hsperfdata_olek/8856
b76e1000-b76e2000 rw-p 00000000 00:00 0 
b76e2000-b76e3000 ---p 00000000 00:00 0 
b76e3000-b76ee000 r-xp 00000000 08:06 670968     /usr/local/java/jdk1.7.0_45/jre/lib/i386/libverify.so
b76ee000-b76ef000 rw-p 0000b000 08:06 670968     /usr/local/java/jdk1.7.0_45/jre/lib/i386/libverify.so
b76ef000-b76f1000 rw-p 00000000 00:00 0 
b76f1000-b76f2000 r-xp 00000000 00:00 0          [vdso]
b76f2000-b7712000 r-xp 00000000 08:06 785971     /lib/i386-linux-gnu/ld-2.15.so
b7712000-b7713000 r--p 0001f000 08:06 785971     /lib/i386-linux-gnu/ld-2.15.so
b7713000-b7714000 rw-p 00020000 08:06 785971     /lib/i386-linux-gnu/ld-2.15.so
bfbd5000-bfbf7000 rw-p 00000000 00:00 0          [stack]

VM Arguments:
jvm_args: -Xmx1024M 
java_command: /usr/share/android-studio/data/sdk/build-tools/android-4.4W/lib/dx.jar --dex --num-threads=4 --output /home/olek/AndroidStudioProjects/DajSpisac2/DajSpisac/app/build/intermediates/dex/debug /home/olek/AndroidStudioProjects/DajSpisac2/DajSpisac/app/build/intermediates/classes/debug /home/olek/AndroidStudioProjects/DajSpisac2/DajSpisac/app/build/intermediates/dependency-cache/debug /home/olek/AndroidStudioProjects/DajSpisac2/DajSpisac/app/build/intermediates/pre-dexed/debug/classes-70e4cd1c8b82dadb81c01a1164645fd5171b131f.jar /home/olek/AndroidStudioProjects/DajSpisac2/DajSpisac/app/build/intermediates/pre-dexed/debug/support-v4-19.1.0-bfe6379f31d17615f5ca4b83bd0a7235fba0720f.jar /home/olek/AndroidStudioProjects/DajSpisac2/DajSpisac/app/build/intermediates/pre-dexed/debug/commons-io-1.3.2-65ced0583e745a13466ed476e15f98ed8c349674.jar /home/olek/AndroidStudioProjects/DajSpisac2/DajSpisac/app/build/intermediates/pre-dexed/debug/robospice-spring-android-1.4.12-762be6cfb250899b1c81036b07f54fee4dcb2ac4.jar /home/olek/AndroidStudioProjects/DajSpisac2/DajSpisac/app/build/intermediates/pre-dexed/debug/commons-lang3-3.2.1-48ddb587b0af443a44635ae516cd5b6e9793dbc0.jar /home/olek/AndroidStudioProjects/DajSpisac2/DajSpisac/app/build/intermediates/pre-dexed/debug/universal-image-loader-1.9.2-eee2392d80033a19dda5fe10e97bf2d997aa8324.jar /home/olek/AndroidStudioProjects/DajSpisac2/DajSpisac/app/build/intermediates/pre-dexed/debug/spring-android-core-1.0.1.RELEASE-9b9474ca76c015172b287f2cde44701cfd7f5b74.jar /home/olek/AndroidStudioProjects/DajSpisac2/DajSpisac/app/build/intermediates/pre-dexed/debug/jackson-annotations-2.4.0-f178df8577412c09ca51db91729aef33d7539dfc.jar /home/olek/AndroidStudioProjects/DajSpisac2/DajSpisac/app/build/intermediates/pre-dexed/debug/jackson-databind-2.4.1-6d3307ebe01e61039a6ee8c8c597c33528867cbd.jar /home/olek/AndroidStudioProjects/DajSpisac2/DajSpisac/app/build/intermediates/pre-dexed/debug/spring-android-rest-template-1.0.1.RELEASE-0958c0
Launcher Type: SUN_STANDARD

Environment Variables:
JAVA_HOME=/usr/local/java/jdk1.7.0_45
CLASSPATH=/usr/share/android-studio/data/bin/../lib/bootstrap.jar:/usr/share/android-studio/data/bin/../lib/extensions.jar:/usr/share/android-studio/data/bin/../lib/util.jar:/usr/share/android-studio/data/bin/../lib/jdom.jar:/usr/share/android-studio/data/bin/../lib/log4j.jar:/usr/share/android-studio/data/bin/../lib/trove4j.jar:/usr/share/android-studio/data/bin/../lib/jna.jar:/usr/local/java/jdk1.7.0_45/lib/tools.jar
PATH=/usr/lib/lightdm/lightdm:/usr/local/sbin:/usr/local/bin:/usr/sbin:/usr/bin:/sbin:/bin:/usr/games:/home/olek/bin:/usr/local/java/jdk1.7.0_45/bin
LD_LIBRARY_PATH=/usr/share/android-studio/data/bin:
SHELL=/bin/bash
DISPLAY=:0

Signal Handlers:
SIGSEGV: [libjvm.so+0x7dd350], sa_mask[0]=0x7ffbfeff, sa_flags=0x10000004
SIGBUS: [libjvm.so+0x7dd350], sa_mask[0]=0x7ffbfeff, sa_flags=0x10000004
SIGFPE: [libjvm.so+0x678b60], sa_mask[0]=0x7ffbfeff, sa_flags=0x10000004
SIGPIPE: [libjvm.so+0x678b60], sa_mask[0]=0x7ffbfeff, sa_flags=0x10000004
SIGXFSZ: [libjvm.so+0x678b60], sa_mask[0]=0x7ffbfeff, sa_flags=0x10000004
SIGILL: [libjvm.so+0x678b60], sa_mask[0]=0x7ffbfeff, sa_flags=0x10000004
SIGUSR1: SIG_DFL, sa_mask[0]=0x00000000, sa_flags=0x00000000
SIGUSR2: [libjvm.so+0x67a050], sa_mask[0]=0x00000004, sa_flags=0x10000004
SIGHUP: [libjvm.so+0x67b1a0], sa_mask[0]=0x7ffbfeff, sa_flags=0x10000004
SIGINT: [libjvm.so+0x67b1a0], sa_mask[0]=0x7ffbfeff, sa_flags=0x10000004
SIGTERM: [libjvm.so+0x67b1a0], sa_mask[0]=0x7ffbfeff, sa_flags=0x10000004
SIGQUIT: [libjvm.so+0x67b1a0], sa_mask[0]=0x7ffbfeff, sa_flags=0x10000004


---------------  S Y S T E M  ---------------

OS:wheezy/sid

uname:Linux 3.2.0-67-generic-pae #101-Ubuntu SMP Tue Jul 15 18:04:54 UTC 2014 i686
libc:glibc 2.15 NPTL 2.15 
rlimit: STACK 8192k, CORE 0k, NPROC 30461, NOFILE 4096, AS infinity
load average:1,70 1,02 0,95

/proc/meminfo:
MemTotal:        3913636 kB
MemFree:          159592 kB
Buffers:            4500 kB
Cached:           620644 kB
SwapCached:            0 kB
Active:          3175484 kB
Inactive:         486836 kB
Active(anon):    3123448 kB
Inactive(anon):   434944 kB
Active(file):      52036 kB
Inactive(file):    51892 kB
Unevictable:          16 kB
Mlocked:              16 kB
HighTotal:       3072916 kB
HighFree:           4428 kB
LowTotal:         840720 kB
LowFree:          155164 kB
SwapTotal:             0 kB
SwapFree:              0 kB
Dirty:               240 kB
Writeback:             0 kB
AnonPages:       3037676 kB
Mapped:           113604 kB
Shmem:            521104 kB
Slab:              42196 kB
SReclaimable:      20096 kB
SUnreclaim:        22100 kB
KernelStack:        4992 kB
PageTables:        21320 kB
NFS_Unstable:          0 kB
Bounce:                0 kB
WritebackTmp:          0 kB
CommitLimit:     1956816 kB
Committed_AS:    7098908 kB
VmallocTotal:     122880 kB
VmallocUsed:       59976 kB
VmallocChunk:      60180 kB
HardwareCorrupted:     0 kB
AnonHugePages:         0 kB
HugePages_Total:       0
HugePages_Free:        0
HugePages_Rsvd:        0
HugePages_Surp:        0
Hugepagesize:       2048 kB
DirectMap4k:       10232 kB
DirectMap2M:      903168 kB


CPU:total 4 (2 cores per cpu, 2 threads per core) family 6 model 37 stepping 5, cmov, cx8, fxsr, mmx, sse, sse2, sse3, ssse3, sse4.1, sse4.2, popcnt, ht, tsc, tscinvbit

/proc/cpuinfo:
processor	: 0
vendor_id	: GenuineIntel
cpu family	: 6
model		: 37
model name	: Intel(R) Core(TM) i3 CPU       M 380  @ 2.53GHz
stepping	: 5
microcode	: 0x2
cpu MHz		: 933.000
cache size	: 3072 KB
physical id	: 0
siblings	: 4
core id		: 0
cpu cores	: 2
apicid		: 0
initial apicid	: 0
fdiv_bug	: no
hlt_bug		: no
f00f_bug	: no
coma_bug	: no
fpu		: yes
fpu_exception	: yes
cpuid level	: 11
wp		: yes
flags		: fpu vme de pse tsc msr pae mce cx8 apic sep mtrr pge mca cmov pat pse36 clflush dts acpi mmx fxsr sse sse2 ss ht tm pbe nx rdtscp lm constant_tsc arch_perfmon pebs bts xtopology nonstop_tsc aperfmperf pni dtes64 monitor ds_cpl vmx est tm2 ssse3 cx16 xtpr pdcm pcid sse4_1 sse4_2 popcnt lahf_lm arat dtherm tpr_shadow vnmi flexpriority ept vpid
bogomips	: 5054.03
clflush size	: 64
cache_alignment	: 64
address sizes	: 36 bits physical, 48 bits virtual
power management:

processor	: 1
vendor_id	: GenuineIntel
cpu family	: 6
model		: 37
model name	: Intel(R) Core(TM) i3 CPU       M 380  @ 2.53GHz
stepping	: 5
microcode	: 0x2
cpu MHz		: 933.000
cache size	: 3072 KB
physical id	: 0
siblings	: 4
core id		: 2
cpu cores	: 2
apicid		: 4
initial apicid	: 4
fdiv_bug	: no
hlt_bug		: no
f00f_bug	: no
coma_bug	: no
fpu		: yes
fpu_exception	: yes
cpuid level	: 11
wp		: yes
flags		: fpu vme de pse tsc msr pae mce cx8 apic sep mtrr pge mca cmov pat pse36 clflush dts acpi mmx fxsr sse sse2 ss ht tm pbe nx rdtscp lm constant_tsc arch_perfmon pebs bts xtopology nonstop_tsc aperfmperf pni dtes64 monitor ds_cpl vmx est tm2 ssse3 cx16 xtpr pdcm pcid sse4_1 sse4_2 popcnt lahf_lm arat dtherm tpr_shadow vnmi flexpriority ept vpid
bogomips	: 5054.19
clflush size	: 64
cache_alignment	: 64
address sizes	: 36 bits physical, 48 bits virtual
power management:

processor	: 2
vendor_id	: GenuineIntel
cpu family	: 6
model		: 37
model name	: Intel(R) Core(TM) i3 CPU       M 380  @ 2.53GHz
stepping	: 5
microcode	: 0x2
cpu MHz		: 1599.000
cache size	: 3072 KB
physical id	: 0
siblings	: 4
core id		: 0
cpu cores	: 2
apicid		: 1
initial apicid	: 1
fdiv_bug	: no
hlt_bug		: no
f00f_bug	: no
coma_bug	: no
fpu		: yes
fpu_exception	: yes
cpuid level	: 11
wp		: yes
flags		: fpu vme de pse tsc msr pae mce cx8 apic sep mtrr pge mca cmov pat pse36 clflush dts acpi mmx fxsr sse sse2 ss ht tm pbe nx rdtscp lm constant_tsc arch_perfmon pebs bts xtopology nonstop_tsc aperfmperf pni dtes64 monitor ds_cpl vmx est tm2 ssse3 cx16 xtpr pdcm pcid sse4_1 sse4_2 popcnt lahf_lm arat dtherm tpr_shadow vnmi flexpriority ept vpid
bogomips	: 5054.19
clflush size	: 64
cache_alignment	: 64
address sizes	: 36 bits physical, 48 bits virtual
power management:

processor	: 3
vendor_id	: GenuineIntel
cpu family	: 6
model		: 37
model name	: Intel(R) Core(TM) i3 CPU       M 380  @ 2.53GHz
stepping	: 5
microcode	: 0x2
cpu MHz		: 933.000
cache size	: 3072 KB
physical id	: 0
siblings	: 4
core id		: 2
cpu cores	: 2
apicid		: 5
initial apicid	: 5
fdiv_bug	: no
hlt_bug		: no
f00f_bug	: no
coma_bug	: no
fpu		: yes
fpu_exception	: yes
cpuid level	: 11
wp		: yes
flags		: fpu vme de pse tsc msr pae mce cx8 apic sep mtrr pge mca cmov pat pse36 clflush dts acpi mmx fxsr sse sse2 ss ht tm pbe nx rdtscp lm constant_tsc arch_perfmon pebs bts xtopology nonstop_tsc aperfmperf pni dtes64 monitor ds_cpl vmx est tm2 ssse3 cx16 xtpr pdcm pcid sse4_1 sse4_2 popcnt lahf_lm arat dtherm tpr_shadow vnmi flexpriority ept vpid
bogomips	: 5054.19
clflush size	: 64
cache_alignment	: 64
address sizes	: 36 bits physical, 48 bits virtual
power management:



Memory: 4k page, physical 3913636k(159592k free), swap 0k(0k free)

vm_info: Java HotSpot(TM) Server VM (24.45-b08) for linux-x86 JRE (1.7.0_45-b18), built on Oct  8 2013 05:44:51 by "java_re" with gcc 4.3.0 20080428 (Red Hat 4.3.0-8)

time: Thu Aug 28 12:47:04 2014
elapsed time: 9 seconds

