#
# There is insufficient memory for the Java Runtime Environment to continue.
# Native memory allocation (malloc) failed to allocate 77594624 bytes for committing reserved memory.
# Possible reasons:
#   The system is out of physical RAM or swap space
#   In 32 bit mode, the process size limit was hit
# Possible solutions:
#   Reduce memory load on the system
#   Increase physical memory or swap space
#   Check if swap backing store is full
#   Use 64 bit Java on a 64 bit OS
#   Decrease Java heap size (-Xmx/-Xms)
#   Decrease number of Java threads
#   Decrease Java thread stack sizes (-Xss)
#   Set larger code cache with -XX:ReservedCodeCacheSize=
# This output file may be truncated or incomplete.
#
#  Out of Memory Error (os_linux.cpp:2718), pid=9907, tid=1814793024
#
# JRE version: Java(TM) SE Runtime Environment (7.0_45-b18) (build 1.7.0_45-b18)
# Java VM: Java HotSpot(TM) Server VM (24.45-b08 mixed mode linux-x86 )
# Failed to write core dump. Core dumps have been disabled. To enable core dumping, try "ulimit -c unlimited" before starting Java again
#

---------------  T H R E A D  ---------------

Current thread (0x6c180800):  VMThread [stack: 0x6c238000,0x6c2b9000] [id=9921]

Stack: [0x6c238000,0x6c2b9000],  sp=0x6c2b7760,  free space=509k
Native frames: (J=compiled Java code, j=interpreted, Vv=VM code, C=native code)
V  [libjvm.so+0x7dc836]  VMError::report_and_die()+0x1a6
V  [libjvm.so+0x33a5c2]  report_vm_out_of_memory(char const*, int, unsigned int, char const*)+0x72
V  [libjvm.so+0x67bc21]  os::Linux::commit_memory_impl(char*, unsigned int, bool)+0xe1
V  [libjvm.so+0x67c077]  os::Linux::commit_memory_impl(char*, unsigned int, unsigned int, bool)+0x47
V  [libjvm.so+0x67c23d]  os::pd_commit_memory(char*, unsigned int, unsigned int, bool)+0x1d
V  [libjvm.so+0x675c8c]  os::commit_memory(char*, unsigned int, unsigned int, bool)+0x2c
V  [libjvm.so+0x6df178]  PSVirtualSpace::expand_by(unsigned int)+0x48
V  [libjvm.so+0x6e027a]  PSYoungGen::resize_generation(unsigned int, unsigned int)+0xda
V  [libjvm.so+0x6df5b9]  PSYoungGen::resize(unsigned int, unsigned int)+0x19
V  [libjvm.so+0x6dd31b]  PSScavenge::invoke_no_policy()+0x105b
V  [libjvm.so+0x6dd748]  PSScavenge::invoke()+0x28
V  [libjvm.so+0x69b9aa]  ParallelScavengeHeap::failed_mem_allocate(unsigned int)+0x5a
V  [libjvm.so+0x7de0da]  VM_ParallelGCFailedAllocation::doit()+0x7a
V  [libjvm.so+0x7e6e97]  VM_Operation::evaluate()+0x47
V  [libjvm.so+0x7e4f93]  VMThread::evaluate_operation(VM_Operation*)+0xb3
V  [libjvm.so+0x7e5330]  VMThread::loop()+0x1b0
V  [libjvm.so+0x7e5795]  VMThread::run()+0x85
V  [libjvm.so+0x67e0f9]  java_start(Thread*)+0x119
C  [libpthread.so.0+0x6d4c]  start_thread+0xcc

VM_Operation (0xb687ebe4): ParallelGCFailedAllocation, mode: safepoint, requested by thread 0xb6708c00


---------------  P R O C E S S  ---------------

Java Threads: ( => current thread )
  0x6c199c00 JavaThread "Service Thread" daemon [_thread_blocked, id=9927, stack(0x6b9d9000,0x6ba2a000)]
  0x6c198000 JavaThread "C2 CompilerThread1" daemon [_thread_blocked, id=9926, stack(0x6ba2a000,0x6baab000)]
  0x6c196000 JavaThread "C2 CompilerThread0" daemon [_thread_blocked, id=9925, stack(0x6baab000,0x6bb2c000)]
  0x6c194400 JavaThread "Signal Dispatcher" daemon [_thread_blocked, id=9924, stack(0x6bb2c000,0x6bb7d000)]
  0x6c184800 JavaThread "Finalizer" daemon [_thread_blocked, id=9923, stack(0x6beaf000,0x6bf00000)]
  0x6c182000 JavaThread "Reference Handler" daemon [_thread_blocked, id=9922, stack(0x6ec2e000,0x6ec7f000)]
  0xb6708c00 JavaThread "main" [_thread_blocked, id=9916, stack(0xb682f000,0xb6880000)]

Other Threads:
=>0x6c180800 VMThread [stack: 0x6c238000,0x6c2b9000] [id=9921]
  0x6c19bc00 WatcherThread [stack: 0x6b958000,0x6b9d9000] [id=9928]

VM state:at safepoint (normal execution)

VM Mutex/Monitor currently owned by a thread:  ([mutex/lock_event])
[0xb67062b0] Threads_lock - owner thread: 0x6c180800
[0xb67066c0] Heap_lock - owner thread: 0xb6708c00

Heap
 PSYoungGen      total 222720K, used 24918K [0x9e040000, 0xae4c0000, 0xb35c0000)
  eden space 191232K, 0% used [0x9e040000,0x9e040000,0xa9b00000)
  from space 31488K, 79% used [0xa9b00000,0xab3559d0,0xab9c0000)
  to   space 28416K, 0% used [0xab9c0000,0xab9c0000,0xad580000)
 ParOldGen       total 63232K, used 38023K [0x735c0000, 0x77380000, 0x9e040000)
  object space 63232K, 60% used [0x735c0000,0x75ae1e58,0x77380000)
 PSPermGen       total 16384K, used 4530K [0x6f5c0000, 0x705c0000, 0x735c0000)
  object space 16384K, 27% used [0x6f5c0000,0x6fa2cb18,0x705c0000)

Card table byte_map: [0x6f39f000,0x6f5c0000] byte_map_base: 0x6f024200

Polling page: 0xb7795000

Code Cache  [0xb3695000, 0xb38d5000, 0xb6695000)
 total_blobs=957 nmethods=822 adapters=89 free_code_cache=46982Kb largest_free_block=48078400

Compilation events (10 events):
Event: 6,590 Thread 0x6c198000  835             com.android.dx.io.instructions.InstructionCodec::unit1 (6 bytes)
Event: 6,590 Thread 0x6c196000 nmethod 834 0xb38784c8 code [0xb38785a0, 0xb38785d0]
Event: 6,590 Thread 0x6c198000 nmethod 835 0xb387dbc8 code [0xb387dca0, 0xb387dcd0]
Event: 6,806 Thread 0x6c198000  836             sun.misc.VM::isBooted (4 bytes)
Event: 6,806 Thread 0x6c198000 nmethod 836 0xb38abb48 code [0xb38abc20, 0xb38abc70]
Event: 6,821 Thread 0x6c196000  837             java.lang.Math::min (46 bytes)
Event: 6,822 Thread 0x6c196000 nmethod 837 0xb38ab988 code [0xb38aba60, 0xb38abaf0]
Event: 6,823 Thread 0x6c198000  838             java.util.HashMap::initHashSeedAsNeeded (61 bytes)
Event: 6,824 Thread 0x6c198000 nmethod 838 0xb38b03c8 code [0xb38b04c0, 0xb38b055c]
Event: 7,042 Thread 0x6c196000  839             java.lang.Integer::bitCount (49 bytes)

GC Heap History (10 events):
Event: 4,643 GC heap after
Heap after GC invocations=7 (full 1):
 PSYoungGen      total 101376K, used 8728K [0x9e040000, 0xa7940000, 0xb35c0000)
  eden space 92416K, 0% used [0x9e040000,0x9e040000,0xa3a80000)
  from space 8960K, 97% used [0xa7080000,0xa7906190,0xa7940000)
  to   space 23040K, 0% used [0xa4c40000,0xa4c40000,0xa62c0000)
 ParOldGen       total 63232K, used 21117K [0x735c0000, 0x77380000, 0x9e040000)
  object space 63232K, 33% used [0x735c0000,0x74a5f4e0,0x77380000)
 PSPermGen       total 16384K, used 4521K [0x6f5c0000, 0x705c0000, 0x735c0000)
  object space 16384K, 27% used [0x6f5c0000,0x6fa2a478,0x705c0000)
}
Event: 4,986 GC heap before
{Heap before GC invocations=8 (full 1):
 PSYoungGen      total 101376K, used 101144K [0x9e040000, 0xa7940000, 0xb35c0000)
  eden space 92416K, 100% used [0x9e040000,0xa3a80000,0xa3a80000)
  from space 8960K, 97% used [0xa7080000,0xa7906190,0xa7940000)
  to   space 23040K, 0% used [0xa4c40000,0xa4c40000,0xa62c0000)
 ParOldGen       total 63232K, used 21117K [0x735c0000, 0x77380000, 0x9e040000)
  object space 63232K, 33% used [0x735c0000,0x74a5f4e0,0x77380000)
 PSPermGen       total 16384K, used 4523K [0x6f5c0000, 0x705c0000, 0x735c0000)
  object space 16384K, 27% used [0x6f5c0000,0x6fa2ae98,0x705c0000)
Event: 4,997 GC heap after
Heap after GC invocations=8 (full 1):
 PSYoungGen      total 133632K, used 19300K [0x9e040000, 0xa9f40000, 0xb35c0000)
  eden space 110592K, 0% used [0x9e040000,0x9e040000,0xa4c40000)
  from space 23040K, 83% used [0xa4c40000,0xa5f19060,0xa62c0000)
  to   space 25856K, 0% used [0xa8600000,0xa8600000,0xa9f40000)
 ParOldGen       total 63232K, used 31572K [0x735c0000, 0x77380000, 0x9e040000)
  object space 63232K, 49% used [0x735c0000,0x75495020,0x77380000)
 PSPermGen       total 16384K, used 4523K [0x6f5c0000, 0x705c0000, 0x735c0000)
  object space 16384K, 27% used [0x6f5c0000,0x6fa2ae98,0x705c0000)
}
Event: 5,319 GC heap before
{Heap before GC invocations=9 (full 1):
 PSYoungGen      total 133632K, used 126029K [0x9e040000, 0xa9f40000, 0xb35c0000)
  eden space 110592K, 96% used [0x9e040000,0xa487a3c0,0xa4c40000)
  from space 23040K, 83% used [0xa4c40000,0xa5f19060,0xa62c0000)
  to   space 25856K, 0% used [0xa8600000,0xa8600000,0xa9f40000)
 ParOldGen       total 63232K, used 31572K [0x735c0000, 0x77380000, 0x9e040000)
  object space 63232K, 49% used [0x735c0000,0x75495020,0x77380000)
 PSPermGen       total 16384K, used 4525K [0x6f5c0000, 0x705c0000, 0x735c0000)
  object space 16384K, 27% used [0x6f5c0000,0x6fa2b718,0x705c0000)
Event: 5,323 GC heap after
Heap after GC invocations=9 (full 1):
 PSYoungGen      total 170752K, used 7025K [0x9e040000, 0xab6c0000, 0xb35c0000)
  eden space 144896K, 0% used [0x9e040000,0x9e040000,0xa6dc0000)
  from space 25856K, 27% used [0xa8600000,0xa8cdc470,0xa9f40000)
  to   space 24832K, 0% used [0xa6dc0000,0xa6dc0000,0xa8600000)
 ParOldGen       total 63232K, used 31572K [0x735c0000, 0x77380000, 0x9e040000)
  object space 63232K, 49% used [0x735c0000,0x75495020,0x77380000)
 PSPermGen       total 16384K, used 4525K [0x6f5c0000, 0x705c0000, 0x735c0000)
  object space 16384K, 27% used [0x6f5c0000,0x6fa2b718,0x705c0000)
}
Event: 6,197 GC heap before
{Heap before GC invocations=10 (full 1):
 PSYoungGen      total 170752K, used 151921K [0x9e040000, 0xab6c0000, 0xb35c0000)
  eden space 144896K, 100% used [0x9e040000,0xa6dc0000,0xa6dc0000)
  from space 25856K, 27% used [0xa8600000,0xa8cdc470,0xa9f40000)
  to   space 24832K, 0% used [0xa6dc0000,0xa6dc0000,0xa8600000)
 ParOldGen       total 63232K, used 31572K [0x735c0000, 0x77380000, 0x9e040000)
  object space 63232K, 49% used [0x735c0000,0x75495020,0x77380000)
 PSPermGen       total 16384K, used 4527K [0x6f5c0000, 0x705c0000, 0x735c0000)
  object space 16384K, 27% used [0x6f5c0000,0x6fa2bea0,0x705c0000)
Event: 6,221 GC heap after
Heap after GC invocations=10 (full 1):
 PSYoungGen      total 169728K, used 23236K [0x9e040000, 0xad580000, 0xb35c0000)
  eden space 144896K, 0% used [0x9e040000,0x9e040000,0xa6dc0000)
  from space 24832K, 93% used [0xa6dc0000,0xa84710e0,0xa8600000)
  to   space 28416K, 0% used [0xab9c0000,0xab9c0000,0xad580000)
 ParOldGen       total 63232K, used 31572K [0x735c0000, 0x77380000, 0x9e040000)
  object space 63232K, 49% used [0x735c0000,0x75495020,0x77380000)
 PSPermGen       total 16384K, used 4527K [0x6f5c0000, 0x705c0000, 0x735c0000)
  object space 16384K, 27% used [0x6f5c0000,0x6fa2bea0,0x705c0000)
}
Event: 6,559 GC heap before
{Heap before GC invocations=11 (full 1):
 PSYoungGen      total 169728K, used 168132K [0x9e040000, 0xad580000, 0xb35c0000)
  eden space 144896K, 100% used [0x9e040000,0xa6dc0000,0xa6dc0000)
  from space 24832K, 93% used [0xa6dc0000,0xa84710e0,0xa8600000)
  to   space 28416K, 0% used [0xab9c0000,0xab9c0000,0xad580000)
 ParOldGen       total 63232K, used 31572K [0x735c0000, 0x77380000, 0x9e040000)
  object space 63232K, 49% used [0x735c0000,0x75495020,0x77380000)
 PSPermGen       total 16384K, used 4529K [0x6f5c0000, 0x705c0000, 0x735c0000)
  object space 16384K, 27% used [0x6f5c0000,0x6fa2c628,0x705c0000)
Event: 6,583 GC heap after
Heap after GC invocations=11 (full 1):
 PSYoungGen      total 219648K, used 24816K [0x9e040000, 0xae4c0000, 0xb35c0000)
  eden space 191232K, 0% used [0x9e040000,0x9e040000,0xa9b00000)
  from space 28416K, 87% used [0xab9c0000,0xad1fc188,0xad580000)
  to   space 31488K, 0% used [0xa9b00000,0xa9b00000,0xab9c0000)
 ParOldGen       total 63232K, used 38023K [0x735c0000, 0x77380000, 0x9e040000)
  object space 63232K, 60% used [0x735c0000,0x75ae1e58,0x77380000)
 PSPermGen       total 16384K, used 4529K [0x6f5c0000, 0x705c0000, 0x735c0000)
  object space 16384K, 27% used [0x6f5c0000,0x6fa2c628,0x705c0000)
}
Event: 7,042 GC heap before
{Heap before GC invocations=12 (full 1):
 PSYoungGen      total 219648K, used 216048K [0x9e040000, 0xae4c0000, 0xb35c0000)
  eden space 191232K, 100% used [0x9e040000,0xa9b00000,0xa9b00000)
  from space 28416K, 87% used [0xab9c0000,0xad1fc188,0xad580000)
  to   space 31488K, 0% used [0xa9b00000,0xa9b00000,0xab9c0000)
 ParOldGen       total 63232K, used 38023K [0x735c0000, 0x77380000, 0x9e040000)
  object space 63232K, 60% used [0x735c0000,0x75ae1e58,0x77380000)
 PSPermGen       total 16384K, used 4530K [0x6f5c0000, 0x705c0000, 0x735c0000)
  object space 16384K, 27% used [0x6f5c0000,0x6fa2cb18,0x705c0000)

Deoptimization events (10 events):
Event: 4,611 Thread 0xb6708c00 Uncommon trap: reason=null_check action=make_not_entrant pc=0xb387f8f0 method=com.android.dx.io.instructions.AddressMap.get(I)I @ 11
Event: 4,732 Thread 0xb6708c00 Uncommon trap: reason=array_check action=maybe_recompile pc=0xb382a88c method=java.util.ComparableTimSort.binarySort([Ljava/lang/Object;III)V @ 215
Event: 4,732 Thread 0xb6708c00 Uncommon trap: reason=array_check action=maybe_recompile pc=0xb382a92c method=java.util.ComparableTimSort.binarySort([Ljava/lang/Object;III)V @ 193
Event: 4,762 Thread 0xb6708c00 Uncommon trap: reason=array_check action=maybe_recompile pc=0xb3885810 method=java.util.TimSort.binarySort([Ljava/lang/Object;IIILjava/util/Comparator;)V @ 215
Event: 4,762 Thread 0xb6708c00 Uncommon trap: reason=array_check action=maybe_recompile pc=0xb3885810 method=java.util.TimSort.binarySort([Ljava/lang/Object;IIILjava/util/Comparator;)V @ 215
Event: 4,965 Thread 0xb6708c00 Uncommon trap: reason=array_check action=maybe_recompile pc=0xb382a88c method=java.util.ComparableTimSort.binarySort([Ljava/lang/Object;III)V @ 215
Event: 4,965 Thread 0xb6708c00 Uncommon trap: reason=array_check action=maybe_recompile pc=0xb382a92c method=java.util.ComparableTimSort.binarySort([Ljava/lang/Object;III)V @ 193
Event: 5,018 Thread 0xb6708c00 Uncommon trap: reason=null_check action=make_not_entrant pc=0xb38964c4 method=java.util.TimSort.binarySort([Ljava/lang/Object;IIILjava/util/Comparator;)V @ 183
Event: 5,486 Thread 0xb6708c00 Uncommon trap: reason=array_check action=maybe_recompile pc=0xb38ac52c method=java.util.ComparableTimSort.binarySort([Ljava/lang/Object;III)V @ 183
Event: 6,355 Thread 0xb6708c00 Uncommon trap: reason=array_check action=maybe_recompile pc=0xb38ac52c method=java.util.ComparableTimSort.binarySort([Ljava/lang/Object;III)V @ 183

Internal exceptions (10 events):
Event: 3,260 Thread 0xb6708c00 Threw 0x9f3e3318 at /HUDSON/workspace/7u-2-build-linux-i586/jdk7u45/229/hotspot/src/share/vm/prims/jvm.cpp:1244
Event: 3,261 Thread 0xb6708c00 Threw 0x9f3e56e0 at /HUDSON/workspace/7u-2-build-linux-i586/jdk7u45/229/hotspot/src/share/vm/prims/jvm.cpp:1244
Event: 3,426 Thread 0xb6708c00 Threw 0x9fbda9a0 at /HUDSON/workspace/7u-2-build-linux-i586/jdk7u45/229/hotspot/src/share/vm/prims/jvm.cpp:1244
Event: 3,868 Thread 0xb6708c00 Threw 0x9f9a61c0 at /HUDSON/workspace/7u-2-build-linux-i586/jdk7u45/229/hotspot/src/share/vm/prims/jvm.cpp:1244
Event: 3,868 Thread 0xb6708c00 Threw 0x9f9a62d8 at /HUDSON/workspace/7u-2-build-linux-i586/jdk7u45/229/hotspot/src/share/vm/prims/jvm.cpp:1244
Event: 3,868 Thread 0xb6708c00 Threw 0x9f9a84a0 at /HUDSON/workspace/7u-2-build-linux-i586/jdk7u45/229/hotspot/src/share/vm/prims/jvm.cpp:1244
Event: 3,868 Thread 0xb6708c00 Threw 0x9f9a85b8 at /HUDSON/workspace/7u-2-build-linux-i586/jdk7u45/229/hotspot/src/share/vm/prims/jvm.cpp:1244
Event: 4,599 Thread 0xb6708c00 Implicit null exception at 0xb3886258 to 0xb3886a9d
Event: 4,611 Thread 0xb6708c00 Implicit null exception at 0xb387efba to 0xb387f8e5
Event: 5,018 Thread 0xb6708c00 Implicit null exception at 0xb3895d80 to 0xb38964a1

Events (10 events):
Event: 5,486 Thread 0xb6708c00 DEOPT UNPACKING pc=0xb36c1bbc sp=0xb687ed2c mode 2
Event: 5,715 Executing VM operation: ParallelGCFailedAllocation
Event: 6,221 Executing VM operation: ParallelGCFailedAllocation done
Event: 6,318 Thread 0x6c198000 flushing nmethod 0xb37efc48
Event: 6,355 Thread 0xb6708c00 Uncommon trap: trap_request=0xffffffd6 fr.pc=0xb38ac52c
Event: 6,355 Thread 0xb6708c00 DEOPT PACKING pc=0xb38ac52c sp=0xb687ed30
Event: 6,355 Thread 0xb6708c00 DEOPT UNPACKING pc=0xb36c1bbc sp=0xb687ed2c mode 2
Event: 6,559 Executing VM operation: ParallelGCFailedAllocation
Event: 6,583 Executing VM operation: ParallelGCFailedAllocation done
Event: 7,042 Executing VM operation: ParallelGCFailedAllocation


Dynamic libraries:
08048000-08049000 r-xp 00000000 08:06 671014     /usr/local/java/jdk1.7.0_45/bin/java
08049000-0804a000 rw-p 00000000 08:06 671014     /usr/local/java/jdk1.7.0_45/bin/java
0822a000-082e5000 rw-p 00000000 00:00 0          [heap]
6a500000-6a5f7000 rw-p 00000000 00:00 0 
6a5f7000-6a600000 ---p 00000000 00:00 0 
6a700000-6a800000 rw-p 00000000 00:00 0 
6a900000-6a9ff000 rw-p 00000000 00:00 0 
6a9ff000-6aa00000 ---p 00000000 00:00 0 
6ab00000-6abfe000 rw-p 00000000 00:00 0 
6abfe000-6ac00000 ---p 00000000 00:00 0 
6ad00000-6adf6000 rw-p 00000000 00:00 0 
6adf6000-6ae00000 ---p 00000000 00:00 0 
6af00000-6affe000 rw-p 00000000 00:00 0 
6affe000-6b000000 ---p 00000000 00:00 0 
6b000000-6b0ff000 rw-p 00000000 00:00 0 
6b0ff000-6b100000 ---p 00000000 00:00 0 
6b100000-6b1f1000 rw-p 00000000 00:00 0 
6b1f1000-6b200000 ---p 00000000 00:00 0 
6b300000-6b3f9000 rw-p 00000000 00:00 0 
6b3f9000-6b400000 ---p 00000000 00:00 0 
6b500000-6b600000 rw-p 00000000 00:00 0 
6b600000-6b6f8000 rw-p 00000000 00:00 0 
6b6f8000-6b700000 ---p 00000000 00:00 0 
6b700000-6b775000 rw-p 00000000 00:00 0 
6b775000-6b800000 ---p 00000000 00:00 0 
6b814000-6b817000 ---p 00000000 00:00 0 
6b817000-6b865000 rw-p 00000000 00:00 0 
6b865000-6b868000 ---p 00000000 00:00 0 
6b868000-6b8b6000 rw-p 00000000 00:00 0 
6b8b6000-6b8b9000 ---p 00000000 00:00 0 
6b8b9000-6b907000 rw-p 00000000 00:00 0 
6b907000-6b90a000 ---p 00000000 00:00 0 
6b90a000-6b958000 rw-p 00000000 00:00 0 
6b958000-6b959000 ---p 00000000 00:00 0 
6b959000-6b9d9000 rw-p 00000000 00:00 0 
6b9d9000-6b9dc000 ---p 00000000 00:00 0 
6b9dc000-6ba2a000 rw-p 00000000 00:00 0 
6ba2a000-6ba2d000 ---p 00000000 00:00 0 
6ba2d000-6baab000 rw-p 00000000 00:00 0 
6baab000-6baae000 ---p 00000000 00:00 0 
6baae000-6bb2c000 rw-p 00000000 00:00 0 
6bb2c000-6bb2f000 ---p 00000000 00:00 0 
6bb2f000-6bb7d000 rw-p 00000000 00:00 0 
6bb7d000-6bcaf000 r--p 002c8000 08:06 392632     /usr/lib/locale/locale-archive
6bcaf000-6beaf000 r--p 00000000 08:06 392632     /usr/lib/locale/locale-archive
6beaf000-6beb2000 ---p 00000000 00:00 0 
6beb2000-6bf00000 rw-p 00000000 00:00 0 
6bf00000-6bff4000 rw-p 00000000 00:00 0 
6bff4000-6c000000 ---p 00000000 00:00 0 
6c000000-6c02a000 rw-p 00000000 00:00 0 
6c02a000-6c100000 ---p 00000000 00:00 0 
6c100000-6c1f9000 rw-p 00000000 00:00 0 
6c1f9000-6c200000 ---p 00000000 00:00 0 
6c238000-6c239000 ---p 00000000 00:00 0 
6c239000-6c304000 rw-p 00000000 00:00 0 
6c304000-6c4c0000 r--s 039b2000 08:06 393573     /usr/local/java/jdk1.7.0_45/jre/lib/rt.jar
6c4c0000-6eb00000 rw-p 00000000 00:00 0 
6eb00000-6ebfe000 rw-p 00000000 00:00 0 
6ebfe000-6ec00000 ---p 00000000 00:00 0 
6ec2e000-6ec31000 ---p 00000000 00:00 0 
6ec31000-6ec7f000 rw-p 00000000 00:00 0 
6ec7f000-6ec80000 ---p 00000000 00:00 0 
6ec80000-6ed00000 rw-p 00000000 00:00 0 
6ed00000-6ed21000 rw-p 00000000 00:00 0 
6ed21000-6ee00000 ---p 00000000 00:00 0 
6ee00000-6ee21000 rw-p 00000000 00:00 0 
6ee21000-6ef00000 ---p 00000000 00:00 0 
6ef0e000-6ef23000 r-xp 00000000 08:06 670957     /usr/local/java/jdk1.7.0_45/jre/lib/i386/libnet.so
6ef23000-6ef24000 rw-p 00014000 08:06 670957     /usr/local/java/jdk1.7.0_45/jre/lib/i386/libnet.so
6ef24000-6ef7f000 rw-p 00000000 00:00 0 
6ef7f000-6ef80000 ---p 00000000 00:00 0 
6ef80000-6f000000 rw-p 00000000 00:00 0 
6f000000-6f022000 rw-p 00000000 00:00 0 
6f022000-6f100000 ---p 00000000 00:00 0 
6f10d000-6f127000 rw-p 00000000 00:00 0 
6f127000-6f128000 ---p 00000000 00:00 0 
6f128000-6f1a8000 rw-p 00000000 00:00 0 
6f1a8000-6f1a9000 ---p 00000000 00:00 0 
6f1a9000-6f231000 rw-p 00000000 00:00 0 
6f231000-6f249000 rw-p 00000000 00:00 0 
6f249000-6f268000 rw-p 00000000 00:00 0 
6f268000-6f39f000 rw-p 00000000 00:00 0 
6f39f000-6f3a7000 rw-p 00000000 00:00 0 
6f3a7000-6f3bf000 rw-p 00000000 00:00 0 
6f3bf000-6f3de000 rw-p 00000000 00:00 0 
6f3de000-6f514000 rw-p 00000000 00:00 0 
6f514000-6f597000 rw-p 00000000 00:00 0 
6f597000-6f5bf000 rw-p 00000000 00:00 0 
6f5bf000-705c0000 rw-p 00000000 00:00 0 
705c0000-735c0000 rw-p 00000000 00:00 0 
735c0000-77380000 rw-p 00000000 00:00 0 
77380000-9e040000 rw-p 00000000 00:00 0 
9e040000-ae4c0000 rw-p 00000000 00:00 0 
b2e95000-b2e9c000 r--s 00000000 08:06 395046     /usr/lib/i386-linux-gnu/gconv/gconv-modules.cache
b2e9c000-b2ec0000 r--p 00000000 08:06 1317469    /usr/share/locale-langpack/pl/LC_MESSAGES/libc.mo
b2ec0000-b35c0000 rw-p 00000000 00:00 0 
b35c6000-b35d4000 r-xp 00000000 08:06 670404     /usr/local/java/jdk1.7.0_45/jre/lib/i386/libnio.so
b35d4000-b35d5000 rw-p 0000e000 08:06 670404     /usr/local/java/jdk1.7.0_45/jre/lib/i386/libnio.so
b35d5000-b35de000 rw-p 00000000 00:00 0 
b35de000-b3695000 rw-p 00000000 00:00 0 
b3695000-b38d5000 rwxp 00000000 00:00 0 
b38d5000-b6695000 rw-p 00000000 00:00 0 
b6695000-b66ac000 r-xp 00000000 08:06 670944     /usr/local/java/jdk1.7.0_45/jre/lib/i386/libzip.so
b66ac000-b66ad000 rw-p 00017000 08:06 670944     /usr/local/java/jdk1.7.0_45/jre/lib/i386/libzip.so
b66ad000-b66b8000 r-xp 00000000 08:06 786164     /lib/i386-linux-gnu/libnss_files-2.15.so
b66b8000-b66b9000 r--p 0000a000 08:06 786164     /lib/i386-linux-gnu/libnss_files-2.15.so
b66b9000-b66ba000 rw-p 0000b000 08:06 786164     /lib/i386-linux-gnu/libnss_files-2.15.so
b66ba000-b66c4000 r-xp 00000000 08:06 786202     /lib/i386-linux-gnu/libnss_nis-2.15.so
b66c4000-b66c5000 r--p 00009000 08:06 786202     /lib/i386-linux-gnu/libnss_nis-2.15.so
b66c5000-b66c6000 rw-p 0000a000 08:06 786202     /lib/i386-linux-gnu/libnss_nis-2.15.so
b66c6000-b66dc000 r-xp 00000000 08:06 786163     /lib/i386-linux-gnu/libnsl-2.15.so
b66dc000-b66dd000 r--p 00015000 08:06 786163     /lib/i386-linux-gnu/libnsl-2.15.so
b66dd000-b66de000 rw-p 00016000 08:06 786163     /lib/i386-linux-gnu/libnsl-2.15.so
b66de000-b66e0000 rw-p 00000000 00:00 0 
b66e0000-b66e7000 r-xp 00000000 08:06 786201     /lib/i386-linux-gnu/libnss_compat-2.15.so
b66e7000-b66e8000 r--p 00006000 08:06 786201     /lib/i386-linux-gnu/libnss_compat-2.15.so
b66e8000-b66e9000 rw-p 00007000 08:06 786201     /lib/i386-linux-gnu/libnss_compat-2.15.so
b66ee000-b66f2000 r--s 0008a000 08:06 397573     /usr/local/java/jdk1.7.0_45/jre/lib/jsse.jar
b66f2000-b6700000 r--s 000b4000 08:06 546427     /usr/share/android-studio/data/sdk/build-tools/android-4.4W/lib/dx.jar
b6700000-b67f7000 rw-p 00000000 00:00 0 
b67f7000-b6800000 ---p 00000000 00:00 0 
b6802000-b6825000 r-xp 00000000 08:06 664766     /usr/local/java/jdk1.7.0_45/jre/lib/i386/libjava.so
b6825000-b6826000 rw-p 00022000 08:06 664766     /usr/local/java/jdk1.7.0_45/jre/lib/i386/libjava.so
b6826000-b682d000 r-xp 00000000 08:06 786021     /lib/i386-linux-gnu/librt-2.15.so
b682d000-b682e000 r--p 00006000 08:06 786021     /lib/i386-linux-gnu/librt-2.15.so
b682e000-b682f000 rw-p 00007000 08:06 786021     /lib/i386-linux-gnu/librt-2.15.so
b682f000-b6832000 ---p 00000000 00:00 0 
b6832000-b6880000 rw-p 00000000 00:00 0 
b6880000-b68aa000 r-xp 00000000 08:06 786199     /lib/i386-linux-gnu/libm-2.15.so
b68aa000-b68ab000 r--p 00029000 08:06 786199     /lib/i386-linux-gnu/libm-2.15.so
b68ab000-b68ac000 rw-p 0002a000 08:06 786199     /lib/i386-linux-gnu/libm-2.15.so
b68ac000-b7123000 r-xp 00000000 08:06 670953     /usr/local/java/jdk1.7.0_45/jre/lib/i386/server/libjvm.so
b7123000-b7188000 rw-p 00876000 08:06 670953     /usr/local/java/jdk1.7.0_45/jre/lib/i386/server/libjvm.so
b7188000-b75ab000 rw-p 00000000 00:00 0 
b75ab000-b774f000 r-xp 00000000 08:06 786179     /lib/i386-linux-gnu/libc-2.15.so
b774f000-b7750000 ---p 001a4000 08:06 786179     /lib/i386-linux-gnu/libc-2.15.so
b7750000-b7752000 r--p 001a4000 08:06 786179     /lib/i386-linux-gnu/libc-2.15.so
b7752000-b7753000 rw-p 001a6000 08:06 786179     /lib/i386-linux-gnu/libc-2.15.so
b7753000-b7756000 rw-p 00000000 00:00 0 
b7756000-b7759000 r-xp 00000000 08:06 811213     /lib/i386-linux-gnu/libdl-2.15.so
b7759000-b775a000 r--p 00002000 08:06 811213     /lib/i386-linux-gnu/libdl-2.15.so
b775a000-b775b000 rw-p 00003000 08:06 811213     /lib/i386-linux-gnu/libdl-2.15.so
b775b000-b775c000 rw-p 00000000 00:00 0 
b775c000-b776f000 r-xp 00000000 08:06 671956     /usr/local/java/jdk1.7.0_45/lib/i386/jli/libjli.so
b776f000-b7770000 rw-p 00012000 08:06 671956     /usr/local/java/jdk1.7.0_45/lib/i386/jli/libjli.so
b7770000-b7787000 r-xp 00000000 08:06 785972     /lib/i386-linux-gnu/libpthread-2.15.so
b7787000-b7788000 r--p 00016000 08:06 785972     /lib/i386-linux-gnu/libpthread-2.15.so
b7788000-b7789000 rw-p 00017000 08:06 785972     /lib/i386-linux-gnu/libpthread-2.15.so
b7789000-b778b000 rw-p 00000000 00:00 0 
b778c000-b7794000 rw-s 00000000 08:06 1074490    /tmp/hsperfdata_olek/9907
b7794000-b7795000 rw-p 00000000 00:00 0 
b7795000-b7796000 ---p 00000000 00:00 0 
b7796000-b77a1000 r-xp 00000000 08:06 670968     /usr/local/java/jdk1.7.0_45/jre/lib/i386/libverify.so
b77a1000-b77a2000 rw-p 0000b000 08:06 670968     /usr/local/java/jdk1.7.0_45/jre/lib/i386/libverify.so
b77a2000-b77a4000 rw-p 00000000 00:00 0 
b77a4000-b77a5000 r-xp 00000000 00:00 0          [vdso]
b77a5000-b77c5000 r-xp 00000000 08:06 785971     /lib/i386-linux-gnu/ld-2.15.so
b77c5000-b77c6000 r--p 0001f000 08:06 785971     /lib/i386-linux-gnu/ld-2.15.so
b77c6000-b77c7000 rw-p 00020000 08:06 785971     /lib/i386-linux-gnu/ld-2.15.so
bff90000-bffb2000 rw-p 00000000 00:00 0          [stack]

VM Arguments:
jvm_args: -Xmx1024M 
java_command: /usr/share/android-studio/data/sdk/build-tools/android-4.4W/lib/dx.jar --dex --num-threads=4 --output /home/olek/AndroidStudioProjects/DajSpisac2/DajSpisac/app/build/intermediates/dex/debug /home/olek/AndroidStudioProjects/DajSpisac2/DajSpisac/app/build/intermediates/classes/debug /home/olek/AndroidStudioProjects/DajSpisac2/DajSpisac/app/build/intermediates/dependency-cache/debug /home/olek/AndroidStudioProjects/DajSpisac2/DajSpisac/app/build/intermediates/pre-dexed/debug/classes-70e4cd1c8b82dadb81c01a1164645fd5171b131f.jar /home/olek/AndroidStudioProjects/DajSpisac2/DajSpisac/app/build/intermediates/pre-dexed/debug/support-v4-19.1.0-bfe6379f31d17615f5ca4b83bd0a7235fba0720f.jar /home/olek/AndroidStudioProjects/DajSpisac2/DajSpisac/app/build/intermediates/pre-dexed/debug/commons-io-1.3.2-65ced0583e745a13466ed476e15f98ed8c349674.jar /home/olek/AndroidStudioProjects/DajSpisac2/DajSpisac/app/build/intermediates/pre-dexed/debug/robospice-spring-android-1.4.12-762be6cfb250899b1c81036b07f54fee4dcb2ac4.jar /home/olek/AndroidStudioProjects/DajSpisac2/DajSpisac/app/build/intermediates/pre-dexed/debug/commons-lang3-3.2.1-48ddb587b0af443a44635ae516cd5b6e9793dbc0.jar /home/olek/AndroidStudioProjects/DajSpisac2/DajSpisac/app/build/intermediates/pre-dexed/debug/universal-image-loader-1.9.2-eee2392d80033a19dda5fe10e97bf2d997aa8324.jar /home/olek/AndroidStudioProjects/DajSpisac2/DajSpisac/app/build/intermediates/pre-dexed/debug/spring-android-core-1.0.1.RELEASE-9b9474ca76c015172b287f2cde44701cfd7f5b74.jar /home/olek/AndroidStudioProjects/DajSpisac2/DajSpisac/app/build/intermediates/pre-dexed/debug/jackson-annotations-2.4.0-f178df8577412c09ca51db91729aef33d7539dfc.jar /home/olek/AndroidStudioProjects/DajSpisac2/DajSpisac/app/build/intermediates/pre-dexed/debug/jackson-databind-2.4.1-6d3307ebe01e61039a6ee8c8c597c33528867cbd.jar /home/olek/AndroidStudioProjects/DajSpisac2/DajSpisac/app/build/intermediates/pre-dexed/debug/spring-android-rest-template-1.0.1.RELEASE-0958c0
Launcher Type: SUN_STANDARD

Environment Variables:
JAVA_HOME=/usr/local/java/jdk1.7.0_45
CLASSPATH=/usr/share/android-studio/data/bin/../lib/bootstrap.jar:/usr/share/android-studio/data/bin/../lib/extensions.jar:/usr/share/android-studio/data/bin/../lib/util.jar:/usr/share/android-studio/data/bin/../lib/jdom.jar:/usr/share/android-studio/data/bin/../lib/log4j.jar:/usr/share/android-studio/data/bin/../lib/trove4j.jar:/usr/share/android-studio/data/bin/../lib/jna.jar:/usr/local/java/jdk1.7.0_45/lib/tools.jar
PATH=/usr/lib/lightdm/lightdm:/usr/local/sbin:/usr/local/bin:/usr/sbin:/usr/bin:/sbin:/bin:/usr/games:/home/olek/bin:/usr/local/java/jdk1.7.0_45/bin
LD_LIBRARY_PATH=/usr/share/android-studio/data/bin:
SHELL=/bin/bash
DISPLAY=:0

Signal Handlers:
SIGSEGV: [libjvm.so+0x7dd350], sa_mask[0]=0x7ffbfeff, sa_flags=0x10000004
SIGBUS: [libjvm.so+0x7dd350], sa_mask[0]=0x7ffbfeff, sa_flags=0x10000004
SIGFPE: [libjvm.so+0x678b60], sa_mask[0]=0x7ffbfeff, sa_flags=0x10000004
SIGPIPE: [libjvm.so+0x678b60], sa_mask[0]=0x7ffbfeff, sa_flags=0x10000004
SIGXFSZ: [libjvm.so+0x678b60], sa_mask[0]=0x7ffbfeff, sa_flags=0x10000004
SIGILL: [libjvm.so+0x678b60], sa_mask[0]=0x7ffbfeff, sa_flags=0x10000004
SIGUSR1: SIG_DFL, sa_mask[0]=0x00000000, sa_flags=0x00000000
SIGUSR2: [libjvm.so+0x67a050], sa_mask[0]=0x00000004, sa_flags=0x10000004
SIGHUP: [libjvm.so+0x67b1a0], sa_mask[0]=0x7ffbfeff, sa_flags=0x10000004
SIGINT: [libjvm.so+0x67b1a0], sa_mask[0]=0x7ffbfeff, sa_flags=0x10000004
SIGTERM: [libjvm.so+0x67b1a0], sa_mask[0]=0x7ffbfeff, sa_flags=0x10000004
SIGQUIT: [libjvm.so+0x67b1a0], sa_mask[0]=0x7ffbfeff, sa_flags=0x10000004


---------------  S Y S T E M  ---------------

OS:wheezy/sid

uname:Linux 3.2.0-67-generic-pae #101-Ubuntu SMP Tue Jul 15 18:04:54 UTC 2014 i686
libc:glibc 2.15 NPTL 2.15 
rlimit: STACK 8192k, CORE 0k, NPROC 30461, NOFILE 4096, AS infinity
load average:1,67 1,22 1,13

/proc/meminfo:
MemTotal:        3913636 kB
MemFree:         1591328 kB
Buffers:            3468 kB
Cached:           544660 kB
SwapCached:            0 kB
Active:          1822552 kB
Inactive:         418824 kB
Active(anon):    1791064 kB
Inactive(anon):   386928 kB
Active(file):      31488 kB
Inactive(file):    31896 kB
Unevictable:           0 kB
Mlocked:               0 kB
HighTotal:       3072916 kB
HighFree:        1157440 kB
LowTotal:         840720 kB
LowFree:          433888 kB
SwapTotal:             0 kB
SwapFree:              0 kB
Dirty:              6268 kB
Writeback:             0 kB
AnonPages:       1693132 kB
Mapped:            38060 kB
Shmem:            484604 kB
Slab:              41808 kB
SReclaimable:      19628 kB
SUnreclaim:        22180 kB
KernelStack:        4192 kB
PageTables:        10816 kB
NFS_Unstable:          0 kB
Bounce:                0 kB
WritebackTmp:          0 kB
CommitLimit:     1956816 kB
Committed_AS:    4091148 kB
VmallocTotal:     122880 kB
VmallocUsed:       59956 kB
VmallocChunk:      60180 kB
HardwareCorrupted:     0 kB
AnonHugePages:         0 kB
HugePages_Total:       0
HugePages_Free:        0
HugePages_Rsvd:        0
HugePages_Surp:        0
Hugepagesize:       2048 kB
DirectMap4k:       10232 kB
DirectMap2M:      903168 kB


CPU:total 4 (2 cores per cpu, 2 threads per core) family 6 model 37 stepping 5, cmov, cx8, fxsr, mmx, sse, sse2, sse3, ssse3, sse4.1, sse4.2, popcnt, ht, tsc, tscinvbit

/proc/cpuinfo:
processor	: 0
vendor_id	: GenuineIntel
cpu family	: 6
model		: 37
model name	: Intel(R) Core(TM) i3 CPU       M 380  @ 2.53GHz
stepping	: 5
microcode	: 0x2
cpu MHz		: 2399.000
cache size	: 3072 KB
physical id	: 0
siblings	: 4
core id		: 0
cpu cores	: 2
apicid		: 0
initial apicid	: 0
fdiv_bug	: no
hlt_bug		: no
f00f_bug	: no
coma_bug	: no
fpu		: yes
fpu_exception	: yes
cpuid level	: 11
wp		: yes
flags		: fpu vme de pse tsc msr pae mce cx8 apic sep mtrr pge mca cmov pat pse36 clflush dts acpi mmx fxsr sse sse2 ss ht tm pbe nx rdtscp lm constant_tsc arch_perfmon pebs bts xtopology nonstop_tsc aperfmperf pni dtes64 monitor ds_cpl vmx est tm2 ssse3 cx16 xtpr pdcm pcid sse4_1 sse4_2 popcnt lahf_lm arat dtherm tpr_shadow vnmi flexpriority ept vpid
bogomips	: 5054.03
clflush size	: 64
cache_alignment	: 64
address sizes	: 36 bits physical, 48 bits virtual
power management:

processor	: 1
vendor_id	: GenuineIntel
cpu family	: 6
model		: 37
model name	: Intel(R) Core(TM) i3 CPU       M 380  @ 2.53GHz
stepping	: 5
microcode	: 0x2
cpu MHz		: 2533.000
cache size	: 3072 KB
physical id	: 0
siblings	: 4
core id		: 2
cpu cores	: 2
apicid		: 4
initial apicid	: 4
fdiv_bug	: no
hlt_bug		: no
f00f_bug	: no
coma_bug	: no
fpu		: yes
fpu_exception	: yes
cpuid level	: 11
wp		: yes
flags		: fpu vme de pse tsc msr pae mce cx8 apic sep mtrr pge mca cmov pat pse36 clflush dts acpi mmx fxsr sse sse2 ss ht tm pbe nx rdtscp lm constant_tsc arch_perfmon pebs bts xtopology nonstop_tsc aperfmperf pni dtes64 monitor ds_cpl vmx est tm2 ssse3 cx16 xtpr pdcm pcid sse4_1 sse4_2 popcnt lahf_lm arat dtherm tpr_shadow vnmi flexpriority ept vpid
bogomips	: 5054.19
clflush size	: 64
cache_alignment	: 64
address sizes	: 36 bits physical, 48 bits virtual
power management:

processor	: 2
vendor_id	: GenuineIntel
cpu family	: 6
model		: 37
model name	: Intel(R) Core(TM) i3 CPU       M 380  @ 2.53GHz
stepping	: 5
microcode	: 0x2
cpu MHz		: 2533.000
cache size	: 3072 KB
physical id	: 0
siblings	: 4
core id		: 0
cpu cores	: 2
apicid		: 1
initial apicid	: 1
fdiv_bug	: no
hlt_bug		: no
f00f_bug	: no
coma_bug	: no
fpu		: yes
fpu_exception	: yes
cpuid level	: 11
wp		: yes
flags		: fpu vme de pse tsc msr pae mce cx8 apic sep mtrr pge mca cmov pat pse36 clflush dts acpi mmx fxsr sse sse2 ss ht tm pbe nx rdtscp lm constant_tsc arch_perfmon pebs bts xtopology nonstop_tsc aperfmperf pni dtes64 monitor ds_cpl vmx est tm2 ssse3 cx16 xtpr pdcm pcid sse4_1 sse4_2 popcnt lahf_lm arat dtherm tpr_shadow vnmi flexpriority ept vpid
bogomips	: 5054.19
clflush size	: 64
cache_alignment	: 64
address sizes	: 36 bits physical, 48 bits virtual
power management:

processor	: 3
vendor_id	: GenuineIntel
cpu family	: 6
model		: 37
model name	: Intel(R) Core(TM) i3 CPU       M 380  @ 2.53GHz
stepping	: 5
microcode	: 0x2
cpu MHz		: 2399.000
cache size	: 3072 KB
physical id	: 0
siblings	: 4
core id		: 2
cpu cores	: 2
apicid		: 5
initial apicid	: 5
fdiv_bug	: no
hlt_bug		: no
f00f_bug	: no
coma_bug	: no
fpu		: yes
fpu_exception	: yes
cpuid level	: 11
wp		: yes
flags		: fpu vme de pse tsc msr pae mce cx8 apic sep mtrr pge mca cmov pat pse36 clflush dts acpi mmx fxsr sse sse2 ss ht tm pbe nx rdtscp lm constant_tsc arch_perfmon pebs bts xtopology nonstop_tsc aperfmperf pni dtes64 monitor ds_cpl vmx est tm2 ssse3 cx16 xtpr pdcm pcid sse4_1 sse4_2 popcnt lahf_lm arat dtherm tpr_shadow vnmi flexpriority ept vpid
bogomips	: 5054.19
clflush size	: 64
cache_alignment	: 64
address sizes	: 36 bits physical, 48 bits virtual
power management:



Memory: 4k page, physical 3913636k(1591328k free), swap 0k(0k free)

vm_info: Java HotSpot(TM) Server VM (24.45-b08) for linux-x86 JRE (1.7.0_45-b18), built on Oct  8 2013 05:44:51 by "java_re" with gcc 4.3.0 20080428 (Red Hat 4.3.0-8)

time: Thu Aug 28 13:18:04 2014
elapsed time: 9 seconds

