#
# There is insufficient memory for the Java Runtime Environment to continue.
# Native memory allocation (malloc) failed to allocate 55574528 bytes for committing reserved memory.
# Possible reasons:
#   The system is out of physical RAM or swap space
#   In 32 bit mode, the process size limit was hit
# Possible solutions:
#   Reduce memory load on the system
#   Increase physical memory or swap space
#   Check if swap backing store is full
#   Use 64 bit Java on a 64 bit OS
#   Decrease Java heap size (-Xmx/-Xms)
#   Decrease number of Java threads
#   Decrease Java thread stack sizes (-Xss)
#   Set larger code cache with -XX:ReservedCodeCacheSize=
# This output file may be truncated or incomplete.
#
#  Out of Memory Error (os_linux.cpp:2718), pid=13693, tid=1813744448
#
# JRE version: Java(TM) SE Runtime Environment (7.0_45-b18) (build 1.7.0_45-b18)
# Java VM: Java HotSpot(TM) Server VM (24.45-b08 mixed mode linux-x86 )
# Failed to write core dump. Core dumps have been disabled. To enable core dumping, try "ulimit -c unlimited" before starting Java again
#

---------------  T H R E A D  ---------------

Current thread (0x6c081400):  VMThread [stack: 0x6c138000,0x6c1b9000] [id=13707]

Stack: [0x6c138000,0x6c1b9000],  sp=0x6c1b7a60,  free space=510k
Native frames: (J=compiled Java code, j=interpreted, Vv=VM code, C=native code)
V  [libjvm.so+0x7dc836]  VMError::report_and_die()+0x1a6
V  [libjvm.so+0x33a5c2]  report_vm_out_of_memory(char const*, int, unsigned int, char const*)+0x72
V  [libjvm.so+0x67bc21]  os::Linux::commit_memory_impl(char*, unsigned int, bool)+0xe1
V  [libjvm.so+0x67c077]  os::Linux::commit_memory_impl(char*, unsigned int, unsigned int, bool)+0x47
V  [libjvm.so+0x67c23d]  os::pd_commit_memory(char*, unsigned int, unsigned int, bool)+0x1d
V  [libjvm.so+0x675c8c]  os::commit_memory(char*, unsigned int, unsigned int, bool)+0x2c
V  [libjvm.so+0x6df178]  PSVirtualSpace::expand_by(unsigned int)+0x48
V  [libjvm.so+0x6e027a]  PSYoungGen::resize_generation(unsigned int, unsigned int)+0xda
V  [libjvm.so+0x6df5b9]  PSYoungGen::resize(unsigned int, unsigned int)+0x19
V  [libjvm.so+0x6dd31b]  PSScavenge::invoke_no_policy()+0x105b
V  [libjvm.so+0x6dd748]  PSScavenge::invoke()+0x28
V  [libjvm.so+0x69b9aa]  ParallelScavengeHeap::failed_mem_allocate(unsigned int)+0x5a
V  [libjvm.so+0x7de0da]  VM_ParallelGCFailedAllocation::doit()+0x7a
V  [libjvm.so+0x7e6e97]  VM_Operation::evaluate()+0x47
V  [libjvm.so+0x7e4f93]  VMThread::evaluate_operation(VM_Operation*)+0xb3
V  [libjvm.so+0x7e5330]  VMThread::loop()+0x1b0
V  [libjvm.so+0x7e5795]  VMThread::run()+0x85
V  [libjvm.so+0x67e0f9]  java_start(Thread*)+0x119
C  [libpthread.so.0+0x6d4c]  start_thread+0xcc

VM_Operation (0xb6825bf4): ParallelGCFailedAllocation, mode: safepoint, requested by thread 0xb6608800


---------------  P R O C E S S  ---------------

Java Threads: ( => current thread )
  0x6c09a800 JavaThread "Service Thread" daemon [_thread_blocked, id=13713, stack(0x6b92a000,0x6b97b000)]
  0x6c098c00 JavaThread "C2 CompilerThread1" daemon [_thread_blocked, id=13712, stack(0x6b97b000,0x6b9fc000)]
  0x6c096c00 JavaThread "C2 CompilerThread0" daemon [_thread_blocked, id=13711, stack(0x6b9fc000,0x6ba7d000)]
  0x6c095000 JavaThread "Signal Dispatcher" daemon [_thread_blocked, id=13710, stack(0x6ba7d000,0x6bace000)]
  0x6c085800 JavaThread "Finalizer" daemon [_thread_blocked, id=13709, stack(0x6eb2e000,0x6eb7f000)]
  0x6c082c00 JavaThread "Reference Handler" daemon [_thread_blocked, id=13708, stack(0x6ed2e000,0x6ed7f000)]
  0xb6608800 JavaThread "main" [_thread_blocked, id=13702, stack(0xb67d6000,0xb6827000)]

Other Threads:
=>0x6c081400 VMThread [stack: 0x6c138000,0x6c1b9000] [id=13707]
  0x6c09c800 WatcherThread [stack: 0x6b8a9000,0x6b92a000] [id=13714]

VM state:at safepoint (normal execution)

VM Mutex/Monitor currently owned by a thread:  ([mutex/lock_event])
[0xb6606020] Threads_lock - owner thread: 0x6c081400
[0xb6606430] Heap_lock - owner thread: 0xb6608800

Heap
 PSYoungGen      total 33280K, used 2555K [0x9df80000, 0xa0280000, 0xb3500000)
  eden space 30720K, 0% used [0x9df80000,0x9df80000,0x9fd80000)
  from space 2560K, 99% used [0x9fd80000,0x9fffef20,0xa0000000)
  to   space 2560K, 0% used [0xa0000000,0xa0000000,0xa0280000)
 ParOldGen       total 40704K, used 27288K [0x73500000, 0x75cc0000, 0x9df80000)
  object space 40704K, 67% used [0x73500000,0x74fa63d8,0x75cc0000)
 PSPermGen       total 16384K, used 4377K [0x6f500000, 0x70500000, 0x73500000)
  object space 16384K, 26% used [0x6f500000,0x6f9466b0,0x70500000)

Card table byte_map: [0x6f2df000,0x6f500000] byte_map_base: 0x6ef64800

Polling page: 0xb773b000

Code Cache  [0xb35e0000, 0xb3820000, 0xb65e0000)
 total_blobs=465 nmethods=330 adapters=89 free_code_cache=48454Kb largest_free_block=49594112

Compilation events (10 events):
Event: 4,028 Thread 0x6c098c00 nmethod 327 0xb3689988 code [0xb3689a60, 0xb3689ab0]
Event: 4,028 Thread 0x6c098c00  328             com.android.dx.merge.SortableType::getTypeIndex (8 bytes)
Event: 4,028 Thread 0x6c098c00 nmethod 328 0xb368fb88 code [0xb368fc80, 0xb368fcd0]
Event: 4,028 Thread 0x6c098c00  329             com.android.dx.merge.SortableType$1::compare (13 bytes)
Event: 4,031 Thread 0x6c098c00 nmethod 329 0xb368f848 code [0xb368f940, 0xb368fa30]
Event: 4,031 Thread 0x6c098c00  330             com.android.dx.merge.SortableType$1::compare (50 bytes)
Event: 4,032 Thread 0x6c098c00 nmethod 330 0xb368b388 code [0xb368b480, 0xb368b530]
Event: 4,032 Thread 0x6c098c00  331             com.android.dx.io.instructions.TwoRegisterDecodedInstruction::getRegisterCount (2 bytes)
Event: 4,032 Thread 0x6c098c00 nmethod 331 0xb368b208 code [0xb368b2e0, 0xb368b330]
Event: 4,032 Thread 0x6c098c00  332             com.android.dex.Dex::readCode (28 bytes)

GC Heap History (9 events):
Event: 1,737 GC heap before
{Heap before GC invocations=1 (full 0):
 PSYoungGen      total 17920K, used 14745K [0x9df80000, 0x9f380000, 0xb3500000)
  eden space 15360K, 95% used [0x9df80000,0x9ede64b0,0x9ee80000)
  from space 2560K, 0% used [0x9f100000,0x9f100000,0x9f380000)
  to   space 2560K, 0% used [0x9ee80000,0x9ee80000,0x9f100000)
 ParOldGen       total 40704K, used 0K [0x73500000, 0x75cc0000, 0x9df80000)
  object space 40704K, 0% used [0x73500000,0x73500000,0x75cc0000)
 PSPermGen       total 16384K, used 2556K [0x6f500000, 0x70500000, 0x73500000)
  object space 16384K, 15% used [0x6f500000,0x6f77f368,0x70500000)
Event: 1,743 GC heap after
Heap after GC invocations=1 (full 0):
 PSYoungGen      total 17920K, used 2544K [0x9df80000, 0x9f380000, 0xb3500000)
  eden space 15360K, 0% used [0x9df80000,0x9df80000,0x9ee80000)
  from space 2560K, 99% used [0x9ee80000,0x9f0fc1c0,0x9f100000)
  to   space 2560K, 0% used [0x9f100000,0x9f100000,0x9f380000)
 ParOldGen       total 40704K, used 2204K [0x73500000, 0x75cc0000, 0x9df80000)
  object space 40704K, 5% used [0x73500000,0x73727118,0x75cc0000)
 PSPermGen       total 16384K, used 2556K [0x6f500000, 0x70500000, 0x73500000)
  object space 16384K, 15% used [0x6f500000,0x6f77f368,0x70500000)
}
Event: 1,833 GC heap before
{Heap before GC invocations=2 (full 0):
 PSYoungGen      total 17920K, used 17445K [0x9df80000, 0x9f380000, 0xb3500000)
  eden space 15360K, 97% used [0x9df80000,0x9ee0d4a8,0x9ee80000)
  from space 2560K, 99% used [0x9ee80000,0x9f0fc1c0,0x9f100000)
  to   space 2560K, 0% used [0x9f100000,0x9f100000,0x9f380000)
 ParOldGen       total 40704K, used 2204K [0x73500000, 0x75cc0000, 0x9df80000)
  object space 40704K, 5% used [0x73500000,0x73727118,0x75cc0000)
 PSPermGen       total 16384K, used 2811K [0x6f500000, 0x70500000, 0x73500000)
  object space 16384K, 17% used [0x6f500000,0x6f7bec08,0x70500000)
Event: 1,838 GC heap after
Heap after GC invocations=2 (full 0):
 PSYoungGen      total 17920K, used 2553K [0x9df80000, 0xa0280000, 0xb3500000)
  eden space 15360K, 0% used [0x9df80000,0x9df80000,0x9ee80000)
  from space 2560K, 99% used [0x9f100000,0x9f37e5a0,0x9f380000)
  to   space 2560K, 0% used [0x9ee80000,0x9ee80000,0x9f100000)
 ParOldGen       total 40704K, used 5209K [0x73500000, 0x75cc0000, 0x9df80000)
  object space 40704K, 12% used [0x73500000,0x73a16438,0x75cc0000)
 PSPermGen       total 16384K, used 2811K [0x6f500000, 0x70500000, 0x73500000)
  object space 16384K, 17% used [0x6f500000,0x6f7bec08,0x70500000)
}
Event: 3,488 GC heap before
{Heap before GC invocations=3 (full 0):
 PSYoungGen      total 17920K, used 17913K [0x9df80000, 0xa0280000, 0xb3500000)
  eden space 15360K, 100% used [0x9df80000,0x9ee80000,0x9ee80000)
  from space 2560K, 99% used [0x9f100000,0x9f37e5a0,0x9f380000)
  to   space 2560K, 0% used [0x9ee80000,0x9ee80000,0x9f100000)
 ParOldGen       total 40704K, used 5209K [0x73500000, 0x75cc0000, 0x9df80000)
  object space 40704K, 12% used [0x73500000,0x73a16438,0x75cc0000)
 PSPermGen       total 16384K, used 4321K [0x6f500000, 0x70500000, 0x73500000)
  object space 16384K, 26% used [0x6f500000,0x6f938748,0x70500000)
Event: 3,496 GC heap after
Heap after GC invocations=3 (full 0):
 PSYoungGen      total 17920K, used 2553K [0x9df80000, 0xa0280000, 0xb3500000)
  eden space 15360K, 0% used [0x9df80000,0x9df80000,0x9ee80000)
  from space 2560K, 99% used [0x9ee80000,0x9f0fe7e0,0x9f100000)
  to   space 2560K, 0% used [0xa0000000,0xa0000000,0xa0280000)
 ParOldGen       total 40704K, used 8279K [0x73500000, 0x75cc0000, 0x9df80000)
  object space 40704K, 20% used [0x73500000,0x73d15fd0,0x75cc0000)
 PSPermGen       total 16384K, used 4321K [0x6f500000, 0x70500000, 0x73500000)
  object space 16384K, 26% used [0x6f500000,0x6f938748,0x70500000)
}
Event: 3,795 GC heap before
{Heap before GC invocations=4 (full 0):
 PSYoungGen      total 17920K, used 17913K [0x9df80000, 0xa0280000, 0xb3500000)
  eden space 15360K, 100% used [0x9df80000,0x9ee80000,0x9ee80000)
  from space 2560K, 99% used [0x9ee80000,0x9f0fe7e0,0x9f100000)
  to   space 2560K, 0% used [0xa0000000,0xa0000000,0xa0280000)
 ParOldGen       total 40704K, used 8279K [0x73500000, 0x75cc0000, 0x9df80000)
  object space 40704K, 20% used [0x73500000,0x73d15fd0,0x75cc0000)
 PSPermGen       total 16384K, used 4357K [0x6f500000, 0x70500000, 0x73500000)
  object space 16384K, 26% used [0x6f500000,0x6f941730,0x70500000)
Event: 3,801 GC heap after
Heap after GC invocations=4 (full 0):
 PSYoungGen      total 33280K, used 2547K [0x9df80000, 0xa0280000, 0xb3500000)
  eden space 30720K, 0% used [0x9df80000,0x9df80000,0x9fd80000)
  from space 2560K, 99% used [0xa0000000,0xa027cf10,0xa0280000)
  to   space 2560K, 0% used [0x9fd80000,0x9fd80000,0xa0000000)
 ParOldGen       total 40704K, used 15367K [0x73500000, 0x75cc0000, 0x9df80000)
  object space 40704K, 37% used [0x73500000,0x74401cb8,0x75cc0000)
 PSPermGen       total 16384K, used 4357K [0x6f500000, 0x70500000, 0x73500000)
  object space 16384K, 26% used [0x6f500000,0x6f941730,0x70500000)
}
Event: 4,101 GC heap before
{Heap before GC invocations=5 (full 0):
 PSYoungGen      total 33280K, used 33267K [0x9df80000, 0xa0280000, 0xb3500000)
  eden space 30720K, 100% used [0x9df80000,0x9fd80000,0x9fd80000)
  from space 2560K, 99% used [0xa0000000,0xa027cf10,0xa0280000)
  to   space 2560K, 0% used [0x9fd80000,0x9fd80000,0xa0000000)
 ParOldGen       total 40704K, used 15367K [0x73500000, 0x75cc0000, 0x9df80000)
  object space 40704K, 37% used [0x73500000,0x74401cb8,0x75cc0000)
 PSPermGen       total 16384K, used 4377K [0x6f500000, 0x70500000, 0x73500000)
  object space 16384K, 26% used [0x6f500000,0x6f9466b0,0x70500000)

Deoptimization events (1 events):
Event: 3,585 Thread 0xb6608800 Uncommon trap: reason=predicate action=maybe_recompile pc=0xb3653d6c method=com.android.dex.Leb128.readUnsignedLeb128(Lcom/android/dex/util/ByteInput;)I @ 41

Internal exceptions (10 events):
Event: 3,248 Thread 0xb6608800 Threw 0x9eb68d08 at /HUDSON/workspace/7u-2-build-linux-i586/jdk7u45/229/hotspot/src/share/vm/prims/jvm.cpp:1244
Event: 3,248 Thread 0xb6608800 Threw 0x9eb6b8b8 at /HUDSON/workspace/7u-2-build-linux-i586/jdk7u45/229/hotspot/src/share/vm/prims/jvm.cpp:1244
Event: 3,249 Thread 0xb6608800 Threw 0x9eb6e9d8 at /HUDSON/workspace/7u-2-build-linux-i586/jdk7u45/229/hotspot/src/share/vm/prims/jvm.cpp:1244
Event: 3,252 Thread 0xb6608800 Threw 0x9eb75288 at /HUDSON/workspace/7u-2-build-linux-i586/jdk7u45/229/hotspot/src/share/vm/prims/jvm.cpp:1244
Event: 3,253 Thread 0xb6608800 Threw 0x9eb77220 at /HUDSON/workspace/7u-2-build-linux-i586/jdk7u45/229/hotspot/src/share/vm/prims/jvm.cpp:1244
Event: 3,328 Thread 0xb6608800 Threw 0x9ec0e908 at /HUDSON/workspace/7u-2-build-linux-i586/jdk7u45/229/hotspot/src/share/vm/prims/jvm.cpp:1244
Event: 3,328 Thread 0xb6608800 Threw 0x9ec0ea20 at /HUDSON/workspace/7u-2-build-linux-i586/jdk7u45/229/hotspot/src/share/vm/prims/jvm.cpp:1244
Event: 3,329 Thread 0xb6608800 Threw 0x9ec10be8 at /HUDSON/workspace/7u-2-build-linux-i586/jdk7u45/229/hotspot/src/share/vm/prims/jvm.cpp:1244
Event: 3,329 Thread 0xb6608800 Threw 0x9ec10d00 at /HUDSON/workspace/7u-2-build-linux-i586/jdk7u45/229/hotspot/src/share/vm/prims/jvm.cpp:1244
Event: 3,785 Thread 0xb6608800 Threw 0x9edb9890 at /HUDSON/workspace/7u-2-build-linux-i586/jdk7u45/229/hotspot/src/share/vm/prims/jvm.cpp:1244

Events (10 events):
Event: 3,585 Thread 0xb6608800 Uncommon trap: trap_request=0xffffff86 fr.pc=0xb3653d6c
Event: 3,585 Thread 0xb6608800 DEOPT PACKING pc=0xb3653d6c sp=0xb6825c80
Event: 3,585 Thread 0xb6608800 DEOPT UNPACKING pc=0xb360cbbc sp=0xb6825c6c mode 2
Event: 3,785 loading class 0x6b721b20
Event: 3,785 loading class 0x6b721b20 done
Event: 3,795 Executing VM operation: ParallelGCFailedAllocation
Event: 3,801 Executing VM operation: ParallelGCFailedAllocation done
Event: 4,094 loading class 0x6ef4d820
Event: 4,094 loading class 0x6ef4d820 done
Event: 4,100 Executing VM operation: ParallelGCFailedAllocation


Dynamic libraries:
08048000-08049000 r-xp 00000000 08:06 671014     /usr/local/java/jdk1.7.0_45/bin/java
08049000-0804a000 rw-p 00000000 08:06 671014     /usr/local/java/jdk1.7.0_45/bin/java
0964b000-096a2000 rw-p 00000000 00:00 0          [heap]
6ad00000-6ad57000 rw-p 00000000 00:00 0 
6ad57000-6ae00000 ---p 00000000 00:00 0 
6af00000-6affc000 rw-p 00000000 00:00 0 
6affc000-6b000000 ---p 00000000 00:00 0 
6b000000-6b0e0000 rw-p 00000000 00:00 0 
6b0e0000-6b100000 ---p 00000000 00:00 0 
6b100000-6b1ff000 rw-p 00000000 00:00 0 
6b1ff000-6b200000 ---p 00000000 00:00 0 
6b200000-6b2e8000 rw-p 00000000 00:00 0 
6b2e8000-6b300000 ---p 00000000 00:00 0 
6b300000-6b3fe000 rw-p 00000000 00:00 0 
6b3fe000-6b400000 ---p 00000000 00:00 0 
6b452000-6b500000 rw-p 00000000 00:00 0 
6b500000-6b5fd000 rw-p 00000000 00:00 0 
6b5fd000-6b600000 ---p 00000000 00:00 0 
6b624000-6b65e000 rw-p 00000000 00:00 0 
6b65e000-6b661000 ---p 00000000 00:00 0 
6b661000-6b6af000 rw-p 00000000 00:00 0 
6b6af000-6b6b2000 ---p 00000000 00:00 0 
6b6b2000-6b700000 rw-p 00000000 00:00 0 
6b700000-6b76a000 rw-p 00000000 00:00 0 
6b76a000-6b800000 ---p 00000000 00:00 0 
6b807000-6b80a000 ---p 00000000 00:00 0 
6b80a000-6b858000 rw-p 00000000 00:00 0 
6b858000-6b85b000 ---p 00000000 00:00 0 
6b85b000-6b8a9000 rw-p 00000000 00:00 0 
6b8a9000-6b8aa000 ---p 00000000 00:00 0 
6b8aa000-6b92a000 rw-p 00000000 00:00 0 
6b92a000-6b92d000 ---p 00000000 00:00 0 
6b92d000-6b97b000 rw-p 00000000 00:00 0 
6b97b000-6b97e000 ---p 00000000 00:00 0 
6b97e000-6b9fc000 rw-p 00000000 00:00 0 
6b9fc000-6b9ff000 ---p 00000000 00:00 0 
6b9ff000-6ba7d000 rw-p 00000000 00:00 0 
6ba7d000-6ba80000 ---p 00000000 00:00 0 
6ba80000-6bace000 rw-p 00000000 00:00 0 
6bace000-6bc00000 r--p 002c8000 08:06 392632     /usr/lib/locale/locale-archive
6bc00000-6be00000 r--p 00000000 08:06 392632     /usr/lib/locale/locale-archive
6be00000-6beed000 rw-p 00000000 00:00 0 
6beed000-6bf00000 ---p 00000000 00:00 0 
6bf00000-6bf2a000 rw-p 00000000 00:00 0 
6bf2a000-6c000000 ---p 00000000 00:00 0 
6c000000-6c100000 rw-p 00000000 00:00 0 
6c138000-6c139000 ---p 00000000 00:00 0 
6c139000-6c204000 rw-p 00000000 00:00 0 
6c204000-6c3c0000 r--s 039b2000 08:06 393573     /usr/local/java/jdk1.7.0_45/jre/lib/rt.jar
6c3c0000-6ea00000 rw-p 00000000 00:00 0 
6ea00000-6eaee000 rw-p 00000000 00:00 0 
6eaee000-6eb00000 ---p 00000000 00:00 0 
6eb2e000-6eb31000 ---p 00000000 00:00 0 
6eb31000-6eb7f000 rw-p 00000000 00:00 0 
6eb7f000-6eb80000 ---p 00000000 00:00 0 
6eb80000-6ec00000 rw-p 00000000 00:00 0 
6ec00000-6ec21000 rw-p 00000000 00:00 0 
6ec21000-6ed00000 ---p 00000000 00:00 0 
6ed2e000-6ed31000 ---p 00000000 00:00 0 
6ed31000-6ed7f000 rw-p 00000000 00:00 0 
6ed7f000-6ed80000 ---p 00000000 00:00 0 
6ed80000-6ee00000 rw-p 00000000 00:00 0 
6ee00000-6ee21000 rw-p 00000000 00:00 0 
6ee21000-6ef00000 ---p 00000000 00:00 0 
6ef24000-6ef7f000 rw-p 00000000 00:00 0 
6ef7f000-6ef80000 ---p 00000000 00:00 0 
6ef80000-6f000000 rw-p 00000000 00:00 0 
6f000000-6f03a000 rw-p 00000000 00:00 0 
6f03a000-6f100000 ---p 00000000 00:00 0 
6f108000-6f109000 ---p 00000000 00:00 0 
6f109000-6f19d000 rw-p 00000000 00:00 0 
6f19d000-6f2df000 rw-p 00000000 00:00 0 
6f2df000-6f2e7000 rw-p 00000000 00:00 0 
6f2e7000-6f2ff000 rw-p 00000000 00:00 0 
6f2ff000-6f313000 rw-p 00000000 00:00 0 
6f313000-6f454000 rw-p 00000000 00:00 0 
6f454000-6f466000 rw-p 00000000 00:00 0 
6f466000-6f4ff000 rw-p 00000000 00:00 0 
6f4ff000-70500000 rw-p 00000000 00:00 0 
70500000-73500000 rw-p 00000000 00:00 0 
73500000-75cc0000 rw-p 00000000 00:00 0 
75cc0000-9df80000 rw-p 00000000 00:00 0 
9df80000-a0280000 rw-p 00000000 00:00 0 
a353c000-a3755000 rw-p 00000000 00:00 0 
a3755000-a375c000 r--s 00000000 08:06 399305     /usr/lib/i386-linux-gnu/gconv/gconv-modules.cache
a375c000-a3780000 r--p 00000000 08:06 1317469    /usr/share/locale-langpack/pl/LC_MESSAGES/libc.mo
a3780000-b3500000 rw-p 00000000 00:00 0 
b350a000-b351f000 r-xp 00000000 08:06 670957     /usr/local/java/jdk1.7.0_45/jre/lib/i386/libnet.so
b351f000-b3520000 rw-p 00014000 08:06 670957     /usr/local/java/jdk1.7.0_45/jre/lib/i386/libnet.so
b3520000-b3529000 rw-p 00000000 00:00 0 
b3529000-b35e0000 rw-p 00000000 00:00 0 
b35e0000-b3820000 rwxp 00000000 00:00 0 
b3820000-b65e0000 rw-p 00000000 00:00 0 
b65e0000-b65e7000 r-xp 00000000 08:06 786670     /lib/i386-linux-gnu/libnss_compat-2.15.so
b65e7000-b65e8000 r--p 00006000 08:06 786670     /lib/i386-linux-gnu/libnss_compat-2.15.so
b65e8000-b65e9000 rw-p 00007000 08:06 786670     /lib/i386-linux-gnu/libnss_compat-2.15.so
b65f1000-b65ff000 r-xp 00000000 08:06 670404     /usr/local/java/jdk1.7.0_45/jre/lib/i386/libnio.so
b65ff000-b6600000 rw-p 0000e000 08:06 670404     /usr/local/java/jdk1.7.0_45/jre/lib/i386/libnio.so
b6600000-b66f6000 rw-p 00000000 00:00 0 
b66f6000-b6700000 ---p 00000000 00:00 0 
b670d000-b672f000 rw-p 00000000 00:00 0 
b672f000-b6747000 rw-p 00000000 00:00 0 
b6747000-b675e000 r-xp 00000000 08:06 670944     /usr/local/java/jdk1.7.0_45/jre/lib/i386/libzip.so
b675e000-b675f000 rw-p 00017000 08:06 670944     /usr/local/java/jdk1.7.0_45/jre/lib/i386/libzip.so
b675f000-b676a000 r-xp 00000000 08:06 786669     /lib/i386-linux-gnu/libnss_files-2.15.so
b676a000-b676b000 r--p 0000a000 08:06 786669     /lib/i386-linux-gnu/libnss_files-2.15.so
b676b000-b676c000 rw-p 0000b000 08:06 786669     /lib/i386-linux-gnu/libnss_files-2.15.so
b676c000-b6776000 r-xp 00000000 08:06 786668     /lib/i386-linux-gnu/libnss_nis-2.15.so
b6776000-b6777000 r--p 00009000 08:06 786668     /lib/i386-linux-gnu/libnss_nis-2.15.so
b6777000-b6778000 rw-p 0000a000 08:06 786668     /lib/i386-linux-gnu/libnss_nis-2.15.so
b677c000-b677d000 rw-p 00000000 00:00 0 
b677d000-b6781000 r--s 0008a000 08:06 397573     /usr/local/java/jdk1.7.0_45/jre/lib/jsse.jar
b6781000-b678f000 r--s 000b4000 08:06 546427     /usr/share/android-studio/data/sdk/build-tools/android-4.4W/lib/dx.jar
b678f000-b67a5000 r-xp 00000000 08:06 786655     /lib/i386-linux-gnu/libnsl-2.15.so
b67a5000-b67a6000 r--p 00015000 08:06 786655     /lib/i386-linux-gnu/libnsl-2.15.so
b67a6000-b67a7000 rw-p 00016000 08:06 786655     /lib/i386-linux-gnu/libnsl-2.15.so
b67a7000-b67a9000 rw-p 00000000 00:00 0 
b67a9000-b67cc000 r-xp 00000000 08:06 664766     /usr/local/java/jdk1.7.0_45/jre/lib/i386/libjava.so
b67cc000-b67cd000 rw-p 00022000 08:06 664766     /usr/local/java/jdk1.7.0_45/jre/lib/i386/libjava.so
b67cd000-b67d4000 r-xp 00000000 08:06 786663     /lib/i386-linux-gnu/librt-2.15.so
b67d4000-b67d5000 r--p 00006000 08:06 786663     /lib/i386-linux-gnu/librt-2.15.so
b67d5000-b67d6000 rw-p 00007000 08:06 786663     /lib/i386-linux-gnu/librt-2.15.so
b67d6000-b67d9000 ---p 00000000 00:00 0 
b67d9000-b6827000 rw-p 00000000 00:00 0 
b6827000-b6851000 r-xp 00000000 08:06 786667     /lib/i386-linux-gnu/libm-2.15.so
b6851000-b6852000 r--p 00029000 08:06 786667     /lib/i386-linux-gnu/libm-2.15.so
b6852000-b6853000 rw-p 0002a000 08:06 786667     /lib/i386-linux-gnu/libm-2.15.so
b6853000-b70ca000 r-xp 00000000 08:06 670953     /usr/local/java/jdk1.7.0_45/jre/lib/i386/server/libjvm.so
b70ca000-b712f000 rw-p 00876000 08:06 670953     /usr/local/java/jdk1.7.0_45/jre/lib/i386/server/libjvm.so
b712f000-b7552000 rw-p 00000000 00:00 0 
b7552000-b76f6000 r-xp 00000000 08:06 786672     /lib/i386-linux-gnu/libc-2.15.so
b76f6000-b76f8000 r--p 001a4000 08:06 786672     /lib/i386-linux-gnu/libc-2.15.so
b76f8000-b76f9000 rw-p 001a6000 08:06 786672     /lib/i386-linux-gnu/libc-2.15.so
b76f9000-b76fc000 rw-p 00000000 00:00 0 
b76fc000-b76ff000 r-xp 00000000 08:06 786671     /lib/i386-linux-gnu/libdl-2.15.so
b76ff000-b7700000 r--p 00002000 08:06 786671     /lib/i386-linux-gnu/libdl-2.15.so
b7700000-b7701000 rw-p 00003000 08:06 786671     /lib/i386-linux-gnu/libdl-2.15.so
b7701000-b7702000 rw-p 00000000 00:00 0 
b7702000-b7715000 r-xp 00000000 08:06 671956     /usr/local/java/jdk1.7.0_45/lib/i386/jli/libjli.so
b7715000-b7716000 rw-p 00012000 08:06 671956     /usr/local/java/jdk1.7.0_45/lib/i386/jli/libjli.so
b7716000-b772d000 r-xp 00000000 08:06 786661     /lib/i386-linux-gnu/libpthread-2.15.so
b772d000-b772e000 r--p 00016000 08:06 786661     /lib/i386-linux-gnu/libpthread-2.15.so
b772e000-b772f000 rw-p 00017000 08:06 786661     /lib/i386-linux-gnu/libpthread-2.15.so
b772f000-b7732000 rw-p 00000000 00:00 0 
b7732000-b773a000 rw-s 00000000 08:06 1074183    /tmp/hsperfdata_olek/13693
b773a000-b773b000 rw-p 00000000 00:00 0 
b773b000-b773c000 ---p 00000000 00:00 0 
b773c000-b7747000 r-xp 00000000 08:06 670968     /usr/local/java/jdk1.7.0_45/jre/lib/i386/libverify.so
b7747000-b7748000 rw-p 0000b000 08:06 670968     /usr/local/java/jdk1.7.0_45/jre/lib/i386/libverify.so
b7748000-b774a000 rw-p 00000000 00:00 0 
b774a000-b774b000 r-xp 00000000 00:00 0          [vdso]
b774b000-b776b000 r-xp 00000000 08:06 786662     /lib/i386-linux-gnu/ld-2.15.so
b776b000-b776c000 r--p 0001f000 08:06 786662     /lib/i386-linux-gnu/ld-2.15.so
b776c000-b776d000 rw-p 00020000 08:06 786662     /lib/i386-linux-gnu/ld-2.15.so
bfbc9000-bfbeb000 rw-p 00000000 00:00 0          [stack]

VM Arguments:
jvm_args: -Xmx1024M 
java_command: /usr/share/android-studio/data/sdk/build-tools/android-4.4W/lib/dx.jar --dex --num-threads=4 --output /home/olek/AndroidStudioProjects/Firsttest2/app/build/intermediates/dex/debug /home/olek/AndroidStudioProjects/Firsttest2/app/build/intermediates/classes/debug /home/olek/AndroidStudioProjects/Firsttest2/app/build/intermediates/dependency-cache/debug /home/olek/AndroidStudioProjects/Firsttest2/app/build/intermediates/pre-dexed/debug/jackson-annotations-2.4.0-cb75a2d511b85a812af8667b8e6cbd41ca81161d.jar /home/olek/AndroidStudioProjects/Firsttest2/app/build/intermediates/pre-dexed/debug/jackson-core-2.4.1-abab094ccc8171a3581dbf117bfc98c834d34e16.jar /home/olek/AndroidStudioProjects/Firsttest2/app/build/intermediates/pre-dexed/debug/robospice-1.4.12-54891fcdaa5b6e7126720b4c3bf19aa1d1d12d96.jar /home/olek/AndroidStudioProjects/Firsttest2/app/build/intermediates/pre-dexed/debug/support-v4-19.1.0-bfe6379f31d17615f5ca4b83bd0a7235fba0720f.jar /home/olek/AndroidStudioProjects/Firsttest2/app/build/intermediates/pre-dexed/debug/spring-android-rest-template-1.0.1.RELEASE-d69bda9f71829f66ccc26dbf30324a497520b789.jar /home/olek/AndroidStudioProjects/Firsttest2/app/build/intermediates/pre-dexed/debug/commons-lang3-3.2.1-ce66e2a0b6dd5aafc7a85ddb1fff9a86400cc123.jar /home/olek/AndroidStudioProjects/Firsttest2/app/build/intermediates/pre-dexed/debug/robospice-spring-android-1.4.12-37a8ecb64b28d3e2db88252c1754a30ef7167079.jar /home/olek/AndroidStudioProjects/Firsttest2/app/build/intermediates/pre-dexed/debug/spring-android-core-1.0.1.RELEASE-690c8a62e2ed6fc5c26e6c039a1f36098e236ea4.jar /home/olek/AndroidStudioProjects/Firsttest2/app/build/intermediates/pre-dexed/debug/universal-image-loader-1.9.2-278bc8616dd812ed278193cbaaf815ab1bc09e31.jar /home/olek/AndroidStudioProjects/Firsttest2/app/build/intermediates/pre-dexed/debug/robospice-cache-1.4.12-6f74321d8968bc7a2fef8dabcf7db5abababbfe2.jar /home/olek/AndroidStudioProjects/Firsttest2/app/build/intermediates/pre-dexed/de
Launcher Type: SUN_STANDARD

Environment Variables:
JAVA_HOME=/usr/local/java/jdk1.7.0_45
CLASSPATH=/usr/share/android-studio/data/bin/../lib/bootstrap.jar:/usr/share/android-studio/data/bin/../lib/extensions.jar:/usr/share/android-studio/data/bin/../lib/util.jar:/usr/share/android-studio/data/bin/../lib/jdom.jar:/usr/share/android-studio/data/bin/../lib/log4j.jar:/usr/share/android-studio/data/bin/../lib/trove4j.jar:/usr/share/android-studio/data/bin/../lib/jna.jar:/usr/local/java/jdk1.7.0_45/lib/tools.jar
PATH=/usr/lib/lightdm/lightdm:/usr/local/sbin:/usr/local/bin:/usr/sbin:/usr/bin:/sbin:/bin:/usr/games:/home/olek/bin:/usr/local/java/jdk1.7.0_45/bin
LD_LIBRARY_PATH=/usr/share/android-studio/data/bin:
SHELL=/bin/bash
DISPLAY=:0

Signal Handlers:
SIGSEGV: [libjvm.so+0x7dd350], sa_mask[0]=0x7ffbfeff, sa_flags=0x10000004
SIGBUS: [libjvm.so+0x7dd350], sa_mask[0]=0x7ffbfeff, sa_flags=0x10000004
SIGFPE: [libjvm.so+0x678b60], sa_mask[0]=0x7ffbfeff, sa_flags=0x10000004
SIGPIPE: [libjvm.so+0x678b60], sa_mask[0]=0x7ffbfeff, sa_flags=0x10000004
SIGXFSZ: [libjvm.so+0x678b60], sa_mask[0]=0x7ffbfeff, sa_flags=0x10000004
SIGILL: [libjvm.so+0x678b60], sa_mask[0]=0x7ffbfeff, sa_flags=0x10000004
SIGUSR1: SIG_DFL, sa_mask[0]=0x00000000, sa_flags=0x00000000
SIGUSR2: [libjvm.so+0x67a050], sa_mask[0]=0x00000004, sa_flags=0x10000004
SIGHUP: [libjvm.so+0x67b1a0], sa_mask[0]=0x7ffbfeff, sa_flags=0x10000004
SIGINT: [libjvm.so+0x67b1a0], sa_mask[0]=0x7ffbfeff, sa_flags=0x10000004
SIGTERM: [libjvm.so+0x67b1a0], sa_mask[0]=0x7ffbfeff, sa_flags=0x10000004
SIGQUIT: [libjvm.so+0x67b1a0], sa_mask[0]=0x7ffbfeff, sa_flags=0x10000004


---------------  S Y S T E M  ---------------

OS:wheezy/sid

uname:Linux 3.2.0-67-generic-pae #101-Ubuntu SMP Tue Jul 15 18:04:54 UTC 2014 i686
libc:glibc 2.15 NPTL 2.15 
rlimit: STACK 8192k, CORE 0k, NPROC 30461, NOFILE 4096, AS infinity
load average:1,48 1,70 1,13

/proc/meminfo:
MemTotal:        3913636 kB
MemFree:          159076 kB
Buffers:            4588 kB
Cached:           583140 kB
SwapCached:            0 kB
Active:          3252364 kB
Inactive:         410516 kB
Active(anon):    3210024 kB
Inactive(anon):   368512 kB
Active(file):      42340 kB
Inactive(file):    42004 kB
Unevictable:           0 kB
Mlocked:               0 kB
HighTotal:       3072916 kB
HighFree:           3920 kB
LowTotal:         840720 kB
LowFree:          155156 kB
SwapTotal:             0 kB
SwapFree:              0 kB
Dirty:               128 kB
Writeback:             0 kB
AnonPages:       3075252 kB
Mapped:            70672 kB
Shmem:            503440 kB
Slab:              41700 kB
SReclaimable:      18036 kB
SUnreclaim:        23664 kB
KernelStack:        5024 kB
PageTables:        21492 kB
NFS_Unstable:          0 kB
Bounce:                0 kB
WritebackTmp:          0 kB
CommitLimit:     1956816 kB
Committed_AS:    6990752 kB
VmallocTotal:     122880 kB
VmallocUsed:       59980 kB
VmallocChunk:      60148 kB
HardwareCorrupted:     0 kB
AnonHugePages:         0 kB
HugePages_Total:       0
HugePages_Free:        0
HugePages_Rsvd:        0
HugePages_Surp:        0
Hugepagesize:       2048 kB
DirectMap4k:       10232 kB
DirectMap2M:      903168 kB


CPU:total 4 (2 cores per cpu, 2 threads per core) family 6 model 37 stepping 5, cmov, cx8, fxsr, mmx, sse, sse2, sse3, ssse3, sse4.1, sse4.2, popcnt, ht, tsc, tscinvbit

/proc/cpuinfo:
processor	: 0
vendor_id	: GenuineIntel
cpu family	: 6
model		: 37
model name	: Intel(R) Core(TM) i3 CPU       M 380  @ 2.53GHz
stepping	: 5
microcode	: 0x2
cpu MHz		: 933.000
cache size	: 3072 KB
physical id	: 0
siblings	: 4
core id		: 0
cpu cores	: 2
apicid		: 0
initial apicid	: 0
fdiv_bug	: no
hlt_bug		: no
f00f_bug	: no
coma_bug	: no
fpu		: yes
fpu_exception	: yes
cpuid level	: 11
wp		: yes
flags		: fpu vme de pse tsc msr pae mce cx8 apic sep mtrr pge mca cmov pat pse36 clflush dts acpi mmx fxsr sse sse2 ss ht tm pbe nx rdtscp lm constant_tsc arch_perfmon pebs bts xtopology nonstop_tsc aperfmperf pni dtes64 monitor ds_cpl vmx est tm2 ssse3 cx16 xtpr pdcm pcid sse4_1 sse4_2 popcnt lahf_lm arat dtherm tpr_shadow vnmi flexpriority ept vpid
bogomips	: 5053.83
clflush size	: 64
cache_alignment	: 64
address sizes	: 36 bits physical, 48 bits virtual
power management:

processor	: 1
vendor_id	: GenuineIntel
cpu family	: 6
model		: 37
model name	: Intel(R) Core(TM) i3 CPU       M 380  @ 2.53GHz
stepping	: 5
microcode	: 0x2
cpu MHz		: 933.000
cache size	: 3072 KB
physical id	: 0
siblings	: 4
core id		: 2
cpu cores	: 2
apicid		: 4
initial apicid	: 4
fdiv_bug	: no
hlt_bug		: no
f00f_bug	: no
coma_bug	: no
fpu		: yes
fpu_exception	: yes
cpuid level	: 11
wp		: yes
flags		: fpu vme de pse tsc msr pae mce cx8 apic sep mtrr pge mca cmov pat pse36 clflush dts acpi mmx fxsr sse sse2 ss ht tm pbe nx rdtscp lm constant_tsc arch_perfmon pebs bts xtopology nonstop_tsc aperfmperf pni dtes64 monitor ds_cpl vmx est tm2 ssse3 cx16 xtpr pdcm pcid sse4_1 sse4_2 popcnt lahf_lm arat dtherm tpr_shadow vnmi flexpriority ept vpid
bogomips	: 5054.20
clflush size	: 64
cache_alignment	: 64
address sizes	: 36 bits physical, 48 bits virtual
power management:

processor	: 2
vendor_id	: GenuineIntel
cpu family	: 6
model		: 37
model name	: Intel(R) Core(TM) i3 CPU       M 380  @ 2.53GHz
stepping	: 5
microcode	: 0x2
cpu MHz		: 1066.000
cache size	: 3072 KB
physical id	: 0
siblings	: 4
core id		: 0
cpu cores	: 2
apicid		: 1
initial apicid	: 1
fdiv_bug	: no
hlt_bug		: no
f00f_bug	: no
coma_bug	: no
fpu		: yes
fpu_exception	: yes
cpuid level	: 11
wp		: yes
flags		: fpu vme de pse tsc msr pae mce cx8 apic sep mtrr pge mca cmov pat pse36 clflush dts acpi mmx fxsr sse sse2 ss ht tm pbe nx rdtscp lm constant_tsc arch_perfmon pebs bts xtopology nonstop_tsc aperfmperf pni dtes64 monitor ds_cpl vmx est tm2 ssse3 cx16 xtpr pdcm pcid sse4_1 sse4_2 popcnt lahf_lm arat dtherm tpr_shadow vnmi flexpriority ept vpid
bogomips	: 5054.18
clflush size	: 64
cache_alignment	: 64
address sizes	: 36 bits physical, 48 bits virtual
power management:

processor	: 3
vendor_id	: GenuineIntel
cpu family	: 6
model		: 37
model name	: Intel(R) Core(TM) i3 CPU       M 380  @ 2.53GHz
stepping	: 5
microcode	: 0x2
cpu MHz		: 933.000
cache size	: 3072 KB
physical id	: 0
siblings	: 4
core id		: 2
cpu cores	: 2
apicid		: 5
initial apicid	: 5
fdiv_bug	: no
hlt_bug		: no
f00f_bug	: no
coma_bug	: no
fpu		: yes
fpu_exception	: yes
cpuid level	: 11
wp		: yes
flags		: fpu vme de pse tsc msr pae mce cx8 apic sep mtrr pge mca cmov pat pse36 clflush dts acpi mmx fxsr sse sse2 ss ht tm pbe nx rdtscp lm constant_tsc arch_perfmon pebs bts xtopology nonstop_tsc aperfmperf pni dtes64 monitor ds_cpl vmx est tm2 ssse3 cx16 xtpr pdcm pcid sse4_1 sse4_2 popcnt lahf_lm arat dtherm tpr_shadow vnmi flexpriority ept vpid
bogomips	: 5054.19
clflush size	: 64
cache_alignment	: 64
address sizes	: 36 bits physical, 48 bits virtual
power management:



Memory: 4k page, physical 3913636k(159076k free), swap 0k(0k free)

vm_info: Java HotSpot(TM) Server VM (24.45-b08) for linux-x86 JRE (1.7.0_45-b18), built on Oct  8 2013 05:44:51 by "java_re" with gcc 4.3.0 20080428 (Red Hat 4.3.0-8)

time: Mon Aug  4 15:46:54 2014
elapsed time: 4 seconds

