#
# There is insufficient memory for the Java Runtime Environment to continue.
# Native memory allocation (malloc) failed to allocate 82313216 bytes for committing reserved memory.
# Possible reasons:
#   The system is out of physical RAM or swap space
#   In 32 bit mode, the process size limit was hit
# Possible solutions:
#   Reduce memory load on the system
#   Increase physical memory or swap space
#   Check if swap backing store is full
#   Use 64 bit Java on a 64 bit OS
#   Decrease Java heap size (-Xmx/-Xms)
#   Decrease number of Java threads
#   Decrease Java thread stack sizes (-Xss)
#   Set larger code cache with -XX:ReservedCodeCacheSize=
# This output file may be truncated or incomplete.
#
#  Out of Memory Error (os_linux.cpp:2718), pid=13434, tid=1814793024
#
# JRE version: Java(TM) SE Runtime Environment (7.0_45-b18) (build 1.7.0_45-b18)
# Java VM: Java HotSpot(TM) Server VM (24.45-b08 mixed mode linux-x86 )
# Failed to write core dump. Core dumps have been disabled. To enable core dumping, try "ulimit -c unlimited" before starting Java again
#

---------------  T H R E A D  ---------------

Current thread (0x6c181400):  VMThread [stack: 0x6c238000,0x6c2b9000] [id=13448]

Stack: [0x6c238000,0x6c2b9000],  sp=0x6c2b77e0,  free space=509k
Native frames: (J=compiled Java code, j=interpreted, Vv=VM code, C=native code)
V  [libjvm.so+0x7dc836]  VMError::report_and_die()+0x1a6
V  [libjvm.so+0x33a5c2]  report_vm_out_of_memory(char const*, int, unsigned int, char const*)+0x72
V  [libjvm.so+0x67bc21]  os::Linux::commit_memory_impl(char*, unsigned int, bool)+0xe1
V  [libjvm.so+0x67c077]  os::Linux::commit_memory_impl(char*, unsigned int, unsigned int, bool)+0x47
V  [libjvm.so+0x67c23d]  os::pd_commit_memory(char*, unsigned int, unsigned int, bool)+0x1d
V  [libjvm.so+0x675c8c]  os::commit_memory(char*, unsigned int, unsigned int, bool)+0x2c
V  [libjvm.so+0x6df178]  PSVirtualSpace::expand_by(unsigned int)+0x48
V  [libjvm.so+0x6e027a]  PSYoungGen::resize_generation(unsigned int, unsigned int)+0xda
V  [libjvm.so+0x6df5b9]  PSYoungGen::resize(unsigned int, unsigned int)+0x19
V  [libjvm.so+0x6dd31b]  PSScavenge::invoke_no_policy()+0x105b
V  [libjvm.so+0x6dd748]  PSScavenge::invoke()+0x28
V  [libjvm.so+0x69b9aa]  ParallelScavengeHeap::failed_mem_allocate(unsigned int)+0x5a
V  [libjvm.so+0x7de0da]  VM_ParallelGCFailedAllocation::doit()+0x7a
V  [libjvm.so+0x7e6e97]  VM_Operation::evaluate()+0x47
V  [libjvm.so+0x7e4f93]  VMThread::evaluate_operation(VM_Operation*)+0xb3
V  [libjvm.so+0x7e5330]  VMThread::loop()+0x1b0
V  [libjvm.so+0x7e5795]  VMThread::run()+0x85
V  [libjvm.so+0x67e0f9]  java_start(Thread*)+0x119
C  [libpthread.so.0+0x6d4c]  start_thread+0xcc

VM_Operation (0xb6861d4c): ParallelGCFailedAllocation, mode: safepoint, requested by thread 0xb6708800


---------------  P R O C E S S  ---------------

Java Threads: ( => current thread )
  0x6c19a800 JavaThread "Service Thread" daemon [_thread_blocked, id=13454, stack(0x6b9d9000,0x6ba2a000)]
  0x6c198c00 JavaThread "C2 CompilerThread1" daemon [_thread_blocked, id=13453, stack(0x6ba2a000,0x6baab000)]
  0x6c196c00 JavaThread "C2 CompilerThread0" daemon [_thread_blocked, id=13452, stack(0x6baab000,0x6bb2c000)]
  0x6c195000 JavaThread "Signal Dispatcher" daemon [_thread_blocked, id=13451, stack(0x6bb2c000,0x6bb7d000)]
  0x6c185800 JavaThread "Finalizer" daemon [_thread_blocked, id=13450, stack(0x6beaf000,0x6bf00000)]
  0x6c182c00 JavaThread "Reference Handler" daemon [_thread_blocked, id=13449, stack(0x6ec2e000,0x6ec7f000)]
  0xb6708800 JavaThread "main" [_thread_blocked, id=13443, stack(0xb6812000,0xb6863000)]

Other Threads:
=>0x6c181400 VMThread [stack: 0x6c238000,0x6c2b9000] [id=13448]
  0x6c19c400 WatcherThread [stack: 0x6b958000,0x6b9d9000] [id=13455]

VM state:at safepoint (normal execution)

VM Mutex/Monitor currently owned by a thread:  ([mutex/lock_event])
[0xb6706020] Threads_lock - owner thread: 0x6c181400
[0xb6706430] Heap_lock - owner thread: 0xb6708800

Heap
 PSYoungGen      total 64000K, used 2550K [0x9e000000, 0xa2100000, 0xb3580000)
  eden space 61440K, 0% used [0x9e000000,0x9e000000,0xa1c00000)
  from space 2560K, 99% used [0xa1c00000,0xa1e7d9d0,0xa1e80000)
  to   space 2560K, 0% used [0xa1e80000,0xa1e80000,0xa2100000)
 ParOldGen       total 40704K, used 24186K [0x73580000, 0x75d40000, 0x9e000000)
  object space 40704K, 59% used [0x73580000,0x74d1eb40,0x75d40000)
 PSPermGen       total 16384K, used 4388K [0x6f580000, 0x70580000, 0x73580000)
  object space 16384K, 26% used [0x6f580000,0x6f9c9198,0x70580000)

Card table byte_map: [0x6f35f000,0x6f580000] byte_map_base: 0x6efe4400

Polling page: 0xb7777000

Code Cache  [0xb3671000, 0xb38b1000, 0xb6671000)
 total_blobs=570 nmethods=435 adapters=89 free_code_cache=48138Kb largest_free_block=49271680

Compilation events (10 events):
Event: 3,170 Thread 0x6c198c00 nmethod 432 0xb3772008 code [0xb3772100, 0xb3772290]
Event: 3,170 Thread 0x6c198c00  433             com.android.dex.Dex::access$1000 (5 bytes)
Event: 3,171 Thread 0x6c198c00 nmethod 433 0xb3762548 code [0xb3762640, 0xb3762690]
Event: 3,171 Thread 0x6c198c00  434             com.android.dex.Dex$ClassDefIterator::hasNext (26 bytes)
Event: 3,172 Thread 0x6c198c00 nmethod 434 0xb3771dc8 code [0xb3771ec0, 0xb3771f50]
Event: 3,172 Thread 0x6c198c00  435             com.android.dex.ClassDef::<init> (62 bytes)
Event: 3,173 Thread 0x6c198c00 nmethod 435 0xb3771c08 code [0xb3771ce0, 0xb3771d70]
Event: 3,173 Thread 0x6c198c00  436             com.android.dx.merge.SortableType::<init> (20 bytes)
Event: 3,173 Thread 0x6c198c00 nmethod 436 0xb375b748 code [0xb375b820, 0xb375b870]
Event: 3,173 Thread 0x6c198c00  437 %           java.util.TimSort::binarySort @ 69 (223 bytes)

GC Heap History (9 events):
Event: 0,541 GC heap before
{Heap before GC invocations=1 (full 0):
 PSYoungGen      total 17920K, used 15360K [0x9e000000, 0x9f400000, 0xb3580000)
  eden space 15360K, 100% used [0x9e000000,0x9ef00000,0x9ef00000)
  from space 2560K, 0% used [0x9f180000,0x9f180000,0x9f400000)
  to   space 2560K, 0% used [0x9ef00000,0x9ef00000,0x9f180000)
 ParOldGen       total 40704K, used 0K [0x73580000, 0x75d40000, 0x9e000000)
  object space 40704K, 0% used [0x73580000,0x73580000,0x75d40000)
 PSPermGen       total 16384K, used 2643K [0x6f580000, 0x70580000, 0x73580000)
  object space 16384K, 16% used [0x6f580000,0x6f814fb0,0x70580000)
Event: 0,547 GC heap after
Heap after GC invocations=1 (full 0):
 PSYoungGen      total 17920K, used 2553K [0x9e000000, 0xa0300000, 0xb3580000)
  eden space 15360K, 0% used [0x9e000000,0x9e000000,0x9ef00000)
  from space 2560K, 99% used [0x9ef00000,0x9f17e580,0x9f180000)
  to   space 2560K, 0% used [0xa0080000,0xa0080000,0xa0300000)
 ParOldGen       total 40704K, used 2332K [0x73580000, 0x75d40000, 0x9e000000)
  object space 40704K, 5% used [0x73580000,0x737c7398,0x75d40000)
 PSPermGen       total 16384K, used 2643K [0x6f580000, 0x70580000, 0x73580000)
  object space 16384K, 16% used [0x6f580000,0x6f814fb0,0x70580000)
}
Event: 0,592 GC heap before
{Heap before GC invocations=2 (full 0):
 PSYoungGen      total 17920K, used 16881K [0x9e000000, 0xa0300000, 0xb3580000)
  eden space 15360K, 93% used [0x9e000000,0x9edfde98,0x9ef00000)
  from space 2560K, 99% used [0x9ef00000,0x9f17e580,0x9f180000)
  to   space 2560K, 0% used [0xa0080000,0xa0080000,0xa0300000)
 ParOldGen       total 40704K, used 2332K [0x73580000, 0x75d40000, 0x9e000000)
  object space 40704K, 5% used [0x73580000,0x737c7398,0x75d40000)
 PSPermGen       total 16384K, used 2809K [0x6f580000, 0x70580000, 0x73580000)
  object space 16384K, 17% used [0x6f580000,0x6f83e408,0x70580000)
Event: 0,605 GC heap after
Heap after GC invocations=2 (full 0):
 PSYoungGen      total 33280K, used 2555K [0x9e000000, 0xa0300000, 0xb3580000)
  eden space 30720K, 0% used [0x9e000000,0x9e000000,0x9fe00000)
  from space 2560K, 99% used [0xa0080000,0xa02feef0,0xa0300000)
  to   space 2560K, 0% used [0x9fe00000,0x9fe00000,0xa0080000)
 ParOldGen       total 40704K, used 5808K [0x73580000, 0x75d40000, 0x9e000000)
  object space 40704K, 14% used [0x73580000,0x73b2c320,0x75d40000)
 PSPermGen       total 16384K, used 2809K [0x6f580000, 0x70580000, 0x73580000)
  object space 16384K, 17% used [0x6f580000,0x6f83e408,0x70580000)
}
Event: 1,596 GC heap before
{Heap before GC invocations=3 (full 0):
 PSYoungGen      total 33280K, used 33275K [0x9e000000, 0xa0300000, 0xb3580000)
  eden space 30720K, 100% used [0x9e000000,0x9fe00000,0x9fe00000)
  from space 2560K, 99% used [0xa0080000,0xa02feef0,0xa0300000)
  to   space 2560K, 0% used [0x9fe00000,0x9fe00000,0xa0080000)
 ParOldGen       total 40704K, used 5808K [0x73580000, 0x75d40000, 0x9e000000)
  object space 40704K, 14% used [0x73580000,0x73b2c320,0x75d40000)
 PSPermGen       total 16384K, used 4359K [0x6f580000, 0x70580000, 0x73580000)
  object space 16384K, 26% used [0x6f580000,0x6f9c1e30,0x70580000)
Event: 1,606 GC heap after
Heap after GC invocations=3 (full 0):
 PSYoungGen      total 33280K, used 2549K [0x9e000000, 0xa2100000, 0xb3580000)
  eden space 30720K, 0% used [0x9e000000,0x9e000000,0x9fe00000)
  from space 2560K, 99% used [0x9fe00000,0xa007d668,0xa0080000)
  to   space 2560K, 0% used [0xa1e80000,0xa1e80000,0xa2100000)
 ParOldGen       total 40704K, used 10714K [0x73580000, 0x75d40000, 0x9e000000)
  object space 40704K, 26% used [0x73580000,0x73ff69c8,0x75d40000)
 PSPermGen       total 16384K, used 4359K [0x6f580000, 0x70580000, 0x73580000)
  object space 16384K, 26% used [0x6f580000,0x6f9c1e30,0x70580000)
}
Event: 1,919 GC heap before
{Heap before GC invocations=4 (full 0):
 PSYoungGen      total 33280K, used 33269K [0x9e000000, 0xa2100000, 0xb3580000)
  eden space 30720K, 100% used [0x9e000000,0x9fe00000,0x9fe00000)
  from space 2560K, 99% used [0x9fe00000,0xa007d668,0xa0080000)
  to   space 2560K, 0% used [0xa1e80000,0xa1e80000,0xa2100000)
 ParOldGen       total 40704K, used 10714K [0x73580000, 0x75d40000, 0x9e000000)
  object space 40704K, 26% used [0x73580000,0x73ff69c8,0x75d40000)
 PSPermGen       total 16384K, used 4378K [0x6f580000, 0x70580000, 0x73580000)
  object space 16384K, 26% used [0x6f580000,0x6f9c6ad8,0x70580000)
Event: 2,149 GC heap after
Heap after GC invocations=4 (full 0):
 PSYoungGen      total 64000K, used 2550K [0x9e000000, 0xa2100000, 0xb3580000)
  eden space 61440K, 0% used [0x9e000000,0x9e000000,0xa1c00000)
  from space 2560K, 99% used [0xa1e80000,0xa20fd9d0,0xa2100000)
  to   space 2560K, 0% used [0xa1c00000,0xa1c00000,0xa1e80000)
 ParOldGen       total 40704K, used 19112K [0x73580000, 0x75d40000, 0x9e000000)
  object space 40704K, 46% used [0x73580000,0x7482a110,0x75d40000)
 PSPermGen       total 16384K, used 4378K [0x6f580000, 0x70580000, 0x73580000)
  object space 16384K, 26% used [0x6f580000,0x6f9c6ad8,0x70580000)
}
Event: 3,182 GC heap before
{Heap before GC invocations=5 (full 0):
 PSYoungGen      total 64000K, used 61509K [0x9e000000, 0xa2100000, 0xb3580000)
  eden space 61440K, 95% used [0x9e000000,0xa1993c20,0xa1c00000)
  from space 2560K, 99% used [0xa1e80000,0xa20fd9d0,0xa2100000)
  to   space 2560K, 0% used [0xa1c00000,0xa1c00000,0xa1e80000)
 ParOldGen       total 40704K, used 19112K [0x73580000, 0x75d40000, 0x9e000000)
  object space 40704K, 46% used [0x73580000,0x7482a110,0x75d40000)
 PSPermGen       total 16384K, used 4388K [0x6f580000, 0x70580000, 0x73580000)
  object space 16384K, 26% used [0x6f580000,0x6f9c9198,0x70580000)

Deoptimization events (5 events):
Event: 1,362 Thread 0xb6708800 Uncommon trap: reason=predicate action=maybe_recompile pc=0xb36e8508 method=com.android.dex.Leb128.readUnsignedLeb128(Lcom/android/dex/util/ByteInput;)I @ 41
Event: 2,243 Thread 0xb6708800 Uncommon trap: reason=predicate action=maybe_recompile pc=0xb371d058 method=java.util.ComparableTimSort.binarySort([Ljava/lang/Object;III)V @ 37
Event: 3,040 Thread 0xb6708800 Uncommon trap: reason=predicate action=maybe_recompile pc=0xb375355c method=java.util.TimSort.binarySort([Ljava/lang/Object;IIILjava/util/Comparator;)V @ 37
Event: 3,182 Thread 0xb6708800 Uncommon trap: reason=array_check action=maybe_recompile pc=0xb3763fa4 method=java.util.ComparableTimSort.binarySort([Ljava/lang/Object;III)V @ 215
Event: 3,182 Thread 0xb6708800 Uncommon trap: reason=array_check action=maybe_recompile pc=0xb3764004 method=java.util.ComparableTimSort.binarySort([Ljava/lang/Object;III)V @ 193

Internal exceptions (10 events):
Event: 1,112 Thread 0xb6708800 Threw 0x9ec31f70 at /HUDSON/workspace/7u-2-build-linux-i586/jdk7u45/229/hotspot/src/share/vm/prims/jvm.cpp:1244
Event: 1,112 Thread 0xb6708800 Threw 0x9ec34b20 at /HUDSON/workspace/7u-2-build-linux-i586/jdk7u45/229/hotspot/src/share/vm/prims/jvm.cpp:1244
Event: 1,113 Thread 0xb6708800 Threw 0x9ec37a20 at /HUDSON/workspace/7u-2-build-linux-i586/jdk7u45/229/hotspot/src/share/vm/prims/jvm.cpp:1244
Event: 1,115 Thread 0xb6708800 Threw 0x9ec3e2d0 at /HUDSON/workspace/7u-2-build-linux-i586/jdk7u45/229/hotspot/src/share/vm/prims/jvm.cpp:1244
Event: 1,116 Thread 0xb6708800 Threw 0x9ec40268 at /HUDSON/workspace/7u-2-build-linux-i586/jdk7u45/229/hotspot/src/share/vm/prims/jvm.cpp:1244
Event: 1,147 Thread 0xb6708800 Threw 0x9ecd7d18 at /HUDSON/workspace/7u-2-build-linux-i586/jdk7u45/229/hotspot/src/share/vm/prims/jvm.cpp:1244
Event: 1,147 Thread 0xb6708800 Threw 0x9ecd7e30 at /HUDSON/workspace/7u-2-build-linux-i586/jdk7u45/229/hotspot/src/share/vm/prims/jvm.cpp:1244
Event: 1,148 Thread 0xb6708800 Threw 0x9ecd9ff8 at /HUDSON/workspace/7u-2-build-linux-i586/jdk7u45/229/hotspot/src/share/vm/prims/jvm.cpp:1244
Event: 1,148 Thread 0xb6708800 Threw 0x9ecda110 at /HUDSON/workspace/7u-2-build-linux-i586/jdk7u45/229/hotspot/src/share/vm/prims/jvm.cpp:1244
Event: 1,585 Thread 0xb6708800 Threw 0x9fd83ff8 at /HUDSON/workspace/7u-2-build-linux-i586/jdk7u45/229/hotspot/src/share/vm/prims/jvm.cpp:1244

Events (10 events):
Event: 3,040 Thread 0xb6708800 Uncommon trap: trap_request=0xffffff86 fr.pc=0xb375355c
Event: 3,040 Thread 0xb6708800 DEOPT PACKING pc=0xb375355c sp=0xb6861ce0
Event: 3,040 Thread 0xb6708800 DEOPT UNPACKING pc=0xb369dbbc sp=0xb6861cd8 mode 2
Event: 3,182 Thread 0xb6708800 Uncommon trap: trap_request=0xffffffd6 fr.pc=0xb3763fa4
Event: 3,182 Thread 0xb6708800 DEOPT PACKING pc=0xb3763fa4 sp=0xb6861d30
Event: 3,182 Thread 0xb6708800 DEOPT UNPACKING pc=0xb369dbbc sp=0xb6861d2c mode 2
Event: 3,182 Thread 0xb6708800 Uncommon trap: trap_request=0xffffffd6 fr.pc=0xb3764004
Event: 3,182 Thread 0xb6708800 DEOPT PACKING pc=0xb3764004 sp=0xb6861d30
Event: 3,182 Thread 0xb6708800 DEOPT UNPACKING pc=0xb369dbbc sp=0xb6861d2c mode 2
Event: 3,182 Executing VM operation: ParallelGCFailedAllocation


Dynamic libraries:
08048000-08049000 r-xp 00000000 08:06 671014     /usr/local/java/jdk1.7.0_45/bin/java
08049000-0804a000 rw-p 00000000 08:06 671014     /usr/local/java/jdk1.7.0_45/bin/java
08b63000-08ba9000 rw-p 00000000 00:00 0          [heap]
6ad00000-6ad69000 rw-p 00000000 00:00 0 
6ad69000-6ae00000 ---p 00000000 00:00 0 
6af00000-6affa000 rw-p 00000000 00:00 0 
6affa000-6b000000 ---p 00000000 00:00 0 
6b100000-6b1f2000 rw-p 00000000 00:00 0 
6b1f2000-6b200000 ---p 00000000 00:00 0 
6b200000-6b2ee000 rw-p 00000000 00:00 0 
6b2ee000-6b300000 ---p 00000000 00:00 0 
6b300000-6b3ff000 rw-p 00000000 00:00 0 
6b3ff000-6b400000 ---p 00000000 00:00 0 
6b400000-6b4f9000 rw-p 00000000 00:00 0 
6b4f9000-6b500000 ---p 00000000 00:00 0 
6b500000-6b5ff000 rw-p 00000000 00:00 0 
6b5ff000-6b600000 ---p 00000000 00:00 0 
6b600000-6b6fe000 rw-p 00000000 00:00 0 
6b6fe000-6b700000 ---p 00000000 00:00 0 
6b700000-6b768000 rw-p 00000000 00:00 0 
6b768000-6b800000 ---p 00000000 00:00 0 
6b814000-6b817000 ---p 00000000 00:00 0 
6b817000-6b865000 rw-p 00000000 00:00 0 
6b865000-6b868000 ---p 00000000 00:00 0 
6b868000-6b8b6000 rw-p 00000000 00:00 0 
6b8b6000-6b8b9000 ---p 00000000 00:00 0 
6b8b9000-6b907000 rw-p 00000000 00:00 0 
6b907000-6b90a000 ---p 00000000 00:00 0 
6b90a000-6b958000 rw-p 00000000 00:00 0 
6b958000-6b959000 ---p 00000000 00:00 0 
6b959000-6b9d9000 rw-p 00000000 00:00 0 
6b9d9000-6b9dc000 ---p 00000000 00:00 0 
6b9dc000-6ba2a000 rw-p 00000000 00:00 0 
6ba2a000-6ba2d000 ---p 00000000 00:00 0 
6ba2d000-6baab000 rw-p 00000000 00:00 0 
6baab000-6baae000 ---p 00000000 00:00 0 
6baae000-6bb2c000 rw-p 00000000 00:00 0 
6bb2c000-6bb2f000 ---p 00000000 00:00 0 
6bb2f000-6bb7d000 rw-p 00000000 00:00 0 
6bb7d000-6bcaf000 r--p 002c8000 08:06 392632     /usr/lib/locale/locale-archive
6bcaf000-6beaf000 r--p 00000000 08:06 392632     /usr/lib/locale/locale-archive
6beaf000-6beb2000 ---p 00000000 00:00 0 
6beb2000-6bf00000 rw-p 00000000 00:00 0 
6bf00000-6bfec000 rw-p 00000000 00:00 0 
6bfec000-6c000000 ---p 00000000 00:00 0 
6c000000-6c04e000 rw-p 00000000 00:00 0 
6c04e000-6c100000 ---p 00000000 00:00 0 
6c100000-6c200000 rw-p 00000000 00:00 0 
6c238000-6c239000 ---p 00000000 00:00 0 
6c239000-6c304000 rw-p 00000000 00:00 0 
6c304000-6c4c0000 r--s 039b2000 08:06 393573     /usr/local/java/jdk1.7.0_45/jre/lib/rt.jar
6c4c0000-6eb00000 rw-p 00000000 00:00 0 
6eb00000-6ebf2000 rw-p 00000000 00:00 0 
6ebf2000-6ec00000 ---p 00000000 00:00 0 
6ec18000-6ec2d000 r-xp 00000000 08:06 670957     /usr/local/java/jdk1.7.0_45/jre/lib/i386/libnet.so
6ec2d000-6ec2e000 rw-p 00014000 08:06 670957     /usr/local/java/jdk1.7.0_45/jre/lib/i386/libnet.so
6ec2e000-6ec31000 ---p 00000000 00:00 0 
6ec31000-6ec7f000 rw-p 00000000 00:00 0 
6ec7f000-6ec80000 ---p 00000000 00:00 0 
6ec80000-6ed00000 rw-p 00000000 00:00 0 
6ed00000-6ed21000 rw-p 00000000 00:00 0 
6ed21000-6ee00000 ---p 00000000 00:00 0 
6ee00000-6ee21000 rw-p 00000000 00:00 0 
6ee21000-6ef00000 ---p 00000000 00:00 0 
6ef0a000-6ef7f000 rw-p 00000000 00:00 0 
6ef7f000-6ef80000 ---p 00000000 00:00 0 
6ef80000-6f000000 rw-p 00000000 00:00 0 
6f000000-6f061000 rw-p 00000000 00:00 0 
6f061000-6f100000 ---p 00000000 00:00 0 
6f107000-6f108000 ---p 00000000 00:00 0 
6f108000-6f188000 rw-p 00000000 00:00 0 
6f188000-6f189000 ---p 00000000 00:00 0 
6f189000-6f21d000 rw-p 00000000 00:00 0 
6f21d000-6f35f000 rw-p 00000000 00:00 0 
6f35f000-6f367000 rw-p 00000000 00:00 0 
6f367000-6f37f000 rw-p 00000000 00:00 0 
6f37f000-6f393000 rw-p 00000000 00:00 0 
6f393000-6f4d4000 rw-p 00000000 00:00 0 
6f4d4000-6f4f5000 rw-p 00000000 00:00 0 
6f4f5000-6f57f000 rw-p 00000000 00:00 0 
6f57f000-70580000 rw-p 00000000 00:00 0 
70580000-73580000 rw-p 00000000 00:00 0 
73580000-75d40000 rw-p 00000000 00:00 0 
75d40000-9e000000 rw-p 00000000 00:00 0 
9e000000-a2100000 rw-p 00000000 00:00 0 
a6d3a000-a6f55000 rw-p 00000000 00:00 0 
a6f55000-a6f5c000 r--s 00000000 08:06 399305     /usr/lib/i386-linux-gnu/gconv/gconv-modules.cache
a6f5c000-a6f80000 r--p 00000000 08:06 1317469    /usr/share/locale-langpack/pl/LC_MESSAGES/libc.mo
a6f80000-b3580000 rw-p 00000000 00:00 0 
b3582000-b3590000 r-xp 00000000 08:06 670404     /usr/local/java/jdk1.7.0_45/jre/lib/i386/libnio.so
b3590000-b3591000 rw-p 0000e000 08:06 670404     /usr/local/java/jdk1.7.0_45/jre/lib/i386/libnio.so
b3591000-b3599000 rw-p 00000000 00:00 0 
b3599000-b35b1000 rw-p 00000000 00:00 0 
b35b1000-b35ba000 rw-p 00000000 00:00 0 
b35ba000-b3671000 rw-p 00000000 00:00 0 
b3671000-b38b1000 rwxp 00000000 00:00 0 
b38b1000-b6671000 rw-p 00000000 00:00 0 
b6671000-b6688000 r-xp 00000000 08:06 670944     /usr/local/java/jdk1.7.0_45/jre/lib/i386/libzip.so
b6688000-b6689000 rw-p 00017000 08:06 670944     /usr/local/java/jdk1.7.0_45/jre/lib/i386/libzip.so
b6689000-b6694000 r-xp 00000000 08:06 786669     /lib/i386-linux-gnu/libnss_files-2.15.so
b6694000-b6695000 r--p 0000a000 08:06 786669     /lib/i386-linux-gnu/libnss_files-2.15.so
b6695000-b6696000 rw-p 0000b000 08:06 786669     /lib/i386-linux-gnu/libnss_files-2.15.so
b6696000-b66a0000 r-xp 00000000 08:06 786668     /lib/i386-linux-gnu/libnss_nis-2.15.so
b66a0000-b66a1000 r--p 00009000 08:06 786668     /lib/i386-linux-gnu/libnss_nis-2.15.so
b66a1000-b66a2000 rw-p 0000a000 08:06 786668     /lib/i386-linux-gnu/libnss_nis-2.15.so
b66a2000-b66b8000 r-xp 00000000 08:06 786655     /lib/i386-linux-gnu/libnsl-2.15.so
b66b8000-b66b9000 r--p 00015000 08:06 786655     /lib/i386-linux-gnu/libnsl-2.15.so
b66b9000-b66ba000 rw-p 00016000 08:06 786655     /lib/i386-linux-gnu/libnsl-2.15.so
b66ba000-b66bc000 rw-p 00000000 00:00 0 
b66bc000-b66c3000 r-xp 00000000 08:06 786670     /lib/i386-linux-gnu/libnss_compat-2.15.so
b66c3000-b66c4000 r--p 00006000 08:06 786670     /lib/i386-linux-gnu/libnss_compat-2.15.so
b66c4000-b66c5000 rw-p 00007000 08:06 786670     /lib/i386-linux-gnu/libnss_compat-2.15.so
b66ce000-b66dc000 r--s 000b4000 08:06 546427     /usr/share/android-studio/data/sdk/build-tools/android-4.4W/lib/dx.jar
b66dc000-b66ff000 r-xp 00000000 08:06 664766     /usr/local/java/jdk1.7.0_45/jre/lib/i386/libjava.so
b66ff000-b6700000 rw-p 00022000 08:06 664766     /usr/local/java/jdk1.7.0_45/jre/lib/i386/libjava.so
b6700000-b67f6000 rw-p 00000000 00:00 0 
b67f6000-b6800000 ---p 00000000 00:00 0 
b6805000-b6809000 r--s 0008a000 08:06 397573     /usr/local/java/jdk1.7.0_45/jre/lib/jsse.jar
b6809000-b6810000 r-xp 00000000 08:06 786663     /lib/i386-linux-gnu/librt-2.15.so
b6810000-b6811000 r--p 00006000 08:06 786663     /lib/i386-linux-gnu/librt-2.15.so
b6811000-b6812000 rw-p 00007000 08:06 786663     /lib/i386-linux-gnu/librt-2.15.so
b6812000-b6815000 ---p 00000000 00:00 0 
b6815000-b6863000 rw-p 00000000 00:00 0 
b6863000-b688d000 r-xp 00000000 08:06 786667     /lib/i386-linux-gnu/libm-2.15.so
b688d000-b688e000 r--p 00029000 08:06 786667     /lib/i386-linux-gnu/libm-2.15.so
b688e000-b688f000 rw-p 0002a000 08:06 786667     /lib/i386-linux-gnu/libm-2.15.so
b688f000-b7106000 r-xp 00000000 08:06 670953     /usr/local/java/jdk1.7.0_45/jre/lib/i386/server/libjvm.so
b7106000-b716b000 rw-p 00876000 08:06 670953     /usr/local/java/jdk1.7.0_45/jre/lib/i386/server/libjvm.so
b716b000-b758e000 rw-p 00000000 00:00 0 
b758e000-b7732000 r-xp 00000000 08:06 786672     /lib/i386-linux-gnu/libc-2.15.so
b7732000-b7734000 r--p 001a4000 08:06 786672     /lib/i386-linux-gnu/libc-2.15.so
b7734000-b7735000 rw-p 001a6000 08:06 786672     /lib/i386-linux-gnu/libc-2.15.so
b7735000-b7738000 rw-p 00000000 00:00 0 
b7738000-b773b000 r-xp 00000000 08:06 786671     /lib/i386-linux-gnu/libdl-2.15.so
b773b000-b773c000 r--p 00002000 08:06 786671     /lib/i386-linux-gnu/libdl-2.15.so
b773c000-b773d000 rw-p 00003000 08:06 786671     /lib/i386-linux-gnu/libdl-2.15.so
b773d000-b773e000 rw-p 00000000 00:00 0 
b773e000-b7751000 r-xp 00000000 08:06 671956     /usr/local/java/jdk1.7.0_45/lib/i386/jli/libjli.so
b7751000-b7752000 rw-p 00012000 08:06 671956     /usr/local/java/jdk1.7.0_45/lib/i386/jli/libjli.so
b7752000-b7769000 r-xp 00000000 08:06 786661     /lib/i386-linux-gnu/libpthread-2.15.so
b7769000-b776a000 r--p 00016000 08:06 786661     /lib/i386-linux-gnu/libpthread-2.15.so
b776a000-b776b000 rw-p 00017000 08:06 786661     /lib/i386-linux-gnu/libpthread-2.15.so
b776b000-b776d000 rw-p 00000000 00:00 0 
b776e000-b7776000 rw-s 00000000 08:06 1074181    /tmp/hsperfdata_olek/13434
b7776000-b7777000 rw-p 00000000 00:00 0 
b7777000-b7778000 ---p 00000000 00:00 0 
b7778000-b7783000 r-xp 00000000 08:06 670968     /usr/local/java/jdk1.7.0_45/jre/lib/i386/libverify.so
b7783000-b7784000 rw-p 0000b000 08:06 670968     /usr/local/java/jdk1.7.0_45/jre/lib/i386/libverify.so
b7784000-b7786000 rw-p 00000000 00:00 0 
b7786000-b7787000 r-xp 00000000 00:00 0          [vdso]
b7787000-b77a7000 r-xp 00000000 08:06 786662     /lib/i386-linux-gnu/ld-2.15.so
b77a7000-b77a8000 r--p 0001f000 08:06 786662     /lib/i386-linux-gnu/ld-2.15.so
b77a8000-b77a9000 rw-p 00020000 08:06 786662     /lib/i386-linux-gnu/ld-2.15.so
bfbcf000-bfbf1000 rw-p 00000000 00:00 0          [stack]

VM Arguments:
jvm_args: -Xmx1024M 
java_command: /usr/share/android-studio/data/sdk/build-tools/android-4.4W/lib/dx.jar --dex --num-threads=4 --output /home/olek/AndroidStudioProjects/Firsttest2/app/build/intermediates/dex/debug /home/olek/AndroidStudioProjects/Firsttest2/app/build/intermediates/classes/debug /home/olek/AndroidStudioProjects/Firsttest2/app/build/intermediates/dependency-cache/debug /home/olek/AndroidStudioProjects/Firsttest2/app/build/intermediates/pre-dexed/debug/jackson-annotations-2.4.0-cb75a2d511b85a812af8667b8e6cbd41ca81161d.jar /home/olek/AndroidStudioProjects/Firsttest2/app/build/intermediates/pre-dexed/debug/jackson-core-2.4.1-abab094ccc8171a3581dbf117bfc98c834d34e16.jar /home/olek/AndroidStudioProjects/Firsttest2/app/build/intermediates/pre-dexed/debug/robospice-1.4.12-54891fcdaa5b6e7126720b4c3bf19aa1d1d12d96.jar /home/olek/AndroidStudioProjects/Firsttest2/app/build/intermediates/pre-dexed/debug/support-v4-19.1.0-bfe6379f31d17615f5ca4b83bd0a7235fba0720f.jar /home/olek/AndroidStudioProjects/Firsttest2/app/build/intermediates/pre-dexed/debug/spring-android-rest-template-1.0.1.RELEASE-d69bda9f71829f66ccc26dbf30324a497520b789.jar /home/olek/AndroidStudioProjects/Firsttest2/app/build/intermediates/pre-dexed/debug/commons-lang3-3.2.1-ce66e2a0b6dd5aafc7a85ddb1fff9a86400cc123.jar /home/olek/AndroidStudioProjects/Firsttest2/app/build/intermediates/pre-dexed/debug/robospice-spring-android-1.4.12-37a8ecb64b28d3e2db88252c1754a30ef7167079.jar /home/olek/AndroidStudioProjects/Firsttest2/app/build/intermediates/pre-dexed/debug/spring-android-core-1.0.1.RELEASE-690c8a62e2ed6fc5c26e6c039a1f36098e236ea4.jar /home/olek/AndroidStudioProjects/Firsttest2/app/build/intermediates/pre-dexed/debug/universal-image-loader-1.9.2-278bc8616dd812ed278193cbaaf815ab1bc09e31.jar /home/olek/AndroidStudioProjects/Firsttest2/app/build/intermediates/pre-dexed/debug/robospice-cache-1.4.12-6f74321d8968bc7a2fef8dabcf7db5abababbfe2.jar /home/olek/AndroidStudioProjects/Firsttest2/app/build/intermediates/pre-dexed/de
Launcher Type: SUN_STANDARD

Environment Variables:
JAVA_HOME=/usr/local/java/jdk1.7.0_45
CLASSPATH=/usr/share/android-studio/data/bin/../lib/bootstrap.jar:/usr/share/android-studio/data/bin/../lib/extensions.jar:/usr/share/android-studio/data/bin/../lib/util.jar:/usr/share/android-studio/data/bin/../lib/jdom.jar:/usr/share/android-studio/data/bin/../lib/log4j.jar:/usr/share/android-studio/data/bin/../lib/trove4j.jar:/usr/share/android-studio/data/bin/../lib/jna.jar:/usr/local/java/jdk1.7.0_45/lib/tools.jar
PATH=/usr/lib/lightdm/lightdm:/usr/local/sbin:/usr/local/bin:/usr/sbin:/usr/bin:/sbin:/bin:/usr/games:/home/olek/bin:/usr/local/java/jdk1.7.0_45/bin
LD_LIBRARY_PATH=/usr/share/android-studio/data/bin:
SHELL=/bin/bash
DISPLAY=:0

Signal Handlers:
SIGSEGV: [libjvm.so+0x7dd350], sa_mask[0]=0x7ffbfeff, sa_flags=0x10000004
SIGBUS: [libjvm.so+0x7dd350], sa_mask[0]=0x7ffbfeff, sa_flags=0x10000004
SIGFPE: [libjvm.so+0x678b60], sa_mask[0]=0x7ffbfeff, sa_flags=0x10000004
SIGPIPE: [libjvm.so+0x678b60], sa_mask[0]=0x7ffbfeff, sa_flags=0x10000004
SIGXFSZ: [libjvm.so+0x678b60], sa_mask[0]=0x7ffbfeff, sa_flags=0x10000004
SIGILL: [libjvm.so+0x678b60], sa_mask[0]=0x7ffbfeff, sa_flags=0x10000004
SIGUSR1: SIG_DFL, sa_mask[0]=0x00000000, sa_flags=0x00000000
SIGUSR2: [libjvm.so+0x67a050], sa_mask[0]=0x00000004, sa_flags=0x10000004
SIGHUP: [libjvm.so+0x67b1a0], sa_mask[0]=0x7ffbfeff, sa_flags=0x10000004
SIGINT: [libjvm.so+0x67b1a0], sa_mask[0]=0x7ffbfeff, sa_flags=0x10000004
SIGTERM: [libjvm.so+0x67b1a0], sa_mask[0]=0x7ffbfeff, sa_flags=0x10000004
SIGQUIT: [libjvm.so+0x67b1a0], sa_mask[0]=0x7ffbfeff, sa_flags=0x10000004


---------------  S Y S T E M  ---------------

OS:wheezy/sid

uname:Linux 3.2.0-67-generic-pae #101-Ubuntu SMP Tue Jul 15 18:04:54 UTC 2014 i686
libc:glibc 2.15 NPTL 2.15 
rlimit: STACK 8192k, CORE 0k, NPROC 30461, NOFILE 4096, AS infinity
load average:1,90 1,10 0,70

/proc/meminfo:
MemTotal:        3913636 kB
MemFree:          155948 kB
Buffers:            8644 kB
Cached:           643488 kB
SwapCached:            0 kB
Active:          3222380 kB
Inactive:         444644 kB
Active(anon):    3149680 kB
Inactive(anon):   379748 kB
Active(file):      72700 kB
Inactive(file):    64896 kB
Unevictable:           0 kB
Mlocked:               0 kB
HighTotal:       3072916 kB
HighFree:            792 kB
LowTotal:         840720 kB
LowFree:          155156 kB
SwapTotal:             0 kB
SwapFree:              0 kB
Dirty:                52 kB
Writeback:             0 kB
AnonPages:       3014672 kB
Mapped:           115856 kB
Shmem:            514672 kB
Slab:              43312 kB
SReclaimable:      19360 kB
SUnreclaim:        23952 kB
KernelStack:        5128 kB
PageTables:        21844 kB
NFS_Unstable:          0 kB
Bounce:                0 kB
WritebackTmp:          0 kB
CommitLimit:     1956816 kB
Committed_AS:    7110340 kB
VmallocTotal:     122880 kB
VmallocUsed:       59980 kB
VmallocChunk:      60148 kB
HardwareCorrupted:     0 kB
AnonHugePages:         0 kB
HugePages_Total:       0
HugePages_Free:        0
HugePages_Rsvd:        0
HugePages_Surp:        0
Hugepagesize:       2048 kB
DirectMap4k:       10232 kB
DirectMap2M:      903168 kB


CPU:total 4 (2 cores per cpu, 2 threads per core) family 6 model 37 stepping 5, cmov, cx8, fxsr, mmx, sse, sse2, sse3, ssse3, sse4.1, sse4.2, popcnt, ht, tsc, tscinvbit

/proc/cpuinfo:
processor	: 0
vendor_id	: GenuineIntel
cpu family	: 6
model		: 37
model name	: Intel(R) Core(TM) i3 CPU       M 380  @ 2.53GHz
stepping	: 5
microcode	: 0x2
cpu MHz		: 2266.000
cache size	: 3072 KB
physical id	: 0
siblings	: 4
core id		: 0
cpu cores	: 2
apicid		: 0
initial apicid	: 0
fdiv_bug	: no
hlt_bug		: no
f00f_bug	: no
coma_bug	: no
fpu		: yes
fpu_exception	: yes
cpuid level	: 11
wp		: yes
flags		: fpu vme de pse tsc msr pae mce cx8 apic sep mtrr pge mca cmov pat pse36 clflush dts acpi mmx fxsr sse sse2 ss ht tm pbe nx rdtscp lm constant_tsc arch_perfmon pebs bts xtopology nonstop_tsc aperfmperf pni dtes64 monitor ds_cpl vmx est tm2 ssse3 cx16 xtpr pdcm pcid sse4_1 sse4_2 popcnt lahf_lm arat dtherm tpr_shadow vnmi flexpriority ept vpid
bogomips	: 5053.83
clflush size	: 64
cache_alignment	: 64
address sizes	: 36 bits physical, 48 bits virtual
power management:

processor	: 1
vendor_id	: GenuineIntel
cpu family	: 6
model		: 37
model name	: Intel(R) Core(TM) i3 CPU       M 380  @ 2.53GHz
stepping	: 5
microcode	: 0x2
cpu MHz		: 933.000
cache size	: 3072 KB
physical id	: 0
siblings	: 4
core id		: 2
cpu cores	: 2
apicid		: 4
initial apicid	: 4
fdiv_bug	: no
hlt_bug		: no
f00f_bug	: no
coma_bug	: no
fpu		: yes
fpu_exception	: yes
cpuid level	: 11
wp		: yes
flags		: fpu vme de pse tsc msr pae mce cx8 apic sep mtrr pge mca cmov pat pse36 clflush dts acpi mmx fxsr sse sse2 ss ht tm pbe nx rdtscp lm constant_tsc arch_perfmon pebs bts xtopology nonstop_tsc aperfmperf pni dtes64 monitor ds_cpl vmx est tm2 ssse3 cx16 xtpr pdcm pcid sse4_1 sse4_2 popcnt lahf_lm arat dtherm tpr_shadow vnmi flexpriority ept vpid
bogomips	: 5054.20
clflush size	: 64
cache_alignment	: 64
address sizes	: 36 bits physical, 48 bits virtual
power management:

processor	: 2
vendor_id	: GenuineIntel
cpu family	: 6
model		: 37
model name	: Intel(R) Core(TM) i3 CPU       M 380  @ 2.53GHz
stepping	: 5
microcode	: 0x2
cpu MHz		: 2533.000
cache size	: 3072 KB
physical id	: 0
siblings	: 4
core id		: 0
cpu cores	: 2
apicid		: 1
initial apicid	: 1
fdiv_bug	: no
hlt_bug		: no
f00f_bug	: no
coma_bug	: no
fpu		: yes
fpu_exception	: yes
cpuid level	: 11
wp		: yes
flags		: fpu vme de pse tsc msr pae mce cx8 apic sep mtrr pge mca cmov pat pse36 clflush dts acpi mmx fxsr sse sse2 ss ht tm pbe nx rdtscp lm constant_tsc arch_perfmon pebs bts xtopology nonstop_tsc aperfmperf pni dtes64 monitor ds_cpl vmx est tm2 ssse3 cx16 xtpr pdcm pcid sse4_1 sse4_2 popcnt lahf_lm arat dtherm tpr_shadow vnmi flexpriority ept vpid
bogomips	: 5054.18
clflush size	: 64
cache_alignment	: 64
address sizes	: 36 bits physical, 48 bits virtual
power management:

processor	: 3
vendor_id	: GenuineIntel
cpu family	: 6
model		: 37
model name	: Intel(R) Core(TM) i3 CPU       M 380  @ 2.53GHz
stepping	: 5
microcode	: 0x2
cpu MHz		: 933.000
cache size	: 3072 KB
physical id	: 0
siblings	: 4
core id		: 2
cpu cores	: 2
apicid		: 5
initial apicid	: 5
fdiv_bug	: no
hlt_bug		: no
f00f_bug	: no
coma_bug	: no
fpu		: yes
fpu_exception	: yes
cpuid level	: 11
wp		: yes
flags		: fpu vme de pse tsc msr pae mce cx8 apic sep mtrr pge mca cmov pat pse36 clflush dts acpi mmx fxsr sse sse2 ss ht tm pbe nx rdtscp lm constant_tsc arch_perfmon pebs bts xtopology nonstop_tsc aperfmperf pni dtes64 monitor ds_cpl vmx est tm2 ssse3 cx16 xtpr pdcm pcid sse4_1 sse4_2 popcnt lahf_lm arat dtherm tpr_shadow vnmi flexpriority ept vpid
bogomips	: 5054.19
clflush size	: 64
cache_alignment	: 64
address sizes	: 36 bits physical, 48 bits virtual
power management:



Memory: 4k page, physical 3913636k(155948k free), swap 0k(0k free)

vm_info: Java HotSpot(TM) Server VM (24.45-b08) for linux-x86 JRE (1.7.0_45-b18), built on Oct  8 2013 05:44:51 by "java_re" with gcc 4.3.0 20080428 (Red Hat 4.3.0-8)

time: Mon Aug  4 15:39:53 2014
elapsed time: 3 seconds

