#
# There is insufficient memory for the Java Runtime Environment to continue.
# Native memory allocation (malloc) failed to allocate 57671680 bytes for committing reserved memory.
# Possible reasons:
#   The system is out of physical RAM or swap space
#   In 32 bit mode, the process size limit was hit
# Possible solutions:
#   Reduce memory load on the system
#   Increase physical memory or swap space
#   Check if swap backing store is full
#   Use 64 bit Java on a 64 bit OS
#   Decrease Java heap size (-Xmx/-Xms)
#   Decrease number of Java threads
#   Decrease Java thread stack sizes (-Xss)
#   Set larger code cache with -XX:ReservedCodeCacheSize=
# This output file may be truncated or incomplete.
#
#  Out of Memory Error (os_linux.cpp:2718), pid=13257, tid=1813744448
#
# JRE version: Java(TM) SE Runtime Environment (7.0_45-b18) (build 1.7.0_45-b18)
# Java VM: Java HotSpot(TM) Server VM (24.45-b08 mixed mode linux-x86 )
# Failed to write core dump. Core dumps have been disabled. To enable core dumping, try "ulimit -c unlimited" before starting Java again
#

---------------  T H R E A D  ---------------

Current thread (0x6c081400):  VMThread [stack: 0x6c138000,0x6c1b9000] [id=13270]

Stack: [0x6c138000,0x6c1b9000],  sp=0x6c1b7860,  free space=510k
Native frames: (J=compiled Java code, j=interpreted, Vv=VM code, C=native code)
V  [libjvm.so+0x7dc836]  VMError::report_and_die()+0x1a6
V  [libjvm.so+0x33a5c2]  report_vm_out_of_memory(char const*, int, unsigned int, char const*)+0x72
V  [libjvm.so+0x67bc21]  os::Linux::commit_memory_impl(char*, unsigned int, bool)+0xe1
V  [libjvm.so+0x67c077]  os::Linux::commit_memory_impl(char*, unsigned int, unsigned int, bool)+0x47
V  [libjvm.so+0x67c23d]  os::pd_commit_memory(char*, unsigned int, unsigned int, bool)+0x1d
V  [libjvm.so+0x675c8c]  os::commit_memory(char*, unsigned int, unsigned int, bool)+0x2c
V  [libjvm.so+0x6df178]  PSVirtualSpace::expand_by(unsigned int)+0x48
V  [libjvm.so+0x6e027a]  PSYoungGen::resize_generation(unsigned int, unsigned int)+0xda
V  [libjvm.so+0x6df5b9]  PSYoungGen::resize(unsigned int, unsigned int)+0x19
V  [libjvm.so+0x6dd31b]  PSScavenge::invoke_no_policy()+0x105b
V  [libjvm.so+0x6dd748]  PSScavenge::invoke()+0x28
V  [libjvm.so+0x69b9aa]  ParallelScavengeHeap::failed_mem_allocate(unsigned int)+0x5a
V  [libjvm.so+0x7de0da]  VM_ParallelGCFailedAllocation::doit()+0x7a
V  [libjvm.so+0x7e6e97]  VM_Operation::evaluate()+0x47
V  [libjvm.so+0x7e4f93]  VMThread::evaluate_operation(VM_Operation*)+0xb3
V  [libjvm.so+0x7e5330]  VMThread::loop()+0x1b0
V  [libjvm.so+0x7e5795]  VMThread::run()+0x85
V  [libjvm.so+0x67e0f9]  java_start(Thread*)+0x119
C  [libpthread.so.0+0x6d4c]  start_thread+0xcc

VM_Operation (0xb6832c44): ParallelGCFailedAllocation, mode: safepoint, requested by thread 0xb6608800


---------------  P R O C E S S  ---------------

Java Threads: ( => current thread )
  0x6c09a800 JavaThread "Service Thread" daemon [_thread_blocked, id=13276, stack(0x6b92a000,0x6b97b000)]
  0x6c098c00 JavaThread "C2 CompilerThread1" daemon [_thread_blocked, id=13275, stack(0x6b97b000,0x6b9fc000)]
  0x6c096c00 JavaThread "C2 CompilerThread0" daemon [_thread_blocked, id=13274, stack(0x6b9fc000,0x6ba7d000)]
  0x6c095000 JavaThread "Signal Dispatcher" daemon [_thread_blocked, id=13273, stack(0x6ba7d000,0x6bace000)]
  0x6c085800 JavaThread "Finalizer" daemon [_thread_blocked, id=13272, stack(0x6eb2e000,0x6eb7f000)]
  0x6c082c00 JavaThread "Reference Handler" daemon [_thread_blocked, id=13271, stack(0x6ed2e000,0x6ed7f000)]
  0xb6608800 JavaThread "main" [_thread_blocked, id=13265, stack(0xb67e3000,0xb6834000)]

Other Threads:
=>0x6c081400 VMThread [stack: 0x6c138000,0x6c1b9000] [id=13270]
  0x6c09c800 WatcherThread [stack: 0x6b8a9000,0x6b92a000] [id=13277]

VM state:at safepoint (normal execution)

VM Mutex/Monitor currently owned by a thread:  ([mutex/lock_event])
[0xb6606020] Threads_lock - owner thread: 0x6c081400
[0xb6606430] Heap_lock - owner thread: 0xb6608800

Heap
 PSYoungGen      total 139008K, used 16336K [0x9df80000, 0xa7a80000, 0xb3500000)
  eden space 121088K, 0% used [0x9df80000,0x9df80000,0xa55c0000)
  from space 17920K, 91% used [0xa55c0000,0xa65b4360,0xa6740000)
  to   space 16128K, 0% used [0xa6740000,0xa6740000,0xa7700000)
 ParOldGen       total 43264K, used 30174K [0x73500000, 0x75f40000, 0x9df80000)
  object space 43264K, 69% used [0x73500000,0x75277918,0x75f40000)
 PSPermGen       total 16384K, used 4397K [0x6f500000, 0x70500000, 0x73500000)
  object space 16384K, 26% used [0x6f500000,0x6f94b658,0x70500000)

Card table byte_map: [0x6f2df000,0x6f500000] byte_map_base: 0x6ef64800

Polling page: 0xb7748000

Code Cache  [0xb35e0000, 0xb3820000, 0xb65e0000)
 total_blobs=646 nmethods=511 adapters=89 free_code_cache=47896Kb largest_free_block=49017728

Compilation events (10 events):
Event: 4,133 Thread 0x6c096c00 nmethod 508 0xb370ce08 code [0xb370cf80, 0xb370d590]
Event: 4,146 Thread 0x6c098c00 nmethod 506 0xb370ee48 code [0xb370efc0, 0xb370fe84]
Event: 4,201 Thread 0x6c096c00  509             java.util.ComparableTimSort::gallopLeft (327 bytes)
Event: 4,211 Thread 0x6c096c00 nmethod 509 0xb370c508 code [0xb370c640, 0xb370ca18]
Event: 4,212 Thread 0x6c098c00  510             com.android.dex.EncodedValue::writeTo (9 bytes)
Event: 4,215 Thread 0x6c098c00 nmethod 510 0xb370e948 code [0xb370ea60, 0xb370ebd0]
Event: 4,215 Thread 0x6c096c00  511             java.util.TimSort::countRunAndMakeAscending (128 bytes)
Event: 4,228 Thread 0x6c096c00 nmethod 511 0xb371e5c8 code [0xb371e720, 0xb371ebbc]
Event: 4,296 Thread 0x6c098c00  512             com.android.dx.io.instructions.InstructionCodec$33::decode (99 bytes)
Event: 4,300 Thread 0x6c096c00  513             com.android.dx.io.instructions.InstructionCodec$33::encode (131 bytes)

GC Heap History (10 events):
Event: 2,864 GC heap after
Heap after GC invocations=5 (full 0):
 PSYoungGen      total 33280K, used 2557K [0x9df80000, 0xa3480000, 0xb3500000)
  eden space 30720K, 0% used [0x9df80000,0x9df80000,0x9fd80000)
  from space 2560K, 99% used [0x9fd80000,0x9ffff518,0xa0000000)
  to   space 12800K, 0% used [0xa2800000,0xa2800000,0xa3480000)
 ParOldGen       total 40704K, used 24773K [0x73500000, 0x75cc0000, 0x9df80000)
  object space 40704K, 60% used [0x73500000,0x74d31448,0x75cc0000)
 PSPermGen       total 16384K, used 4378K [0x6f500000, 0x70500000, 0x73500000)
  object space 16384K, 26% used [0x6f500000,0x6f9468f8,0x70500000)
}
Event: 3,142 GC heap before
{Heap before GC invocations=6 (full 0):
 PSYoungGen      total 33280K, used 33277K [0x9df80000, 0xa3480000, 0xb3500000)
  eden space 30720K, 100% used [0x9df80000,0x9fd80000,0x9fd80000)
  from space 2560K, 99% used [0x9fd80000,0x9ffff518,0xa0000000)
  to   space 12800K, 0% used [0xa2800000,0xa2800000,0xa3480000)
 ParOldGen       total 40704K, used 24773K [0x73500000, 0x75cc0000, 0x9df80000)
  object space 40704K, 60% used [0x73500000,0x74d31448,0x75cc0000)
 PSPermGen       total 16384K, used 4385K [0x6f500000, 0x70500000, 0x73500000)
  object space 16384K, 26% used [0x6f500000,0x6f9487d0,0x70500000)
Event: 3,148 GC heap after
Heap after GC invocations=6 (full 0):
 PSYoungGen      total 72704K, used 7875K [0x9df80000, 0xa3300000, 0xb3500000)
  eden space 61440K, 0% used [0x9df80000,0x9df80000,0xa1b80000)
  from space 11264K, 69% used [0xa2800000,0xa2fb0ff8,0xa3300000)
  to   space 12032K, 0% used [0xa1b80000,0xa1b80000,0xa2740000)
 ParOldGen       total 40704K, used 24773K [0x73500000, 0x75cc0000, 0x9df80000)
  object space 40704K, 60% used [0x73500000,0x74d31448,0x75cc0000)
 PSPermGen       total 16384K, used 4385K [0x6f500000, 0x70500000, 0x73500000)
  object space 16384K, 26% used [0x6f500000,0x6f9487d0,0x70500000)
}
Event: 3,511 GC heap before
{Heap before GC invocations=7 (full 0):
 PSYoungGen      total 72704K, used 69315K [0x9df80000, 0xa3300000, 0xb3500000)
  eden space 61440K, 100% used [0x9df80000,0xa1b80000,0xa1b80000)
  from space 11264K, 69% used [0xa2800000,0xa2fb0ff8,0xa3300000)
  to   space 12032K, 0% used [0xa1b80000,0xa1b80000,0xa2740000)
 ParOldGen       total 40704K, used 24773K [0x73500000, 0x75cc0000, 0x9df80000)
  object space 40704K, 60% used [0x73500000,0x74d31448,0x75cc0000)
 PSPermGen       total 16384K, used 4393K [0x6f500000, 0x70500000, 0x73500000)
  object space 16384K, 26% used [0x6f500000,0x6f94a550,0x70500000)
Event: 3,522 GC heap after
Heap after GC invocations=7 (full 0):
 PSYoungGen      total 73472K, used 12018K [0x9df80000, 0xa7700000, 0xb3500000)
  eden space 61440K, 0% used [0x9df80000,0x9df80000,0xa1b80000)
  from space 12032K, 99% used [0xa1b80000,0xa273c9e8,0xa2740000)
  to   space 16128K, 0% used [0xa6740000,0xa6740000,0xa7700000)
 ParOldGen       total 40704K, used 29459K [0x73500000, 0x75cc0000, 0x9df80000)
  object space 40704K, 72% used [0x73500000,0x751c4f70,0x75cc0000)
 PSPermGen       total 16384K, used 4393K [0x6f500000, 0x70500000, 0x73500000)
  object space 16384K, 26% used [0x6f500000,0x6f94a550,0x70500000)
}
Event: 3,748 GC heap before
{Heap before GC invocations=8 (full 0):
 PSYoungGen      total 73472K, used 73458K [0x9df80000, 0xa7700000, 0xb3500000)
  eden space 61440K, 100% used [0x9df80000,0xa1b80000,0xa1b80000)
  from space 12032K, 99% used [0xa1b80000,0xa273c9e8,0xa2740000)
  to   space 16128K, 0% used [0xa6740000,0xa6740000,0xa7700000)
 ParOldGen       total 40704K, used 29459K [0x73500000, 0x75cc0000, 0x9df80000)
  object space 40704K, 72% used [0x73500000,0x751c4f70,0x75cc0000)
 PSPermGen       total 16384K, used 4395K [0x6f500000, 0x70500000, 0x73500000)
  object space 16384K, 26% used [0x6f500000,0x6f94aee0,0x70500000)
Event: 3,762 GC heap after
Heap after GC invocations=8 (full 0):
 PSYoungGen      total 137216K, used 15054K [0x9df80000, 0xa7a80000, 0xb3500000)
  eden space 121088K, 0% used [0x9df80000,0x9df80000,0xa55c0000)
  from space 16128K, 93% used [0xa6740000,0xa75f3b70,0xa7700000)
  to   space 17920K, 0% used [0xa55c0000,0xa55c0000,0xa6740000)
 ParOldGen       total 40704K, used 33966K [0x73500000, 0x75cc0000, 0x9df80000)
  object space 40704K, 83% used [0x73500000,0x7562ba18,0x75cc0000)
 PSPermGen       total 16384K, used 4395K [0x6f500000, 0x70500000, 0x73500000)
  object space 16384K, 26% used [0x6f500000,0x6f94aee0,0x70500000)
}
Event: 3,762 GC heap before
{Heap before GC invocations=9 (full 1):
 PSYoungGen      total 137216K, used 15054K [0x9df80000, 0xa7a80000, 0xb3500000)
  eden space 121088K, 0% used [0x9df80000,0x9df80000,0xa55c0000)
  from space 16128K, 93% used [0xa6740000,0xa75f3b70,0xa7700000)
  to   space 17920K, 0% used [0xa55c0000,0xa55c0000,0xa6740000)
 ParOldGen       total 40704K, used 33966K [0x73500000, 0x75cc0000, 0x9df80000)
  object space 40704K, 83% used [0x73500000,0x7562ba18,0x75cc0000)
 PSPermGen       total 16384K, used 4395K [0x6f500000, 0x70500000, 0x73500000)
  object space 16384K, 26% used [0x6f500000,0x6f94aee0,0x70500000)
Event: 3,805 GC heap after
Heap after GC invocations=9 (full 1):
 PSYoungGen      total 137216K, used 0K [0x9df80000, 0xa7a80000, 0xb3500000)
  eden space 121088K, 0% used [0x9df80000,0x9df80000,0xa55c0000)
  from space 16128K, 0% used [0xa6740000,0xa6740000,0xa7700000)
  to   space 17920K, 0% used [0xa55c0000,0xa55c0000,0xa6740000)
 ParOldGen       total 43264K, used 15240K [0x73500000, 0x75f40000, 0x9df80000)
  object space 43264K, 35% used [0x73500000,0x743e2258,0x75f40000)
 PSPermGen       total 16384K, used 4393K [0x6f500000, 0x70500000, 0x73500000)
  object space 16384K, 26% used [0x6f500000,0x6f94a7d8,0x70500000)
}
Event: 4,312 GC heap before
{Heap before GC invocations=10 (full 1):
 PSYoungGen      total 137216K, used 121088K [0x9df80000, 0xa7a80000, 0xb3500000)
  eden space 121088K, 100% used [0x9df80000,0xa55c0000,0xa55c0000)
  from space 16128K, 0% used [0xa6740000,0xa6740000,0xa7700000)
  to   space 17920K, 0% used [0xa55c0000,0xa55c0000,0xa6740000)
 ParOldGen       total 43264K, used 15240K [0x73500000, 0x75f40000, 0x9df80000)
  object space 43264K, 35% used [0x73500000,0x743e2258,0x75f40000)
 PSPermGen       total 16384K, used 4397K [0x6f500000, 0x70500000, 0x73500000)
  object space 16384K, 26% used [0x6f500000,0x6f94b658,0x70500000)

Deoptimization events (10 events):
Event: 3,498 Thread 0xb6608800 Uncommon trap: reason=array_check action=maybe_recompile pc=0xb36de304 method=java.util.TimSort.binarySort([Ljava/lang/Object;IIILjava/util/Comparator;)V @ 193
Event: 3,498 Thread 0xb6608800 Uncommon trap: reason=array_check action=maybe_recompile pc=0xb36de2b0 method=java.util.TimSort.binarySort([Ljava/lang/Object;IIILjava/util/Comparator;)V @ 215
Event: 3,499 Thread 0xb6608800 Uncommon trap: reason=array_check action=maybe_recompile pc=0xb36de304 method=java.util.TimSort.binarySort([Ljava/lang/Object;IIILjava/util/Comparator;)V @ 193
Event: 3,571 Thread 0xb6608800 Uncommon trap: reason=array_check action=maybe_recompile pc=0xb36d6258 method=java.util.ComparableTimSort.binarySort([Ljava/lang/Object;III)V @ 215
Event: 3,571 Thread 0xb6608800 Uncommon trap: reason=array_check action=maybe_recompile pc=0xb36d62b4 method=java.util.ComparableTimSort.binarySort([Ljava/lang/Object;III)V @ 193
Event: 3,596 Thread 0xb6608800 Uncommon trap: reason=array_check action=maybe_recompile pc=0xb36eed00 method=java.util.TimSort.binarySort([Ljava/lang/Object;IIILjava/util/Comparator;)V @ 183
Event: 3,597 Thread 0xb6608800 Uncommon trap: reason=array_check action=maybe_recompile pc=0xb36eec94 method=java.util.TimSort.binarySort([Ljava/lang/Object;IIILjava/util/Comparator;)V @ 193
Event: 3,678 Thread 0xb6608800 Uncommon trap: reason=array_check action=maybe_recompile pc=0xb36efae8 method=java.util.ComparableTimSort.binarySort([Ljava/lang/Object;III)V @ 183
Event: 3,962 Thread 0xb6608800 Uncommon trap: reason=array_check action=maybe_recompile pc=0xb36efae8 method=java.util.ComparableTimSort.binarySort([Ljava/lang/Object;III)V @ 183
Event: 4,217 Thread 0xb6608800 Uncommon trap: reason=null_check action=make_not_entrant pc=0xb36fca78 method=java.util.TimSort.binarySort([Ljava/lang/Object;IIILjava/util/Comparator;)V @ 193

Internal exceptions (10 events):
Event: 1,869 Thread 0xb6608800 Threw 0x9eb2d118 at /HUDSON/workspace/7u-2-build-linux-i586/jdk7u45/229/hotspot/src/share/vm/prims/jvm.cpp:1244
Event: 1,870 Thread 0xb6608800 Threw 0x9eb30018 at /HUDSON/workspace/7u-2-build-linux-i586/jdk7u45/229/hotspot/src/share/vm/prims/jvm.cpp:1244
Event: 1,872 Thread 0xb6608800 Threw 0x9eb368c8 at /HUDSON/workspace/7u-2-build-linux-i586/jdk7u45/229/hotspot/src/share/vm/prims/jvm.cpp:1244
Event: 1,873 Thread 0xb6608800 Threw 0x9eb38860 at /HUDSON/workspace/7u-2-build-linux-i586/jdk7u45/229/hotspot/src/share/vm/prims/jvm.cpp:1244
Event: 1,975 Thread 0xb6608800 Threw 0x9ebd0358 at /HUDSON/workspace/7u-2-build-linux-i586/jdk7u45/229/hotspot/src/share/vm/prims/jvm.cpp:1244
Event: 1,975 Thread 0xb6608800 Threw 0x9ebd0470 at /HUDSON/workspace/7u-2-build-linux-i586/jdk7u45/229/hotspot/src/share/vm/prims/jvm.cpp:1244
Event: 1,975 Thread 0xb6608800 Threw 0x9ebd2638 at /HUDSON/workspace/7u-2-build-linux-i586/jdk7u45/229/hotspot/src/share/vm/prims/jvm.cpp:1244
Event: 1,976 Thread 0xb6608800 Threw 0x9ebd2750 at /HUDSON/workspace/7u-2-build-linux-i586/jdk7u45/229/hotspot/src/share/vm/prims/jvm.cpp:1244
Event: 2,496 Thread 0xb6608800 Threw 0x9ed7c970 at /HUDSON/workspace/7u-2-build-linux-i586/jdk7u45/229/hotspot/src/share/vm/prims/jvm.cpp:1244
Event: 4,217 Thread 0xb6608800 Implicit null exception at 0xb36fc38d to 0xb36fca55

Events (10 events):
Event: 3,678 Thread 0xb6608800 DEOPT UNPACKING pc=0xb360cbbc sp=0xb6832d2c mode 2
Event: 3,748 Executing VM operation: ParallelGCFailedAllocation
Event: 3,805 Executing VM operation: ParallelGCFailedAllocation done
Event: 3,962 Thread 0xb6608800 Uncommon trap: trap_request=0xffffffd6 fr.pc=0xb36efae8
Event: 3,962 Thread 0xb6608800 DEOPT PACKING pc=0xb36efae8 sp=0xb6832d30
Event: 3,963 Thread 0xb6608800 DEOPT UNPACKING pc=0xb360cbbc sp=0xb6832d2c mode 2
Event: 4,217 Thread 0xb6608800 Uncommon trap: trap_request=0xfffffff4 fr.pc=0xb36fca78
Event: 4,217 Thread 0xb6608800 DEOPT PACKING pc=0xb36fca78 sp=0xb6832ca0
Event: 4,218 Thread 0xb6608800 DEOPT UNPACKING pc=0xb360cbbc sp=0xb6832c8c mode 2
Event: 4,312 Executing VM operation: ParallelGCFailedAllocation


Dynamic libraries:
08048000-08049000 r-xp 00000000 08:06 671014     /usr/local/java/jdk1.7.0_45/bin/java
08049000-0804a000 rw-p 00000000 08:06 671014     /usr/local/java/jdk1.7.0_45/bin/java
094eb000-0954f000 rw-p 00000000 00:00 0          [heap]
6aa00000-6ab00000 rw-p 00000000 00:00 0 
6ac00000-6acf0000 rw-p 00000000 00:00 0 
6acf0000-6ad00000 ---p 00000000 00:00 0 
6ae00000-6af00000 rw-p 00000000 00:00 0 
6b000000-6b100000 rw-p 00000000 00:00 0 
6b100000-6b1fd000 rw-p 00000000 00:00 0 
6b1fd000-6b200000 ---p 00000000 00:00 0 
6b200000-6b2f1000 rw-p 00000000 00:00 0 
6b2f1000-6b300000 ---p 00000000 00:00 0 
6b400000-6b4fc000 rw-p 00000000 00:00 0 
6b4fc000-6b500000 ---p 00000000 00:00 0 
6b500000-6b5e7000 rw-p 00000000 00:00 0 
6b5e7000-6b600000 ---p 00000000 00:00 0 
6b600000-6b67e000 rw-p 00000000 00:00 0 
6b67e000-6b700000 ---p 00000000 00:00 0 
6b765000-6b768000 ---p 00000000 00:00 0 
6b768000-6b7b6000 rw-p 00000000 00:00 0 
6b7b6000-6b7b9000 ---p 00000000 00:00 0 
6b7b9000-6b807000 rw-p 00000000 00:00 0 
6b807000-6b80a000 ---p 00000000 00:00 0 
6b80a000-6b858000 rw-p 00000000 00:00 0 
6b858000-6b85b000 ---p 00000000 00:00 0 
6b85b000-6b8a9000 rw-p 00000000 00:00 0 
6b8a9000-6b8aa000 ---p 00000000 00:00 0 
6b8aa000-6b92a000 rw-p 00000000 00:00 0 
6b92a000-6b92d000 ---p 00000000 00:00 0 
6b92d000-6b97b000 rw-p 00000000 00:00 0 
6b97b000-6b97e000 ---p 00000000 00:00 0 
6b97e000-6b9fc000 rw-p 00000000 00:00 0 
6b9fc000-6b9ff000 ---p 00000000 00:00 0 
6b9ff000-6ba7d000 rw-p 00000000 00:00 0 
6ba7d000-6ba80000 ---p 00000000 00:00 0 
6ba80000-6bace000 rw-p 00000000 00:00 0 
6bace000-6bc00000 r--p 002c8000 08:06 392632     /usr/lib/locale/locale-archive
6bc00000-6be00000 r--p 00000000 08:06 392632     /usr/lib/locale/locale-archive
6be00000-6bef9000 rw-p 00000000 00:00 0 
6bef9000-6bf00000 ---p 00000000 00:00 0 
6bf00000-6bf26000 rw-p 00000000 00:00 0 
6bf26000-6c000000 ---p 00000000 00:00 0 
6c000000-6c0fa000 rw-p 00000000 00:00 0 
6c0fa000-6c100000 ---p 00000000 00:00 0 
6c138000-6c139000 ---p 00000000 00:00 0 
6c139000-6c204000 rw-p 00000000 00:00 0 
6c204000-6c3c0000 r--s 039b2000 08:06 393573     /usr/local/java/jdk1.7.0_45/jre/lib/rt.jar
6c3c0000-6ea00000 rw-p 00000000 00:00 0 
6ea00000-6eaf6000 rw-p 00000000 00:00 0 
6eaf6000-6eb00000 ---p 00000000 00:00 0 
6eb2e000-6eb31000 ---p 00000000 00:00 0 
6eb31000-6eb7f000 rw-p 00000000 00:00 0 
6eb7f000-6eb80000 ---p 00000000 00:00 0 
6eb80000-6ec00000 rw-p 00000000 00:00 0 
6ec00000-6ec21000 rw-p 00000000 00:00 0 
6ec21000-6ed00000 ---p 00000000 00:00 0 
6ed2e000-6ed31000 ---p 00000000 00:00 0 
6ed31000-6ed7f000 rw-p 00000000 00:00 0 
6ed7f000-6ed80000 ---p 00000000 00:00 0 
6ed80000-6ee00000 rw-p 00000000 00:00 0 
6ee00000-6ee21000 rw-p 00000000 00:00 0 
6ee21000-6ef00000 ---p 00000000 00:00 0 
6ef24000-6ef7f000 rw-p 00000000 00:00 0 
6ef7f000-6ef80000 ---p 00000000 00:00 0 
6ef80000-6f000000 rw-p 00000000 00:00 0 
6f000000-6f043000 rw-p 00000000 00:00 0 
6f043000-6f100000 ---p 00000000 00:00 0 
6f108000-6f109000 ---p 00000000 00:00 0 
6f109000-6f19f000 rw-p 00000000 00:00 0 
6f19f000-6f2df000 rw-p 00000000 00:00 0 
6f2df000-6f2e7000 rw-p 00000000 00:00 0 
6f2e7000-6f2ff000 rw-p 00000000 00:00 0 
6f2ff000-6f315000 rw-p 00000000 00:00 0 
6f315000-6f454000 rw-p 00000000 00:00 0 
6f454000-6f4a2000 rw-p 00000000 00:00 0 
6f4a2000-6f4ff000 rw-p 00000000 00:00 0 
6f4ff000-70500000 rw-p 00000000 00:00 0 
70500000-73500000 rw-p 00000000 00:00 0 
73500000-75f40000 rw-p 00000000 00:00 0 
75f40000-9df80000 rw-p 00000000 00:00 0 
9df80000-a7a80000 rw-p 00000000 00:00 0 
aaf43000-ab15c000 rw-p 00000000 00:00 0 
ab15c000-ab180000 r--p 00000000 08:06 1317469    /usr/share/locale-langpack/pl/LC_MESSAGES/libc.mo
ab180000-b3500000 rw-p 00000000 00:00 0 
b3520000-b3529000 rw-p 00000000 00:00 0 
b3529000-b35e0000 rw-p 00000000 00:00 0 
b35e0000-b3820000 rwxp 00000000 00:00 0 
b3820000-b65e0000 rw-p 00000000 00:00 0 
b65e0000-b65e7000 r-xp 00000000 08:06 786670     /lib/i386-linux-gnu/libnss_compat-2.15.so
b65e7000-b65e8000 r--p 00006000 08:06 786670     /lib/i386-linux-gnu/libnss_compat-2.15.so
b65e8000-b65e9000 rw-p 00007000 08:06 786670     /lib/i386-linux-gnu/libnss_compat-2.15.so
b65ea000-b65ff000 r-xp 00000000 08:06 670957     /usr/local/java/jdk1.7.0_45/jre/lib/i386/libnet.so
b65ff000-b6600000 rw-p 00014000 08:06 670957     /usr/local/java/jdk1.7.0_45/jre/lib/i386/libnet.so
b6600000-b66f6000 rw-p 00000000 00:00 0 
b66f6000-b6700000 ---p 00000000 00:00 0 
b6704000-b670b000 r--s 00000000 08:06 399305     /usr/lib/i386-linux-gnu/gconv/gconv-modules.cache
b670b000-b6719000 r-xp 00000000 08:06 670404     /usr/local/java/jdk1.7.0_45/jre/lib/i386/libnio.so
b6719000-b671a000 rw-p 0000e000 08:06 670404     /usr/local/java/jdk1.7.0_45/jre/lib/i386/libnio.so
b671a000-b673c000 rw-p 00000000 00:00 0 
b673c000-b6754000 rw-p 00000000 00:00 0 
b6754000-b676b000 r-xp 00000000 08:06 670944     /usr/local/java/jdk1.7.0_45/jre/lib/i386/libzip.so
b676b000-b676c000 rw-p 00017000 08:06 670944     /usr/local/java/jdk1.7.0_45/jre/lib/i386/libzip.so
b676c000-b6777000 r-xp 00000000 08:06 786669     /lib/i386-linux-gnu/libnss_files-2.15.so
b6777000-b6778000 r--p 0000a000 08:06 786669     /lib/i386-linux-gnu/libnss_files-2.15.so
b6778000-b6779000 rw-p 0000b000 08:06 786669     /lib/i386-linux-gnu/libnss_files-2.15.so
b6779000-b6783000 r-xp 00000000 08:06 786668     /lib/i386-linux-gnu/libnss_nis-2.15.so
b6783000-b6784000 r--p 00009000 08:06 786668     /lib/i386-linux-gnu/libnss_nis-2.15.so
b6784000-b6785000 rw-p 0000a000 08:06 786668     /lib/i386-linux-gnu/libnss_nis-2.15.so
b6789000-b678a000 rw-p 00000000 00:00 0 
b678a000-b678e000 r--s 0008a000 08:06 397573     /usr/local/java/jdk1.7.0_45/jre/lib/jsse.jar
b678e000-b679c000 r--s 000b4000 08:06 546427     /usr/share/android-studio/data/sdk/build-tools/android-4.4W/lib/dx.jar
b679c000-b67b2000 r-xp 00000000 08:06 786655     /lib/i386-linux-gnu/libnsl-2.15.so
b67b2000-b67b3000 r--p 00015000 08:06 786655     /lib/i386-linux-gnu/libnsl-2.15.so
b67b3000-b67b4000 rw-p 00016000 08:06 786655     /lib/i386-linux-gnu/libnsl-2.15.so
b67b4000-b67b6000 rw-p 00000000 00:00 0 
b67b6000-b67d9000 r-xp 00000000 08:06 664766     /usr/local/java/jdk1.7.0_45/jre/lib/i386/libjava.so
b67d9000-b67da000 rw-p 00022000 08:06 664766     /usr/local/java/jdk1.7.0_45/jre/lib/i386/libjava.so
b67da000-b67e1000 r-xp 00000000 08:06 786663     /lib/i386-linux-gnu/librt-2.15.so
b67e1000-b67e2000 r--p 00006000 08:06 786663     /lib/i386-linux-gnu/librt-2.15.so
b67e2000-b67e3000 rw-p 00007000 08:06 786663     /lib/i386-linux-gnu/librt-2.15.so
b67e3000-b67e6000 ---p 00000000 00:00 0 
b67e6000-b6834000 rw-p 00000000 00:00 0 
b6834000-b685e000 r-xp 00000000 08:06 786667     /lib/i386-linux-gnu/libm-2.15.so
b685e000-b685f000 r--p 00029000 08:06 786667     /lib/i386-linux-gnu/libm-2.15.so
b685f000-b6860000 rw-p 0002a000 08:06 786667     /lib/i386-linux-gnu/libm-2.15.so
b6860000-b70d7000 r-xp 00000000 08:06 670953     /usr/local/java/jdk1.7.0_45/jre/lib/i386/server/libjvm.so
b70d7000-b713c000 rw-p 00876000 08:06 670953     /usr/local/java/jdk1.7.0_45/jre/lib/i386/server/libjvm.so
b713c000-b755f000 rw-p 00000000 00:00 0 
b755f000-b7703000 r-xp 00000000 08:06 786672     /lib/i386-linux-gnu/libc-2.15.so
b7703000-b7705000 r--p 001a4000 08:06 786672     /lib/i386-linux-gnu/libc-2.15.so
b7705000-b7706000 rw-p 001a6000 08:06 786672     /lib/i386-linux-gnu/libc-2.15.so
b7706000-b7709000 rw-p 00000000 00:00 0 
b7709000-b770c000 r-xp 00000000 08:06 786671     /lib/i386-linux-gnu/libdl-2.15.so
b770c000-b770d000 r--p 00002000 08:06 786671     /lib/i386-linux-gnu/libdl-2.15.so
b770d000-b770e000 rw-p 00003000 08:06 786671     /lib/i386-linux-gnu/libdl-2.15.so
b770e000-b770f000 rw-p 00000000 00:00 0 
b770f000-b7722000 r-xp 00000000 08:06 671956     /usr/local/java/jdk1.7.0_45/lib/i386/jli/libjli.so
b7722000-b7723000 rw-p 00012000 08:06 671956     /usr/local/java/jdk1.7.0_45/lib/i386/jli/libjli.so
b7723000-b773a000 r-xp 00000000 08:06 786661     /lib/i386-linux-gnu/libpthread-2.15.so
b773a000-b773b000 r--p 00016000 08:06 786661     /lib/i386-linux-gnu/libpthread-2.15.so
b773b000-b773c000 rw-p 00017000 08:06 786661     /lib/i386-linux-gnu/libpthread-2.15.so
b773c000-b773f000 rw-p 00000000 00:00 0 
b773f000-b7747000 rw-s 00000000 08:06 1074180    /tmp/hsperfdata_olek/13257
b7747000-b7748000 rw-p 00000000 00:00 0 
b7748000-b7749000 ---p 00000000 00:00 0 
b7749000-b7754000 r-xp 00000000 08:06 670968     /usr/local/java/jdk1.7.0_45/jre/lib/i386/libverify.so
b7754000-b7755000 rw-p 0000b000 08:06 670968     /usr/local/java/jdk1.7.0_45/jre/lib/i386/libverify.so
b7755000-b7757000 rw-p 00000000 00:00 0 
b7757000-b7758000 r-xp 00000000 00:00 0          [vdso]
b7758000-b7778000 r-xp 00000000 08:06 786662     /lib/i386-linux-gnu/ld-2.15.so
b7778000-b7779000 r--p 0001f000 08:06 786662     /lib/i386-linux-gnu/ld-2.15.so
b7779000-b777a000 rw-p 00020000 08:06 786662     /lib/i386-linux-gnu/ld-2.15.so
bfb4c000-bfb6e000 rw-p 00000000 00:00 0          [stack]

VM Arguments:
jvm_args: -Xmx1024M 
java_command: /usr/share/android-studio/data/sdk/build-tools/android-4.4W/lib/dx.jar --dex --num-threads=4 --output /home/olek/AndroidStudioProjects/Firsttest2/app/build/intermediates/dex/debug /home/olek/AndroidStudioProjects/Firsttest2/app/build/intermediates/classes/debug /home/olek/AndroidStudioProjects/Firsttest2/app/build/intermediates/dependency-cache/debug /home/olek/AndroidStudioProjects/Firsttest2/app/build/intermediates/pre-dexed/debug/jackson-annotations-2.4.0-cb75a2d511b85a812af8667b8e6cbd41ca81161d.jar /home/olek/AndroidStudioProjects/Firsttest2/app/build/intermediates/pre-dexed/debug/jackson-core-2.4.1-abab094ccc8171a3581dbf117bfc98c834d34e16.jar /home/olek/AndroidStudioProjects/Firsttest2/app/build/intermediates/pre-dexed/debug/robospice-1.4.12-54891fcdaa5b6e7126720b4c3bf19aa1d1d12d96.jar /home/olek/AndroidStudioProjects/Firsttest2/app/build/intermediates/pre-dexed/debug/support-v4-19.1.0-bfe6379f31d17615f5ca4b83bd0a7235fba0720f.jar /home/olek/AndroidStudioProjects/Firsttest2/app/build/intermediates/pre-dexed/debug/spring-android-rest-template-1.0.1.RELEASE-d69bda9f71829f66ccc26dbf30324a497520b789.jar /home/olek/AndroidStudioProjects/Firsttest2/app/build/intermediates/pre-dexed/debug/commons-lang3-3.2.1-ce66e2a0b6dd5aafc7a85ddb1fff9a86400cc123.jar /home/olek/AndroidStudioProjects/Firsttest2/app/build/intermediates/pre-dexed/debug/robospice-spring-android-1.4.12-37a8ecb64b28d3e2db88252c1754a30ef7167079.jar /home/olek/AndroidStudioProjects/Firsttest2/app/build/intermediates/pre-dexed/debug/spring-android-core-1.0.1.RELEASE-690c8a62e2ed6fc5c26e6c039a1f36098e236ea4.jar /home/olek/AndroidStudioProjects/Firsttest2/app/build/intermediates/pre-dexed/debug/universal-image-loader-1.9.2-278bc8616dd812ed278193cbaaf815ab1bc09e31.jar /home/olek/AndroidStudioProjects/Firsttest2/app/build/intermediates/pre-dexed/debug/robospice-cache-1.4.12-6f74321d8968bc7a2fef8dabcf7db5abababbfe2.jar /home/olek/AndroidStudioProjects/Firsttest2/app/build/intermediates/pre-dexed/de
Launcher Type: SUN_STANDARD

Environment Variables:
JAVA_HOME=/usr/local/java/jdk1.7.0_45
CLASSPATH=/usr/share/android-studio/data/bin/../lib/bootstrap.jar:/usr/share/android-studio/data/bin/../lib/extensions.jar:/usr/share/android-studio/data/bin/../lib/util.jar:/usr/share/android-studio/data/bin/../lib/jdom.jar:/usr/share/android-studio/data/bin/../lib/log4j.jar:/usr/share/android-studio/data/bin/../lib/trove4j.jar:/usr/share/android-studio/data/bin/../lib/jna.jar:/usr/local/java/jdk1.7.0_45/lib/tools.jar
PATH=/usr/lib/lightdm/lightdm:/usr/local/sbin:/usr/local/bin:/usr/sbin:/usr/bin:/sbin:/bin:/usr/games:/home/olek/bin:/usr/local/java/jdk1.7.0_45/bin
LD_LIBRARY_PATH=/usr/share/android-studio/data/bin:
SHELL=/bin/bash
DISPLAY=:0

Signal Handlers:
SIGSEGV: [libjvm.so+0x7dd350], sa_mask[0]=0x7ffbfeff, sa_flags=0x10000004
SIGBUS: [libjvm.so+0x7dd350], sa_mask[0]=0x7ffbfeff, sa_flags=0x10000004
SIGFPE: [libjvm.so+0x678b60], sa_mask[0]=0x7ffbfeff, sa_flags=0x10000004
SIGPIPE: [libjvm.so+0x678b60], sa_mask[0]=0x7ffbfeff, sa_flags=0x10000004
SIGXFSZ: [libjvm.so+0x678b60], sa_mask[0]=0x7ffbfeff, sa_flags=0x10000004
SIGILL: [libjvm.so+0x678b60], sa_mask[0]=0x7ffbfeff, sa_flags=0x10000004
SIGUSR1: SIG_DFL, sa_mask[0]=0x00000000, sa_flags=0x00000000
SIGUSR2: [libjvm.so+0x67a050], sa_mask[0]=0x00000004, sa_flags=0x10000004
SIGHUP: [libjvm.so+0x67b1a0], sa_mask[0]=0x7ffbfeff, sa_flags=0x10000004
SIGINT: [libjvm.so+0x67b1a0], sa_mask[0]=0x7ffbfeff, sa_flags=0x10000004
SIGTERM: [libjvm.so+0x67b1a0], sa_mask[0]=0x7ffbfeff, sa_flags=0x10000004
SIGQUIT: [libjvm.so+0x67b1a0], sa_mask[0]=0x7ffbfeff, sa_flags=0x10000004


---------------  S Y S T E M  ---------------

OS:wheezy/sid

uname:Linux 3.2.0-67-generic-pae #101-Ubuntu SMP Tue Jul 15 18:04:54 UTC 2014 i686
libc:glibc 2.15 NPTL 2.15 
rlimit: STACK 8192k, CORE 0k, NPROC 30461, NOFILE 4096, AS infinity
load average:1,86 0,76 0,56

/proc/meminfo:
MemTotal:        3913636 kB
MemFree:          156076 kB
Buffers:            8196 kB
Cached:           630960 kB
SwapCached:            0 kB
Active:          3202296 kB
Inactive:         463932 kB
Active(anon):    3162080 kB
Inactive(anon):   378764 kB
Active(file):      40216 kB
Inactive(file):    85168 kB
Unevictable:           0 kB
Mlocked:               0 kB
HighTotal:       3072916 kB
HighFree:            884 kB
LowTotal:         840720 kB
LowFree:          155192 kB
SwapTotal:             0 kB
SwapFree:              0 kB
Dirty:               200 kB
Writeback:          7188 kB
AnonPages:       3027316 kB
Mapped:           101736 kB
Shmem:            513680 kB
Slab:              43036 kB
SReclaimable:      19356 kB
SUnreclaim:        23680 kB
KernelStack:        5024 kB
PageTables:        21728 kB
NFS_Unstable:          0 kB
Bounce:                0 kB
WritebackTmp:          0 kB
CommitLimit:     1956816 kB
Committed_AS:    7134924 kB
VmallocTotal:     122880 kB
VmallocUsed:       59980 kB
VmallocChunk:      60148 kB
HardwareCorrupted:     0 kB
AnonHugePages:         0 kB
HugePages_Total:       0
HugePages_Free:        0
HugePages_Rsvd:        0
HugePages_Surp:        0
Hugepagesize:       2048 kB
DirectMap4k:       10232 kB
DirectMap2M:      903168 kB


CPU:total 4 (2 cores per cpu, 2 threads per core) family 6 model 37 stepping 5, cmov, cx8, fxsr, mmx, sse, sse2, sse3, ssse3, sse4.1, sse4.2, popcnt, ht, tsc, tscinvbit

/proc/cpuinfo:
processor	: 0
vendor_id	: GenuineIntel
cpu family	: 6
model		: 37
model name	: Intel(R) Core(TM) i3 CPU       M 380  @ 2.53GHz
stepping	: 5
microcode	: 0x2
cpu MHz		: 2533.000
cache size	: 3072 KB
physical id	: 0
siblings	: 4
core id		: 0
cpu cores	: 2
apicid		: 0
initial apicid	: 0
fdiv_bug	: no
hlt_bug		: no
f00f_bug	: no
coma_bug	: no
fpu		: yes
fpu_exception	: yes
cpuid level	: 11
wp		: yes
flags		: fpu vme de pse tsc msr pae mce cx8 apic sep mtrr pge mca cmov pat pse36 clflush dts acpi mmx fxsr sse sse2 ss ht tm pbe nx rdtscp lm constant_tsc arch_perfmon pebs bts xtopology nonstop_tsc aperfmperf pni dtes64 monitor ds_cpl vmx est tm2 ssse3 cx16 xtpr pdcm pcid sse4_1 sse4_2 popcnt lahf_lm arat dtherm tpr_shadow vnmi flexpriority ept vpid
bogomips	: 5053.83
clflush size	: 64
cache_alignment	: 64
address sizes	: 36 bits physical, 48 bits virtual
power management:

processor	: 1
vendor_id	: GenuineIntel
cpu family	: 6
model		: 37
model name	: Intel(R) Core(TM) i3 CPU       M 380  @ 2.53GHz
stepping	: 5
microcode	: 0x2
cpu MHz		: 933.000
cache size	: 3072 KB
physical id	: 0
siblings	: 4
core id		: 2
cpu cores	: 2
apicid		: 4
initial apicid	: 4
fdiv_bug	: no
hlt_bug		: no
f00f_bug	: no
coma_bug	: no
fpu		: yes
fpu_exception	: yes
cpuid level	: 11
wp		: yes
flags		: fpu vme de pse tsc msr pae mce cx8 apic sep mtrr pge mca cmov pat pse36 clflush dts acpi mmx fxsr sse sse2 ss ht tm pbe nx rdtscp lm constant_tsc arch_perfmon pebs bts xtopology nonstop_tsc aperfmperf pni dtes64 monitor ds_cpl vmx est tm2 ssse3 cx16 xtpr pdcm pcid sse4_1 sse4_2 popcnt lahf_lm arat dtherm tpr_shadow vnmi flexpriority ept vpid
bogomips	: 5054.20
clflush size	: 64
cache_alignment	: 64
address sizes	: 36 bits physical, 48 bits virtual
power management:

processor	: 2
vendor_id	: GenuineIntel
cpu family	: 6
model		: 37
model name	: Intel(R) Core(TM) i3 CPU       M 380  @ 2.53GHz
stepping	: 5
microcode	: 0x2
cpu MHz		: 2266.000
cache size	: 3072 KB
physical id	: 0
siblings	: 4
core id		: 0
cpu cores	: 2
apicid		: 1
initial apicid	: 1
fdiv_bug	: no
hlt_bug		: no
f00f_bug	: no
coma_bug	: no
fpu		: yes
fpu_exception	: yes
cpuid level	: 11
wp		: yes
flags		: fpu vme de pse tsc msr pae mce cx8 apic sep mtrr pge mca cmov pat pse36 clflush dts acpi mmx fxsr sse sse2 ss ht tm pbe nx rdtscp lm constant_tsc arch_perfmon pebs bts xtopology nonstop_tsc aperfmperf pni dtes64 monitor ds_cpl vmx est tm2 ssse3 cx16 xtpr pdcm pcid sse4_1 sse4_2 popcnt lahf_lm arat dtherm tpr_shadow vnmi flexpriority ept vpid
bogomips	: 5054.18
clflush size	: 64
cache_alignment	: 64
address sizes	: 36 bits physical, 48 bits virtual
power management:

processor	: 3
vendor_id	: GenuineIntel
cpu family	: 6
model		: 37
model name	: Intel(R) Core(TM) i3 CPU       M 380  @ 2.53GHz
stepping	: 5
microcode	: 0x2
cpu MHz		: 2533.000
cache size	: 3072 KB
physical id	: 0
siblings	: 4
core id		: 2
cpu cores	: 2
apicid		: 5
initial apicid	: 5
fdiv_bug	: no
hlt_bug		: no
f00f_bug	: no
coma_bug	: no
fpu		: yes
fpu_exception	: yes
cpuid level	: 11
wp		: yes
flags		: fpu vme de pse tsc msr pae mce cx8 apic sep mtrr pge mca cmov pat pse36 clflush dts acpi mmx fxsr sse sse2 ss ht tm pbe nx rdtscp lm constant_tsc arch_perfmon pebs bts xtopology nonstop_tsc aperfmperf pni dtes64 monitor ds_cpl vmx est tm2 ssse3 cx16 xtpr pdcm pcid sse4_1 sse4_2 popcnt lahf_lm arat dtherm tpr_shadow vnmi flexpriority ept vpid
bogomips	: 5054.19
clflush size	: 64
cache_alignment	: 64
address sizes	: 36 bits physical, 48 bits virtual
power management:



Memory: 4k page, physical 3913636k(156324k free), swap 0k(0k free)

vm_info: Java HotSpot(TM) Server VM (24.45-b08) for linux-x86 JRE (1.7.0_45-b18), built on Oct  8 2013 05:44:51 by "java_re" with gcc 4.3.0 20080428 (Red Hat 4.3.0-8)

time: Mon Aug  4 15:38:20 2014
elapsed time: 4 seconds

