#
# There is insufficient memory for the Java Runtime Environment to continue.
# Native memory allocation (malloc) failed to allocate 15728640 bytes for committing reserved memory.
# Possible reasons:
#   The system is out of physical RAM or swap space
#   In 32 bit mode, the process size limit was hit
# Possible solutions:
#   Reduce memory load on the system
#   Increase physical memory or swap space
#   Check if swap backing store is full
#   Use 64 bit Java on a 64 bit OS
#   Decrease Java heap size (-Xmx/-Xms)
#   Decrease number of Java threads
#   Decrease Java thread stack sizes (-Xss)
#   Set larger code cache with -XX:ReservedCodeCacheSize=
# This output file may be truncated or incomplete.
#
#  Out of Memory Error (os_linux.cpp:2718), pid=13542, tid=1813744448
#
# JRE version: Java(TM) SE Runtime Environment (7.0_45-b18) (build 1.7.0_45-b18)
# Java VM: Java HotSpot(TM) Server VM (24.45-b08 mixed mode linux-x86 )
# Failed to write core dump. Core dumps have been disabled. To enable core dumping, try "ulimit -c unlimited" before starting Java again
#

---------------  T H R E A D  ---------------

Current thread (0x6c081400):  VMThread [stack: 0x6c138000,0x6c1b9000] [id=13557]

Stack: [0x6c138000,0x6c1b9000],  sp=0x6c1b79e0,  free space=510k
Native frames: (J=compiled Java code, j=interpreted, Vv=VM code, C=native code)
V  [libjvm.so+0x7dc836]  VMError::report_and_die()+0x1a6
V  [libjvm.so+0x33a5c2]  report_vm_out_of_memory(char const*, int, unsigned int, char const*)+0x72
V  [libjvm.so+0x67bc21]  os::Linux::commit_memory_impl(char*, unsigned int, bool)+0xe1
V  [libjvm.so+0x67c077]  os::Linux::commit_memory_impl(char*, unsigned int, unsigned int, bool)+0x47
V  [libjvm.so+0x67c23d]  os::pd_commit_memory(char*, unsigned int, unsigned int, bool)+0x1d
V  [libjvm.so+0x675c8c]  os::commit_memory(char*, unsigned int, unsigned int, bool)+0x2c
V  [libjvm.so+0x6df178]  PSVirtualSpace::expand_by(unsigned int)+0x48
V  [libjvm.so+0x6e027a]  PSYoungGen::resize_generation(unsigned int, unsigned int)+0xda
V  [libjvm.so+0x6df5b9]  PSYoungGen::resize(unsigned int, unsigned int)+0x19
V  [libjvm.so+0x6dd31b]  PSScavenge::invoke_no_policy()+0x105b
V  [libjvm.so+0x6dd748]  PSScavenge::invoke()+0x28
V  [libjvm.so+0x69b9aa]  ParallelScavengeHeap::failed_mem_allocate(unsigned int)+0x5a
V  [libjvm.so+0x7de0da]  VM_ParallelGCFailedAllocation::doit()+0x7a
V  [libjvm.so+0x7e6e97]  VM_Operation::evaluate()+0x47
V  [libjvm.so+0x7e4f93]  VMThread::evaluate_operation(VM_Operation*)+0xb3
V  [libjvm.so+0x7e5330]  VMThread::loop()+0x1b0
V  [libjvm.so+0x7e5795]  VMThread::run()+0x85
V  [libjvm.so+0x67e0f9]  java_start(Thread*)+0x119
C  [libpthread.so.0+0x6d4c]  start_thread+0xcc

VM_Operation (0xb6811cb4): ParallelGCFailedAllocation, mode: safepoint, requested by thread 0xb6608800


---------------  P R O C E S S  ---------------

Java Threads: ( => current thread )
  0x6c0be800 JavaThread "pool-1-thread-4" [_thread_blocked, id=13569, stack(0x6b765000,0x6b7b6000)]
  0x6c0ccc00 JavaThread "pool-1-thread-3" [_thread_blocked, id=13568, stack(0x6b7b6000,0x6b807000)]
  0x6c0bfc00 JavaThread "pool-1-thread-2" [_thread_blocked, id=13567, stack(0x6b807000,0x6b858000)]
  0x6c0cbc00 JavaThread "pool-1-thread-1" [_thread_blocked, id=13566, stack(0x6b858000,0x6b8a9000)]
  0x6c09a800 JavaThread "Service Thread" daemon [_thread_blocked, id=13564, stack(0x6b92a000,0x6b97b000)]
  0x6c098c00 JavaThread "C2 CompilerThread1" daemon [_thread_blocked, id=13563, stack(0x6b97b000,0x6b9fc000)]
  0x6c096c00 JavaThread "C2 CompilerThread0" daemon [_thread_blocked, id=13562, stack(0x6b9fc000,0x6ba7d000)]
  0x6c095000 JavaThread "Signal Dispatcher" daemon [_thread_blocked, id=13561, stack(0x6ba7d000,0x6bace000)]
  0x6c085800 JavaThread "Finalizer" daemon [_thread_blocked, id=13559, stack(0x6eb2e000,0x6eb7f000)]
  0x6c082c00 JavaThread "Reference Handler" daemon [_thread_blocked, id=13558, stack(0x6ed2e000,0x6ed7f000)]
  0xb6608800 JavaThread "main" [_thread_blocked, id=13551, stack(0xb67c2000,0xb6813000)]

Other Threads:
=>0x6c081400 VMThread [stack: 0x6c138000,0x6c1b9000] [id=13557]
  0x6c09c800 WatcherThread [stack: 0x6b8a9000,0x6b92a000] [id=13565]

VM state:at safepoint (normal execution)

VM Mutex/Monitor currently owned by a thread:  ([mutex/lock_event])
[0xb6606020] Threads_lock - owner thread: 0x6c081400
[0xb6606430] Heap_lock - owner thread: 0xb6608800

Heap
 PSYoungGen      total 17920K, used 2547K [0x9df80000, 0x9f380000, 0xb3500000)
  eden space 15360K, 0% used [0x9df80000,0x9df80000,0x9ee80000)
  from space 2560K, 99% used [0x9f100000,0x9f37ce58,0x9f380000)
  to   space 2560K, 0% used [0x9ee80000,0x9ee80000,0x9f100000)
 ParOldGen       total 40704K, used 5223K [0x73500000, 0x75cc0000, 0x9df80000)
  object space 40704K, 12% used [0x73500000,0x73a19e18,0x75cc0000)
 PSPermGen       total 16384K, used 2359K [0x6f500000, 0x70500000, 0x73500000)
  object space 16384K, 14% used [0x6f500000,0x6f74dca0,0x70500000)

Card table byte_map: [0x6f2df000,0x6f500000] byte_map_base: 0x6ef64800

Polling page: 0xb7727000

Code Cache  [0xb35e0000, 0xb3820000, 0xb65e0000)
 total_blobs=125 nmethods=4 adapters=76 free_code_cache=48852Kb largest_free_block=50007552

Compilation events (8 events):
Event: 1,344 Thread 0x6c096c00    1             java.lang.String::indexOf (70 bytes)
Event: 1,357 Thread 0x6c096c00 nmethod 1 0xb3629b48 code [0xb3629c40, 0xb3629dbc]
Event: 1,379 Thread 0x6c098c00    2             java.lang.String::lastIndexOf (52 bytes)
Event: 1,382 Thread 0x6c098c00 nmethod 2 0xb3629848 code [0xb3629940, 0xb3629a7c]
Event: 1,390 Thread 0x6c096c00    3             java.lang.String::hashCode (55 bytes)
Event: 1,396 Thread 0x6c096c00 nmethod 3 0xb3629548 code [0xb3629640, 0xb36297b0]
Event: 1,495 Thread 0x6c098c00    4             sun.nio.cs.UTF_8$Encoder::encode (361 bytes)
Event: 1,506 Thread 0x6c098c00 nmethod 4 0xb362ce08 code [0xb362cf20, 0xb362d3bc]

GC Heap History (3 events):
Event: 1,929 GC heap before
{Heap before GC invocations=1 (full 0):
 PSYoungGen      total 17920K, used 14130K [0x9df80000, 0x9f380000, 0xb3500000)
  eden space 15360K, 91% used [0x9df80000,0x9ed4ca58,0x9ee80000)
  from space 2560K, 0% used [0x9f100000,0x9f100000,0x9f380000)
  to   space 2560K, 0% used [0x9ee80000,0x9ee80000,0x9f100000)
 ParOldGen       total 40704K, used 0K [0x73500000, 0x75cc0000, 0x9df80000)
  object space 40704K, 0% used [0x73500000,0x73500000,0x75cc0000)
 PSPermGen       total 16384K, used 2330K [0x6f500000, 0x70500000, 0x73500000)
  object space 16384K, 14% used [0x6f500000,0x6f746ab8,0x70500000)
Event: 1,937 GC heap after
Heap after GC invocations=1 (full 0):
 PSYoungGen      total 17920K, used 2552K [0x9df80000, 0x9f380000, 0xb3500000)
  eden space 15360K, 0% used [0x9df80000,0x9df80000,0x9ee80000)
  from space 2560K, 99% used [0x9ee80000,0x9f0fe290,0x9f100000)
  to   space 2560K, 0% used [0x9f100000,0x9f100000,0x9f380000)
 ParOldGen       total 40704K, used 1885K [0x73500000, 0x75cc0000, 0x9df80000)
  object space 40704K, 4% used [0x73500000,0x736d7768,0x75cc0000)
 PSPermGen       total 16384K, used 2330K [0x6f500000, 0x70500000, 0x73500000)
  object space 16384K, 14% used [0x6f500000,0x6f746ab8,0x70500000)
}
Event: 2,174 GC heap before
{Heap before GC invocations=2 (full 0):
 PSYoungGen      total 17920K, used 17842K [0x9df80000, 0x9f380000, 0xb3500000)
  eden space 15360K, 99% used [0x9df80000,0x9ee6e720,0x9ee80000)
  from space 2560K, 99% used [0x9ee80000,0x9f0fe290,0x9f100000)
  to   space 2560K, 0% used [0x9f100000,0x9f100000,0x9f380000)
 ParOldGen       total 40704K, used 1885K [0x73500000, 0x75cc0000, 0x9df80000)
  object space 40704K, 4% used [0x73500000,0x736d7768,0x75cc0000)
 PSPermGen       total 16384K, used 2359K [0x6f500000, 0x70500000, 0x73500000)
  object space 16384K, 14% used [0x6f500000,0x6f74dca0,0x70500000)

Deoptimization events (0 events):
No events

Internal exceptions (10 events):
Event: 1,896 Thread 0x6c0be800 Threw 0x9e1bc560 at /HUDSON/workspace/7u-2-build-linux-i586/jdk7u45/229/hotspot/src/share/vm/prims/jvm.cpp:1244
Event: 1,897 Thread 0x6c0be800 Threw 0x9e1bf390 at /HUDSON/workspace/7u-2-build-linux-i586/jdk7u45/229/hotspot/src/share/vm/prims/jvm.cpp:1244
Event: 1,898 Thread 0x6c0be800 Threw 0x9e1c13d8 at /HUDSON/workspace/7u-2-build-linux-i586/jdk7u45/229/hotspot/src/share/vm/prims/jvm.cpp:1244
Event: 1,898 Thread 0x6c0be800 Threw 0x9e1c4218 at /HUDSON/workspace/7u-2-build-linux-i586/jdk7u45/229/hotspot/src/share/vm/prims/jvm.cpp:1244
Event: 1,899 Thread 0x6c0be800 Threw 0x9e1c6d68 at /HUDSON/workspace/7u-2-build-linux-i586/jdk7u45/229/hotspot/src/share/vm/prims/jvm.cpp:1244
Event: 1,900 Thread 0x6c0be800 Threw 0x9e1c8df8 at /HUDSON/workspace/7u-2-build-linux-i586/jdk7u45/229/hotspot/src/share/vm/prims/jvm.cpp:1244
Event: 1,902 Thread 0x6c0bfc00 Threw 0x9e101c38 at /HUDSON/workspace/7u-2-build-linux-i586/jdk7u45/229/hotspot/src/share/vm/prims/jvm.cpp:1244
Event: 2,131 Thread 0x6c0ccc00 Threw 0x9eb742f0 at /HUDSON/workspace/7u-2-build-linux-i586/jdk7u45/229/hotspot/src/share/vm/prims/jvm.cpp:1244
Event: 2,132 Thread 0x6c0be800 Threw 0x9ebc2f68 at /HUDSON/workspace/7u-2-build-linux-i586/jdk7u45/229/hotspot/src/share/vm/prims/jvm.cpp:1244
Event: 2,133 Thread 0x6c0be800 Threw 0x9ebc8338 at /HUDSON/workspace/7u-2-build-linux-i586/jdk7u45/229/hotspot/src/share/vm/prims/jvm.cpp:1244

Events (10 events):
Event: 1,929 Executing VM operation: ParallelGCFailedAllocation
Event: 1,938 Executing VM operation: ParallelGCFailedAllocation done
Event: 2,131 loading class 0x6bf11c38
Event: 2,131 loading class 0x6bf11c38 done
Event: 2,132 loading class 0x6f003490
Event: 2,132 loading class 0x6f003490 done
Event: 2,133 loading class 0x6bf07768
Event: 2,133 loading class 0x6bf07768 done
Event: 2,134 loading class 0x6ef24f98
Event: 2,174 Executing VM operation: ParallelGCFailedAllocation


Dynamic libraries:
08048000-08049000 r-xp 00000000 08:06 671014     /usr/local/java/jdk1.7.0_45/bin/java
08049000-0804a000 rw-p 00000000 08:06 671014     /usr/local/java/jdk1.7.0_45/bin/java
09e46000-09e67000 rw-p 00000000 00:00 0          [heap]
6b600000-6b63d000 rw-p 00000000 00:00 0 
6b63d000-6b700000 ---p 00000000 00:00 0 
6b765000-6b768000 ---p 00000000 00:00 0 
6b768000-6b7b6000 rw-p 00000000 00:00 0 
6b7b6000-6b7b9000 ---p 00000000 00:00 0 
6b7b9000-6b807000 rw-p 00000000 00:00 0 
6b807000-6b80a000 ---p 00000000 00:00 0 
6b80a000-6b858000 rw-p 00000000 00:00 0 
6b858000-6b85b000 ---p 00000000 00:00 0 
6b85b000-6b8a9000 rw-p 00000000 00:00 0 
6b8a9000-6b8aa000 ---p 00000000 00:00 0 
6b8aa000-6b92a000 rw-p 00000000 00:00 0 
6b92a000-6b92d000 ---p 00000000 00:00 0 
6b92d000-6b97b000 rw-p 00000000 00:00 0 
6b97b000-6b97e000 ---p 00000000 00:00 0 
6b97e000-6b9fc000 rw-p 00000000 00:00 0 
6b9fc000-6b9ff000 ---p 00000000 00:00 0 
6b9ff000-6ba7d000 rw-p 00000000 00:00 0 
6ba7d000-6ba80000 ---p 00000000 00:00 0 
6ba80000-6bace000 rw-p 00000000 00:00 0 
6bace000-6bc00000 r--p 002c8000 08:06 392632     /usr/lib/locale/locale-archive
6bc00000-6be00000 r--p 00000000 08:06 392632     /usr/lib/locale/locale-archive
6be00000-6be4f000 rw-p 00000000 00:00 0 
6be4f000-6bf00000 ---p 00000000 00:00 0 
6bf00000-6bf21000 rw-p 00000000 00:00 0 
6bf21000-6c000000 ---p 00000000 00:00 0 
6c000000-6c100000 rw-p 00000000 00:00 0 
6c138000-6c139000 ---p 00000000 00:00 0 
6c139000-6c204000 rw-p 00000000 00:00 0 
6c204000-6c3c0000 r--s 039b2000 08:06 393573     /usr/local/java/jdk1.7.0_45/jre/lib/rt.jar
6c3c0000-6ea00000 rw-p 00000000 00:00 0 
6ea00000-6ea32000 rw-p 00000000 00:00 0 
6ea32000-6eb00000 ---p 00000000 00:00 0 
6eb2e000-6eb31000 ---p 00000000 00:00 0 
6eb31000-6eb7f000 rw-p 00000000 00:00 0 
6eb7f000-6eb80000 ---p 00000000 00:00 0 
6eb80000-6ec00000 rw-p 00000000 00:00 0 
6ec00000-6ec21000 rw-p 00000000 00:00 0 
6ec21000-6ed00000 ---p 00000000 00:00 0 
6ed2e000-6ed31000 ---p 00000000 00:00 0 
6ed31000-6ed7f000 rw-p 00000000 00:00 0 
6ed7f000-6ed80000 ---p 00000000 00:00 0 
6ed80000-6ee00000 rw-p 00000000 00:00 0 
6ee00000-6ee21000 rw-p 00000000 00:00 0 
6ee21000-6ef00000 ---p 00000000 00:00 0 
6ef24000-6ef7f000 rw-p 00000000 00:00 0 
6ef7f000-6ef80000 ---p 00000000 00:00 0 
6ef80000-6f000000 rw-p 00000000 00:00 0 
6f000000-6f021000 rw-p 00000000 00:00 0 
6f021000-6f100000 ---p 00000000 00:00 0 
6f108000-6f109000 ---p 00000000 00:00 0 
6f109000-6f19d000 rw-p 00000000 00:00 0 
6f19d000-6f2df000 rw-p 00000000 00:00 0 
6f2df000-6f2e7000 rw-p 00000000 00:00 0 
6f2e7000-6f2ff000 rw-p 00000000 00:00 0 
6f2ff000-6f313000 rw-p 00000000 00:00 0 
6f313000-6f454000 rw-p 00000000 00:00 0 
6f454000-6f45f000 rw-p 00000000 00:00 0 
6f45f000-6f4ff000 rw-p 00000000 00:00 0 
6f4ff000-70500000 rw-p 00000000 00:00 0 
70500000-73500000 rw-p 00000000 00:00 0 
73500000-75cc0000 rw-p 00000000 00:00 0 
75cc0000-9df80000 rw-p 00000000 00:00 0 
9df80000-9f380000 rw-p 00000000 00:00 0 
a003c000-a0255000 rw-p 00000000 00:00 0 
a0255000-a025c000 r--s 00000000 08:06 399305     /usr/lib/i386-linux-gnu/gconv/gconv-modules.cache
a025c000-a0280000 r--p 00000000 08:06 1317469    /usr/share/locale-langpack/pl/LC_MESSAGES/libc.mo
a0280000-b3500000 rw-p 00000000 00:00 0 
b3506000-b3529000 rw-p 00000000 00:00 0 
b3529000-b35e0000 rw-p 00000000 00:00 0 
b35e0000-b3820000 rwxp 00000000 00:00 0 
b3820000-b65e0000 rw-p 00000000 00:00 0 
b65e0000-b65e7000 r-xp 00000000 08:06 786670     /lib/i386-linux-gnu/libnss_compat-2.15.so
b65e7000-b65e8000 r--p 00006000 08:06 786670     /lib/i386-linux-gnu/libnss_compat-2.15.so
b65e8000-b65e9000 rw-p 00007000 08:06 786670     /lib/i386-linux-gnu/libnss_compat-2.15.so
b65ea000-b65ff000 r-xp 00000000 08:06 670957     /usr/local/java/jdk1.7.0_45/jre/lib/i386/libnet.so
b65ff000-b6600000 rw-p 00014000 08:06 670957     /usr/local/java/jdk1.7.0_45/jre/lib/i386/libnet.so
b6600000-b66f6000 rw-p 00000000 00:00 0 
b66f6000-b6700000 ---p 00000000 00:00 0 
b6704000-b6712000 r-xp 00000000 08:06 670404     /usr/local/java/jdk1.7.0_45/jre/lib/i386/libnio.so
b6712000-b6713000 rw-p 0000e000 08:06 670404     /usr/local/java/jdk1.7.0_45/jre/lib/i386/libnio.so
b6713000-b671b000 rw-p 00000000 00:00 0 
b671b000-b6733000 rw-p 00000000 00:00 0 
b6733000-b674a000 r-xp 00000000 08:06 670944     /usr/local/java/jdk1.7.0_45/jre/lib/i386/libzip.so
b674a000-b674b000 rw-p 00017000 08:06 670944     /usr/local/java/jdk1.7.0_45/jre/lib/i386/libzip.so
b674b000-b6756000 r-xp 00000000 08:06 786669     /lib/i386-linux-gnu/libnss_files-2.15.so
b6756000-b6757000 r--p 0000a000 08:06 786669     /lib/i386-linux-gnu/libnss_files-2.15.so
b6757000-b6758000 rw-p 0000b000 08:06 786669     /lib/i386-linux-gnu/libnss_files-2.15.so
b6758000-b6762000 r-xp 00000000 08:06 786668     /lib/i386-linux-gnu/libnss_nis-2.15.so
b6762000-b6763000 r--p 00009000 08:06 786668     /lib/i386-linux-gnu/libnss_nis-2.15.so
b6763000-b6764000 rw-p 0000a000 08:06 786668     /lib/i386-linux-gnu/libnss_nis-2.15.so
b676a000-b676b000 rw-p 00000000 00:00 0 
b676b000-b676d000 r--s 00040000 08:06 142539     /home/olek/AndroidStudioProjects/Firsttest2/app/build/intermediates/pre-dexed/debug/jackson-mapper-asl-1.9.11-d0e7cfe9860347dafaca0e53a48bae036a7e1a39.jar
b676d000-b677b000 r--s 000b4000 08:06 546427     /usr/share/android-studio/data/sdk/build-tools/android-4.4W/lib/dx.jar
b677b000-b6791000 r-xp 00000000 08:06 786655     /lib/i386-linux-gnu/libnsl-2.15.so
b6791000-b6792000 r--p 00015000 08:06 786655     /lib/i386-linux-gnu/libnsl-2.15.so
b6792000-b6793000 rw-p 00016000 08:06 786655     /lib/i386-linux-gnu/libnsl-2.15.so
b6793000-b6795000 rw-p 00000000 00:00 0 
b6795000-b67b8000 r-xp 00000000 08:06 664766     /usr/local/java/jdk1.7.0_45/jre/lib/i386/libjava.so
b67b8000-b67b9000 rw-p 00022000 08:06 664766     /usr/local/java/jdk1.7.0_45/jre/lib/i386/libjava.so
b67b9000-b67c0000 r-xp 00000000 08:06 786663     /lib/i386-linux-gnu/librt-2.15.so
b67c0000-b67c1000 r--p 00006000 08:06 786663     /lib/i386-linux-gnu/librt-2.15.so
b67c1000-b67c2000 rw-p 00007000 08:06 786663     /lib/i386-linux-gnu/librt-2.15.so
b67c2000-b67c5000 ---p 00000000 00:00 0 
b67c5000-b6813000 rw-p 00000000 00:00 0 
b6813000-b683d000 r-xp 00000000 08:06 786667     /lib/i386-linux-gnu/libm-2.15.so
b683d000-b683e000 r--p 00029000 08:06 786667     /lib/i386-linux-gnu/libm-2.15.so
b683e000-b683f000 rw-p 0002a000 08:06 786667     /lib/i386-linux-gnu/libm-2.15.so
b683f000-b70b6000 r-xp 00000000 08:06 670953     /usr/local/java/jdk1.7.0_45/jre/lib/i386/server/libjvm.so
b70b6000-b711b000 rw-p 00876000 08:06 670953     /usr/local/java/jdk1.7.0_45/jre/lib/i386/server/libjvm.so
b711b000-b753e000 rw-p 00000000 00:00 0 
b753e000-b76e2000 r-xp 00000000 08:06 786672     /lib/i386-linux-gnu/libc-2.15.so
b76e2000-b76e4000 r--p 001a4000 08:06 786672     /lib/i386-linux-gnu/libc-2.15.so
b76e4000-b76e5000 rw-p 001a6000 08:06 786672     /lib/i386-linux-gnu/libc-2.15.so
b76e5000-b76e8000 rw-p 00000000 00:00 0 
b76e8000-b76eb000 r-xp 00000000 08:06 786671     /lib/i386-linux-gnu/libdl-2.15.so
b76eb000-b76ec000 r--p 00002000 08:06 786671     /lib/i386-linux-gnu/libdl-2.15.so
b76ec000-b76ed000 rw-p 00003000 08:06 786671     /lib/i386-linux-gnu/libdl-2.15.so
b76ed000-b76ee000 rw-p 00000000 00:00 0 
b76ee000-b7701000 r-xp 00000000 08:06 671956     /usr/local/java/jdk1.7.0_45/lib/i386/jli/libjli.so
b7701000-b7702000 rw-p 00012000 08:06 671956     /usr/local/java/jdk1.7.0_45/lib/i386/jli/libjli.so
b7702000-b7719000 r-xp 00000000 08:06 786661     /lib/i386-linux-gnu/libpthread-2.15.so
b7719000-b771a000 r--p 00016000 08:06 786661     /lib/i386-linux-gnu/libpthread-2.15.so
b771a000-b771b000 rw-p 00017000 08:06 786661     /lib/i386-linux-gnu/libpthread-2.15.so
b771b000-b771e000 rw-p 00000000 00:00 0 
b771e000-b7726000 rw-s 00000000 08:06 1074182    /tmp/hsperfdata_olek/13542
b7726000-b7727000 rw-p 00000000 00:00 0 
b7727000-b7728000 ---p 00000000 00:00 0 
b7728000-b7733000 r-xp 00000000 08:06 670968     /usr/local/java/jdk1.7.0_45/jre/lib/i386/libverify.so
b7733000-b7734000 rw-p 0000b000 08:06 670968     /usr/local/java/jdk1.7.0_45/jre/lib/i386/libverify.so
b7734000-b7736000 rw-p 00000000 00:00 0 
b7736000-b7737000 r-xp 00000000 00:00 0          [vdso]
b7737000-b7757000 r-xp 00000000 08:06 786662     /lib/i386-linux-gnu/ld-2.15.so
b7757000-b7758000 r--p 0001f000 08:06 786662     /lib/i386-linux-gnu/ld-2.15.so
b7758000-b7759000 rw-p 00020000 08:06 786662     /lib/i386-linux-gnu/ld-2.15.so
bfc19000-bfc3b000 rw-p 00000000 00:00 0          [stack]

VM Arguments:
jvm_args: -Xmx1024M 
java_command: /usr/share/android-studio/data/sdk/build-tools/android-4.4W/lib/dx.jar --dex --num-threads=4 --output /home/olek/AndroidStudioProjects/Firsttest2/app/build/intermediates/dex/debug /home/olek/AndroidStudioProjects/Firsttest2/app/build/intermediates/classes/debug /home/olek/AndroidStudioProjects/Firsttest2/app/build/intermediates/dependency-cache/debug /home/olek/AndroidStudioProjects/Firsttest2/app/build/intermediates/pre-dexed/debug/jackson-annotations-2.4.0-cb75a2d511b85a812af8667b8e6cbd41ca81161d.jar /home/olek/AndroidStudioProjects/Firsttest2/app/build/intermediates/pre-dexed/debug/jackson-core-2.4.1-abab094ccc8171a3581dbf117bfc98c834d34e16.jar /home/olek/AndroidStudioProjects/Firsttest2/app/build/intermediates/pre-dexed/debug/robospice-1.4.12-54891fcdaa5b6e7126720b4c3bf19aa1d1d12d96.jar /home/olek/AndroidStudioProjects/Firsttest2/app/build/intermediates/pre-dexed/debug/support-v4-19.1.0-bfe6379f31d17615f5ca4b83bd0a7235fba0720f.jar /home/olek/AndroidStudioProjects/Firsttest2/app/build/intermediates/pre-dexed/debug/spring-android-rest-template-1.0.1.RELEASE-d69bda9f71829f66ccc26dbf30324a497520b789.jar /home/olek/AndroidStudioProjects/Firsttest2/app/build/intermediates/pre-dexed/debug/commons-lang3-3.2.1-ce66e2a0b6dd5aafc7a85ddb1fff9a86400cc123.jar /home/olek/AndroidStudioProjects/Firsttest2/app/build/intermediates/pre-dexed/debug/robospice-spring-android-1.4.12-37a8ecb64b28d3e2db88252c1754a30ef7167079.jar /home/olek/AndroidStudioProjects/Firsttest2/app/build/intermediates/pre-dexed/debug/spring-android-core-1.0.1.RELEASE-690c8a62e2ed6fc5c26e6c039a1f36098e236ea4.jar /home/olek/AndroidStudioProjects/Firsttest2/app/build/intermediates/pre-dexed/debug/universal-image-loader-1.9.2-278bc8616dd812ed278193cbaaf815ab1bc09e31.jar /home/olek/AndroidStudioProjects/Firsttest2/app/build/intermediates/pre-dexed/debug/robospice-cache-1.4.12-6f74321d8968bc7a2fef8dabcf7db5abababbfe2.jar /home/olek/AndroidStudioProjects/Firsttest2/app/build/intermediates/pre-dexed/de
Launcher Type: SUN_STANDARD

Environment Variables:
JAVA_HOME=/usr/local/java/jdk1.7.0_45
CLASSPATH=/usr/share/android-studio/data/bin/../lib/bootstrap.jar:/usr/share/android-studio/data/bin/../lib/extensions.jar:/usr/share/android-studio/data/bin/../lib/util.jar:/usr/share/android-studio/data/bin/../lib/jdom.jar:/usr/share/android-studio/data/bin/../lib/log4j.jar:/usr/share/android-studio/data/bin/../lib/trove4j.jar:/usr/share/android-studio/data/bin/../lib/jna.jar:/usr/local/java/jdk1.7.0_45/lib/tools.jar
PATH=/usr/lib/lightdm/lightdm:/usr/local/sbin:/usr/local/bin:/usr/sbin:/usr/bin:/sbin:/bin:/usr/games:/home/olek/bin:/usr/local/java/jdk1.7.0_45/bin
LD_LIBRARY_PATH=/usr/share/android-studio/data/bin:
SHELL=/bin/bash
DISPLAY=:0

Signal Handlers:
SIGSEGV: [libjvm.so+0x7dd350], sa_mask[0]=0x7ffbfeff, sa_flags=0x10000004
SIGBUS: [libjvm.so+0x7dd350], sa_mask[0]=0x7ffbfeff, sa_flags=0x10000004
SIGFPE: [libjvm.so+0x678b60], sa_mask[0]=0x7ffbfeff, sa_flags=0x10000004
SIGPIPE: [libjvm.so+0x678b60], sa_mask[0]=0x7ffbfeff, sa_flags=0x10000004
SIGXFSZ: [libjvm.so+0x678b60], sa_mask[0]=0x7ffbfeff, sa_flags=0x10000004
SIGILL: [libjvm.so+0x678b60], sa_mask[0]=0x7ffbfeff, sa_flags=0x10000004
SIGUSR1: SIG_DFL, sa_mask[0]=0x00000000, sa_flags=0x00000000
SIGUSR2: [libjvm.so+0x67a050], sa_mask[0]=0x00000004, sa_flags=0x10000004
SIGHUP: [libjvm.so+0x67b1a0], sa_mask[0]=0x7ffbfeff, sa_flags=0x10000004
SIGINT: [libjvm.so+0x67b1a0], sa_mask[0]=0x7ffbfeff, sa_flags=0x10000004
SIGTERM: [libjvm.so+0x67b1a0], sa_mask[0]=0x7ffbfeff, sa_flags=0x10000004
SIGQUIT: [libjvm.so+0x67b1a0], sa_mask[0]=0x7ffbfeff, sa_flags=0x10000004


---------------  S Y S T E M  ---------------

OS:wheezy/sid

uname:Linux 3.2.0-67-generic-pae #101-Ubuntu SMP Tue Jul 15 18:04:54 UTC 2014 i686
libc:glibc 2.15 NPTL 2.15 
rlimit: STACK 8192k, CORE 0k, NPROC 30461, NOFILE 4096, AS infinity
load average:2,40 1,48 0,91

/proc/meminfo:
MemTotal:        3913636 kB
MemFree:          156680 kB
Buffers:           10348 kB
Cached:           590856 kB
SwapCached:            0 kB
Active:          3248076 kB
Inactive:         418576 kB
Active(anon):    3200308 kB
Inactive(anon):   375032 kB
Active(file):      47768 kB
Inactive(file):    43544 kB
Unevictable:           0 kB
Mlocked:               0 kB
HighTotal:       3072916 kB
HighFree:           1192 kB
LowTotal:         840720 kB
LowFree:          155488 kB
SwapTotal:             0 kB
SwapFree:              0 kB
Dirty:                48 kB
Writeback:            12 kB
AnonPages:       3065388 kB
Mapped:            85504 kB
Shmem:            509956 kB
Slab:              42364 kB
SReclaimable:      18448 kB
SUnreclaim:        23916 kB
KernelStack:        5144 kB
PageTables:        21996 kB
NFS_Unstable:          0 kB
Bounce:                0 kB
WritebackTmp:          0 kB
CommitLimit:     1956816 kB
Committed_AS:    7163276 kB
VmallocTotal:     122880 kB
VmallocUsed:       59980 kB
VmallocChunk:      60148 kB
HardwareCorrupted:     0 kB
AnonHugePages:         0 kB
HugePages_Total:       0
HugePages_Free:        0
HugePages_Rsvd:        0
HugePages_Surp:        0
Hugepagesize:       2048 kB
DirectMap4k:       10232 kB
DirectMap2M:      903168 kB


CPU:total 4 (2 cores per cpu, 2 threads per core) family 6 model 37 stepping 5, cmov, cx8, fxsr, mmx, sse, sse2, sse3, ssse3, sse4.1, sse4.2, popcnt, ht, tsc, tscinvbit

/proc/cpuinfo:
processor	: 0
vendor_id	: GenuineIntel
cpu family	: 6
model		: 37
model name	: Intel(R) Core(TM) i3 CPU       M 380  @ 2.53GHz
stepping	: 5
microcode	: 0x2
cpu MHz		: 2533.000
cache size	: 3072 KB
physical id	: 0
siblings	: 4
core id		: 0
cpu cores	: 2
apicid		: 0
initial apicid	: 0
fdiv_bug	: no
hlt_bug		: no
f00f_bug	: no
coma_bug	: no
fpu		: yes
fpu_exception	: yes
cpuid level	: 11
wp		: yes
flags		: fpu vme de pse tsc msr pae mce cx8 apic sep mtrr pge mca cmov pat pse36 clflush dts acpi mmx fxsr sse sse2 ss ht tm pbe nx rdtscp lm constant_tsc arch_perfmon pebs bts xtopology nonstop_tsc aperfmperf pni dtes64 monitor ds_cpl vmx est tm2 ssse3 cx16 xtpr pdcm pcid sse4_1 sse4_2 popcnt lahf_lm arat dtherm tpr_shadow vnmi flexpriority ept vpid
bogomips	: 5053.83
clflush size	: 64
cache_alignment	: 64
address sizes	: 36 bits physical, 48 bits virtual
power management:

processor	: 1
vendor_id	: GenuineIntel
cpu family	: 6
model		: 37
model name	: Intel(R) Core(TM) i3 CPU       M 380  @ 2.53GHz
stepping	: 5
microcode	: 0x2
cpu MHz		: 2533.000
cache size	: 3072 KB
physical id	: 0
siblings	: 4
core id		: 2
cpu cores	: 2
apicid		: 4
initial apicid	: 4
fdiv_bug	: no
hlt_bug		: no
f00f_bug	: no
coma_bug	: no
fpu		: yes
fpu_exception	: yes
cpuid level	: 11
wp		: yes
flags		: fpu vme de pse tsc msr pae mce cx8 apic sep mtrr pge mca cmov pat pse36 clflush dts acpi mmx fxsr sse sse2 ss ht tm pbe nx rdtscp lm constant_tsc arch_perfmon pebs bts xtopology nonstop_tsc aperfmperf pni dtes64 monitor ds_cpl vmx est tm2 ssse3 cx16 xtpr pdcm pcid sse4_1 sse4_2 popcnt lahf_lm arat dtherm tpr_shadow vnmi flexpriority ept vpid
bogomips	: 5054.20
clflush size	: 64
cache_alignment	: 64
address sizes	: 36 bits physical, 48 bits virtual
power management:

processor	: 2
vendor_id	: GenuineIntel
cpu family	: 6
model		: 37
model name	: Intel(R) Core(TM) i3 CPU       M 380  @ 2.53GHz
stepping	: 5
microcode	: 0x2
cpu MHz		: 2533.000
cache size	: 3072 KB
physical id	: 0
siblings	: 4
core id		: 0
cpu cores	: 2
apicid		: 1
initial apicid	: 1
fdiv_bug	: no
hlt_bug		: no
f00f_bug	: no
coma_bug	: no
fpu		: yes
fpu_exception	: yes
cpuid level	: 11
wp		: yes
flags		: fpu vme de pse tsc msr pae mce cx8 apic sep mtrr pge mca cmov pat pse36 clflush dts acpi mmx fxsr sse sse2 ss ht tm pbe nx rdtscp lm constant_tsc arch_perfmon pebs bts xtopology nonstop_tsc aperfmperf pni dtes64 monitor ds_cpl vmx est tm2 ssse3 cx16 xtpr pdcm pcid sse4_1 sse4_2 popcnt lahf_lm arat dtherm tpr_shadow vnmi flexpriority ept vpid
bogomips	: 5054.18
clflush size	: 64
cache_alignment	: 64
address sizes	: 36 bits physical, 48 bits virtual
power management:

processor	: 3
vendor_id	: GenuineIntel
cpu family	: 6
model		: 37
model name	: Intel(R) Core(TM) i3 CPU       M 380  @ 2.53GHz
stepping	: 5
microcode	: 0x2
cpu MHz		: 933.000
cache size	: 3072 KB
physical id	: 0
siblings	: 4
core id		: 2
cpu cores	: 2
apicid		: 5
initial apicid	: 5
fdiv_bug	: no
hlt_bug		: no
f00f_bug	: no
coma_bug	: no
fpu		: yes
fpu_exception	: yes
cpuid level	: 11
wp		: yes
flags		: fpu vme de pse tsc msr pae mce cx8 apic sep mtrr pge mca cmov pat pse36 clflush dts acpi mmx fxsr sse sse2 ss ht tm pbe nx rdtscp lm constant_tsc arch_perfmon pebs bts xtopology nonstop_tsc aperfmperf pni dtes64 monitor ds_cpl vmx est tm2 ssse3 cx16 xtpr pdcm pcid sse4_1 sse4_2 popcnt lahf_lm arat dtherm tpr_shadow vnmi flexpriority ept vpid
bogomips	: 5054.19
clflush size	: 64
cache_alignment	: 64
address sizes	: 36 bits physical, 48 bits virtual
power management:



Memory: 4k page, physical 3913636k(156680k free), swap 0k(0k free)

vm_info: Java HotSpot(TM) Server VM (24.45-b08) for linux-x86 JRE (1.7.0_45-b18), built on Oct  8 2013 05:44:51 by "java_re" with gcc 4.3.0 20080428 (Red Hat 4.3.0-8)

time: Mon Aug  4 15:43:20 2014
elapsed time: 2 seconds

