#
# There is insufficient memory for the Java Runtime Environment to continue.
# Native memory allocation (malloc) failed to allocate 61341696 bytes for committing reserved memory.
# Possible reasons:
#   The system is out of physical RAM or swap space
#   In 32 bit mode, the process size limit was hit
# Possible solutions:
#   Reduce memory load on the system
#   Increase physical memory or swap space
#   Check if swap backing store is full
#   Use 64 bit Java on a 64 bit OS
#   Decrease Java heap size (-Xmx/-Xms)
#   Decrease number of Java threads
#   Decrease Java thread stack sizes (-Xss)
#   Set larger code cache with -XX:ReservedCodeCacheSize=
# This output file may be truncated or incomplete.
#
#  Out of Memory Error (os_linux.cpp:2718), pid=13219, tid=1813744448
#
# JRE version: Java(TM) SE Runtime Environment (7.0_45-b18) (build 1.7.0_45-b18)
# Java VM: Java HotSpot(TM) Server VM (24.45-b08 mixed mode linux-x86 )
# Failed to write core dump. Core dumps have been disabled. To enable core dumping, try "ulimit -c unlimited" before starting Java again
#

---------------  T H R E A D  ---------------

Current thread (0x6c081400):  VMThread [stack: 0x6c138000,0x6c1b9000] [id=13233]

Stack: [0x6c138000,0x6c1b9000],  sp=0x6c1b7760,  free space=509k
Native frames: (J=compiled Java code, j=interpreted, Vv=VM code, C=native code)
V  [libjvm.so+0x7dc836]  VMError::report_and_die()+0x1a6
V  [libjvm.so+0x33a5c2]  report_vm_out_of_memory(char const*, int, unsigned int, char const*)+0x72
V  [libjvm.so+0x67bc21]  os::Linux::commit_memory_impl(char*, unsigned int, bool)+0xe1
V  [libjvm.so+0x67c077]  os::Linux::commit_memory_impl(char*, unsigned int, unsigned int, bool)+0x47
V  [libjvm.so+0x67c23d]  os::pd_commit_memory(char*, unsigned int, unsigned int, bool)+0x1d
V  [libjvm.so+0x675c8c]  os::commit_memory(char*, unsigned int, unsigned int, bool)+0x2c
V  [libjvm.so+0x6df178]  PSVirtualSpace::expand_by(unsigned int)+0x48
V  [libjvm.so+0x6e027a]  PSYoungGen::resize_generation(unsigned int, unsigned int)+0xda
V  [libjvm.so+0x6df5b9]  PSYoungGen::resize(unsigned int, unsigned int)+0x19
V  [libjvm.so+0x6dd31b]  PSScavenge::invoke_no_policy()+0x105b
V  [libjvm.so+0x6dd748]  PSScavenge::invoke()+0x28
V  [libjvm.so+0x69b9aa]  ParallelScavengeHeap::failed_mem_allocate(unsigned int)+0x5a
V  [libjvm.so+0x7de0da]  VM_ParallelGCFailedAllocation::doit()+0x7a
V  [libjvm.so+0x7e6e97]  VM_Operation::evaluate()+0x47
V  [libjvm.so+0x7e4f93]  VMThread::evaluate_operation(VM_Operation*)+0xb3
V  [libjvm.so+0x7e5330]  VMThread::loop()+0x1b0
V  [libjvm.so+0x7e5795]  VMThread::run()+0x85
V  [libjvm.so+0x67e0f9]  java_start(Thread*)+0x119
C  [libpthread.so.0+0x6d4c]  start_thread+0xcc

VM_Operation (0xb680dc54): ParallelGCFailedAllocation, mode: safepoint, requested by thread 0xb6608800


---------------  P R O C E S S  ---------------

Java Threads: ( => current thread )
  0x6c09a800 JavaThread "Service Thread" daemon [_thread_blocked, id=13239, stack(0x6b92a000,0x6b97b000)]
  0x6c098c00 JavaThread "C2 CompilerThread1" daemon [_thread_blocked, id=13238, stack(0x6b97b000,0x6b9fc000)]
  0x6c096c00 JavaThread "C2 CompilerThread0" daemon [_thread_blocked, id=13237, stack(0x6b9fc000,0x6ba7d000)]
  0x6c095000 JavaThread "Signal Dispatcher" daemon [_thread_blocked, id=13236, stack(0x6ba7d000,0x6bace000)]
  0x6c085800 JavaThread "Finalizer" daemon [_thread_blocked, id=13235, stack(0x6eb2e000,0x6eb7f000)]
  0x6c082c00 JavaThread "Reference Handler" daemon [_thread_blocked, id=13234, stack(0x6ed2e000,0x6ed7f000)]
  0xb6608800 JavaThread "main" [_thread_blocked, id=13228, stack(0xb67be000,0xb680f000)]

Other Threads:
=>0x6c081400 VMThread [stack: 0x6c138000,0x6c1b9000] [id=13233]
  0x6c09c800 WatcherThread [stack: 0x6b8a9000,0x6b92a000] [id=13240]

VM state:at safepoint (normal execution)

VM Mutex/Monitor currently owned by a thread:  ([mutex/lock_event])
[0xb6606020] Threads_lock - owner thread: 0x6c081400
[0xb6606430] Heap_lock - owner thread: 0xb6608800

Heap
 PSYoungGen      total 167680K, used 28926K [0x9df80000, 0xab340000, 0xb3500000)
  eden space 138752K, 0% used [0x9df80000,0x9df80000,0xa6700000)
  from space 28928K, 99% used [0xa6700000,0xa833f918,0xa8340000)
  to   space 25344K, 0% used [0xa8340000,0xa8340000,0xa9c00000)
 ParOldGen       total 49920K, used 39715K [0x73500000, 0x765c0000, 0x9df80000)
  object space 49920K, 79% used [0x73500000,0x75bc8e70,0x765c0000)
 PSPermGen       total 16384K, used 4458K [0x6f500000, 0x70500000, 0x73500000)
  object space 16384K, 27% used [0x6f500000,0x6f95abe0,0x70500000)

Card table byte_map: [0x6f2df000,0x6f500000] byte_map_base: 0x6ef64800

Polling page: 0xb7723000

Code Cache  [0xb35e0000, 0xb3820000, 0xb65e0000)
 total_blobs=678 nmethods=543 adapters=89 free_code_cache=47814Kb largest_free_block=48927680

Compilation events (10 events):
Event: 4,112 Thread 0x6c096c00 nmethod 541 0xb3735c08 code [0xb3735d60, 0xb373667c]
Event: 4,112 Thread 0x6c098c00 nmethod 540 0xb3727ec8 code [0xb3728020, 0xb37289dc]
Event: 4,307 Thread 0x6c096c00  542             com.android.dx.io.instructions.ZeroRegisterDecodedInstruction::withIndex (29 bytes)
Event: 4,307 Thread 0x6c098c00  543             com.android.dx.io.instructions.ZeroRegisterDecodedInstruction::getRegisterCount (2 bytes)
Event: 4,308 Thread 0x6c098c00 nmethod 543 0xb372bcc8 code [0xb372bda0, 0xb372bdf0]
Event: 4,308 Thread 0x6c098c00  544             com.android.dx.io.instructions.DecodedInstruction::getA (2 bytes)
Event: 4,308 Thread 0x6c098c00 nmethod 544 0xb3727d48 code [0xb3727e20, 0xb3727e70]
Event: 4,309 Thread 0x6c096c00 nmethod 542 0xb372eec8 code [0xb372efc0, 0xb372f130]
Event: 4,510 Thread 0x6c098c00  545             com.android.dx.io.instructions.InstructionCodec$7::decode (50 bytes)
Event: 4,510 Thread 0x6c096c00  546             com.android.dx.io.instructions.InstructionCodec$7::encode (23 bytes)

GC Heap History (10 events):
Event: 2,929 GC heap after
Heap after GC invocations=7 (full 0):
 PSYoungGen      total 72960K, used 13309K [0x9df80000, 0xa7b00000, 0xb3500000)
  eden space 59648K, 0% used [0x9df80000,0x9df80000,0xa19c0000)
  from space 13312K, 99% used [0xa19c0000,0xa26bf798,0xa26c0000)
  to   space 19968K, 0% used [0xa6780000,0xa6780000,0xa7b00000)
 ParOldGen       total 40704K, used 32176K [0x73500000, 0x75cc0000, 0x9df80000)
  object space 40704K, 79% used [0x73500000,0x7546c340,0x75cc0000)
 PSPermGen       total 16384K, used 4393K [0x6f500000, 0x70500000, 0x73500000)
  object space 16384K, 26% used [0x6f500000,0x6f94a610,0x70500000)
}
Event: 2,929 GC heap before
{Heap before GC invocations=8 (full 1):
 PSYoungGen      total 72960K, used 13309K [0x9df80000, 0xa7b00000, 0xb3500000)
  eden space 59648K, 0% used [0x9df80000,0x9df80000,0xa19c0000)
  from space 13312K, 99% used [0xa19c0000,0xa26bf798,0xa26c0000)
  to   space 19968K, 0% used [0xa6780000,0xa6780000,0xa7b00000)
 ParOldGen       total 40704K, used 32176K [0x73500000, 0x75cc0000, 0x9df80000)
  object space 40704K, 79% used [0x73500000,0x7546c340,0x75cc0000)
 PSPermGen       total 16384K, used 4393K [0x6f500000, 0x70500000, 0x73500000)
  object space 16384K, 26% used [0x6f500000,0x6f94a610,0x70500000)
Event: 3,019 GC heap after
Heap after GC invocations=8 (full 1):
 PSYoungGen      total 72960K, used 0K [0x9df80000, 0xa7b00000, 0xb3500000)
  eden space 59648K, 0% used [0x9df80000,0x9df80000,0xa19c0000)
  from space 13312K, 0% used [0xa19c0000,0xa19c0000,0xa26c0000)
  to   space 19968K, 0% used [0xa6780000,0xa6780000,0xa7b00000)
 ParOldGen       total 49920K, used 18587K [0x73500000, 0x765c0000, 0x9df80000)
  object space 49920K, 37% used [0x73500000,0x74726da0,0x765c0000)
 PSPermGen       total 16384K, used 4391K [0x6f500000, 0x70500000, 0x73500000)
  object space 16384K, 26% used [0x6f500000,0x6f949ed8,0x70500000)
}
Event: 3,236 GC heap before
{Heap before GC invocations=9 (full 1):
 PSYoungGen      total 72960K, used 59648K [0x9df80000, 0xa7b00000, 0xb3500000)
  eden space 59648K, 100% used [0x9df80000,0xa19c0000,0xa19c0000)
  from space 13312K, 0% used [0xa19c0000,0xa19c0000,0xa26c0000)
  to   space 19968K, 0% used [0xa6780000,0xa6780000,0xa7b00000)
 ParOldGen       total 49920K, used 18587K [0x73500000, 0x765c0000, 0x9df80000)
  object space 49920K, 37% used [0x73500000,0x74726da0,0x765c0000)
 PSPermGen       total 16384K, used 4394K [0x6f500000, 0x70500000, 0x73500000)
  object space 16384K, 26% used [0x6f500000,0x6f94a868,0x70500000)
Event: 3,248 GC heap after
Heap after GC invocations=9 (full 1):
 PSYoungGen      total 109824K, used 8885K [0x9df80000, 0xa7040000, 0xb3500000)
  eden space 100864K, 0% used [0x9df80000,0x9df80000,0xa4200000)
  from space 8960K, 99% used [0xa6780000,0xa702d6b0,0xa7040000)
  to   space 18944K, 0% used [0xa4b40000,0xa4b40000,0xa5dc0000)
 ParOldGen       total 49920K, used 18587K [0x73500000, 0x765c0000, 0x9df80000)
  object space 49920K, 37% used [0x73500000,0x74726da0,0x765c0000)
 PSPermGen       total 16384K, used 4394K [0x6f500000, 0x70500000, 0x73500000)
  object space 16384K, 26% used [0x6f500000,0x6f94a868,0x70500000)
}
Event: 3,709 GC heap before
{Heap before GC invocations=10 (full 1):
 PSYoungGen      total 109824K, used 109749K [0x9df80000, 0xa7040000, 0xb3500000)
  eden space 100864K, 100% used [0x9df80000,0xa4200000,0xa4200000)
  from space 8960K, 99% used [0xa6780000,0xa702d6b0,0xa7040000)
  to   space 18944K, 0% used [0xa4b40000,0xa4b40000,0xa5dc0000)
 ParOldGen       total 49920K, used 18587K [0x73500000, 0x765c0000, 0x9df80000)
  object space 49920K, 37% used [0x73500000,0x74726da0,0x765c0000)
 PSPermGen       total 16384K, used 4397K [0x6f500000, 0x70500000, 0x73500000)
  object space 16384K, 26% used [0x6f500000,0x6f94b5c0,0x70500000)
Event: 3,725 GC heap after
Heap after GC invocations=10 (full 1):
 PSYoungGen      total 129280K, used 18937K [0x9df80000, 0xa9c00000, 0xb3500000)
  eden space 110336K, 0% used [0x9df80000,0x9df80000,0xa4b40000)
  from space 18944K, 99% used [0xa4b40000,0xa5dbe608,0xa5dc0000)
  to   space 25344K, 0% used [0xa8340000,0xa8340000,0xa9c00000)
 ParOldGen       total 49920K, used 27571K [0x73500000, 0x765c0000, 0x9df80000)
  object space 49920K, 55% used [0x73500000,0x74fecdd8,0x765c0000)
 PSPermGen       total 16384K, used 4397K [0x6f500000, 0x70500000, 0x73500000)
  object space 16384K, 26% used [0x6f500000,0x6f94b5c0,0x70500000)
}
Event: 4,081 GC heap before
{Heap before GC invocations=11 (full 1):
 PSYoungGen      total 129280K, used 129273K [0x9df80000, 0xa9c00000, 0xb3500000)
  eden space 110336K, 100% used [0x9df80000,0xa4b40000,0xa4b40000)
  from space 18944K, 99% used [0xa4b40000,0xa5dbe608,0xa5dc0000)
  to   space 25344K, 0% used [0xa8340000,0xa8340000,0xa9c00000)
 ParOldGen       total 49920K, used 27571K [0x73500000, 0x765c0000, 0x9df80000)
  object space 49920K, 55% used [0x73500000,0x74fecdd8,0x765c0000)
 PSPermGen       total 16384K, used 4455K [0x6f500000, 0x70500000, 0x73500000)
  object space 16384K, 27% used [0x6f500000,0x6f959e80,0x70500000)
Event: 4,111 GC heap after
Heap after GC invocations=11 (full 1):
 PSYoungGen      total 164096K, used 25296K [0x9df80000, 0xab340000, 0xb3500000)
  eden space 138752K, 0% used [0x9df80000,0x9df80000,0xa6700000)
  from space 25344K, 99% used [0xa8340000,0xa9bf4090,0xa9c00000)
  to   space 28928K, 0% used [0xa6700000,0xa6700000,0xa8340000)
 ParOldGen       total 49920K, used 27575K [0x73500000, 0x765c0000, 0x9df80000)
  object space 49920K, 55% used [0x73500000,0x74feddd8,0x765c0000)
 PSPermGen       total 16384K, used 4455K [0x6f500000, 0x70500000, 0x73500000)
  object space 16384K, 27% used [0x6f500000,0x6f959e80,0x70500000)
}
Event: 4,510 GC heap before
{Heap before GC invocations=12 (full 1):
 PSYoungGen      total 164096K, used 164048K [0x9df80000, 0xab340000, 0xb3500000)
  eden space 138752K, 100% used [0x9df80000,0xa6700000,0xa6700000)
  from space 25344K, 99% used [0xa8340000,0xa9bf4090,0xa9c00000)
  to   space 28928K, 0% used [0xa6700000,0xa6700000,0xa8340000)
 ParOldGen       total 49920K, used 27575K [0x73500000, 0x765c0000, 0x9df80000)
  object space 49920K, 55% used [0x73500000,0x74feddd8,0x765c0000)
 PSPermGen       total 16384K, used 4458K [0x6f500000, 0x70500000, 0x73500000)
  object space 16384K, 27% used [0x6f500000,0x6f95abe0,0x70500000)

Deoptimization events (10 events):
Event: 2,893 Thread 0xb6608800 Uncommon trap: reason=array_check action=maybe_recompile pc=0xb36d8284 method=java.util.TimSort.binarySort([Ljava/lang/Object;IIILjava/util/Comparator;)V @ 193
Event: 3,085 Thread 0xb6608800 Uncommon trap: reason=array_check action=maybe_recompile pc=0xb36c8de4 method=java.util.ComparableTimSort.binarySort([Ljava/lang/Object;III)V @ 215
Event: 3,085 Thread 0xb6608800 Uncommon trap: reason=array_check action=maybe_recompile pc=0xb36c8e44 method=java.util.ComparableTimSort.binarySort([Ljava/lang/Object;III)V @ 193
Event: 3,111 Thread 0xb6608800 Uncommon trap: reason=array_check action=maybe_recompile pc=0xb36e4810 method=java.util.TimSort.binarySort([Ljava/lang/Object;IIILjava/util/Comparator;)V @ 183
Event: 3,111 Thread 0xb6608800 Uncommon trap: reason=array_check action=maybe_recompile pc=0xb36e4728 method=java.util.TimSort.binarySort([Ljava/lang/Object;IIILjava/util/Comparator;)V @ 215
Event: 3,191 Thread 0xb6608800 Uncommon trap: reason=array_check action=maybe_recompile pc=0xb36e3430 method=java.util.ComparableTimSort.binarySort([Ljava/lang/Object;III)V @ 183
Event: 3,423 Thread 0xb6608800 Uncommon trap: reason=array_check action=maybe_recompile pc=0xb36e3430 method=java.util.ComparableTimSort.binarySort([Ljava/lang/Object;III)V @ 183
Event: 3,688 Thread 0xb6608800 Uncommon trap: reason=null_check action=make_not_entrant pc=0xb36f7978 method=java.util.TimSort.binarySort([Ljava/lang/Object;IIILjava/util/Comparator;)V @ 193
Event: 3,799 Thread 0xb6608800 Uncommon trap: reason=null_check action=make_not_entrant pc=0xb3726830 method=com.android.dx.io.instructions.AddressMap.get(I)I @ 11
Event: 3,804 Thread 0xb6608800 Uncommon trap: reason=null_check action=make_not_entrant pc=0xb3725690 method=com.android.dx.io.instructions.AddressMap.get(I)I @ 11

Internal exceptions (10 events):
Event: 1,344 Thread 0xb6608800 Threw 0x9eb1b858 at /HUDSON/workspace/7u-2-build-linux-i586/jdk7u45/229/hotspot/src/share/vm/prims/jvm.cpp:1244
Event: 1,345 Thread 0xb6608800 Threw 0x9eb1d7f0 at /HUDSON/workspace/7u-2-build-linux-i586/jdk7u45/229/hotspot/src/share/vm/prims/jvm.cpp:1244
Event: 1,400 Thread 0xb6608800 Threw 0x9ebb5300 at /HUDSON/workspace/7u-2-build-linux-i586/jdk7u45/229/hotspot/src/share/vm/prims/jvm.cpp:1244
Event: 1,400 Thread 0xb6608800 Threw 0x9ebb5418 at /HUDSON/workspace/7u-2-build-linux-i586/jdk7u45/229/hotspot/src/share/vm/prims/jvm.cpp:1244
Event: 1,400 Thread 0xb6608800 Threw 0x9ebb75e0 at /HUDSON/workspace/7u-2-build-linux-i586/jdk7u45/229/hotspot/src/share/vm/prims/jvm.cpp:1244
Event: 1,400 Thread 0xb6608800 Threw 0x9ebb76f8 at /HUDSON/workspace/7u-2-build-linux-i586/jdk7u45/229/hotspot/src/share/vm/prims/jvm.cpp:1244
Event: 1,911 Thread 0xb6608800 Threw 0x9ed616b8 at /HUDSON/workspace/7u-2-build-linux-i586/jdk7u45/229/hotspot/src/share/vm/prims/jvm.cpp:1244
Event: 3,688 Thread 0xb6608800 Implicit null exception at 0xb36f7293 to 0xb36f7955
Event: 3,799 Thread 0xb6608800 Implicit null exception at 0xb3725efa to 0xb3726825
Event: 3,804 Thread 0xb6608800 Implicit null exception at 0xb3724e54 to 0xb3725681

Events (10 events):
Event: 3,868 loading class 0x6af3e758 done
Event: 3,868 loading class 0x6af3e8e8
Event: 3,868 loading class 0x6af3e8e8 done
Event: 3,868 loading class 0x6ef46b00
Event: 3,868 loading class 0x6ef46b00 done
Event: 4,081 Executing VM operation: ParallelGCFailedAllocation
Event: 4,111 Executing VM operation: ParallelGCFailedAllocation done
Event: 4,454 Executing VM operation: EnableBiasedLocking
Event: 4,454 Executing VM operation: EnableBiasedLocking done
Event: 4,510 Executing VM operation: ParallelGCFailedAllocation


Dynamic libraries:
08048000-08049000 r-xp 00000000 08:06 671014     /usr/local/java/jdk1.7.0_45/bin/java
08049000-0804a000 rw-p 00000000 08:06 671014     /usr/local/java/jdk1.7.0_45/bin/java
09ffc000-0a0c0000 rw-p 00000000 00:00 0          [heap]
6ac00000-6acff000 rw-p 00000000 00:00 0 
6acff000-6ad00000 ---p 00000000 00:00 0 
6ae00000-6aef9000 rw-p 00000000 00:00 0 
6aef9000-6af00000 ---p 00000000 00:00 0 
6af00000-6affd000 rw-p 00000000 00:00 0 
6affd000-6b000000 ---p 00000000 00:00 0 
6b000000-6b0ec000 rw-p 00000000 00:00 0 
6b0ec000-6b100000 ---p 00000000 00:00 0 
6b200000-6b2ef000 rw-p 00000000 00:00 0 
6b2ef000-6b300000 ---p 00000000 00:00 0 
6b300000-6b3fe000 rw-p 00000000 00:00 0 
6b3fe000-6b400000 ---p 00000000 00:00 0 
6b400000-6b4fe000 rw-p 00000000 00:00 0 
6b4fe000-6b500000 ---p 00000000 00:00 0 
6b500000-6b5fa000 rw-p 00000000 00:00 0 
6b5fa000-6b600000 ---p 00000000 00:00 0 
6b600000-6b656000 rw-p 00000000 00:00 0 
6b656000-6b700000 ---p 00000000 00:00 0 
6b765000-6b768000 ---p 00000000 00:00 0 
6b768000-6b7b6000 rw-p 00000000 00:00 0 
6b7b6000-6b7b9000 ---p 00000000 00:00 0 
6b7b9000-6b807000 rw-p 00000000 00:00 0 
6b807000-6b80a000 ---p 00000000 00:00 0 
6b80a000-6b858000 rw-p 00000000 00:00 0 
6b858000-6b85b000 ---p 00000000 00:00 0 
6b85b000-6b8a9000 rw-p 00000000 00:00 0 
6b8a9000-6b8aa000 ---p 00000000 00:00 0 
6b8aa000-6b92a000 rw-p 00000000 00:00 0 
6b92a000-6b92d000 ---p 00000000 00:00 0 
6b92d000-6b97b000 rw-p 00000000 00:00 0 
6b97b000-6b97e000 ---p 00000000 00:00 0 
6b97e000-6b9fc000 rw-p 00000000 00:00 0 
6b9fc000-6b9ff000 ---p 00000000 00:00 0 
6b9ff000-6ba7d000 rw-p 00000000 00:00 0 
6ba7d000-6ba80000 ---p 00000000 00:00 0 
6ba80000-6bace000 rw-p 00000000 00:00 0 
6bace000-6bc00000 r--p 002c8000 08:06 392632     /usr/lib/locale/locale-archive
6bc00000-6be00000 r--p 00000000 08:06 392632     /usr/lib/locale/locale-archive
6be00000-6beec000 rw-p 00000000 00:00 0 
6beec000-6bf00000 ---p 00000000 00:00 0 
6bf00000-6bf21000 rw-p 00000000 00:00 0 
6bf21000-6c000000 ---p 00000000 00:00 0 
6c000000-6c100000 rw-p 00000000 00:00 0 
6c138000-6c139000 ---p 00000000 00:00 0 
6c139000-6c204000 rw-p 00000000 00:00 0 
6c204000-6c3c0000 r--s 039b2000 08:06 393573     /usr/local/java/jdk1.7.0_45/jre/lib/rt.jar
6c3c0000-6ea00000 rw-p 00000000 00:00 0 
6ea00000-6eafc000 rw-p 00000000 00:00 0 
6eafc000-6eb00000 ---p 00000000 00:00 0 
6eb2e000-6eb31000 ---p 00000000 00:00 0 
6eb31000-6eb7f000 rw-p 00000000 00:00 0 
6eb7f000-6eb80000 ---p 00000000 00:00 0 
6eb80000-6ec00000 rw-p 00000000 00:00 0 
6ec00000-6ec21000 rw-p 00000000 00:00 0 
6ec21000-6ed00000 ---p 00000000 00:00 0 
6ed2e000-6ed31000 ---p 00000000 00:00 0 
6ed31000-6ed7f000 rw-p 00000000 00:00 0 
6ed7f000-6ed80000 ---p 00000000 00:00 0 
6ed80000-6ee00000 rw-p 00000000 00:00 0 
6ee00000-6ee21000 rw-p 00000000 00:00 0 
6ee21000-6ef00000 ---p 00000000 00:00 0 
6ef24000-6ef7f000 rw-p 00000000 00:00 0 
6ef7f000-6ef80000 ---p 00000000 00:00 0 
6ef80000-6f000000 rw-p 00000000 00:00 0 
6f000000-6f06a000 rw-p 00000000 00:00 0 
6f06a000-6f100000 ---p 00000000 00:00 0 
6f108000-6f109000 ---p 00000000 00:00 0 
6f109000-6f1a2000 rw-p 00000000 00:00 0 
6f1a2000-6f2df000 rw-p 00000000 00:00 0 
6f2df000-6f2e7000 rw-p 00000000 00:00 0 
6f2e7000-6f2ff000 rw-p 00000000 00:00 0 
6f2ff000-6f318000 rw-p 00000000 00:00 0 
6f318000-6f454000 rw-p 00000000 00:00 0 
6f454000-6f4bf000 rw-p 00000000 00:00 0 
6f4bf000-6f4ff000 rw-p 00000000 00:00 0 
6f4ff000-70500000 rw-p 00000000 00:00 0 
70500000-73500000 rw-p 00000000 00:00 0 
73500000-765c0000 rw-p 00000000 00:00 0 
765c0000-9df80000 rw-p 00000000 00:00 0 
9df80000-ab340000 rw-p 00000000 00:00 0 
aed95000-aed9c000 r--s 00000000 08:06 399305     /usr/lib/i386-linux-gnu/gconv/gconv-modules.cache
aed9c000-aedc0000 r--p 00000000 08:06 1317469    /usr/share/locale-langpack/pl/LC_MESSAGES/libc.mo
aedc0000-b3500000 rw-p 00000000 00:00 0 
b3506000-b3529000 rw-p 00000000 00:00 0 
b3529000-b35e0000 rw-p 00000000 00:00 0 
b35e0000-b3820000 rwxp 00000000 00:00 0 
b3820000-b65e0000 rw-p 00000000 00:00 0 
b65e0000-b65e7000 r-xp 00000000 08:06 786670     /lib/i386-linux-gnu/libnss_compat-2.15.so
b65e7000-b65e8000 r--p 00006000 08:06 786670     /lib/i386-linux-gnu/libnss_compat-2.15.so
b65e8000-b65e9000 rw-p 00007000 08:06 786670     /lib/i386-linux-gnu/libnss_compat-2.15.so
b65ea000-b65ff000 r-xp 00000000 08:06 670957     /usr/local/java/jdk1.7.0_45/jre/lib/i386/libnet.so
b65ff000-b6600000 rw-p 00014000 08:06 670957     /usr/local/java/jdk1.7.0_45/jre/lib/i386/libnet.so
b6600000-b66f6000 rw-p 00000000 00:00 0 
b66f6000-b6700000 ---p 00000000 00:00 0 
b6700000-b670e000 r-xp 00000000 08:06 670404     /usr/local/java/jdk1.7.0_45/jre/lib/i386/libnio.so
b670e000-b670f000 rw-p 0000e000 08:06 670404     /usr/local/java/jdk1.7.0_45/jre/lib/i386/libnio.so
b670f000-b6717000 rw-p 00000000 00:00 0 
b6717000-b672f000 rw-p 00000000 00:00 0 
b672f000-b6746000 r-xp 00000000 08:06 670944     /usr/local/java/jdk1.7.0_45/jre/lib/i386/libzip.so
b6746000-b6747000 rw-p 00017000 08:06 670944     /usr/local/java/jdk1.7.0_45/jre/lib/i386/libzip.so
b6747000-b6752000 r-xp 00000000 08:06 786669     /lib/i386-linux-gnu/libnss_files-2.15.so
b6752000-b6753000 r--p 0000a000 08:06 786669     /lib/i386-linux-gnu/libnss_files-2.15.so
b6753000-b6754000 rw-p 0000b000 08:06 786669     /lib/i386-linux-gnu/libnss_files-2.15.so
b6754000-b675e000 r-xp 00000000 08:06 786668     /lib/i386-linux-gnu/libnss_nis-2.15.so
b675e000-b675f000 r--p 00009000 08:06 786668     /lib/i386-linux-gnu/libnss_nis-2.15.so
b675f000-b6760000 rw-p 0000a000 08:06 786668     /lib/i386-linux-gnu/libnss_nis-2.15.so
b6765000-b6769000 r--s 0008a000 08:06 397573     /usr/local/java/jdk1.7.0_45/jre/lib/jsse.jar
b6769000-b6777000 r--s 000b4000 08:06 546427     /usr/share/android-studio/data/sdk/build-tools/android-4.4W/lib/dx.jar
b6777000-b678d000 r-xp 00000000 08:06 786655     /lib/i386-linux-gnu/libnsl-2.15.so
b678d000-b678e000 r--p 00015000 08:06 786655     /lib/i386-linux-gnu/libnsl-2.15.so
b678e000-b678f000 rw-p 00016000 08:06 786655     /lib/i386-linux-gnu/libnsl-2.15.so
b678f000-b6791000 rw-p 00000000 00:00 0 
b6791000-b67b4000 r-xp 00000000 08:06 664766     /usr/local/java/jdk1.7.0_45/jre/lib/i386/libjava.so
b67b4000-b67b5000 rw-p 00022000 08:06 664766     /usr/local/java/jdk1.7.0_45/jre/lib/i386/libjava.so
b67b5000-b67bc000 r-xp 00000000 08:06 786663     /lib/i386-linux-gnu/librt-2.15.so
b67bc000-b67bd000 r--p 00006000 08:06 786663     /lib/i386-linux-gnu/librt-2.15.so
b67bd000-b67be000 rw-p 00007000 08:06 786663     /lib/i386-linux-gnu/librt-2.15.so
b67be000-b67c1000 ---p 00000000 00:00 0 
b67c1000-b680f000 rw-p 00000000 00:00 0 
b680f000-b6839000 r-xp 00000000 08:06 786667     /lib/i386-linux-gnu/libm-2.15.so
b6839000-b683a000 r--p 00029000 08:06 786667     /lib/i386-linux-gnu/libm-2.15.so
b683a000-b683b000 rw-p 0002a000 08:06 786667     /lib/i386-linux-gnu/libm-2.15.so
b683b000-b70b2000 r-xp 00000000 08:06 670953     /usr/local/java/jdk1.7.0_45/jre/lib/i386/server/libjvm.so
b70b2000-b7117000 rw-p 00876000 08:06 670953     /usr/local/java/jdk1.7.0_45/jre/lib/i386/server/libjvm.so
b7117000-b753a000 rw-p 00000000 00:00 0 
b753a000-b76de000 r-xp 00000000 08:06 786672     /lib/i386-linux-gnu/libc-2.15.so
b76de000-b76e0000 r--p 001a4000 08:06 786672     /lib/i386-linux-gnu/libc-2.15.so
b76e0000-b76e1000 rw-p 001a6000 08:06 786672     /lib/i386-linux-gnu/libc-2.15.so
b76e1000-b76e4000 rw-p 00000000 00:00 0 
b76e4000-b76e7000 r-xp 00000000 08:06 786671     /lib/i386-linux-gnu/libdl-2.15.so
b76e7000-b76e8000 r--p 00002000 08:06 786671     /lib/i386-linux-gnu/libdl-2.15.so
b76e8000-b76e9000 rw-p 00003000 08:06 786671     /lib/i386-linux-gnu/libdl-2.15.so
b76e9000-b76ea000 rw-p 00000000 00:00 0 
b76ea000-b76fd000 r-xp 00000000 08:06 671956     /usr/local/java/jdk1.7.0_45/lib/i386/jli/libjli.so
b76fd000-b76fe000 rw-p 00012000 08:06 671956     /usr/local/java/jdk1.7.0_45/lib/i386/jli/libjli.so
b76fe000-b7715000 r-xp 00000000 08:06 786661     /lib/i386-linux-gnu/libpthread-2.15.so
b7715000-b7716000 r--p 00016000 08:06 786661     /lib/i386-linux-gnu/libpthread-2.15.so
b7716000-b7717000 rw-p 00017000 08:06 786661     /lib/i386-linux-gnu/libpthread-2.15.so
b7717000-b7719000 rw-p 00000000 00:00 0 
b771a000-b7722000 rw-s 00000000 08:06 1074180    /tmp/hsperfdata_olek/13219
b7722000-b7723000 rw-p 00000000 00:00 0 
b7723000-b7724000 ---p 00000000 00:00 0 
b7724000-b772f000 r-xp 00000000 08:06 670968     /usr/local/java/jdk1.7.0_45/jre/lib/i386/libverify.so
b772f000-b7730000 rw-p 0000b000 08:06 670968     /usr/local/java/jdk1.7.0_45/jre/lib/i386/libverify.so
b7730000-b7732000 rw-p 00000000 00:00 0 
b7732000-b7733000 r-xp 00000000 00:00 0          [vdso]
b7733000-b7753000 r-xp 00000000 08:06 786662     /lib/i386-linux-gnu/ld-2.15.so
b7753000-b7754000 r--p 0001f000 08:06 786662     /lib/i386-linux-gnu/ld-2.15.so
b7754000-b7755000 rw-p 00020000 08:06 786662     /lib/i386-linux-gnu/ld-2.15.so
bf92a000-bf94c000 rw-p 00000000 00:00 0          [stack]

VM Arguments:
jvm_args: -Xmx1024M 
java_command: /usr/share/android-studio/data/sdk/build-tools/android-4.4W/lib/dx.jar --dex --num-threads=4 --output /home/olek/AndroidStudioProjects/Firsttest2/app/build/intermediates/dex/debug /home/olek/AndroidStudioProjects/Firsttest2/app/build/intermediates/classes/debug /home/olek/AndroidStudioProjects/Firsttest2/app/build/intermediates/dependency-cache/debug /home/olek/AndroidStudioProjects/Firsttest2/app/build/intermediates/pre-dexed/debug/jackson-annotations-2.4.0-cb75a2d511b85a812af8667b8e6cbd41ca81161d.jar /home/olek/AndroidStudioProjects/Firsttest2/app/build/intermediates/pre-dexed/debug/jackson-core-2.4.1-abab094ccc8171a3581dbf117bfc98c834d34e16.jar /home/olek/AndroidStudioProjects/Firsttest2/app/build/intermediates/pre-dexed/debug/robospice-1.4.12-54891fcdaa5b6e7126720b4c3bf19aa1d1d12d96.jar /home/olek/AndroidStudioProjects/Firsttest2/app/build/intermediates/pre-dexed/debug/support-v4-19.1.0-bfe6379f31d17615f5ca4b83bd0a7235fba0720f.jar /home/olek/AndroidStudioProjects/Firsttest2/app/build/intermediates/pre-dexed/debug/spring-android-rest-template-1.0.1.RELEASE-d69bda9f71829f66ccc26dbf30324a497520b789.jar /home/olek/AndroidStudioProjects/Firsttest2/app/build/intermediates/pre-dexed/debug/commons-lang3-3.2.1-ce66e2a0b6dd5aafc7a85ddb1fff9a86400cc123.jar /home/olek/AndroidStudioProjects/Firsttest2/app/build/intermediates/pre-dexed/debug/robospice-spring-android-1.4.12-37a8ecb64b28d3e2db88252c1754a30ef7167079.jar /home/olek/AndroidStudioProjects/Firsttest2/app/build/intermediates/pre-dexed/debug/spring-android-core-1.0.1.RELEASE-690c8a62e2ed6fc5c26e6c039a1f36098e236ea4.jar /home/olek/AndroidStudioProjects/Firsttest2/app/build/intermediates/pre-dexed/debug/universal-image-loader-1.9.2-278bc8616dd812ed278193cbaaf815ab1bc09e31.jar /home/olek/AndroidStudioProjects/Firsttest2/app/build/intermediates/pre-dexed/debug/robospice-cache-1.4.12-6f74321d8968bc7a2fef8dabcf7db5abababbfe2.jar /home/olek/AndroidStudioProjects/Firsttest2/app/build/intermediates/pre-dexed/de
Launcher Type: SUN_STANDARD

Environment Variables:
JAVA_HOME=/usr/local/java/jdk1.7.0_45
CLASSPATH=/usr/share/android-studio/data/bin/../lib/bootstrap.jar:/usr/share/android-studio/data/bin/../lib/extensions.jar:/usr/share/android-studio/data/bin/../lib/util.jar:/usr/share/android-studio/data/bin/../lib/jdom.jar:/usr/share/android-studio/data/bin/../lib/log4j.jar:/usr/share/android-studio/data/bin/../lib/trove4j.jar:/usr/share/android-studio/data/bin/../lib/jna.jar:/usr/local/java/jdk1.7.0_45/lib/tools.jar
PATH=/usr/lib/lightdm/lightdm:/usr/local/sbin:/usr/local/bin:/usr/sbin:/usr/bin:/sbin:/bin:/usr/games:/home/olek/bin:/usr/local/java/jdk1.7.0_45/bin
LD_LIBRARY_PATH=/usr/share/android-studio/data/bin:
SHELL=/bin/bash
DISPLAY=:0

Signal Handlers:
SIGSEGV: [libjvm.so+0x7dd350], sa_mask[0]=0x7ffbfeff, sa_flags=0x10000004
SIGBUS: [libjvm.so+0x7dd350], sa_mask[0]=0x7ffbfeff, sa_flags=0x10000004
SIGFPE: [libjvm.so+0x678b60], sa_mask[0]=0x7ffbfeff, sa_flags=0x10000004
SIGPIPE: [libjvm.so+0x678b60], sa_mask[0]=0x7ffbfeff, sa_flags=0x10000004
SIGXFSZ: [libjvm.so+0x678b60], sa_mask[0]=0x7ffbfeff, sa_flags=0x10000004
SIGILL: [libjvm.so+0x678b60], sa_mask[0]=0x7ffbfeff, sa_flags=0x10000004
SIGUSR1: SIG_DFL, sa_mask[0]=0x00000000, sa_flags=0x00000000
SIGUSR2: [libjvm.so+0x67a050], sa_mask[0]=0x00000004, sa_flags=0x10000004
SIGHUP: [libjvm.so+0x67b1a0], sa_mask[0]=0x7ffbfeff, sa_flags=0x10000004
SIGINT: [libjvm.so+0x67b1a0], sa_mask[0]=0x7ffbfeff, sa_flags=0x10000004
SIGTERM: [libjvm.so+0x67b1a0], sa_mask[0]=0x7ffbfeff, sa_flags=0x10000004
SIGQUIT: [libjvm.so+0x67b1a0], sa_mask[0]=0x7ffbfeff, sa_flags=0x10000004


---------------  S Y S T E M  ---------------

OS:wheezy/sid

uname:Linux 3.2.0-67-generic-pae #101-Ubuntu SMP Tue Jul 15 18:04:54 UTC 2014 i686
libc:glibc 2.15 NPTL 2.15 
rlimit: STACK 8192k, CORE 0k, NPROC 30461, NOFILE 4096, AS infinity
load average:1,38 0,60 0,50

/proc/meminfo:
MemTotal:        3913636 kB
MemFree:          157092 kB
Buffers:            8140 kB
Cached:           579284 kB
SwapCached:            0 kB
Active:          3247440 kB
Inactive:         416420 kB
Active(anon):    3211416 kB
Inactive(anon):   379000 kB
Active(file):      36024 kB
Inactive(file):    37420 kB
Unevictable:           0 kB
Mlocked:               0 kB
HighTotal:       3072916 kB
HighFree:           1900 kB
LowTotal:         840720 kB
LowFree:          155192 kB
SwapTotal:             0 kB
SwapFree:              0 kB
Dirty:                44 kB
Writeback:             0 kB
AnonPages:       3076608 kB
Mapped:           103400 kB
Shmem:            513916 kB
Slab:              43072 kB
SReclaimable:      19372 kB
SUnreclaim:        23700 kB
KernelStack:        5008 kB
PageTables:        21992 kB
NFS_Unstable:          0 kB
Bounce:                0 kB
WritebackTmp:          0 kB
CommitLimit:     1956816 kB
Committed_AS:    7195024 kB
VmallocTotal:     122880 kB
VmallocUsed:       59980 kB
VmallocChunk:      60148 kB
HardwareCorrupted:     0 kB
AnonHugePages:         0 kB
HugePages_Total:       0
HugePages_Free:        0
HugePages_Rsvd:        0
HugePages_Surp:        0
Hugepagesize:       2048 kB
DirectMap4k:       10232 kB
DirectMap2M:      903168 kB


CPU:total 4 (2 cores per cpu, 2 threads per core) family 6 model 37 stepping 5, cmov, cx8, fxsr, mmx, sse, sse2, sse3, ssse3, sse4.1, sse4.2, popcnt, ht, tsc, tscinvbit

/proc/cpuinfo:
processor	: 0
vendor_id	: GenuineIntel
cpu family	: 6
model		: 37
model name	: Intel(R) Core(TM) i3 CPU       M 380  @ 2.53GHz
stepping	: 5
microcode	: 0x2
cpu MHz		: 933.000
cache size	: 3072 KB
physical id	: 0
siblings	: 4
core id		: 0
cpu cores	: 2
apicid		: 0
initial apicid	: 0
fdiv_bug	: no
hlt_bug		: no
f00f_bug	: no
coma_bug	: no
fpu		: yes
fpu_exception	: yes
cpuid level	: 11
wp		: yes
flags		: fpu vme de pse tsc msr pae mce cx8 apic sep mtrr pge mca cmov pat pse36 clflush dts acpi mmx fxsr sse sse2 ss ht tm pbe nx rdtscp lm constant_tsc arch_perfmon pebs bts xtopology nonstop_tsc aperfmperf pni dtes64 monitor ds_cpl vmx est tm2 ssse3 cx16 xtpr pdcm pcid sse4_1 sse4_2 popcnt lahf_lm arat dtherm tpr_shadow vnmi flexpriority ept vpid
bogomips	: 5053.83
clflush size	: 64
cache_alignment	: 64
address sizes	: 36 bits physical, 48 bits virtual
power management:

processor	: 1
vendor_id	: GenuineIntel
cpu family	: 6
model		: 37
model name	: Intel(R) Core(TM) i3 CPU       M 380  @ 2.53GHz
stepping	: 5
microcode	: 0x2
cpu MHz		: 2533.000
cache size	: 3072 KB
physical id	: 0
siblings	: 4
core id		: 2
cpu cores	: 2
apicid		: 4
initial apicid	: 4
fdiv_bug	: no
hlt_bug		: no
f00f_bug	: no
coma_bug	: no
fpu		: yes
fpu_exception	: yes
cpuid level	: 11
wp		: yes
flags		: fpu vme de pse tsc msr pae mce cx8 apic sep mtrr pge mca cmov pat pse36 clflush dts acpi mmx fxsr sse sse2 ss ht tm pbe nx rdtscp lm constant_tsc arch_perfmon pebs bts xtopology nonstop_tsc aperfmperf pni dtes64 monitor ds_cpl vmx est tm2 ssse3 cx16 xtpr pdcm pcid sse4_1 sse4_2 popcnt lahf_lm arat dtherm tpr_shadow vnmi flexpriority ept vpid
bogomips	: 5054.20
clflush size	: 64
cache_alignment	: 64
address sizes	: 36 bits physical, 48 bits virtual
power management:

processor	: 2
vendor_id	: GenuineIntel
cpu family	: 6
model		: 37
model name	: Intel(R) Core(TM) i3 CPU       M 380  @ 2.53GHz
stepping	: 5
microcode	: 0x2
cpu MHz		: 2533.000
cache size	: 3072 KB
physical id	: 0
siblings	: 4
core id		: 0
cpu cores	: 2
apicid		: 1
initial apicid	: 1
fdiv_bug	: no
hlt_bug		: no
f00f_bug	: no
coma_bug	: no
fpu		: yes
fpu_exception	: yes
cpuid level	: 11
wp		: yes
flags		: fpu vme de pse tsc msr pae mce cx8 apic sep mtrr pge mca cmov pat pse36 clflush dts acpi mmx fxsr sse sse2 ss ht tm pbe nx rdtscp lm constant_tsc arch_perfmon pebs bts xtopology nonstop_tsc aperfmperf pni dtes64 monitor ds_cpl vmx est tm2 ssse3 cx16 xtpr pdcm pcid sse4_1 sse4_2 popcnt lahf_lm arat dtherm tpr_shadow vnmi flexpriority ept vpid
bogomips	: 5054.18
clflush size	: 64
cache_alignment	: 64
address sizes	: 36 bits physical, 48 bits virtual
power management:

processor	: 3
vendor_id	: GenuineIntel
cpu family	: 6
model		: 37
model name	: Intel(R) Core(TM) i3 CPU       M 380  @ 2.53GHz
stepping	: 5
microcode	: 0x2
cpu MHz		: 2533.000
cache size	: 3072 KB
physical id	: 0
siblings	: 4
core id		: 2
cpu cores	: 2
apicid		: 5
initial apicid	: 5
fdiv_bug	: no
hlt_bug		: no
f00f_bug	: no
coma_bug	: no
fpu		: yes
fpu_exception	: yes
cpuid level	: 11
wp		: yes
flags		: fpu vme de pse tsc msr pae mce cx8 apic sep mtrr pge mca cmov pat pse36 clflush dts acpi mmx fxsr sse sse2 ss ht tm pbe nx rdtscp lm constant_tsc arch_perfmon pebs bts xtopology nonstop_tsc aperfmperf pni dtes64 monitor ds_cpl vmx est tm2 ssse3 cx16 xtpr pdcm pcid sse4_1 sse4_2 popcnt lahf_lm arat dtherm tpr_shadow vnmi flexpriority ept vpid
bogomips	: 5054.19
clflush size	: 64
cache_alignment	: 64
address sizes	: 36 bits physical, 48 bits virtual
power management:



Memory: 4k page, physical 3913636k(157092k free), swap 0k(0k free)

vm_info: Java HotSpot(TM) Server VM (24.45-b08) for linux-x86 JRE (1.7.0_45-b18), built on Oct  8 2013 05:44:51 by "java_re" with gcc 4.3.0 20080428 (Red Hat 4.3.0-8)

time: Mon Aug  4 15:37:58 2014
elapsed time: 4 seconds

