#
# There is insufficient memory for the Java Runtime Environment to continue.
# Native memory allocation (malloc) failed to allocate 63700992 bytes for committing reserved memory.
# Possible reasons:
#   The system is out of physical RAM or swap space
#   In 32 bit mode, the process size limit was hit
# Possible solutions:
#   Reduce memory load on the system
#   Increase physical memory or swap space
#   Check if swap backing store is full
#   Use 64 bit Java on a 64 bit OS
#   Decrease Java heap size (-Xmx/-Xms)
#   Decrease number of Java threads
#   Decrease Java thread stack sizes (-Xss)
#   Set larger code cache with -XX:ReservedCodeCacheSize=
# This output file may be truncated or incomplete.
#
#  Out of Memory Error (os_linux.cpp:2718), pid=5713, tid=1813744448
#
# JRE version: Java(TM) SE Runtime Environment (7.0_45-b18) (build 1.7.0_45-b18)
# Java VM: Java HotSpot(TM) Server VM (24.45-b08 mixed mode linux-x86 )
# Failed to write core dump. Core dumps have been disabled. To enable core dumping, try "ulimit -c unlimited" before starting Java again
#

---------------  T H R E A D  ---------------

Current thread (0x6c080400):  VMThread [stack: 0x6c138000,0x6c1b9000] [id=5727]

Stack: [0x6c138000,0x6c1b9000],  sp=0x6c1b7860,  free space=510k
Native frames: (J=compiled Java code, j=interpreted, Vv=VM code, C=native code)
V  [libjvm.so+0x7dc836]  VMError::report_and_die()+0x1a6
V  [libjvm.so+0x33a5c2]  report_vm_out_of_memory(char const*, int, unsigned int, char const*)+0x72
V  [libjvm.so+0x67bc21]  os::Linux::commit_memory_impl(char*, unsigned int, bool)+0xe1
V  [libjvm.so+0x67c077]  os::Linux::commit_memory_impl(char*, unsigned int, unsigned int, bool)+0x47
V  [libjvm.so+0x67c23d]  os::pd_commit_memory(char*, unsigned int, unsigned int, bool)+0x1d
V  [libjvm.so+0x675c8c]  os::commit_memory(char*, unsigned int, unsigned int, bool)+0x2c
V  [libjvm.so+0x6df178]  PSVirtualSpace::expand_by(unsigned int)+0x48
V  [libjvm.so+0x6e027a]  PSYoungGen::resize_generation(unsigned int, unsigned int)+0xda
V  [libjvm.so+0x6df5b9]  PSYoungGen::resize(unsigned int, unsigned int)+0x19
V  [libjvm.so+0x6dd31b]  PSScavenge::invoke_no_policy()+0x105b
V  [libjvm.so+0x6dd748]  PSScavenge::invoke()+0x28
V  [libjvm.so+0x69b9aa]  ParallelScavengeHeap::failed_mem_allocate(unsigned int)+0x5a
V  [libjvm.so+0x7de0da]  VM_ParallelGCFailedAllocation::doit()+0x7a
V  [libjvm.so+0x7e6e97]  VM_Operation::evaluate()+0x47
V  [libjvm.so+0x7e4f93]  VMThread::evaluate_operation(VM_Operation*)+0xb3
V  [libjvm.so+0x7e5330]  VMThread::loop()+0x1b0
V  [libjvm.so+0x7e5795]  VMThread::run()+0x85
V  [libjvm.so+0x67e0f9]  java_start(Thread*)+0x119
C  [libpthread.so.0+0x6d4c]  start_thread+0xcc

VM_Operation (0xb67c2c94): ParallelGCFailedAllocation, mode: safepoint, requested by thread 0xb6608800


---------------  P R O C E S S  ---------------

Java Threads: ( => current thread )
  0x6c099c00 JavaThread "Service Thread" daemon [_thread_blocked, id=5733, stack(0x6b8d9000,0x6b92a000)]
  0x6c097c00 JavaThread "C2 CompilerThread1" daemon [_thread_blocked, id=5732, stack(0x6b92a000,0x6b9ab000)]
  0x6c095c00 JavaThread "C2 CompilerThread0" daemon [_thread_blocked, id=5731, stack(0x6b9ab000,0x6ba2c000)]
  0x6c094400 JavaThread "Signal Dispatcher" daemon [_thread_blocked, id=5730, stack(0x6ba2c000,0x6ba7d000)]
  0x6c084800 JavaThread "Finalizer" daemon [_thread_blocked, id=5729, stack(0x6bdaf000,0x6be00000)]
  0x6c082000 JavaThread "Reference Handler" daemon [_thread_blocked, id=5728, stack(0x6eb2e000,0x6eb7f000)]
  0xb6608800 JavaThread "main" [_thread_blocked, id=5722, stack(0xb6773000,0xb67c4000)]

Other Threads:
=>0x6c080400 VMThread [stack: 0x6c138000,0x6c1b9000] [id=5727]
  0x6c09b800 WatcherThread [stack: 0x6b858000,0x6b8d9000] [id=5734]

VM state:at safepoint (normal execution)

VM Mutex/Monitor currently owned by a thread:  ([mutex/lock_event])
[0xb6606170] Threads_lock - owner thread: 0x6c080400
[0xb6606580] Heap_lock - owner thread: 0xb6608800

Heap
 PSYoungGen      total 159744K, used 28660K [0x9df80000, 0xaa480000, 0xb3500000)
  eden space 124928K, 0% used [0x9df80000,0x9df80000,0xa5980000)
  from space 34816K, 82% used [0xa5980000,0xa757d1f0,0xa7b80000)
  to   space 30208K, 0% used [0xa7b80000,0xa7b80000,0xa9900000)
 ParOldGen       total 54784K, used 33328K [0x73500000, 0x76a80000, 0x9df80000)
  object space 54784K, 60% used [0x73500000,0x7558c0e0,0x76a80000)
 PSPermGen       total 16384K, used 4543K [0x6f500000, 0x70500000, 0x73500000)
  object space 16384K, 27% used [0x6f500000,0x6f96fc20,0x70500000)

Card table byte_map: [0x6f2df000,0x6f500000] byte_map_base: 0x6ef64800

Polling page: 0xb76d9000

Code Cache  [0xb35c8000, 0xb3808000, 0xb65c8000)
 total_blobs=975 nmethods=840 adapters=89 free_code_cache=46901Kb largest_free_block=47990976

Compilation events (10 events):
Event: 8,476 Thread 0x6c097c00 nmethod 856 0xb374a6c8 code [0xb374a7e0, 0xb374a990]
Event: 8,476 Thread 0x6c097c00  857             com.android.dx.io.instructions.InstructionCodec::encodeRegisterRange (26 bytes)
Event: 8,476 Thread 0x6c095c00 nmethod 855 0xb377fbc8 code [0xb377fce0, 0xb377fed0]
Event: 8,476 Thread 0x6c095c00  858             com.android.dx.io.instructions.RegisterRangeDecodedInstruction::getRegisterCount (5 bytes)
Event: 8,476 Thread 0x6c095c00 nmethod 858 0xb37f8f48 code [0xb37f9020, 0xb37f9070]
Event: 8,476 Thread 0x6c095c00  859             com.android.dx.io.instructions.RegisterRangeDecodedInstruction::getA (5 bytes)
Event: 8,477 Thread 0x6c095c00 nmethod 859 0xb37fd608 code [0xb37fd6e0, 0xb37fd730]
Event: 8,479 Thread 0x6c097c00 nmethod 857 0xb374a108 code [0xb374a220, 0xb374a3d0]
Event: 8,535 Thread 0x6c095c00  860             java.nio.Buffer::hasRemaining (17 bytes)
Event: 8,535 Thread 0x6c095c00 nmethod 860 0xb37ff208 code [0xb37ff2e0, 0xb37ff330]

GC Heap History (10 events):
Event: 6,565 GC heap after
Heap after GC invocations=9 (full 1):
 PSYoungGen      total 86016K, used 19509K [0x9df80000, 0xa5f00000, 0xb3500000)
  eden space 61440K, 0% used [0x9df80000,0x9df80000,0xa1b80000)
  from space 24576K, 79% used [0xa3640000,0xa494d798,0xa4e40000)
  to   space 27392K, 0% used [0xa1b80000,0xa1b80000,0xa3640000)
 ParOldGen       total 54784K, used 21866K [0x73500000, 0x76a80000, 0x9df80000)
  object space 54784K, 39% used [0x73500000,0x74a5a890,0x76a80000)
 PSPermGen       total 16384K, used 4535K [0x6f500000, 0x70500000, 0x73500000)
  object space 16384K, 27% used [0x6f500000,0x6f96de78,0x70500000)
}
Event: 6,810 GC heap before
{Heap before GC invocations=10 (full 1):
 PSYoungGen      total 86016K, used 80949K [0x9df80000, 0xa5f00000, 0xb3500000)
  eden space 61440K, 100% used [0x9df80000,0xa1b80000,0xa1b80000)
  from space 24576K, 79% used [0xa3640000,0xa494d798,0xa4e40000)
  to   space 27392K, 0% used [0xa1b80000,0xa1b80000,0xa3640000)
 ParOldGen       total 54784K, used 21866K [0x73500000, 0x76a80000, 0x9df80000)
  object space 54784K, 39% used [0x73500000,0x74a5a890,0x76a80000)
 PSPermGen       total 16384K, used 4538K [0x6f500000, 0x70500000, 0x73500000)
  object space 16384K, 27% used [0x6f500000,0x6f96e8a8,0x70500000)
Event: 6,839 GC heap after
Heap after GC invocations=10 (full 1):
 PSYoungGen      total 88832K, used 16811K [0x9df80000, 0xa6f80000, 0xb3500000)
  eden space 61440K, 0% used [0x9df80000,0x9df80000,0xa1b80000)
  from space 27392K, 61% used [0xa1b80000,0xa2beac50,0xa3640000)
  to   space 28160K, 0% used [0xa5400000,0xa5400000,0xa6f80000)
 ParOldGen       total 54784K, used 21866K [0x73500000, 0x76a80000, 0x9df80000)
  object space 54784K, 39% used [0x73500000,0x74a5a890,0x76a80000)
 PSPermGen       total 16384K, used 4538K [0x6f500000, 0x70500000, 0x73500000)
  object space 16384K, 27% used [0x6f500000,0x6f96e8a8,0x70500000)
}
Event: 7,048 GC heap before
{Heap before GC invocations=11 (full 1):
 PSYoungGen      total 88832K, used 78251K [0x9df80000, 0xa6f80000, 0xb3500000)
  eden space 61440K, 100% used [0x9df80000,0xa1b80000,0xa1b80000)
  from space 27392K, 61% used [0xa1b80000,0xa2beac50,0xa3640000)
  to   space 28160K, 0% used [0xa5400000,0xa5400000,0xa6f80000)
 ParOldGen       total 54784K, used 21866K [0x73500000, 0x76a80000, 0x9df80000)
  object space 54784K, 39% used [0x73500000,0x74a5a890,0x76a80000)
 PSPermGen       total 16384K, used 4539K [0x6f500000, 0x70500000, 0x73500000)
  object space 16384K, 27% used [0x6f500000,0x6f96efc0,0x70500000)
Event: 7,654 GC heap after
Heap after GC invocations=11 (full 1):
 PSYoungGen      total 115456K, used 25675K [0x9df80000, 0xa7880000, 0xb3500000)
  eden space 87296K, 0% used [0x9df80000,0x9df80000,0xa34c0000)
  from space 28160K, 91% used [0xa5400000,0xa6d12cc0,0xa6f80000)
  to   space 32000K, 0% used [0xa34c0000,0xa34c0000,0xa5400000)
 ParOldGen       total 54784K, used 27171K [0x73500000, 0x76a80000, 0x9df80000)
  object space 54784K, 49% used [0x73500000,0x74f88c38,0x76a80000)
 PSPermGen       total 16384K, used 4539K [0x6f500000, 0x70500000, 0x73500000)
  object space 16384K, 27% used [0x6f500000,0x6f96efc0,0x70500000)
}
Event: 7,917 GC heap before
{Heap before GC invocations=12 (full 1):
 PSYoungGen      total 115456K, used 109607K [0x9df80000, 0xa7880000, 0xb3500000)
  eden space 87296K, 96% used [0x9df80000,0xa3177040,0xa34c0000)
  from space 28160K, 91% used [0xa5400000,0xa6d12cc0,0xa6f80000)
  to   space 32000K, 0% used [0xa34c0000,0xa34c0000,0xa5400000)
 ParOldGen       total 54784K, used 27171K [0x73500000, 0x76a80000, 0x9df80000)
  object space 54784K, 49% used [0x73500000,0x74f88c38,0x76a80000)
 PSPermGen       total 16384K, used 4540K [0x6f500000, 0x70500000, 0x73500000)
  object space 16384K, 27% used [0x6f500000,0x6f96f3a8,0x70500000)
Event: 7,921 GC heap after
Heap after GC invocations=12 (full 1):
 PSYoungGen      total 119296K, used 11208K [0x9df80000, 0xa9900000, 0xb3500000)
  eden space 87296K, 0% used [0x9df80000,0x9df80000,0xa34c0000)
  from space 32000K, 35% used [0xa34c0000,0xa3fb2098,0xa5400000)
  to   space 30208K, 0% used [0xa7b80000,0xa7b80000,0xa9900000)
 ParOldGen       total 54784K, used 27175K [0x73500000, 0x76a80000, 0x9df80000)
  object space 54784K, 49% used [0x73500000,0x74f89c38,0x76a80000)
 PSPermGen       total 16384K, used 4540K [0x6f500000, 0x70500000, 0x73500000)
  object space 16384K, 27% used [0x6f500000,0x6f96f3a8,0x70500000)
}
Event: 8,142 GC heap before
{Heap before GC invocations=13 (full 1):
 PSYoungGen      total 119296K, used 98504K [0x9df80000, 0xa9900000, 0xb3500000)
  eden space 87296K, 100% used [0x9df80000,0xa34c0000,0xa34c0000)
  from space 32000K, 35% used [0xa34c0000,0xa3fb2098,0xa5400000)
  to   space 30208K, 0% used [0xa7b80000,0xa7b80000,0xa9900000)
 ParOldGen       total 54784K, used 27175K [0x73500000, 0x76a80000, 0x9df80000)
  object space 54784K, 49% used [0x73500000,0x74f89c38,0x76a80000)
 PSPermGen       total 16384K, used 4542K [0x6f500000, 0x70500000, 0x73500000)
  object space 16384K, 27% used [0x6f500000,0x6f96f970,0x70500000)
Event: 8,181 GC heap after
Heap after GC invocations=13 (full 1):
 PSYoungGen      total 155136K, used 29103K [0x9df80000, 0xaa480000, 0xb3500000)
  eden space 124928K, 0% used [0x9df80000,0x9df80000,0xa5980000)
  from space 30208K, 96% used [0xa7b80000,0xa97ebd98,0xa9900000)
  to   space 34816K, 0% used [0xa5980000,0xa5980000,0xa7b80000)
 ParOldGen       total 54784K, used 33328K [0x73500000, 0x76a80000, 0x9df80000)
  object space 54784K, 60% used [0x73500000,0x7558c0e0,0x76a80000)
 PSPermGen       total 16384K, used 4542K [0x6f500000, 0x70500000, 0x73500000)
  object space 16384K, 27% used [0x6f500000,0x6f96f970,0x70500000)
}
Event: 8,560 GC heap before
{Heap before GC invocations=14 (full 1):
 PSYoungGen      total 155136K, used 154031K [0x9df80000, 0xaa480000, 0xb3500000)
  eden space 124928K, 100% used [0x9df80000,0xa5980000,0xa5980000)
  from space 30208K, 96% used [0xa7b80000,0xa97ebd98,0xa9900000)
  to   space 34816K, 0% used [0xa5980000,0xa5980000,0xa7b80000)
 ParOldGen       total 54784K, used 33328K [0x73500000, 0x76a80000, 0x9df80000)
  object space 54784K, 60% used [0x73500000,0x7558c0e0,0x76a80000)
 PSPermGen       total 16384K, used 4543K [0x6f500000, 0x70500000, 0x73500000)
  object space 16384K, 27% used [0x6f500000,0x6f96fc20,0x70500000)

Deoptimization events (10 events):
Event: 6,607 Thread 0xb6608800 Uncommon trap: reason=null_check action=make_not_entrant pc=0xb37d55ac method=com.android.dx.io.instructions.AddressMap.get(I)I @ 11
Event: 6,700 Thread 0xb6608800 Uncommon trap: reason=array_check action=maybe_recompile pc=0xb376204c method=java.util.ComparableTimSort.binarySort([Ljava/lang/Object;III)V @ 215
Event: 6,700 Thread 0xb6608800 Uncommon trap: reason=array_check action=maybe_recompile pc=0xb37620ec method=java.util.ComparableTimSort.binarySort([Ljava/lang/Object;III)V @ 193
Event: 6,743 Thread 0xb6608800 Uncommon trap: reason=array_check action=maybe_recompile pc=0xb37c8654 method=java.util.TimSort.binarySort([Ljava/lang/Object;IIILjava/util/Comparator;)V @ 215
Event: 6,744 Thread 0xb6608800 Uncommon trap: reason=array_check action=maybe_recompile pc=0xb37c8654 method=java.util.TimSort.binarySort([Ljava/lang/Object;IIILjava/util/Comparator;)V @ 215
Event: 6,963 Thread 0xb6608800 Uncommon trap: reason=array_check action=maybe_recompile pc=0xb376204c method=java.util.ComparableTimSort.binarySort([Ljava/lang/Object;III)V @ 215
Event: 6,964 Thread 0xb6608800 Uncommon trap: reason=array_check action=maybe_recompile pc=0xb37620ec method=java.util.ComparableTimSort.binarySort([Ljava/lang/Object;III)V @ 193
Event: 7,000 Thread 0xb6608800 Uncommon trap: reason=null_check action=make_not_entrant pc=0xb37d8d80 method=java.util.TimSort.binarySort([Ljava/lang/Object;IIILjava/util/Comparator;)V @ 183
Event: 7,923 Thread 0xb6608800 Uncommon trap: reason=array_check action=maybe_recompile pc=0xb37f43fc method=java.util.ComparableTimSort.binarySort([Ljava/lang/Object;III)V @ 183
Event: 8,110 Thread 0xb6608800 Uncommon trap: reason=array_check action=maybe_recompile pc=0xb37f43fc method=java.util.ComparableTimSort.binarySort([Ljava/lang/Object;III)V @ 183

Internal exceptions (10 events):
Event: 5,049 Thread 0xb6608800 Threw 0x9f731378 at /HUDSON/workspace/7u-2-build-linux-i586/jdk7u45/229/hotspot/src/share/vm/prims/jvm.cpp:1244
Event: 5,050 Thread 0xb6608800 Threw 0x9f733360 at /HUDSON/workspace/7u-2-build-linux-i586/jdk7u45/229/hotspot/src/share/vm/prims/jvm.cpp:1244
Event: 5,322 Thread 0xb6608800 Threw 0x9e126440 at /HUDSON/workspace/7u-2-build-linux-i586/jdk7u45/229/hotspot/src/share/vm/prims/jvm.cpp:1244
Event: 5,827 Thread 0xb6608800 Threw 0x9fd07f10 at /HUDSON/workspace/7u-2-build-linux-i586/jdk7u45/229/hotspot/src/share/vm/prims/jvm.cpp:1244
Event: 5,827 Thread 0xb6608800 Threw 0x9fd08028 at /HUDSON/workspace/7u-2-build-linux-i586/jdk7u45/229/hotspot/src/share/vm/prims/jvm.cpp:1244
Event: 5,827 Thread 0xb6608800 Threw 0x9fd0a1f0 at /HUDSON/workspace/7u-2-build-linux-i586/jdk7u45/229/hotspot/src/share/vm/prims/jvm.cpp:1244
Event: 5,827 Thread 0xb6608800 Threw 0x9fd0a308 at /HUDSON/workspace/7u-2-build-linux-i586/jdk7u45/229/hotspot/src/share/vm/prims/jvm.cpp:1244
Event: 6,607 Thread 0xb6608800 Implicit null exception at 0xb37d2bfa to 0xb37d3525
Event: 6,607 Thread 0xb6608800 Implicit null exception at 0xb37d4d58 to 0xb37d559d
Event: 7,000 Thread 0xb6608800 Implicit null exception at 0xb37d863f to 0xb37d8d5d

Events (10 events):
Event: 7,921 Executing VM operation: ParallelGCFailedAllocation done
Event: 7,923 Thread 0xb6608800 Uncommon trap: trap_request=0xffffffd6 fr.pc=0xb37f43fc
Event: 7,923 Thread 0xb6608800 DEOPT PACKING pc=0xb37f43fc sp=0xb67c2d30
Event: 7,923 Thread 0xb6608800 DEOPT UNPACKING pc=0xb35f4bbc sp=0xb67c2d2c mode 2
Event: 8,110 Thread 0xb6608800 Uncommon trap: trap_request=0xffffffd6 fr.pc=0xb37f43fc
Event: 8,110 Thread 0xb6608800 DEOPT PACKING pc=0xb37f43fc sp=0xb67c2d30
Event: 8,110 Thread 0xb6608800 DEOPT UNPACKING pc=0xb35f4bbc sp=0xb67c2d2c mode 2
Event: 8,142 Executing VM operation: ParallelGCFailedAllocation
Event: 8,181 Executing VM operation: ParallelGCFailedAllocation done
Event: 8,559 Executing VM operation: ParallelGCFailedAllocation


Dynamic libraries:
08048000-08049000 r-xp 00000000 08:06 671014     /usr/local/java/jdk1.7.0_45/bin/java
08049000-0804a000 rw-p 00000000 08:06 671014     /usr/local/java/jdk1.7.0_45/bin/java
094f2000-09566000 rw-p 00000000 00:00 0          [heap]
6a800000-6a8e3000 rw-p 00000000 00:00 0 
6a8e3000-6a900000 ---p 00000000 00:00 0 
6aa00000-6aafe000 rw-p 00000000 00:00 0 
6aafe000-6ab00000 ---p 00000000 00:00 0 
6ab00000-6abed000 rw-p 00000000 00:00 0 
6abed000-6ac00000 ---p 00000000 00:00 0 
6ac00000-6acfa000 rw-p 00000000 00:00 0 
6acfa000-6ad00000 ---p 00000000 00:00 0 
6ae00000-6aef5000 rw-p 00000000 00:00 0 
6aef5000-6af00000 ---p 00000000 00:00 0 
6af00000-6aff6000 rw-p 00000000 00:00 0 
6aff6000-6b000000 ---p 00000000 00:00 0 
6b000000-6b0fa000 rw-p 00000000 00:00 0 
6b0fa000-6b100000 ---p 00000000 00:00 0 
6b178000-6b17c000 r--s 0008a000 08:06 397573     /usr/local/java/jdk1.7.0_45/jre/lib/jsse.jar
6b200000-6b2fe000 rw-p 00000000 00:00 0 
6b2fe000-6b300000 ---p 00000000 00:00 0 
6b300000-6b3f9000 rw-p 00000000 00:00 0 
6b3f9000-6b400000 ---p 00000000 00:00 0 
6b400000-6b500000 rw-p 00000000 00:00 0 
6b500000-6b5fe000 rw-p 00000000 00:00 0 
6b5fe000-6b600000 ---p 00000000 00:00 0 
6b600000-6b69e000 rw-p 00000000 00:00 0 
6b69e000-6b700000 ---p 00000000 00:00 0 
6b714000-6b717000 ---p 00000000 00:00 0 
6b717000-6b765000 rw-p 00000000 00:00 0 
6b765000-6b768000 ---p 00000000 00:00 0 
6b768000-6b7b6000 rw-p 00000000 00:00 0 
6b7b6000-6b7b9000 ---p 00000000 00:00 0 
6b7b9000-6b807000 rw-p 00000000 00:00 0 
6b807000-6b80a000 ---p 00000000 00:00 0 
6b80a000-6b858000 rw-p 00000000 00:00 0 
6b858000-6b859000 ---p 00000000 00:00 0 
6b859000-6b8d9000 rw-p 00000000 00:00 0 
6b8d9000-6b8dc000 ---p 00000000 00:00 0 
6b8dc000-6b92a000 rw-p 00000000 00:00 0 
6b92a000-6b92d000 ---p 00000000 00:00 0 
6b92d000-6b9ab000 rw-p 00000000 00:00 0 
6b9ab000-6b9ae000 ---p 00000000 00:00 0 
6b9ae000-6ba2c000 rw-p 00000000 00:00 0 
6ba2c000-6ba2f000 ---p 00000000 00:00 0 
6ba2f000-6ba7d000 rw-p 00000000 00:00 0 
6ba7d000-6bbaf000 r--p 002c8000 08:06 392632     /usr/lib/locale/locale-archive
6bbaf000-6bdaf000 r--p 00000000 08:06 392632     /usr/lib/locale/locale-archive
6bdaf000-6bdb2000 ---p 00000000 00:00 0 
6bdb2000-6be00000 rw-p 00000000 00:00 0 
6be00000-6beef000 rw-p 00000000 00:00 0 
6beef000-6bf00000 ---p 00000000 00:00 0 
6bf00000-6bf21000 rw-p 00000000 00:00 0 
6bf21000-6c000000 ---p 00000000 00:00 0 
6c000000-6c0f7000 rw-p 00000000 00:00 0 
6c0f7000-6c100000 ---p 00000000 00:00 0 
6c138000-6c139000 ---p 00000000 00:00 0 
6c139000-6c204000 rw-p 00000000 00:00 0 
6c204000-6c3c0000 r--s 039b2000 08:06 393573     /usr/local/java/jdk1.7.0_45/jre/lib/rt.jar
6c3c0000-6ea00000 rw-p 00000000 00:00 0 
6ea00000-6eaf9000 rw-p 00000000 00:00 0 
6eaf9000-6eb00000 ---p 00000000 00:00 0 
6eb2e000-6eb31000 ---p 00000000 00:00 0 
6eb31000-6eb7f000 rw-p 00000000 00:00 0 
6eb7f000-6eb80000 ---p 00000000 00:00 0 
6eb80000-6ec00000 rw-p 00000000 00:00 0 
6ec00000-6ec21000 rw-p 00000000 00:00 0 
6ec21000-6ed00000 ---p 00000000 00:00 0 
6ed00000-6ed21000 rw-p 00000000 00:00 0 
6ed21000-6ee00000 ---p 00000000 00:00 0 
6ee24000-6ee7f000 rw-p 00000000 00:00 0 
6ee7f000-6ee80000 ---p 00000000 00:00 0 
6ee80000-6ef00000 rw-p 00000000 00:00 0 
6ef00000-6ef41000 rw-p 00000000 00:00 0 
6ef41000-6f000000 ---p 00000000 00:00 0 
6f028000-6f03d000 r-xp 00000000 08:06 670957     /usr/local/java/jdk1.7.0_45/jre/lib/i386/libnet.so
6f03d000-6f03e000 rw-p 00014000 08:06 670957     /usr/local/java/jdk1.7.0_45/jre/lib/i386/libnet.so
6f03e000-6f04c000 r-xp 00000000 08:06 670404     /usr/local/java/jdk1.7.0_45/jre/lib/i386/libnio.so
6f04c000-6f04d000 rw-p 0000e000 08:06 670404     /usr/local/java/jdk1.7.0_45/jre/lib/i386/libnio.so
6f04d000-6f067000 rw-p 00000000 00:00 0 
6f067000-6f068000 ---p 00000000 00:00 0 
6f068000-6f0e8000 rw-p 00000000 00:00 0 
6f0e8000-6f0e9000 ---p 00000000 00:00 0 
6f0e9000-6f171000 rw-p 00000000 00:00 0 
6f171000-6f189000 rw-p 00000000 00:00 0 
6f189000-6f1a4000 rw-p 00000000 00:00 0 
6f1a4000-6f2df000 rw-p 00000000 00:00 0 
6f2df000-6f2e7000 rw-p 00000000 00:00 0 
6f2e7000-6f2ff000 rw-p 00000000 00:00 0 
6f2ff000-6f31a000 rw-p 00000000 00:00 0 
6f31a000-6f454000 rw-p 00000000 00:00 0 
6f454000-6f4b7000 rw-p 00000000 00:00 0 
6f4b7000-6f4ff000 rw-p 00000000 00:00 0 
6f4ff000-70500000 rw-p 00000000 00:00 0 
70500000-73500000 rw-p 00000000 00:00 0 
73500000-76a80000 rw-p 00000000 00:00 0 
76a80000-9df80000 rw-p 00000000 00:00 0 
9df80000-aa480000 rw-p 00000000 00:00 0 
ae115000-ae11c000 r--s 00000000 08:06 395046     /usr/lib/i386-linux-gnu/gconv/gconv-modules.cache
ae11c000-ae140000 r--p 00000000 08:06 1317469    /usr/share/locale-langpack/pl/LC_MESSAGES/libc.mo
ae140000-b3500000 rw-p 00000000 00:00 0 
b3508000-b3511000 rw-p 00000000 00:00 0 
b3511000-b35c8000 rw-p 00000000 00:00 0 
b35c8000-b3808000 rwxp 00000000 00:00 0 
b3808000-b65c8000 rw-p 00000000 00:00 0 
b65c8000-b65df000 r-xp 00000000 08:06 670944     /usr/local/java/jdk1.7.0_45/jre/lib/i386/libzip.so
b65df000-b65e0000 rw-p 00017000 08:06 670944     /usr/local/java/jdk1.7.0_45/jre/lib/i386/libzip.so
b65e0000-b65e7000 r-xp 00000000 08:06 786201     /lib/i386-linux-gnu/libnss_compat-2.15.so
b65e7000-b65e8000 r--p 00006000 08:06 786201     /lib/i386-linux-gnu/libnss_compat-2.15.so
b65e8000-b65e9000 rw-p 00007000 08:06 786201     /lib/i386-linux-gnu/libnss_compat-2.15.so
b65f3000-b65fe000 r-xp 00000000 08:06 786164     /lib/i386-linux-gnu/libnss_files-2.15.so
b65fe000-b65ff000 r--p 0000a000 08:06 786164     /lib/i386-linux-gnu/libnss_files-2.15.so
b65ff000-b6600000 rw-p 0000b000 08:06 786164     /lib/i386-linux-gnu/libnss_files-2.15.so
b6600000-b66f7000 rw-p 00000000 00:00 0 
b66f7000-b6700000 ---p 00000000 00:00 0 
b6709000-b6713000 r-xp 00000000 08:06 786202     /lib/i386-linux-gnu/libnss_nis-2.15.so
b6713000-b6714000 r--p 00009000 08:06 786202     /lib/i386-linux-gnu/libnss_nis-2.15.so
b6714000-b6715000 rw-p 0000a000 08:06 786202     /lib/i386-linux-gnu/libnss_nis-2.15.so
b671e000-b672c000 r--s 000b4000 08:06 546427     /usr/share/android-studio/data/sdk/build-tools/android-4.4W/lib/dx.jar
b672c000-b6742000 r-xp 00000000 08:06 786163     /lib/i386-linux-gnu/libnsl-2.15.so
b6742000-b6743000 r--p 00015000 08:06 786163     /lib/i386-linux-gnu/libnsl-2.15.so
b6743000-b6744000 rw-p 00016000 08:06 786163     /lib/i386-linux-gnu/libnsl-2.15.so
b6744000-b6746000 rw-p 00000000 00:00 0 
b6746000-b6769000 r-xp 00000000 08:06 664766     /usr/local/java/jdk1.7.0_45/jre/lib/i386/libjava.so
b6769000-b676a000 rw-p 00022000 08:06 664766     /usr/local/java/jdk1.7.0_45/jre/lib/i386/libjava.so
b676a000-b6771000 r-xp 00000000 08:06 786021     /lib/i386-linux-gnu/librt-2.15.so
b6771000-b6772000 r--p 00006000 08:06 786021     /lib/i386-linux-gnu/librt-2.15.so
b6772000-b6773000 rw-p 00007000 08:06 786021     /lib/i386-linux-gnu/librt-2.15.so
b6773000-b6776000 ---p 00000000 00:00 0 
b6776000-b67c4000 rw-p 00000000 00:00 0 
b67c4000-b67ee000 r-xp 00000000 08:06 786199     /lib/i386-linux-gnu/libm-2.15.so
b67ee000-b67ef000 r--p 00029000 08:06 786199     /lib/i386-linux-gnu/libm-2.15.so
b67ef000-b67f0000 rw-p 0002a000 08:06 786199     /lib/i386-linux-gnu/libm-2.15.so
b67f0000-b7067000 r-xp 00000000 08:06 670953     /usr/local/java/jdk1.7.0_45/jre/lib/i386/server/libjvm.so
b7067000-b70cc000 rw-p 00876000 08:06 670953     /usr/local/java/jdk1.7.0_45/jre/lib/i386/server/libjvm.so
b70cc000-b74ef000 rw-p 00000000 00:00 0 
b74ef000-b7693000 r-xp 00000000 08:06 786179     /lib/i386-linux-gnu/libc-2.15.so
b7693000-b7694000 ---p 001a4000 08:06 786179     /lib/i386-linux-gnu/libc-2.15.so
b7694000-b7696000 r--p 001a4000 08:06 786179     /lib/i386-linux-gnu/libc-2.15.so
b7696000-b7697000 rw-p 001a6000 08:06 786179     /lib/i386-linux-gnu/libc-2.15.so
b7697000-b769a000 rw-p 00000000 00:00 0 
b769a000-b769d000 r-xp 00000000 08:06 811213     /lib/i386-linux-gnu/libdl-2.15.so
b769d000-b769e000 r--p 00002000 08:06 811213     /lib/i386-linux-gnu/libdl-2.15.so
b769e000-b769f000 rw-p 00003000 08:06 811213     /lib/i386-linux-gnu/libdl-2.15.so
b769f000-b76a0000 rw-p 00000000 00:00 0 
b76a0000-b76b3000 r-xp 00000000 08:06 671956     /usr/local/java/jdk1.7.0_45/lib/i386/jli/libjli.so
b76b3000-b76b4000 rw-p 00012000 08:06 671956     /usr/local/java/jdk1.7.0_45/lib/i386/jli/libjli.so
b76b4000-b76cb000 r-xp 00000000 08:06 785972     /lib/i386-linux-gnu/libpthread-2.15.so
b76cb000-b76cc000 r--p 00016000 08:06 785972     /lib/i386-linux-gnu/libpthread-2.15.so
b76cc000-b76cd000 rw-p 00017000 08:06 785972     /lib/i386-linux-gnu/libpthread-2.15.so
b76cd000-b76cf000 rw-p 00000000 00:00 0 
b76d0000-b76d8000 rw-s 00000000 08:06 1076036    /tmp/hsperfdata_olek/5713
b76d8000-b76d9000 rw-p 00000000 00:00 0 
b76d9000-b76da000 ---p 00000000 00:00 0 
b76da000-b76e5000 r-xp 00000000 08:06 670968     /usr/local/java/jdk1.7.0_45/jre/lib/i386/libverify.so
b76e5000-b76e6000 rw-p 0000b000 08:06 670968     /usr/local/java/jdk1.7.0_45/jre/lib/i386/libverify.so
b76e6000-b76e8000 rw-p 00000000 00:00 0 
b76e8000-b76e9000 r-xp 00000000 00:00 0          [vdso]
b76e9000-b7709000 r-xp 00000000 08:06 785971     /lib/i386-linux-gnu/ld-2.15.so
b7709000-b770a000 r--p 0001f000 08:06 785971     /lib/i386-linux-gnu/ld-2.15.so
b770a000-b770b000 rw-p 00020000 08:06 785971     /lib/i386-linux-gnu/ld-2.15.so
bfa49000-bfa6b000 rw-p 00000000 00:00 0          [stack]

VM Arguments:
jvm_args: -Xmx1024M 
java_command: /usr/share/android-studio/data/sdk/build-tools/android-4.4W/lib/dx.jar --dex --num-threads=4 --output /home/olek/AndroidStudioProjects/DajSpisac2/DajSpisac/app/build/intermediates/dex/debug /home/olek/AndroidStudioProjects/DajSpisac2/DajSpisac/app/build/intermediates/classes/debug /home/olek/AndroidStudioProjects/DajSpisac2/DajSpisac/app/build/intermediates/dependency-cache/debug /home/olek/AndroidStudioProjects/DajSpisac2/DajSpisac/app/build/intermediates/pre-dexed/debug/classes-70e4cd1c8b82dadb81c01a1164645fd5171b131f.jar /home/olek/AndroidStudioProjects/DajSpisac2/DajSpisac/app/build/intermediates/pre-dexed/debug/support-v4-19.1.0-bfe6379f31d17615f5ca4b83bd0a7235fba0720f.jar /home/olek/AndroidStudioProjects/DajSpisac2/DajSpisac/app/build/intermediates/pre-dexed/debug/commons-io-1.3.2-65ced0583e745a13466ed476e15f98ed8c349674.jar /home/olek/AndroidStudioProjects/DajSpisac2/DajSpisac/app/build/intermediates/pre-dexed/debug/robospice-spring-android-1.4.12-762be6cfb250899b1c81036b07f54fee4dcb2ac4.jar /home/olek/AndroidStudioProjects/DajSpisac2/DajSpisac/app/build/intermediates/pre-dexed/debug/commons-lang3-3.2.1-48ddb587b0af443a44635ae516cd5b6e9793dbc0.jar /home/olek/AndroidStudioProjects/DajSpisac2/DajSpisac/app/build/intermediates/pre-dexed/debug/universal-image-loader-1.9.2-eee2392d80033a19dda5fe10e97bf2d997aa8324.jar /home/olek/AndroidStudioProjects/DajSpisac2/DajSpisac/app/build/intermediates/pre-dexed/debug/spring-android-core-1.0.1.RELEASE-9b9474ca76c015172b287f2cde44701cfd7f5b74.jar /home/olek/AndroidStudioProjects/DajSpisac2/DajSpisac/app/build/intermediates/pre-dexed/debug/jackson-annotations-2.4.0-f178df8577412c09ca51db91729aef33d7539dfc.jar /home/olek/AndroidStudioProjects/DajSpisac2/DajSpisac/app/build/intermediates/pre-dexed/debug/jackson-databind-2.4.1-6d3307ebe01e61039a6ee8c8c597c33528867cbd.jar /home/olek/AndroidStudioProjects/DajSpisac2/DajSpisac/app/build/intermediates/pre-dexed/debug/spring-android-rest-template-1.0.1.RELEASE-0958c0
Launcher Type: SUN_STANDARD

Environment Variables:
JAVA_HOME=/usr/local/java/jdk1.7.0_45
CLASSPATH=/usr/share/android-studio/data/bin/../lib/bootstrap.jar:/usr/share/android-studio/data/bin/../lib/extensions.jar:/usr/share/android-studio/data/bin/../lib/util.jar:/usr/share/android-studio/data/bin/../lib/jdom.jar:/usr/share/android-studio/data/bin/../lib/log4j.jar:/usr/share/android-studio/data/bin/../lib/trove4j.jar:/usr/share/android-studio/data/bin/../lib/jna.jar:/usr/local/java/jdk1.7.0_45/lib/tools.jar
PATH=/usr/lib/lightdm/lightdm:/usr/local/sbin:/usr/local/bin:/usr/sbin:/usr/bin:/sbin:/bin:/usr/games:/home/olek/bin:/usr/local/java/jdk1.7.0_45/bin
LD_LIBRARY_PATH=/usr/share/android-studio/data/bin:
SHELL=/bin/bash
DISPLAY=:0

Signal Handlers:
SIGSEGV: [libjvm.so+0x7dd350], sa_mask[0]=0x7ffbfeff, sa_flags=0x10000004
SIGBUS: [libjvm.so+0x7dd350], sa_mask[0]=0x7ffbfeff, sa_flags=0x10000004
SIGFPE: [libjvm.so+0x678b60], sa_mask[0]=0x7ffbfeff, sa_flags=0x10000004
SIGPIPE: [libjvm.so+0x678b60], sa_mask[0]=0x7ffbfeff, sa_flags=0x10000004
SIGXFSZ: [libjvm.so+0x678b60], sa_mask[0]=0x7ffbfeff, sa_flags=0x10000004
SIGILL: [libjvm.so+0x678b60], sa_mask[0]=0x7ffbfeff, sa_flags=0x10000004
SIGUSR1: SIG_DFL, sa_mask[0]=0x00000000, sa_flags=0x00000000
SIGUSR2: [libjvm.so+0x67a050], sa_mask[0]=0x00000004, sa_flags=0x10000004
SIGHUP: [libjvm.so+0x67b1a0], sa_mask[0]=0x7ffbfeff, sa_flags=0x10000004
SIGINT: [libjvm.so+0x67b1a0], sa_mask[0]=0x7ffbfeff, sa_flags=0x10000004
SIGTERM: [libjvm.so+0x67b1a0], sa_mask[0]=0x7ffbfeff, sa_flags=0x10000004
SIGQUIT: [libjvm.so+0x67b1a0], sa_mask[0]=0x7ffbfeff, sa_flags=0x10000004


---------------  S Y S T E M  ---------------

OS:wheezy/sid

uname:Linux 3.2.0-67-generic-pae #101-Ubuntu SMP Tue Jul 15 18:04:54 UTC 2014 i686
libc:glibc 2.15 NPTL 2.15 
rlimit: STACK 8192k, CORE 0k, NPROC 30461, NOFILE 4096, AS infinity
load average:3,49 2,85 1,91

/proc/meminfo:
MemTotal:        3913636 kB
MemFree:          155952 kB
Buffers:            2500 kB
Cached:           431008 kB
SwapCached:            0 kB
Active:          3278284 kB
Inactive:         394244 kB
Active(anon):    3241016 kB
Inactive(anon):   361792 kB
Active(file):      37268 kB
Inactive(file):    32452 kB
Unevictable:          32 kB
Mlocked:              32 kB
HighTotal:       3072916 kB
HighFree:            824 kB
LowTotal:         840720 kB
LowFree:          155128 kB
SwapTotal:             0 kB
SwapFree:              0 kB
Dirty:                52 kB
Writeback:             0 kB
AnonPages:       3239520 kB
Mapped:           104048 kB
Shmem:            363452 kB
Slab:              39740 kB
SReclaimable:      19032 kB
SUnreclaim:        20708 kB
KernelStack:        4840 kB
PageTables:        19192 kB
NFS_Unstable:          0 kB
Bounce:                0 kB
WritebackTmp:          0 kB
CommitLimit:     1956816 kB
Committed_AS:    8091068 kB
VmallocTotal:     122880 kB
VmallocUsed:       59936 kB
VmallocChunk:      60660 kB
HardwareCorrupted:     0 kB
AnonHugePages:         0 kB
HugePages_Total:       0
HugePages_Free:        0
HugePages_Rsvd:        0
HugePages_Surp:        0
Hugepagesize:       2048 kB
DirectMap4k:       10232 kB
DirectMap2M:      903168 kB


CPU:total 4 (2 cores per cpu, 2 threads per core) family 6 model 37 stepping 5, cmov, cx8, fxsr, mmx, sse, sse2, sse3, ssse3, sse4.1, sse4.2, popcnt, ht, tsc, tscinvbit

/proc/cpuinfo:
processor	: 0
vendor_id	: GenuineIntel
cpu family	: 6
model		: 37
model name	: Intel(R) Core(TM) i3 CPU       M 380  @ 2.53GHz
stepping	: 5
microcode	: 0x2
cpu MHz		: 2533.000
cache size	: 3072 KB
physical id	: 0
siblings	: 4
core id		: 0
cpu cores	: 2
apicid		: 0
initial apicid	: 0
fdiv_bug	: no
hlt_bug		: no
f00f_bug	: no
coma_bug	: no
fpu		: yes
fpu_exception	: yes
cpuid level	: 11
wp		: yes
flags		: fpu vme de pse tsc msr pae mce cx8 apic sep mtrr pge mca cmov pat pse36 clflush dts acpi mmx fxsr sse sse2 ss ht tm pbe nx rdtscp lm constant_tsc arch_perfmon pebs bts xtopology nonstop_tsc aperfmperf pni dtes64 monitor ds_cpl vmx est tm2 ssse3 cx16 xtpr pdcm pcid sse4_1 sse4_2 popcnt lahf_lm arat dtherm tpr_shadow vnmi flexpriority ept vpid
bogomips	: 5054.70
clflush size	: 64
cache_alignment	: 64
address sizes	: 36 bits physical, 48 bits virtual
power management:

processor	: 1
vendor_id	: GenuineIntel
cpu family	: 6
model		: 37
model name	: Intel(R) Core(TM) i3 CPU       M 380  @ 2.53GHz
stepping	: 5
microcode	: 0x2
cpu MHz		: 933.000
cache size	: 3072 KB
physical id	: 0
siblings	: 4
core id		: 2
cpu cores	: 2
apicid		: 4
initial apicid	: 4
fdiv_bug	: no
hlt_bug		: no
f00f_bug	: no
coma_bug	: no
fpu		: yes
fpu_exception	: yes
cpuid level	: 11
wp		: yes
flags		: fpu vme de pse tsc msr pae mce cx8 apic sep mtrr pge mca cmov pat pse36 clflush dts acpi mmx fxsr sse sse2 ss ht tm pbe nx rdtscp lm constant_tsc arch_perfmon pebs bts xtopology nonstop_tsc aperfmperf pni dtes64 monitor ds_cpl vmx est tm2 ssse3 cx16 xtpr pdcm pcid sse4_1 sse4_2 popcnt lahf_lm arat dtherm tpr_shadow vnmi flexpriority ept vpid
bogomips	: 5054.19
clflush size	: 64
cache_alignment	: 64
address sizes	: 36 bits physical, 48 bits virtual
power management:

processor	: 2
vendor_id	: GenuineIntel
cpu family	: 6
model		: 37
model name	: Intel(R) Core(TM) i3 CPU       M 380  @ 2.53GHz
stepping	: 5
microcode	: 0x2
cpu MHz		: 1999.000
cache size	: 3072 KB
physical id	: 0
siblings	: 4
core id		: 0
cpu cores	: 2
apicid		: 1
initial apicid	: 1
fdiv_bug	: no
hlt_bug		: no
f00f_bug	: no
coma_bug	: no
fpu		: yes
fpu_exception	: yes
cpuid level	: 11
wp		: yes
flags		: fpu vme de pse tsc msr pae mce cx8 apic sep mtrr pge mca cmov pat pse36 clflush dts acpi mmx fxsr sse sse2 ss ht tm pbe nx rdtscp lm constant_tsc arch_perfmon pebs bts xtopology nonstop_tsc aperfmperf pni dtes64 monitor ds_cpl vmx est tm2 ssse3 cx16 xtpr pdcm pcid sse4_1 sse4_2 popcnt lahf_lm arat dtherm tpr_shadow vnmi flexpriority ept vpid
bogomips	: 5054.19
clflush size	: 64
cache_alignment	: 64
address sizes	: 36 bits physical, 48 bits virtual
power management:

processor	: 3
vendor_id	: GenuineIntel
cpu family	: 6
model		: 37
model name	: Intel(R) Core(TM) i3 CPU       M 380  @ 2.53GHz
stepping	: 5
microcode	: 0x2
cpu MHz		: 933.000
cache size	: 3072 KB
physical id	: 0
siblings	: 4
core id		: 2
cpu cores	: 2
apicid		: 5
initial apicid	: 5
fdiv_bug	: no
hlt_bug		: no
f00f_bug	: no
coma_bug	: no
fpu		: yes
fpu_exception	: yes
cpuid level	: 11
wp		: yes
flags		: fpu vme de pse tsc msr pae mce cx8 apic sep mtrr pge mca cmov pat pse36 clflush dts acpi mmx fxsr sse sse2 ss ht tm pbe nx rdtscp lm constant_tsc arch_perfmon pebs bts xtopology nonstop_tsc aperfmperf pni dtes64 monitor ds_cpl vmx est tm2 ssse3 cx16 xtpr pdcm pcid sse4_1 sse4_2 popcnt lahf_lm arat dtherm tpr_shadow vnmi flexpriority ept vpid
bogomips	: 5054.18
clflush size	: 64
cache_alignment	: 64
address sizes	: 36 bits physical, 48 bits virtual
power management:



Memory: 4k page, physical 3913636k(155952k free), swap 0k(0k free)

vm_info: Java HotSpot(TM) Server VM (24.45-b08) for linux-x86 JRE (1.7.0_45-b18), built on Oct  8 2013 05:44:51 by "java_re" with gcc 4.3.0 20080428 (Red Hat 4.3.0-8)

time: Tue Aug 26 11:03:02 2014
elapsed time: 9 seconds

