#
# There is insufficient memory for the Java Runtime Environment to continue.
# Native memory allocation (malloc) failed to allocate 65536000 bytes for committing reserved memory.
# Possible reasons:
#   The system is out of physical RAM or swap space
#   In 32 bit mode, the process size limit was hit
# Possible solutions:
#   Reduce memory load on the system
#   Increase physical memory or swap space
#   Check if swap backing store is full
#   Use 64 bit Java on a 64 bit OS
#   Decrease Java heap size (-Xmx/-Xms)
#   Decrease number of Java threads
#   Decrease Java thread stack sizes (-Xss)
#   Set larger code cache with -XX:ReservedCodeCacheSize=
# This output file may be truncated or incomplete.
#
#  Out of Memory Error (os_linux.cpp:2718), pid=13815, tid=1813744448
#
# JRE version: Java(TM) SE Runtime Environment (7.0_45-b18) (build 1.7.0_45-b18)
# Java VM: Java HotSpot(TM) Server VM (24.45-b08 mixed mode linux-x86 )
# Failed to write core dump. Core dumps have been disabled. To enable core dumping, try "ulimit -c unlimited" before starting Java again
#

---------------  T H R E A D  ---------------

Current thread (0x6c080800):  VMThread [stack: 0x6c138000,0x6c1b9000] [id=13829]

Stack: [0x6c138000,0x6c1b9000],  sp=0x6c1b7960,  free space=510k
Native frames: (J=compiled Java code, j=interpreted, Vv=VM code, C=native code)
V  [libjvm.so+0x7dc836]  VMError::report_and_die()+0x1a6
V  [libjvm.so+0x33a5c2]  report_vm_out_of_memory(char const*, int, unsigned int, char const*)+0x72
V  [libjvm.so+0x67bc21]  os::Linux::commit_memory_impl(char*, unsigned int, bool)+0xe1
V  [libjvm.so+0x67c077]  os::Linux::commit_memory_impl(char*, unsigned int, unsigned int, bool)+0x47
V  [libjvm.so+0x67c23d]  os::pd_commit_memory(char*, unsigned int, unsigned int, bool)+0x1d
V  [libjvm.so+0x675c8c]  os::commit_memory(char*, unsigned int, unsigned int, bool)+0x2c
V  [libjvm.so+0x6df178]  PSVirtualSpace::expand_by(unsigned int)+0x48
V  [libjvm.so+0x6e027a]  PSYoungGen::resize_generation(unsigned int, unsigned int)+0xda
V  [libjvm.so+0x6df5b9]  PSYoungGen::resize(unsigned int, unsigned int)+0x19
V  [libjvm.so+0x6dd31b]  PSScavenge::invoke_no_policy()+0x105b
V  [libjvm.so+0x6dd748]  PSScavenge::invoke()+0x28
V  [libjvm.so+0x69b9aa]  ParallelScavengeHeap::failed_mem_allocate(unsigned int)+0x5a
V  [libjvm.so+0x7de0da]  VM_ParallelGCFailedAllocation::doit()+0x7a
V  [libjvm.so+0x7e6e97]  VM_Operation::evaluate()+0x47
V  [libjvm.so+0x7e4f93]  VMThread::evaluate_operation(VM_Operation*)+0xb3
V  [libjvm.so+0x7e5330]  VMThread::loop()+0x1b0
V  [libjvm.so+0x7e5795]  VMThread::run()+0x85
V  [libjvm.so+0x67e0f9]  java_start(Thread*)+0x119
C  [libpthread.so.0+0x6d4c]  start_thread+0xcc

VM_Operation (0xb67e9c64): ParallelGCFailedAllocation, mode: safepoint, requested by thread 0xb6608c00


---------------  P R O C E S S  ---------------

Java Threads: ( => current thread )
  0x6c099c00 JavaThread "Service Thread" daemon [_thread_blocked, id=13835, stack(0x6b92a000,0x6b97b000)]
  0x6c098000 JavaThread "C2 CompilerThread1" daemon [_thread_blocked, id=13834, stack(0x6b97b000,0x6b9fc000)]
  0x6c096000 JavaThread "C2 CompilerThread0" daemon [_thread_blocked, id=13833, stack(0x6b9fc000,0x6ba7d000)]
  0x6c094400 JavaThread "Signal Dispatcher" daemon [_thread_blocked, id=13832, stack(0x6ba7d000,0x6bace000)]
  0x6c084800 JavaThread "Finalizer" daemon [_thread_blocked, id=13831, stack(0x6eb2e000,0x6eb7f000)]
  0x6c082000 JavaThread "Reference Handler" daemon [_thread_blocked, id=13830, stack(0x6ed2e000,0x6ed7f000)]
  0xb6608c00 JavaThread "main" [_thread_blocked, id=13824, stack(0xb679a000,0xb67eb000)]

Other Threads:
=>0x6c080800 VMThread [stack: 0x6c138000,0x6c1b9000] [id=13829]
  0x6c09bc00 WatcherThread [stack: 0x6b8a9000,0x6b92a000] [id=13836]

VM state:at safepoint (normal execution)

VM Mutex/Monitor currently owned by a thread:  ([mutex/lock_event])
[0xb66062b0] Threads_lock - owner thread: 0x6c080800
[0xb66066c0] Heap_lock - owner thread: 0xb6608c00

Heap
 PSYoungGen      total 135936K, used 25342K [0x9df80000, 0xa7fc0000, 0xb3500000)
  eden space 110592K, 0% used [0x9df80000,0x9df80000,0xa4b80000)
  from space 25344K, 99% used [0xa4b80000,0xa643f9d0,0xa6440000)
  to   space 23296K, 0% used [0xa6440000,0xa6440000,0xa7b00000)
 ParOldGen       total 61440K, used 23519K [0x73500000, 0x77100000, 0x9df80000)
  object space 61440K, 38% used [0x73500000,0x74bf7fc8,0x77100000)
 PSPermGen       total 16384K, used 4533K [0x6f500000, 0x70500000, 0x73500000)
  object space 16384K, 27% used [0x6f500000,0x6f96d690,0x70500000)

Card table byte_map: [0x6f2df000,0x6f500000] byte_map_base: 0x6ef64800

Polling page: 0xb7700000

Code Cache  [0xb35e0000, 0xb3820000, 0xb65e0000)
 total_blobs=944 nmethods=809 adapters=89 free_code_cache=46921Kb largest_free_block=48013440

Compilation events (10 events):
Event: 9,175 Thread 0x6c096000  821             java.util.ComparableTimSort::binarySort (223 bytes)
Event: 9,193 Thread 0x6c096000 nmethod 821 0xb380d648 code [0xb380d7e0, 0xb380e0bc]
Event: 9,383 Thread 0x6c098000  822             java.util.ComparableTimSort::gallopLeft (327 bytes)
Event: 9,394 Thread 0x6c096000  823             java.util.TimSort::countRunAndMakeAscending (128 bytes)
Event: 9,411 Thread 0x6c096000 nmethod 823 0xb3809988 code [0xb3809ae0, 0xb380a270]
Event: 9,418 Thread 0x6c096000  824             com.android.dx.io.instructions.InstructionCodec$7::decode (50 bytes)
Event: 9,433 Thread 0x6c096000 nmethod 824 0xb380ee88 code [0xb380efa0, 0xb380f150]
Event: 9,434 Thread 0x6c096000  825             com.android.dx.io.instructions.InstructionCodec$7::encode (23 bytes)
Event: 9,436 Thread 0x6c098000 nmethod 822 0xb3813348 code [0xb3813580, 0xb3814618]
Event: 9,437 Thread 0x6c096000 nmethod 825 0xb3809588 code [0xb3809680, 0xb38097b0]

GC Heap History (10 events):
Event: 8,407 GC heap after
Heap after GC invocations=12 (full 1):
 PSYoungGen      total 73216K, used 12541K [0x9df80000, 0xa5580000, 0xb3500000)
  eden space 51200K, 0% used [0x9df80000,0x9df80000,0xa1180000)
  from space 22016K, 56% used [0xa1180000,0xa1dbf4a8,0xa2700000)
  to   space 22016K, 0% used [0xa4000000,0xa4000000,0xa5580000)
 ParOldGen       total 50176K, used 30547K [0x73500000, 0x76600000, 0x9df80000)
  object space 50176K, 60% used [0x73500000,0x752d4f10,0x76600000)
 PSPermGen       total 16384K, used 4527K [0x6f500000, 0x70500000, 0x73500000)
  object space 16384K, 27% used [0x6f500000,0x6f96beb0,0x70500000)
}
Event: 8,548 GC heap before
{Heap before GC invocations=13 (full 1):
 PSYoungGen      total 73216K, used 63741K [0x9df80000, 0xa5580000, 0xb3500000)
  eden space 51200K, 100% used [0x9df80000,0xa1180000,0xa1180000)
  from space 22016K, 56% used [0xa1180000,0xa1dbf4a8,0xa2700000)
  to   space 22016K, 0% used [0xa4000000,0xa4000000,0xa5580000)
 ParOldGen       total 50176K, used 30547K [0x73500000, 0x76600000, 0x9df80000)
  object space 50176K, 60% used [0x73500000,0x752d4f10,0x76600000)
 PSPermGen       total 16384K, used 4529K [0x6f500000, 0x70500000, 0x73500000)
  object space 16384K, 27% used [0x6f500000,0x6f96c7f8,0x70500000)
Event: 8,809 GC heap after
Heap after GC invocations=13 (full 1):
 PSYoungGen      total 96256K, used 19432K [0x9df80000, 0xa5cc0000, 0xb3500000)
  eden space 74240K, 0% used [0x9df80000,0x9df80000,0xa2800000)
  from space 22016K, 88% used [0xa4000000,0xa52fa310,0xa5580000)
  to   space 24576K, 0% used [0xa2800000,0xa2800000,0xa4000000)
 ParOldGen       total 50176K, used 41008K [0x73500000, 0x76600000, 0x9df80000)
  object space 50176K, 81% used [0x73500000,0x75d0c300,0x76600000)
 PSPermGen       total 16384K, used 4529K [0x6f500000, 0x70500000, 0x73500000)
  object space 16384K, 27% used [0x6f500000,0x6f96c7f8,0x70500000)
}
Event: 8,809 GC heap before
{Heap before GC invocations=14 (full 2):
 PSYoungGen      total 96256K, used 19432K [0x9df80000, 0xa5cc0000, 0xb3500000)
  eden space 74240K, 0% used [0x9df80000,0x9df80000,0xa2800000)
  from space 22016K, 88% used [0xa4000000,0xa52fa310,0xa5580000)
  to   space 24576K, 0% used [0xa2800000,0xa2800000,0xa4000000)
 ParOldGen       total 50176K, used 41008K [0x73500000, 0x76600000, 0x9df80000)
  object space 50176K, 81% used [0x73500000,0x75d0c300,0x76600000)
 PSPermGen       total 16384K, used 4529K [0x6f500000, 0x70500000, 0x73500000)
  object space 16384K, 27% used [0x6f500000,0x6f96c7f8,0x70500000)
Event: 8,841 GC heap after
Heap after GC invocations=14 (full 2):
 PSYoungGen      total 96256K, used 0K [0x9df80000, 0xa5cc0000, 0xb3500000)
  eden space 74240K, 0% used [0x9df80000,0x9df80000,0xa2800000)
  from space 22016K, 0% used [0xa4000000,0xa4000000,0xa5580000)
  to   space 24576K, 0% used [0xa2800000,0xa2800000,0xa4000000)
 ParOldGen       total 61440K, used 21455K [0x73500000, 0x77100000, 0x9df80000)
  object space 61440K, 34% used [0x73500000,0x749f3c88,0x77100000)
 PSPermGen       total 16384K, used 4529K [0x6f500000, 0x70500000, 0x73500000)
  object space 16384K, 27% used [0x6f500000,0x6f96c4d0,0x70500000)
}
Event: 9,087 GC heap before
{Heap before GC invocations=15 (full 2):
 PSYoungGen      total 96256K, used 74240K [0x9df80000, 0xa5cc0000, 0xb3500000)
  eden space 74240K, 100% used [0x9df80000,0xa2800000,0xa2800000)
  from space 22016K, 0% used [0xa4000000,0xa4000000,0xa5580000)
  to   space 24576K, 0% used [0xa2800000,0xa2800000,0xa4000000)
 ParOldGen       total 61440K, used 21455K [0x73500000, 0x77100000, 0x9df80000)
  object space 61440K, 34% used [0x73500000,0x749f3c88,0x77100000)
 PSPermGen       total 16384K, used 4531K [0x6f500000, 0x70500000, 0x73500000)
  object space 16384K, 27% used [0x6f500000,0x6f96cd50,0x70500000)
Event: 9,094 GC heap after
Heap after GC invocations=15 (full 2):
 PSYoungGen      total 98816K, used 9809K [0x9df80000, 0xa7b00000, 0xb3500000)
  eden space 74240K, 0% used [0x9df80000,0x9df80000,0xa2800000)
  from space 24576K, 39% used [0xa2800000,0xa3194740,0xa4000000)
  to   space 23296K, 0% used [0xa6440000,0xa6440000,0xa7b00000)
 ParOldGen       total 61440K, used 21455K [0x73500000, 0x77100000, 0x9df80000)
  object space 61440K, 34% used [0x73500000,0x749f3c88,0x77100000)
 PSPermGen       total 16384K, used 4531K [0x6f500000, 0x70500000, 0x73500000)
  object space 16384K, 27% used [0x6f500000,0x6f96cd50,0x70500000)
}
Event: 9,256 GC heap before
{Heap before GC invocations=16 (full 2):
 PSYoungGen      total 98816K, used 84049K [0x9df80000, 0xa7b00000, 0xb3500000)
  eden space 74240K, 100% used [0x9df80000,0xa2800000,0xa2800000)
  from space 24576K, 39% used [0xa2800000,0xa3194740,0xa4000000)
  to   space 23296K, 0% used [0xa6440000,0xa6440000,0xa7b00000)
 ParOldGen       total 61440K, used 21455K [0x73500000, 0x77100000, 0x9df80000)
  object space 61440K, 34% used [0x73500000,0x749f3c88,0x77100000)
 PSPermGen       total 16384K, used 4531K [0x6f500000, 0x70500000, 0x73500000)
  object space 16384K, 27% used [0x6f500000,0x6f96ce18,0x70500000)
Event: 9,278 GC heap after
Heap after GC invocations=16 (full 2):
 PSYoungGen      total 133888K, used 19478K [0x9df80000, 0xa7fc0000, 0xb3500000)
  eden space 110592K, 0% used [0x9df80000,0x9df80000,0xa4b80000)
  from space 23296K, 83% used [0xa6440000,0xa7745b10,0xa7b00000)
  to   space 25344K, 0% used [0xa4b80000,0xa4b80000,0xa6440000)
 ParOldGen       total 61440K, used 22707K [0x73500000, 0x77100000, 0x9df80000)
  object space 61440K, 36% used [0x73500000,0x74b2cfb8,0x77100000)
 PSPermGen       total 16384K, used 4531K [0x6f500000, 0x70500000, 0x73500000)
  object space 16384K, 27% used [0x6f500000,0x6f96ce18,0x70500000)
}
Event: 9,623 GC heap before
{Heap before GC invocations=17 (full 2):
 PSYoungGen      total 133888K, used 130070K [0x9df80000, 0xa7fc0000, 0xb3500000)
  eden space 110592K, 100% used [0x9df80000,0xa4b80000,0xa4b80000)
  from space 23296K, 83% used [0xa6440000,0xa7745b10,0xa7b00000)
  to   space 25344K, 0% used [0xa4b80000,0xa4b80000,0xa6440000)
 ParOldGen       total 61440K, used 22707K [0x73500000, 0x77100000, 0x9df80000)
  object space 61440K, 36% used [0x73500000,0x74b2cfb8,0x77100000)
 PSPermGen       total 16384K, used 4533K [0x6f500000, 0x70500000, 0x73500000)
  object space 16384K, 27% used [0x6f500000,0x6f96d690,0x70500000)

Deoptimization events (10 events):
Event: 8,376 Thread 0xb6608c00 Uncommon trap: reason=array_check action=maybe_recompile pc=0xb37e0010 method=java.util.TimSort.binarySort([Ljava/lang/Object;IIILjava/util/Comparator;)V @ 215
Event: 8,528 Thread 0xb6608c00 Uncommon trap: reason=array_check action=maybe_recompile pc=0xb3787d4c method=java.util.ComparableTimSort.binarySort([Ljava/lang/Object;III)V @ 215
Event: 8,528 Thread 0xb6608c00 Uncommon trap: reason=array_check action=maybe_recompile pc=0xb3787dec method=java.util.ComparableTimSort.binarySort([Ljava/lang/Object;III)V @ 193
Event: 8,866 Thread 0xb6608c00 Uncommon trap: reason=null_check action=make_not_entrant pc=0xb373e93c method=java.util.TimSort.binarySort([Ljava/lang/Object;IIILjava/util/Comparator;)V @ 183
Event: 9,206 Thread 0xb6608c00 Uncommon trap: reason=predicate action=maybe_recompile pc=0xb3807724 method=java.util.TimSort.reverseRange([Ljava/lang/Object;II)V @ 8
Event: 9,358 Thread 0xb6608c00 Uncommon trap: reason=array_check action=maybe_recompile pc=0xb380deac method=java.util.ComparableTimSort.binarySort([Ljava/lang/Object;III)V @ 183
Event: 9,611 Thread 0xb6608c00 Uncommon trap: reason=array_check action=maybe_recompile pc=0xb380a00c method=java.util.TimSort.reverseRange([Ljava/lang/Object;II)V @ 20
Event: 9,611 Thread 0xb6608c00 Uncommon trap: reason=array_check action=maybe_recompile pc=0xb380a00c method=java.util.TimSort.reverseRange([Ljava/lang/Object;II)V @ 20
Event: 9,611 Thread 0xb6608c00 Uncommon trap: reason=array_check action=maybe_recompile pc=0xb380a00c method=java.util.TimSort.reverseRange([Ljava/lang/Object;II)V @ 20
Event: 9,611 Thread 0xb6608c00 Uncommon trap: reason=array_check action=maybe_recompile pc=0xb380a00c method=java.util.TimSort.reverseRange([Ljava/lang/Object;II)V @ 20

Internal exceptions (10 events):
Event: 6,872 Thread 0xb6608c00 Threw 0x9e53e978 at /HUDSON/workspace/7u-2-build-linux-i586/jdk7u45/229/hotspot/src/share/vm/prims/jvm.cpp:1244
Event: 6,872 Thread 0xb6608c00 Threw 0x9e541878 at /HUDSON/workspace/7u-2-build-linux-i586/jdk7u45/229/hotspot/src/share/vm/prims/jvm.cpp:1244
Event: 6,875 Thread 0xb6608c00 Threw 0x9e5487d8 at /HUDSON/workspace/7u-2-build-linux-i586/jdk7u45/229/hotspot/src/share/vm/prims/jvm.cpp:1244
Event: 6,875 Thread 0xb6608c00 Threw 0x9e54aba0 at /HUDSON/workspace/7u-2-build-linux-i586/jdk7u45/229/hotspot/src/share/vm/prims/jvm.cpp:1244
Event: 7,051 Thread 0xb6608c00 Threw 0x9ed40e28 at /HUDSON/workspace/7u-2-build-linux-i586/jdk7u45/229/hotspot/src/share/vm/prims/jvm.cpp:1244
Event: 7,529 Thread 0xb6608c00 Threw 0x9e311bf8 at /HUDSON/workspace/7u-2-build-linux-i586/jdk7u45/229/hotspot/src/share/vm/prims/jvm.cpp:1244
Event: 7,529 Thread 0xb6608c00 Threw 0x9e311d10 at /HUDSON/workspace/7u-2-build-linux-i586/jdk7u45/229/hotspot/src/share/vm/prims/jvm.cpp:1244
Event: 7,529 Thread 0xb6608c00 Threw 0x9e313ed8 at /HUDSON/workspace/7u-2-build-linux-i586/jdk7u45/229/hotspot/src/share/vm/prims/jvm.cpp:1244
Event: 7,529 Thread 0xb6608c00 Threw 0x9e313ff0 at /HUDSON/workspace/7u-2-build-linux-i586/jdk7u45/229/hotspot/src/share/vm/prims/jvm.cpp:1244
Event: 8,866 Thread 0xb6608c00 Implicit null exception at 0xb373e1fc to 0xb373e919

Events (10 events):
Event: 9,611 Thread 0xb6608c00 Uncommon trap: trap_request=0xffffffd6 fr.pc=0xb380a00c
Event: 9,611 Thread 0xb6608c00 DEOPT PACKING pc=0xb380a00c sp=0xb67e9d30
Event: 9,611 Thread 0xb6608c00 DEOPT UNPACKING pc=0xb360cbbc sp=0xb67e9cf0 mode 2
Event: 9,611 Thread 0xb6608c00 Uncommon trap: trap_request=0xffffffd6 fr.pc=0xb380a00c
Event: 9,611 Thread 0xb6608c00 DEOPT PACKING pc=0xb380a00c sp=0xb67e9d30
Event: 9,611 Thread 0xb6608c00 DEOPT UNPACKING pc=0xb360cbbc sp=0xb67e9cf0 mode 2
Event: 9,611 Thread 0xb6608c00 Uncommon trap: trap_request=0xffffffd6 fr.pc=0xb380a00c
Event: 9,611 Thread 0xb6608c00 DEOPT PACKING pc=0xb380a00c sp=0xb67e9d30
Event: 9,611 Thread 0xb6608c00 DEOPT UNPACKING pc=0xb360cbbc sp=0xb67e9cf0 mode 2
Event: 9,623 Executing VM operation: ParallelGCFailedAllocation


Dynamic libraries:
08048000-08049000 r-xp 00000000 08:06 671014     /usr/local/java/jdk1.7.0_45/bin/java
08049000-0804a000 rw-p 00000000 08:06 671014     /usr/local/java/jdk1.7.0_45/bin/java
0900d000-09049000 rw-p 00000000 00:00 0          [heap]
6aa00000-6aafb000 rw-p 00000000 00:00 0 
6aafb000-6ab00000 ---p 00000000 00:00 0 
6ac00000-6acfc000 rw-p 00000000 00:00 0 
6acfc000-6ad00000 ---p 00000000 00:00 0 
6ad00000-6ad9f000 rw-p 00000000 00:00 0 
6ad9f000-6ae00000 ---p 00000000 00:00 0 
6ae00000-6aefe000 rw-p 00000000 00:00 0 
6aefe000-6af00000 ---p 00000000 00:00 0 
6b000000-6b0f6000 rw-p 00000000 00:00 0 
6b0f6000-6b100000 ---p 00000000 00:00 0 
6b100000-6b1ff000 rw-p 00000000 00:00 0 
6b1ff000-6b200000 ---p 00000000 00:00 0 
6b200000-6b2fd000 rw-p 00000000 00:00 0 
6b2fd000-6b300000 ---p 00000000 00:00 0 
6b300000-6b3f2000 rw-p 00000000 00:00 0 
6b3f2000-6b400000 ---p 00000000 00:00 0 
6b400000-6b4f5000 rw-p 00000000 00:00 0 
6b4f5000-6b500000 ---p 00000000 00:00 0 
6b500000-6b5fc000 rw-p 00000000 00:00 0 
6b5fc000-6b600000 ---p 00000000 00:00 0 
6b600000-6b667000 rw-p 00000000 00:00 0 
6b667000-6b700000 ---p 00000000 00:00 0 
6b765000-6b768000 ---p 00000000 00:00 0 
6b768000-6b7b6000 rw-p 00000000 00:00 0 
6b7b6000-6b7b9000 ---p 00000000 00:00 0 
6b7b9000-6b807000 rw-p 00000000 00:00 0 
6b807000-6b80a000 ---p 00000000 00:00 0 
6b80a000-6b858000 rw-p 00000000 00:00 0 
6b858000-6b85b000 ---p 00000000 00:00 0 
6b85b000-6b8a9000 rw-p 00000000 00:00 0 
6b8a9000-6b8aa000 ---p 00000000 00:00 0 
6b8aa000-6b92a000 rw-p 00000000 00:00 0 
6b92a000-6b92d000 ---p 00000000 00:00 0 
6b92d000-6b97b000 rw-p 00000000 00:00 0 
6b97b000-6b97e000 ---p 00000000 00:00 0 
6b97e000-6b9fc000 rw-p 00000000 00:00 0 
6b9fc000-6b9ff000 ---p 00000000 00:00 0 
6b9ff000-6ba7d000 rw-p 00000000 00:00 0 
6ba7d000-6ba80000 ---p 00000000 00:00 0 
6ba80000-6bace000 rw-p 00000000 00:00 0 
6bace000-6bc00000 r--p 002c8000 08:06 392632     /usr/lib/locale/locale-archive
6bc00000-6be00000 r--p 00000000 08:06 392632     /usr/lib/locale/locale-archive
6be00000-6beff000 rw-p 00000000 00:00 0 
6beff000-6bf00000 ---p 00000000 00:00 0 
6bf00000-6bf3a000 rw-p 00000000 00:00 0 
6bf3a000-6c000000 ---p 00000000 00:00 0 
6c000000-6c0fc000 rw-p 00000000 00:00 0 
6c0fc000-6c100000 ---p 00000000 00:00 0 
6c138000-6c139000 ---p 00000000 00:00 0 
6c139000-6c204000 rw-p 00000000 00:00 0 
6c204000-6c3c0000 r--s 039b2000 08:06 393573     /usr/local/java/jdk1.7.0_45/jre/lib/rt.jar
6c3c0000-6ea00000 rw-p 00000000 00:00 0 
6ea00000-6eaf5000 rw-p 00000000 00:00 0 
6eaf5000-6eb00000 ---p 00000000 00:00 0 
6eb2e000-6eb31000 ---p 00000000 00:00 0 
6eb31000-6eb7f000 rw-p 00000000 00:00 0 
6eb7f000-6eb80000 ---p 00000000 00:00 0 
6eb80000-6ec00000 rw-p 00000000 00:00 0 
6ec00000-6ec21000 rw-p 00000000 00:00 0 
6ec21000-6ed00000 ---p 00000000 00:00 0 
6ed18000-6ed2d000 r-xp 00000000 08:06 670957     /usr/local/java/jdk1.7.0_45/jre/lib/i386/libnet.so
6ed2d000-6ed2e000 rw-p 00014000 08:06 670957     /usr/local/java/jdk1.7.0_45/jre/lib/i386/libnet.so
6ed2e000-6ed31000 ---p 00000000 00:00 0 
6ed31000-6ed7f000 rw-p 00000000 00:00 0 
6ed7f000-6ed80000 ---p 00000000 00:00 0 
6ed80000-6ee00000 rw-p 00000000 00:00 0 
6ee00000-6ee21000 rw-p 00000000 00:00 0 
6ee21000-6ef00000 ---p 00000000 00:00 0 
6ef0a000-6ef7f000 rw-p 00000000 00:00 0 
6ef7f000-6ef80000 ---p 00000000 00:00 0 
6ef80000-6f000000 rw-p 00000000 00:00 0 
6f000000-6f021000 rw-p 00000000 00:00 0 
6f021000-6f100000 ---p 00000000 00:00 0 
6f108000-6f109000 ---p 00000000 00:00 0 
6f109000-6f1a7000 rw-p 00000000 00:00 0 
6f1a7000-6f2df000 rw-p 00000000 00:00 0 
6f2df000-6f2e7000 rw-p 00000000 00:00 0 
6f2e7000-6f2ff000 rw-p 00000000 00:00 0 
6f2ff000-6f31d000 rw-p 00000000 00:00 0 
6f31d000-6f454000 rw-p 00000000 00:00 0 
6f454000-6f4a5000 rw-p 00000000 00:00 0 
6f4a5000-6f4ff000 rw-p 00000000 00:00 0 
6f4ff000-70500000 rw-p 00000000 00:00 0 
70500000-73500000 rw-p 00000000 00:00 0 
73500000-77100000 rw-p 00000000 00:00 0 
77100000-9df80000 rw-p 00000000 00:00 0 
9df80000-a7fc0000 rw-p 00000000 00:00 0 
abbfa000-abe15000 rw-p 00000000 00:00 0 
abe15000-abe1c000 r--s 00000000 08:06 395046     /usr/lib/i386-linux-gnu/gconv/gconv-modules.cache
abe1c000-abe40000 r--p 00000000 08:06 1317469    /usr/share/locale-langpack/pl/LC_MESSAGES/libc.mo
abe40000-b3500000 rw-p 00000000 00:00 0 
b3500000-b3508000 rw-p 00000000 00:00 0 
b3508000-b3520000 rw-p 00000000 00:00 0 
b3520000-b3529000 rw-p 00000000 00:00 0 
b3529000-b35e0000 rw-p 00000000 00:00 0 
b35e0000-b3820000 rwxp 00000000 00:00 0 
b3820000-b65e0000 rw-p 00000000 00:00 0 
b65e0000-b65e7000 r-xp 00000000 08:06 786201     /lib/i386-linux-gnu/libnss_compat-2.15.so
b65e7000-b65e8000 r--p 00006000 08:06 786201     /lib/i386-linux-gnu/libnss_compat-2.15.so
b65e8000-b65e9000 rw-p 00007000 08:06 786201     /lib/i386-linux-gnu/libnss_compat-2.15.so
b65f1000-b65ff000 r-xp 00000000 08:06 670404     /usr/local/java/jdk1.7.0_45/jre/lib/i386/libnio.so
b65ff000-b6600000 rw-p 0000e000 08:06 670404     /usr/local/java/jdk1.7.0_45/jre/lib/i386/libnio.so
b6600000-b66f7000 rw-p 00000000 00:00 0 
b66f7000-b6700000 ---p 00000000 00:00 0 
b670b000-b6722000 r-xp 00000000 08:06 670944     /usr/local/java/jdk1.7.0_45/jre/lib/i386/libzip.so
b6722000-b6723000 rw-p 00017000 08:06 670944     /usr/local/java/jdk1.7.0_45/jre/lib/i386/libzip.so
b6723000-b672e000 r-xp 00000000 08:06 786164     /lib/i386-linux-gnu/libnss_files-2.15.so
b672e000-b672f000 r--p 0000a000 08:06 786164     /lib/i386-linux-gnu/libnss_files-2.15.so
b672f000-b6730000 rw-p 0000b000 08:06 786164     /lib/i386-linux-gnu/libnss_files-2.15.so
b6730000-b673a000 r-xp 00000000 08:06 786202     /lib/i386-linux-gnu/libnss_nis-2.15.so
b673a000-b673b000 r--p 00009000 08:06 786202     /lib/i386-linux-gnu/libnss_nis-2.15.so
b673b000-b673c000 rw-p 0000a000 08:06 786202     /lib/i386-linux-gnu/libnss_nis-2.15.so
b6741000-b6745000 r--s 0008a000 08:06 397573     /usr/local/java/jdk1.7.0_45/jre/lib/jsse.jar
b6745000-b6753000 r--s 000b4000 08:06 546427     /usr/share/android-studio/data/sdk/build-tools/android-4.4W/lib/dx.jar
b6753000-b6769000 r-xp 00000000 08:06 786163     /lib/i386-linux-gnu/libnsl-2.15.so
b6769000-b676a000 r--p 00015000 08:06 786163     /lib/i386-linux-gnu/libnsl-2.15.so
b676a000-b676b000 rw-p 00016000 08:06 786163     /lib/i386-linux-gnu/libnsl-2.15.so
b676b000-b676d000 rw-p 00000000 00:00 0 
b676d000-b6790000 r-xp 00000000 08:06 664766     /usr/local/java/jdk1.7.0_45/jre/lib/i386/libjava.so
b6790000-b6791000 rw-p 00022000 08:06 664766     /usr/local/java/jdk1.7.0_45/jre/lib/i386/libjava.so
b6791000-b6798000 r-xp 00000000 08:06 786021     /lib/i386-linux-gnu/librt-2.15.so
b6798000-b6799000 r--p 00006000 08:06 786021     /lib/i386-linux-gnu/librt-2.15.so
b6799000-b679a000 rw-p 00007000 08:06 786021     /lib/i386-linux-gnu/librt-2.15.so
b679a000-b679d000 ---p 00000000 00:00 0 
b679d000-b67eb000 rw-p 00000000 00:00 0 
b67eb000-b6815000 r-xp 00000000 08:06 786199     /lib/i386-linux-gnu/libm-2.15.so
b6815000-b6816000 r--p 00029000 08:06 786199     /lib/i386-linux-gnu/libm-2.15.so
b6816000-b6817000 rw-p 0002a000 08:06 786199     /lib/i386-linux-gnu/libm-2.15.so
b6817000-b708e000 r-xp 00000000 08:06 670953     /usr/local/java/jdk1.7.0_45/jre/lib/i386/server/libjvm.so
b708e000-b70f3000 rw-p 00876000 08:06 670953     /usr/local/java/jdk1.7.0_45/jre/lib/i386/server/libjvm.so
b70f3000-b7516000 rw-p 00000000 00:00 0 
b7516000-b76ba000 r-xp 00000000 08:06 786179     /lib/i386-linux-gnu/libc-2.15.so
b76ba000-b76bb000 ---p 001a4000 08:06 786179     /lib/i386-linux-gnu/libc-2.15.so
b76bb000-b76bd000 r--p 001a4000 08:06 786179     /lib/i386-linux-gnu/libc-2.15.so
b76bd000-b76be000 rw-p 001a6000 08:06 786179     /lib/i386-linux-gnu/libc-2.15.so
b76be000-b76c1000 rw-p 00000000 00:00 0 
b76c1000-b76c4000 r-xp 00000000 08:06 811213     /lib/i386-linux-gnu/libdl-2.15.so
b76c4000-b76c5000 r--p 00002000 08:06 811213     /lib/i386-linux-gnu/libdl-2.15.so
b76c5000-b76c6000 rw-p 00003000 08:06 811213     /lib/i386-linux-gnu/libdl-2.15.so
b76c6000-b76c7000 rw-p 00000000 00:00 0 
b76c7000-b76da000 r-xp 00000000 08:06 671956     /usr/local/java/jdk1.7.0_45/lib/i386/jli/libjli.so
b76da000-b76db000 rw-p 00012000 08:06 671956     /usr/local/java/jdk1.7.0_45/lib/i386/jli/libjli.so
b76db000-b76f2000 r-xp 00000000 08:06 785972     /lib/i386-linux-gnu/libpthread-2.15.so
b76f2000-b76f3000 r--p 00016000 08:06 785972     /lib/i386-linux-gnu/libpthread-2.15.so
b76f3000-b76f4000 rw-p 00017000 08:06 785972     /lib/i386-linux-gnu/libpthread-2.15.so
b76f4000-b76f6000 rw-p 00000000 00:00 0 
b76f7000-b76ff000 rw-s 00000000 08:06 1076042    /tmp/hsperfdata_olek/13815
b76ff000-b7700000 rw-p 00000000 00:00 0 
b7700000-b7701000 ---p 00000000 00:00 0 
b7701000-b770c000 r-xp 00000000 08:06 670968     /usr/local/java/jdk1.7.0_45/jre/lib/i386/libverify.so
b770c000-b770d000 rw-p 0000b000 08:06 670968     /usr/local/java/jdk1.7.0_45/jre/lib/i386/libverify.so
b770d000-b770f000 rw-p 00000000 00:00 0 
b770f000-b7710000 r-xp 00000000 00:00 0          [vdso]
b7710000-b7730000 r-xp 00000000 08:06 785971     /lib/i386-linux-gnu/ld-2.15.so
b7730000-b7731000 r--p 0001f000 08:06 785971     /lib/i386-linux-gnu/ld-2.15.so
b7731000-b7732000 rw-p 00020000 08:06 785971     /lib/i386-linux-gnu/ld-2.15.so
bf8c7000-bf8e9000 rw-p 00000000 00:00 0          [stack]

VM Arguments:
jvm_args: -Xmx1024M 
java_command: /usr/share/android-studio/data/sdk/build-tools/android-4.4W/lib/dx.jar --dex --num-threads=4 --output /home/olek/AndroidStudioProjects/DajSpisac2/DajSpisac/app/build/intermediates/dex/debug /home/olek/AndroidStudioProjects/DajSpisac2/DajSpisac/app/build/intermediates/classes/debug /home/olek/AndroidStudioProjects/DajSpisac2/DajSpisac/app/build/intermediates/dependency-cache/debug /home/olek/AndroidStudioProjects/DajSpisac2/DajSpisac/app/build/intermediates/pre-dexed/debug/classes-70e4cd1c8b82dadb81c01a1164645fd5171b131f.jar /home/olek/AndroidStudioProjects/DajSpisac2/DajSpisac/app/build/intermediates/pre-dexed/debug/support-v4-19.1.0-bfe6379f31d17615f5ca4b83bd0a7235fba0720f.jar /home/olek/AndroidStudioProjects/DajSpisac2/DajSpisac/app/build/intermediates/pre-dexed/debug/commons-io-1.3.2-65ced0583e745a13466ed476e15f98ed8c349674.jar /home/olek/AndroidStudioProjects/DajSpisac2/DajSpisac/app/build/intermediates/pre-dexed/debug/robospice-spring-android-1.4.12-762be6cfb250899b1c81036b07f54fee4dcb2ac4.jar /home/olek/AndroidStudioProjects/DajSpisac2/DajSpisac/app/build/intermediates/pre-dexed/debug/commons-lang3-3.2.1-48ddb587b0af443a44635ae516cd5b6e9793dbc0.jar /home/olek/AndroidStudioProjects/DajSpisac2/DajSpisac/app/build/intermediates/pre-dexed/debug/universal-image-loader-1.9.2-eee2392d80033a19dda5fe10e97bf2d997aa8324.jar /home/olek/AndroidStudioProjects/DajSpisac2/DajSpisac/app/build/intermediates/pre-dexed/debug/spring-android-core-1.0.1.RELEASE-9b9474ca76c015172b287f2cde44701cfd7f5b74.jar /home/olek/AndroidStudioProjects/DajSpisac2/DajSpisac/app/build/intermediates/pre-dexed/debug/jackson-annotations-2.4.0-f178df8577412c09ca51db91729aef33d7539dfc.jar /home/olek/AndroidStudioProjects/DajSpisac2/DajSpisac/app/build/intermediates/pre-dexed/debug/jackson-databind-2.4.1-6d3307ebe01e61039a6ee8c8c597c33528867cbd.jar /home/olek/AndroidStudioProjects/DajSpisac2/DajSpisac/app/build/intermediates/pre-dexed/debug/spring-android-rest-template-1.0.1.RELEASE-0958c0
Launcher Type: SUN_STANDARD

Environment Variables:
JAVA_HOME=/usr/local/java/jdk1.7.0_45
CLASSPATH=/usr/share/android-studio/data/bin/../lib/bootstrap.jar:/usr/share/android-studio/data/bin/../lib/extensions.jar:/usr/share/android-studio/data/bin/../lib/util.jar:/usr/share/android-studio/data/bin/../lib/jdom.jar:/usr/share/android-studio/data/bin/../lib/log4j.jar:/usr/share/android-studio/data/bin/../lib/trove4j.jar:/usr/share/android-studio/data/bin/../lib/jna.jar:/usr/local/java/jdk1.7.0_45/lib/tools.jar
PATH=/usr/lib/lightdm/lightdm:/usr/local/sbin:/usr/local/bin:/usr/sbin:/usr/bin:/sbin:/bin:/usr/games:/home/olek/bin:/usr/local/java/jdk1.7.0_45/bin
LD_LIBRARY_PATH=/usr/share/android-studio/data/bin:
SHELL=/bin/bash
DISPLAY=:0

Signal Handlers:
SIGSEGV: [libjvm.so+0x7dd350], sa_mask[0]=0x7ffbfeff, sa_flags=0x10000004
SIGBUS: [libjvm.so+0x7dd350], sa_mask[0]=0x7ffbfeff, sa_flags=0x10000004
SIGFPE: [libjvm.so+0x678b60], sa_mask[0]=0x7ffbfeff, sa_flags=0x10000004
SIGPIPE: [libjvm.so+0x678b60], sa_mask[0]=0x7ffbfeff, sa_flags=0x10000004
SIGXFSZ: [libjvm.so+0x678b60], sa_mask[0]=0x7ffbfeff, sa_flags=0x10000004
SIGILL: [libjvm.so+0x678b60], sa_mask[0]=0x7ffbfeff, sa_flags=0x10000004
SIGUSR1: SIG_DFL, sa_mask[0]=0x00000000, sa_flags=0x00000000
SIGUSR2: [libjvm.so+0x67a050], sa_mask[0]=0x00000004, sa_flags=0x10000004
SIGHUP: [libjvm.so+0x67b1a0], sa_mask[0]=0x7ffbfeff, sa_flags=0x10000004
SIGINT: [libjvm.so+0x67b1a0], sa_mask[0]=0x7ffbfeff, sa_flags=0x10000004
SIGTERM: [libjvm.so+0x67b1a0], sa_mask[0]=0x7ffbfeff, sa_flags=0x10000004
SIGQUIT: [libjvm.so+0x67b1a0], sa_mask[0]=0x7ffbfeff, sa_flags=0x10000004


---------------  S Y S T E M  ---------------

OS:wheezy/sid

uname:Linux 3.2.0-67-generic-pae #101-Ubuntu SMP Tue Jul 15 18:04:54 UTC 2014 i686
libc:glibc 2.15 NPTL 2.15 
rlimit: STACK 8192k, CORE 0k, NPROC 30461, NOFILE 4096, AS infinity
load average:2,08 1,58 1,40

/proc/meminfo:
MemTotal:        3913636 kB
MemFree:          156596 kB
Buffers:            3124 kB
Cached:           577980 kB
SwapCached:            0 kB
Active:          3165124 kB
Inactive:         503524 kB
Active(anon):    3125656 kB
Inactive(anon):   464140 kB
Active(file):      39468 kB
Inactive(file):    39384 kB
Unevictable:          16 kB
Mlocked:              16 kB
HighTotal:       3072916 kB
HighFree:           1416 kB
LowTotal:         840720 kB
LowFree:          155180 kB
SwapTotal:             0 kB
SwapFree:              0 kB
Dirty:                44 kB
Writeback:             0 kB
AnonPages:       3087876 kB
Mapped:            95484 kB
Shmem:            502088 kB
Slab:              41052 kB
SReclaimable:      18728 kB
SUnreclaim:        22324 kB
KernelStack:        4952 kB
PageTables:        20436 kB
NFS_Unstable:          0 kB
Bounce:                0 kB
WritebackTmp:          0 kB
CommitLimit:     1956816 kB
Committed_AS:    7012628 kB
VmallocTotal:     122880 kB
VmallocUsed:       59972 kB
VmallocChunk:      59636 kB
HardwareCorrupted:     0 kB
AnonHugePages:         0 kB
HugePages_Total:       0
HugePages_Free:        0
HugePages_Rsvd:        0
HugePages_Surp:        0
Hugepagesize:       2048 kB
DirectMap4k:       10232 kB
DirectMap2M:      903168 kB


CPU:total 4 (2 cores per cpu, 2 threads per core) family 6 model 37 stepping 5, cmov, cx8, fxsr, mmx, sse, sse2, sse3, ssse3, sse4.1, sse4.2, popcnt, ht, tsc, tscinvbit

/proc/cpuinfo:
processor	: 0
vendor_id	: GenuineIntel
cpu family	: 6
model		: 37
model name	: Intel(R) Core(TM) i3 CPU       M 380  @ 2.53GHz
stepping	: 5
microcode	: 0x2
cpu MHz		: 1866.000
cache size	: 3072 KB
physical id	: 0
siblings	: 4
core id		: 0
cpu cores	: 2
apicid		: 0
initial apicid	: 0
fdiv_bug	: no
hlt_bug		: no
f00f_bug	: no
coma_bug	: no
fpu		: yes
fpu_exception	: yes
cpuid level	: 11
wp		: yes
flags		: fpu vme de pse tsc msr pae mce cx8 apic sep mtrr pge mca cmov pat pse36 clflush dts acpi mmx fxsr sse sse2 ss ht tm pbe nx rdtscp lm constant_tsc arch_perfmon pebs bts xtopology nonstop_tsc aperfmperf pni dtes64 monitor ds_cpl vmx est tm2 ssse3 cx16 xtpr pdcm pcid sse4_1 sse4_2 popcnt lahf_lm arat dtherm tpr_shadow vnmi flexpriority ept vpid
bogomips	: 5053.97
clflush size	: 64
cache_alignment	: 64
address sizes	: 36 bits physical, 48 bits virtual
power management:

processor	: 1
vendor_id	: GenuineIntel
cpu family	: 6
model		: 37
model name	: Intel(R) Core(TM) i3 CPU       M 380  @ 2.53GHz
stepping	: 5
microcode	: 0x2
cpu MHz		: 933.000
cache size	: 3072 KB
physical id	: 0
siblings	: 4
core id		: 2
cpu cores	: 2
apicid		: 4
initial apicid	: 4
fdiv_bug	: no
hlt_bug		: no
f00f_bug	: no
coma_bug	: no
fpu		: yes
fpu_exception	: yes
cpuid level	: 11
wp		: yes
flags		: fpu vme de pse tsc msr pae mce cx8 apic sep mtrr pge mca cmov pat pse36 clflush dts acpi mmx fxsr sse sse2 ss ht tm pbe nx rdtscp lm constant_tsc arch_perfmon pebs bts xtopology nonstop_tsc aperfmperf pni dtes64 monitor ds_cpl vmx est tm2 ssse3 cx16 xtpr pdcm pcid sse4_1 sse4_2 popcnt lahf_lm arat dtherm tpr_shadow vnmi flexpriority ept vpid
bogomips	: 5054.19
clflush size	: 64
cache_alignment	: 64
address sizes	: 36 bits physical, 48 bits virtual
power management:

processor	: 2
vendor_id	: GenuineIntel
cpu family	: 6
model		: 37
model name	: Intel(R) Core(TM) i3 CPU       M 380  @ 2.53GHz
stepping	: 5
microcode	: 0x2
cpu MHz		: 2533.000
cache size	: 3072 KB
physical id	: 0
siblings	: 4
core id		: 0
cpu cores	: 2
apicid		: 1
initial apicid	: 1
fdiv_bug	: no
hlt_bug		: no
f00f_bug	: no
coma_bug	: no
fpu		: yes
fpu_exception	: yes
cpuid level	: 11
wp		: yes
flags		: fpu vme de pse tsc msr pae mce cx8 apic sep mtrr pge mca cmov pat pse36 clflush dts acpi mmx fxsr sse sse2 ss ht tm pbe nx rdtscp lm constant_tsc arch_perfmon pebs bts xtopology nonstop_tsc aperfmperf pni dtes64 monitor ds_cpl vmx est tm2 ssse3 cx16 xtpr pdcm pcid sse4_1 sse4_2 popcnt lahf_lm arat dtherm tpr_shadow vnmi flexpriority ept vpid
bogomips	: 5054.18
clflush size	: 64
cache_alignment	: 64
address sizes	: 36 bits physical, 48 bits virtual
power management:

processor	: 3
vendor_id	: GenuineIntel
cpu family	: 6
model		: 37
model name	: Intel(R) Core(TM) i3 CPU       M 380  @ 2.53GHz
stepping	: 5
microcode	: 0x2
cpu MHz		: 933.000
cache size	: 3072 KB
physical id	: 0
siblings	: 4
core id		: 2
cpu cores	: 2
apicid		: 5
initial apicid	: 5
fdiv_bug	: no
hlt_bug		: no
f00f_bug	: no
coma_bug	: no
fpu		: yes
fpu_exception	: yes
cpuid level	: 11
wp		: yes
flags		: fpu vme de pse tsc msr pae mce cx8 apic sep mtrr pge mca cmov pat pse36 clflush dts acpi mmx fxsr sse sse2 ss ht tm pbe nx rdtscp lm constant_tsc arch_perfmon pebs bts xtopology nonstop_tsc aperfmperf pni dtes64 monitor ds_cpl vmx est tm2 ssse3 cx16 xtpr pdcm pcid sse4_1 sse4_2 popcnt lahf_lm arat dtherm tpr_shadow vnmi flexpriority ept vpid
bogomips	: 5054.19
clflush size	: 64
cache_alignment	: 64
address sizes	: 36 bits physical, 48 bits virtual
power management:



Memory: 4k page, physical 3913636k(156596k free), swap 0k(0k free)

vm_info: Java HotSpot(TM) Server VM (24.45-b08) for linux-x86 JRE (1.7.0_45-b18), built on Oct  8 2013 05:44:51 by "java_re" with gcc 4.3.0 20080428 (Red Hat 4.3.0-8)

time: Wed Aug 27 14:50:53 2014
elapsed time: 10 seconds

