#
# There is insufficient memory for the Java Runtime Environment to continue.
# Native memory allocation (malloc) failed to allocate 47972352 bytes for committing reserved memory.
# Possible reasons:
#   The system is out of physical RAM or swap space
#   In 32 bit mode, the process size limit was hit
# Possible solutions:
#   Reduce memory load on the system
#   Increase physical memory or swap space
#   Check if swap backing store is full
#   Use 64 bit Java on a 64 bit OS
#   Decrease Java heap size (-Xmx/-Xms)
#   Decrease number of Java threads
#   Decrease Java thread stack sizes (-Xss)
#   Set larger code cache with -XX:ReservedCodeCacheSize=
# This output file may be truncated or incomplete.
#
#  Out of Memory Error (os_linux.cpp:2718), pid=11154, tid=1814793024
#
# JRE version: Java(TM) SE Runtime Environment (7.0_45-b18) (build 1.7.0_45-b18)
# Java VM: Java HotSpot(TM) Server VM (24.45-b08 mixed mode linux-x86 )
# Failed to write core dump. Core dumps have been disabled. To enable core dumping, try "ulimit -c unlimited" before starting Java again
#

---------------  T H R E A D  ---------------

Current thread (0x6c180800):  VMThread [stack: 0x6c238000,0x6c2b9000] [id=11167]

Stack: [0x6c238000,0x6c2b9000],  sp=0x6c2b77e0,  free space=509k
Native frames: (J=compiled Java code, j=interpreted, Vv=VM code, C=native code)
V  [libjvm.so+0x7dc836]  VMError::report_and_die()+0x1a6
V  [libjvm.so+0x33a5c2]  report_vm_out_of_memory(char const*, int, unsigned int, char const*)+0x72
V  [libjvm.so+0x67bc21]  os::Linux::commit_memory_impl(char*, unsigned int, bool)+0xe1
V  [libjvm.so+0x67c077]  os::Linux::commit_memory_impl(char*, unsigned int, unsigned int, bool)+0x47
V  [libjvm.so+0x67c23d]  os::pd_commit_memory(char*, unsigned int, unsigned int, bool)+0x1d
V  [libjvm.so+0x675c8c]  os::commit_memory(char*, unsigned int, unsigned int, bool)+0x2c
V  [libjvm.so+0x6df178]  PSVirtualSpace::expand_by(unsigned int)+0x48
V  [libjvm.so+0x6e027a]  PSYoungGen::resize_generation(unsigned int, unsigned int)+0xda
V  [libjvm.so+0x6df5b9]  PSYoungGen::resize(unsigned int, unsigned int)+0x19
V  [libjvm.so+0x6dd31b]  PSScavenge::invoke_no_policy()+0x105b
V  [libjvm.so+0x6dd748]  PSScavenge::invoke()+0x28
V  [libjvm.so+0x69b9aa]  ParallelScavengeHeap::failed_mem_allocate(unsigned int)+0x5a
V  [libjvm.so+0x7de0da]  VM_ParallelGCFailedAllocation::doit()+0x7a
V  [libjvm.so+0x7e6e97]  VM_Operation::evaluate()+0x47
V  [libjvm.so+0x7e4f93]  VMThread::evaluate_operation(VM_Operation*)+0xb3
V  [libjvm.so+0x7e5330]  VMThread::loop()+0x1b0
V  [libjvm.so+0x7e5795]  VMThread::run()+0x85
V  [libjvm.so+0x67e0f9]  java_start(Thread*)+0x119
C  [libpthread.so.0+0x6d4c]  start_thread+0xcc

VM_Operation (0xb6862c64): ParallelGCFailedAllocation, mode: safepoint, requested by thread 0xb6708c00


---------------  P R O C E S S  ---------------

Java Threads: ( => current thread )
  0x6c199c00 JavaThread "Service Thread" daemon [_thread_blocked, id=11173, stack(0x6b9d9000,0x6ba2a000)]
  0x6c198000 JavaThread "C2 CompilerThread1" daemon [_thread_blocked, id=11172, stack(0x6ba2a000,0x6baab000)]
  0x6c196000 JavaThread "C2 CompilerThread0" daemon [_thread_blocked, id=11171, stack(0x6baab000,0x6bb2c000)]
  0x6c194400 JavaThread "Signal Dispatcher" daemon [_thread_blocked, id=11170, stack(0x6bb2c000,0x6bb7d000)]
  0x6c184800 JavaThread "Finalizer" daemon [_thread_blocked, id=11169, stack(0x6beaf000,0x6bf00000)]
  0x6c182000 JavaThread "Reference Handler" daemon [_thread_blocked, id=11168, stack(0x6ec2e000,0x6ec7f000)]
  0xb6708c00 JavaThread "main" [_thread_blocked, id=11162, stack(0xb6813000,0xb6864000)]

Other Threads:
=>0x6c180800 VMThread [stack: 0x6c238000,0x6c2b9000] [id=11167]
  0x6c19bc00 WatcherThread [stack: 0x6b958000,0x6b9d9000] [id=11174]

VM state:at safepoint (normal execution)

VM Mutex/Monitor currently owned by a thread:  ([mutex/lock_event])
[0xb67062b0] Threads_lock - owner thread: 0x6c180800
[0xb67066c0] Heap_lock - owner thread: 0xb6708c00

Heap
 PSYoungGen      total 258048K, used 35667K [0x9e000000, 0xb07c0000, 0xb3580000)
  eden space 221184K, 0% used [0x9e000000,0x9e000000,0xab800000)
  from space 36864K, 96% used [0xab800000,0xadad4f20,0xadc00000)
  to   space 33280K, 0% used [0xadc00000,0xadc00000,0xafc80000)
 ParOldGen       total 60160K, used 32268K [0x73580000, 0x77040000, 0x9e000000)
  object space 60160K, 53% used [0x73580000,0x755032c8,0x77040000)
 PSPermGen       total 16384K, used 4535K [0x6f580000, 0x70580000, 0x73580000)
  object space 16384K, 27% used [0x6f580000,0x6f9edf60,0x70580000)

Card table byte_map: [0x6f35f000,0x6f580000] byte_map_base: 0x6efe4400

Polling page: 0xb7779000

Code Cache  [0xb3671000, 0xb38b1000, 0xb6671000)
 total_blobs=973 nmethods=838 adapters=89 free_code_cache=46985Kb largest_free_block=48077440

Compilation events (10 events):
Event: 6,120 Thread 0x6c198000 nmethod 846 0xb37d3588 code [0xb37d3660, 0xb37d36d0]
Event: 6,120 Thread 0x6c198000  848             java.lang.Integer::highestOneBit (38 bytes)
Event: 6,120 Thread 0x6c196000 nmethod 847 0xb37d3388 code [0xb37d3460, 0xb37d34f0]
Event: 6,121 Thread 0x6c198000 nmethod 848 0xb37bff08 code [0xb37bffe0, 0xb37c0030]
Event: 6,242 Thread 0x6c196000  849             com.android.dex.EncodedValueCodec::writeSignedIntegralValue (63 bytes)
Event: 6,245 Thread 0x6c198000  850             java.util.TimSort::mergeLo (655 bytes)
Event: 6,255 Thread 0x6c196000 nmethod 849 0xb37bd848 code [0xb37bd980, 0xb37be004]
Event: 6,310 Thread 0x6c196000  851             com.android.dx.io.instructions.InstructionCodec$34::decode (314 bytes)
Event: 6,314 Thread 0x6c198000 nmethod 850 0xb3894f08 code [0xb38950c0, 0xb38969c4]
Event: 6,343 Thread 0x6c196000 nmethod 851 0xb38910c8 code [0xb3891240, 0xb3892144]

GC Heap History (10 events):
Event: 4,257 GC heap after
Heap after GC invocations=7 (full 1):
 PSYoungGen      total 112384K, used 12230K [0x9e000000, 0xa7c00000, 0xb3580000)
  eden space 100096K, 0% used [0x9e000000,0x9e000000,0xa41c0000)
  from space 12288K, 99% used [0xa7000000,0xa7bf1b40,0xa7c00000)
  to   space 23296K, 0% used [0xa4e80000,0xa4e80000,0xa6540000)
 ParOldGen       total 60160K, used 20584K [0x73580000, 0x77040000, 0x9e000000)
  object space 60160K, 34% used [0x73580000,0x7499a088,0x77040000)
 PSPermGen       total 16384K, used 4525K [0x6f580000, 0x70580000, 0x73580000)
  object space 16384K, 27% used [0x6f580000,0x6f9eb558,0x70580000)
}
Event: 4,651 GC heap before
{Heap before GC invocations=8 (full 1):
 PSYoungGen      total 112384K, used 112326K [0x9e000000, 0xa7c00000, 0xb3580000)
  eden space 100096K, 100% used [0x9e000000,0xa41c0000,0xa41c0000)
  from space 12288K, 99% used [0xa7000000,0xa7bf1b40,0xa7c00000)
  to   space 23296K, 0% used [0xa4e80000,0xa4e80000,0xa6540000)
 ParOldGen       total 60160K, used 20584K [0x73580000, 0x77040000, 0x9e000000)
  object space 60160K, 34% used [0x73580000,0x7499a088,0x77040000)
 PSPermGen       total 16384K, used 4529K [0x6f580000, 0x70580000, 0x73580000)
  object space 16384K, 27% used [0x6f580000,0x6f9ec4f8,0x70580000)
Event: 4,663 GC heap after
Heap after GC invocations=8 (full 1):
 PSYoungGen      total 136448K, used 20375K [0x9e000000, 0xab300000, 0xb3580000)
  eden space 113152K, 0% used [0x9e000000,0x9e000000,0xa4e80000)
  from space 23296K, 87% used [0xa4e80000,0xa6265f90,0xa6540000)
  to   space 26368K, 0% used [0xa9940000,0xa9940000,0xab300000)
 ParOldGen       total 60160K, used 25814K [0x73580000, 0x77040000, 0x9e000000)
  object space 60160K, 42% used [0x73580000,0x74eb5968,0x77040000)
 PSPermGen       total 16384K, used 4529K [0x6f580000, 0x70580000, 0x73580000)
  object space 16384K, 27% used [0x6f580000,0x6f9ec4f8,0x70580000)
}
Event: 4,951 GC heap before
{Heap before GC invocations=9 (full 1):
 PSYoungGen      total 136448K, used 133527K [0x9e000000, 0xab300000, 0xb3580000)
  eden space 113152K, 100% used [0x9e000000,0xa4e80000,0xa4e80000)
  from space 23296K, 87% used [0xa4e80000,0xa6265f90,0xa6540000)
  to   space 26368K, 0% used [0xa9940000,0xa9940000,0xab300000)
 ParOldGen       total 60160K, used 25814K [0x73580000, 0x77040000, 0x9e000000)
  object space 60160K, 42% used [0x73580000,0x74eb5968,0x77040000)
 PSPermGen       total 16384K, used 4530K [0x6f580000, 0x70580000, 0x73580000)
  object space 16384K, 27% used [0x6f580000,0x6f9ec8e0,0x70580000)
Event: 4,965 GC heap after
Heap after GC invocations=9 (full 1):
 PSYoungGen      total 187392K, used 21328K [0x9e000000, 0xacfc0000, 0xb3580000)
  eden space 161024K, 0% used [0x9e000000,0x9e000000,0xa7d40000)
  from space 26368K, 80% used [0xa9940000,0xaae142b0,0xab300000)
  to   space 28672K, 0% used [0xa7d40000,0xa7d40000,0xa9940000)
 ParOldGen       total 60160K, used 25814K [0x73580000, 0x77040000, 0x9e000000)
  object space 60160K, 42% used [0x73580000,0x74eb5968,0x77040000)
 PSPermGen       total 16384K, used 4530K [0x6f580000, 0x70580000, 0x73580000)
  object space 16384K, 27% used [0x6f580000,0x6f9ec8e0,0x70580000)
}
Event: 5,378 GC heap before
{Heap before GC invocations=10 (full 1):
 PSYoungGen      total 187392K, used 182352K [0x9e000000, 0xacfc0000, 0xb3580000)
  eden space 161024K, 100% used [0x9e000000,0xa7d40000,0xa7d40000)
  from space 26368K, 80% used [0xa9940000,0xaae142b0,0xab300000)
  to   space 28672K, 0% used [0xa7d40000,0xa7d40000,0xa9940000)
 ParOldGen       total 60160K, used 25814K [0x73580000, 0x77040000, 0x9e000000)
  object space 60160K, 42% used [0x73580000,0x74eb5968,0x77040000)
 PSPermGen       total 16384K, used 4532K [0x6f580000, 0x70580000, 0x73580000)
  object space 16384K, 27% used [0x6f580000,0x6f9ed0d0,0x70580000)
Event: 5,392 GC heap after
Heap after GC invocations=10 (full 1):
 PSYoungGen      total 189696K, used 28658K [0x9e000000, 0xafc80000, 0xb3580000)
  eden space 161024K, 0% used [0x9e000000,0x9e000000,0xa7d40000)
  from space 28672K, 99% used [0xa7d40000,0xa993c998,0xa9940000)
  to   space 33280K, 0% used [0xadc00000,0xadc00000,0xafc80000)
 ParOldGen       total 60160K, used 25818K [0x73580000, 0x77040000, 0x9e000000)
  object space 60160K, 42% used [0x73580000,0x74eb6968,0x77040000)
 PSPermGen       total 16384K, used 4532K [0x6f580000, 0x70580000, 0x73580000)
  object space 16384K, 27% used [0x6f580000,0x6f9ed0d0,0x70580000)
}
Event: 5,757 GC heap before
{Heap before GC invocations=11 (full 1):
 PSYoungGen      total 189696K, used 189682K [0x9e000000, 0xafc80000, 0xb3580000)
  eden space 161024K, 100% used [0x9e000000,0xa7d40000,0xa7d40000)
  from space 28672K, 99% used [0xa7d40000,0xa993c998,0xa9940000)
  to   space 33280K, 0% used [0xadc00000,0xadc00000,0xafc80000)
 ParOldGen       total 60160K, used 25818K [0x73580000, 0x77040000, 0x9e000000)
  object space 60160K, 42% used [0x73580000,0x74eb6968,0x77040000)
 PSPermGen       total 16384K, used 4534K [0x6f580000, 0x70580000, 0x73580000)
  object space 16384K, 27% used [0x6f580000,0x6f9ed9f8,0x70580000)
Event: 5,781 GC heap after
Heap after GC invocations=11 (full 1):
 PSYoungGen      total 254464K, used 29905K [0x9e000000, 0xb07c0000, 0xb3580000)
  eden space 221184K, 0% used [0x9e000000,0x9e000000,0xab800000)
  from space 33280K, 89% used [0xadc00000,0xaf934620,0xafc80000)
  to   space 36864K, 0% used [0xab800000,0xab800000,0xadc00000)
 ParOldGen       total 60160K, used 32268K [0x73580000, 0x77040000, 0x9e000000)
  object space 60160K, 53% used [0x73580000,0x755032c8,0x77040000)
 PSPermGen       total 16384K, used 4534K [0x6f580000, 0x70580000, 0x73580000)
  object space 16384K, 27% used [0x6f580000,0x6f9ed9f8,0x70580000)
}
Event: 6,373 GC heap before
{Heap before GC invocations=12 (full 1):
 PSYoungGen      total 254464K, used 251089K [0x9e000000, 0xb07c0000, 0xb3580000)
  eden space 221184K, 100% used [0x9e000000,0xab800000,0xab800000)
  from space 33280K, 89% used [0xadc00000,0xaf934620,0xafc80000)
  to   space 36864K, 0% used [0xab800000,0xab800000,0xadc00000)
 ParOldGen       total 60160K, used 32268K [0x73580000, 0x77040000, 0x9e000000)
  object space 60160K, 53% used [0x73580000,0x755032c8,0x77040000)
 PSPermGen       total 16384K, used 4535K [0x6f580000, 0x70580000, 0x73580000)
  object space 16384K, 27% used [0x6f580000,0x6f9edf60,0x70580000)

Deoptimization events (10 events):
Event: 4,274 Thread 0xb6708c00 Uncommon trap: reason=null_check action=make_not_entrant pc=0xb385aeb0 method=com.android.dx.io.instructions.AddressMap.get(I)I @ 11
Event: 4,376 Thread 0xb6708c00 Uncommon trap: reason=array_check action=maybe_recompile pc=0xb37f91d8 method=java.util.ComparableTimSort.binarySort([Ljava/lang/Object;III)V @ 215
Event: 4,376 Thread 0xb6708c00 Uncommon trap: reason=array_check action=maybe_recompile pc=0xb37f9238 method=java.util.ComparableTimSort.binarySort([Ljava/lang/Object;III)V @ 193
Event: 4,414 Thread 0xb6708c00 Uncommon trap: reason=array_check action=maybe_recompile pc=0xb3863210 method=java.util.TimSort.binarySort([Ljava/lang/Object;IIILjava/util/Comparator;)V @ 215
Event: 4,414 Thread 0xb6708c00 Uncommon trap: reason=array_check action=maybe_recompile pc=0xb3863210 method=java.util.TimSort.binarySort([Ljava/lang/Object;IIILjava/util/Comparator;)V @ 215
Event: 4,598 Thread 0xb6708c00 Uncommon trap: reason=array_check action=maybe_recompile pc=0xb37f91d8 method=java.util.ComparableTimSort.binarySort([Ljava/lang/Object;III)V @ 215
Event: 4,598 Thread 0xb6708c00 Uncommon trap: reason=array_check action=maybe_recompile pc=0xb37f9238 method=java.util.ComparableTimSort.binarySort([Ljava/lang/Object;III)V @ 193
Event: 4,642 Thread 0xb6708c00 Uncommon trap: reason=null_check action=make_not_entrant pc=0xb3873544 method=java.util.TimSort.binarySort([Ljava/lang/Object;IIILjava/util/Comparator;)V @ 183
Event: 4,916 Thread 0xb6708c00 Uncommon trap: reason=array_check action=maybe_recompile pc=0xb387f43c method=java.util.ComparableTimSort.binarySort([Ljava/lang/Object;III)V @ 183
Event: 5,101 Thread 0xb6708c00 Uncommon trap: reason=array_check action=maybe_recompile pc=0xb387f43c method=java.util.ComparableTimSort.binarySort([Ljava/lang/Object;III)V @ 183

Internal exceptions (10 events):
Event: 2,982 Thread 0xb6708c00 Threw 0x9f380940 at /HUDSON/workspace/7u-2-build-linux-i586/jdk7u45/229/hotspot/src/share/vm/prims/jvm.cpp:1244
Event: 2,982 Thread 0xb6708c00 Threw 0x9f382d08 at /HUDSON/workspace/7u-2-build-linux-i586/jdk7u45/229/hotspot/src/share/vm/prims/jvm.cpp:1244
Event: 3,152 Thread 0xb6708c00 Threw 0x9fb78448 at /HUDSON/workspace/7u-2-build-linux-i586/jdk7u45/229/hotspot/src/share/vm/prims/jvm.cpp:1244
Event: 3,560 Thread 0xb6708c00 Threw 0x9f94a318 at /HUDSON/workspace/7u-2-build-linux-i586/jdk7u45/229/hotspot/src/share/vm/prims/jvm.cpp:1244
Event: 3,560 Thread 0xb6708c00 Threw 0x9f94a430 at /HUDSON/workspace/7u-2-build-linux-i586/jdk7u45/229/hotspot/src/share/vm/prims/jvm.cpp:1244
Event: 3,560 Thread 0xb6708c00 Threw 0x9f94c5f8 at /HUDSON/workspace/7u-2-build-linux-i586/jdk7u45/229/hotspot/src/share/vm/prims/jvm.cpp:1244
Event: 3,560 Thread 0xb6708c00 Threw 0x9f94c710 at /HUDSON/workspace/7u-2-build-linux-i586/jdk7u45/229/hotspot/src/share/vm/prims/jvm.cpp:1244
Event: 4,270 Thread 0xb6708c00 Implicit null exception at 0xb3863c58 to 0xb386449d
Event: 4,274 Thread 0xb6708c00 Implicit null exception at 0xb385a57a to 0xb385aea5
Event: 4,641 Thread 0xb6708c00 Implicit null exception at 0xb3872e00 to 0xb3873521

Events (10 events):
Event: 5,378 Executing VM operation: ParallelGCFailedAllocation
Event: 5,392 Executing VM operation: ParallelGCFailedAllocation done
Event: 5,429 Thread 0x6c196000 flushing nmethod 0xb37b1048
Event: 5,429 Thread 0x6c196000 flushing nmethod 0xb37bd488
Event: 5,430 Thread 0x6c196000 flushing nmethod 0xb37bf608
Event: 5,430 Thread 0x6c198000 flushing nmethod 0xb37d3388
Event: 5,617 Thread 0x6c198000 flushing nmethod 0xb3809848
Event: 5,757 Executing VM operation: ParallelGCFailedAllocation
Event: 5,781 Executing VM operation: ParallelGCFailedAllocation done
Event: 6,373 Executing VM operation: ParallelGCFailedAllocation


Dynamic libraries:
08048000-08049000 r-xp 00000000 08:06 671014     /usr/local/java/jdk1.7.0_45/bin/java
08049000-0804a000 rw-p 00000000 08:06 671014     /usr/local/java/jdk1.7.0_45/bin/java
08fdb000-090d1000 rw-p 00000000 00:00 0          [heap]
6a900000-6a9ff000 rw-p 00000000 00:00 0 
6a9ff000-6aa00000 ---p 00000000 00:00 0 
6ab00000-6abfe000 rw-p 00000000 00:00 0 
6abfe000-6ac00000 ---p 00000000 00:00 0 
6ad00000-6adea000 rw-p 00000000 00:00 0 
6adea000-6ae00000 ---p 00000000 00:00 0 
6af00000-6affe000 rw-p 00000000 00:00 0 
6affe000-6b000000 ---p 00000000 00:00 0 
6b000000-6b0ff000 rw-p 00000000 00:00 0 
6b0ff000-6b100000 ---p 00000000 00:00 0 
6b100000-6b1fa000 rw-p 00000000 00:00 0 
6b1fa000-6b200000 ---p 00000000 00:00 0 
6b300000-6b400000 rw-p 00000000 00:00 0 
6b500000-6b5ff000 rw-p 00000000 00:00 0 
6b5ff000-6b600000 ---p 00000000 00:00 0 
6b600000-6b6e8000 rw-p 00000000 00:00 0 
6b6e8000-6b700000 ---p 00000000 00:00 0 
6b700000-6b784000 rw-p 00000000 00:00 0 
6b784000-6b800000 ---p 00000000 00:00 0 
6b814000-6b817000 ---p 00000000 00:00 0 
6b817000-6b865000 rw-p 00000000 00:00 0 
6b865000-6b868000 ---p 00000000 00:00 0 
6b868000-6b8b6000 rw-p 00000000 00:00 0 
6b8b6000-6b8b9000 ---p 00000000 00:00 0 
6b8b9000-6b907000 rw-p 00000000 00:00 0 
6b907000-6b90a000 ---p 00000000 00:00 0 
6b90a000-6b958000 rw-p 00000000 00:00 0 
6b958000-6b959000 ---p 00000000 00:00 0 
6b959000-6b9d9000 rw-p 00000000 00:00 0 
6b9d9000-6b9dc000 ---p 00000000 00:00 0 
6b9dc000-6ba2a000 rw-p 00000000 00:00 0 
6ba2a000-6ba2d000 ---p 00000000 00:00 0 
6ba2d000-6baab000 rw-p 00000000 00:00 0 
6baab000-6baae000 ---p 00000000 00:00 0 
6baae000-6bb2c000 rw-p 00000000 00:00 0 
6bb2c000-6bb2f000 ---p 00000000 00:00 0 
6bb2f000-6bb7d000 rw-p 00000000 00:00 0 
6bb7d000-6bcaf000 r--p 002c8000 08:06 392632     /usr/lib/locale/locale-archive
6bcaf000-6beaf000 r--p 00000000 08:06 392632     /usr/lib/locale/locale-archive
6beaf000-6beb2000 ---p 00000000 00:00 0 
6beb2000-6bf00000 rw-p 00000000 00:00 0 
6bf00000-6bffe000 rw-p 00000000 00:00 0 
6bffe000-6c000000 ---p 00000000 00:00 0 
6c000000-6c029000 rw-p 00000000 00:00 0 
6c029000-6c100000 ---p 00000000 00:00 0 
6c100000-6c1ff000 rw-p 00000000 00:00 0 
6c1ff000-6c200000 ---p 00000000 00:00 0 
6c238000-6c239000 ---p 00000000 00:00 0 
6c239000-6c304000 rw-p 00000000 00:00 0 
6c304000-6c4c0000 r--s 039b2000 08:06 393573     /usr/local/java/jdk1.7.0_45/jre/lib/rt.jar
6c4c0000-6eb00000 rw-p 00000000 00:00 0 
6eb00000-6ebfc000 rw-p 00000000 00:00 0 
6ebfc000-6ec00000 ---p 00000000 00:00 0 
6ec18000-6ec2d000 r-xp 00000000 08:06 670957     /usr/local/java/jdk1.7.0_45/jre/lib/i386/libnet.so
6ec2d000-6ec2e000 rw-p 00014000 08:06 670957     /usr/local/java/jdk1.7.0_45/jre/lib/i386/libnet.so
6ec2e000-6ec31000 ---p 00000000 00:00 0 
6ec31000-6ec7f000 rw-p 00000000 00:00 0 
6ec7f000-6ec80000 ---p 00000000 00:00 0 
6ec80000-6ed00000 rw-p 00000000 00:00 0 
6ed00000-6ed21000 rw-p 00000000 00:00 0 
6ed21000-6ee00000 ---p 00000000 00:00 0 
6ee00000-6ee21000 rw-p 00000000 00:00 0 
6ee21000-6ef00000 ---p 00000000 00:00 0 
6ef0a000-6ef7f000 rw-p 00000000 00:00 0 
6ef7f000-6ef80000 ---p 00000000 00:00 0 
6ef80000-6f000000 rw-p 00000000 00:00 0 
6f000000-6f035000 rw-p 00000000 00:00 0 
6f035000-6f100000 ---p 00000000 00:00 0 
6f107000-6f108000 ---p 00000000 00:00 0 
6f108000-6f188000 rw-p 00000000 00:00 0 
6f188000-6f189000 ---p 00000000 00:00 0 
6f189000-6f227000 rw-p 00000000 00:00 0 
6f227000-6f35f000 rw-p 00000000 00:00 0 
6f35f000-6f367000 rw-p 00000000 00:00 0 
6f367000-6f37f000 rw-p 00000000 00:00 0 
6f37f000-6f39d000 rw-p 00000000 00:00 0 
6f39d000-6f4d4000 rw-p 00000000 00:00 0 
6f4d4000-6f569000 rw-p 00000000 00:00 0 
6f569000-6f57f000 rw-p 00000000 00:00 0 
6f57f000-70580000 rw-p 00000000 00:00 0 
70580000-73580000 rw-p 00000000 00:00 0 
73580000-77040000 rw-p 00000000 00:00 0 
77040000-9e000000 rw-p 00000000 00:00 0 
9e000000-b07c0000 rw-p 00000000 00:00 0 
b3345000-b355e000 rw-p 00000000 00:00 0 
b355e000-b3582000 r--p 00000000 08:06 1317469    /usr/share/locale-langpack/pl/LC_MESSAGES/libc.mo
b3582000-b3590000 r-xp 00000000 08:06 670404     /usr/local/java/jdk1.7.0_45/jre/lib/i386/libnio.so
b3590000-b3591000 rw-p 0000e000 08:06 670404     /usr/local/java/jdk1.7.0_45/jre/lib/i386/libnio.so
b3591000-b3599000 rw-p 00000000 00:00 0 
b3599000-b35b1000 rw-p 00000000 00:00 0 
b35b1000-b35ba000 rw-p 00000000 00:00 0 
b35ba000-b3671000 rw-p 00000000 00:00 0 
b3671000-b38b1000 rwxp 00000000 00:00 0 
b38b1000-b6671000 rw-p 00000000 00:00 0 
b6671000-b6688000 r-xp 00000000 08:06 670944     /usr/local/java/jdk1.7.0_45/jre/lib/i386/libzip.so
b6688000-b6689000 rw-p 00017000 08:06 670944     /usr/local/java/jdk1.7.0_45/jre/lib/i386/libzip.so
b6689000-b6694000 r-xp 00000000 08:06 786164     /lib/i386-linux-gnu/libnss_files-2.15.so
b6694000-b6695000 r--p 0000a000 08:06 786164     /lib/i386-linux-gnu/libnss_files-2.15.so
b6695000-b6696000 rw-p 0000b000 08:06 786164     /lib/i386-linux-gnu/libnss_files-2.15.so
b6696000-b66a0000 r-xp 00000000 08:06 786202     /lib/i386-linux-gnu/libnss_nis-2.15.so
b66a0000-b66a1000 r--p 00009000 08:06 786202     /lib/i386-linux-gnu/libnss_nis-2.15.so
b66a1000-b66a2000 rw-p 0000a000 08:06 786202     /lib/i386-linux-gnu/libnss_nis-2.15.so
b66a2000-b66b8000 r-xp 00000000 08:06 786163     /lib/i386-linux-gnu/libnsl-2.15.so
b66b8000-b66b9000 r--p 00015000 08:06 786163     /lib/i386-linux-gnu/libnsl-2.15.so
b66b9000-b66ba000 rw-p 00016000 08:06 786163     /lib/i386-linux-gnu/libnsl-2.15.so
b66ba000-b66bc000 rw-p 00000000 00:00 0 
b66bc000-b66c3000 r-xp 00000000 08:06 786201     /lib/i386-linux-gnu/libnss_compat-2.15.so
b66c3000-b66c4000 r--p 00006000 08:06 786201     /lib/i386-linux-gnu/libnss_compat-2.15.so
b66c4000-b66c5000 rw-p 00007000 08:06 786201     /lib/i386-linux-gnu/libnss_compat-2.15.so
b66c7000-b66ce000 r--s 00000000 08:06 395046     /usr/lib/i386-linux-gnu/gconv/gconv-modules.cache
b66ce000-b66dc000 r--s 000b4000 08:06 546427     /usr/share/android-studio/data/sdk/build-tools/android-4.4W/lib/dx.jar
b66dc000-b66ff000 r-xp 00000000 08:06 664766     /usr/local/java/jdk1.7.0_45/jre/lib/i386/libjava.so
b66ff000-b6700000 rw-p 00022000 08:06 664766     /usr/local/java/jdk1.7.0_45/jre/lib/i386/libjava.so
b6700000-b67f7000 rw-p 00000000 00:00 0 
b67f7000-b6800000 ---p 00000000 00:00 0 
b6805000-b6806000 rw-p 00000000 00:00 0 
b6806000-b680a000 r--s 0008a000 08:06 397573     /usr/local/java/jdk1.7.0_45/jre/lib/jsse.jar
b680a000-b6811000 r-xp 00000000 08:06 786021     /lib/i386-linux-gnu/librt-2.15.so
b6811000-b6812000 r--p 00006000 08:06 786021     /lib/i386-linux-gnu/librt-2.15.so
b6812000-b6813000 rw-p 00007000 08:06 786021     /lib/i386-linux-gnu/librt-2.15.so
b6813000-b6816000 ---p 00000000 00:00 0 
b6816000-b6864000 rw-p 00000000 00:00 0 
b6864000-b688e000 r-xp 00000000 08:06 786199     /lib/i386-linux-gnu/libm-2.15.so
b688e000-b688f000 r--p 00029000 08:06 786199     /lib/i386-linux-gnu/libm-2.15.so
b688f000-b6890000 rw-p 0002a000 08:06 786199     /lib/i386-linux-gnu/libm-2.15.so
b6890000-b7107000 r-xp 00000000 08:06 670953     /usr/local/java/jdk1.7.0_45/jre/lib/i386/server/libjvm.so
b7107000-b716c000 rw-p 00876000 08:06 670953     /usr/local/java/jdk1.7.0_45/jre/lib/i386/server/libjvm.so
b716c000-b758f000 rw-p 00000000 00:00 0 
b758f000-b7733000 r-xp 00000000 08:06 786179     /lib/i386-linux-gnu/libc-2.15.so
b7733000-b7734000 ---p 001a4000 08:06 786179     /lib/i386-linux-gnu/libc-2.15.so
b7734000-b7736000 r--p 001a4000 08:06 786179     /lib/i386-linux-gnu/libc-2.15.so
b7736000-b7737000 rw-p 001a6000 08:06 786179     /lib/i386-linux-gnu/libc-2.15.so
b7737000-b773a000 rw-p 00000000 00:00 0 
b773a000-b773d000 r-xp 00000000 08:06 811213     /lib/i386-linux-gnu/libdl-2.15.so
b773d000-b773e000 r--p 00002000 08:06 811213     /lib/i386-linux-gnu/libdl-2.15.so
b773e000-b773f000 rw-p 00003000 08:06 811213     /lib/i386-linux-gnu/libdl-2.15.so
b773f000-b7740000 rw-p 00000000 00:00 0 
b7740000-b7753000 r-xp 00000000 08:06 671956     /usr/local/java/jdk1.7.0_45/lib/i386/jli/libjli.so
b7753000-b7754000 rw-p 00012000 08:06 671956     /usr/local/java/jdk1.7.0_45/lib/i386/jli/libjli.so
b7754000-b776b000 r-xp 00000000 08:06 785972     /lib/i386-linux-gnu/libpthread-2.15.so
b776b000-b776c000 r--p 00016000 08:06 785972     /lib/i386-linux-gnu/libpthread-2.15.so
b776c000-b776d000 rw-p 00017000 08:06 785972     /lib/i386-linux-gnu/libpthread-2.15.so
b776d000-b7770000 rw-p 00000000 00:00 0 
b7770000-b7778000 rw-s 00000000 08:06 1076037    /tmp/hsperfdata_olek/11154
b7778000-b7779000 rw-p 00000000 00:00 0 
b7779000-b777a000 ---p 00000000 00:00 0 
b777a000-b7785000 r-xp 00000000 08:06 670968     /usr/local/java/jdk1.7.0_45/jre/lib/i386/libverify.so
b7785000-b7786000 rw-p 0000b000 08:06 670968     /usr/local/java/jdk1.7.0_45/jre/lib/i386/libverify.so
b7786000-b7788000 rw-p 00000000 00:00 0 
b7788000-b7789000 r-xp 00000000 00:00 0          [vdso]
b7789000-b77a9000 r-xp 00000000 08:06 785971     /lib/i386-linux-gnu/ld-2.15.so
b77a9000-b77aa000 r--p 0001f000 08:06 785971     /lib/i386-linux-gnu/ld-2.15.so
b77aa000-b77ab000 rw-p 00020000 08:06 785971     /lib/i386-linux-gnu/ld-2.15.so
bfe9a000-bfebc000 rw-p 00000000 00:00 0          [stack]

VM Arguments:
jvm_args: -Xmx1024M 
java_command: /usr/share/android-studio/data/sdk/build-tools/android-4.4W/lib/dx.jar --dex --num-threads=4 --output /home/olek/AndroidStudioProjects/DajSpisac2/DajSpisac/app/build/intermediates/dex/debug /home/olek/AndroidStudioProjects/DajSpisac2/DajSpisac/app/build/intermediates/classes/debug /home/olek/AndroidStudioProjects/DajSpisac2/DajSpisac/app/build/intermediates/dependency-cache/debug /home/olek/AndroidStudioProjects/DajSpisac2/DajSpisac/app/build/intermediates/pre-dexed/debug/classes-70e4cd1c8b82dadb81c01a1164645fd5171b131f.jar /home/olek/AndroidStudioProjects/DajSpisac2/DajSpisac/app/build/intermediates/pre-dexed/debug/support-v4-19.1.0-bfe6379f31d17615f5ca4b83bd0a7235fba0720f.jar /home/olek/AndroidStudioProjects/DajSpisac2/DajSpisac/app/build/intermediates/pre-dexed/debug/commons-io-1.3.2-65ced0583e745a13466ed476e15f98ed8c349674.jar /home/olek/AndroidStudioProjects/DajSpisac2/DajSpisac/app/build/intermediates/pre-dexed/debug/robospice-spring-android-1.4.12-762be6cfb250899b1c81036b07f54fee4dcb2ac4.jar /home/olek/AndroidStudioProjects/DajSpisac2/DajSpisac/app/build/intermediates/pre-dexed/debug/commons-lang3-3.2.1-48ddb587b0af443a44635ae516cd5b6e9793dbc0.jar /home/olek/AndroidStudioProjects/DajSpisac2/DajSpisac/app/build/intermediates/pre-dexed/debug/universal-image-loader-1.9.2-eee2392d80033a19dda5fe10e97bf2d997aa8324.jar /home/olek/AndroidStudioProjects/DajSpisac2/DajSpisac/app/build/intermediates/pre-dexed/debug/spring-android-core-1.0.1.RELEASE-9b9474ca76c015172b287f2cde44701cfd7f5b74.jar /home/olek/AndroidStudioProjects/DajSpisac2/DajSpisac/app/build/intermediates/pre-dexed/debug/jackson-annotations-2.4.0-f178df8577412c09ca51db91729aef33d7539dfc.jar /home/olek/AndroidStudioProjects/DajSpisac2/DajSpisac/app/build/intermediates/pre-dexed/debug/jackson-databind-2.4.1-6d3307ebe01e61039a6ee8c8c597c33528867cbd.jar /home/olek/AndroidStudioProjects/DajSpisac2/DajSpisac/app/build/intermediates/pre-dexed/debug/spring-android-rest-template-1.0.1.RELEASE-0958c0
Launcher Type: SUN_STANDARD

Environment Variables:
JAVA_HOME=/usr/local/java/jdk1.7.0_45
CLASSPATH=/usr/share/android-studio/data/bin/../lib/bootstrap.jar:/usr/share/android-studio/data/bin/../lib/extensions.jar:/usr/share/android-studio/data/bin/../lib/util.jar:/usr/share/android-studio/data/bin/../lib/jdom.jar:/usr/share/android-studio/data/bin/../lib/log4j.jar:/usr/share/android-studio/data/bin/../lib/trove4j.jar:/usr/share/android-studio/data/bin/../lib/jna.jar:/usr/local/java/jdk1.7.0_45/lib/tools.jar
PATH=/usr/lib/lightdm/lightdm:/usr/local/sbin:/usr/local/bin:/usr/sbin:/usr/bin:/sbin:/bin:/usr/games:/home/olek/bin:/usr/local/java/jdk1.7.0_45/bin
LD_LIBRARY_PATH=/usr/share/android-studio/data/bin:
SHELL=/bin/bash
DISPLAY=:0

Signal Handlers:
SIGSEGV: [libjvm.so+0x7dd350], sa_mask[0]=0x7ffbfeff, sa_flags=0x10000004
SIGBUS: [libjvm.so+0x7dd350], sa_mask[0]=0x7ffbfeff, sa_flags=0x10000004
SIGFPE: [libjvm.so+0x678b60], sa_mask[0]=0x7ffbfeff, sa_flags=0x10000004
SIGPIPE: [libjvm.so+0x678b60], sa_mask[0]=0x7ffbfeff, sa_flags=0x10000004
SIGXFSZ: [libjvm.so+0x678b60], sa_mask[0]=0x7ffbfeff, sa_flags=0x10000004
SIGILL: [libjvm.so+0x678b60], sa_mask[0]=0x7ffbfeff, sa_flags=0x10000004
SIGUSR1: SIG_DFL, sa_mask[0]=0x00000000, sa_flags=0x00000000
SIGUSR2: [libjvm.so+0x67a050], sa_mask[0]=0x00000004, sa_flags=0x10000004
SIGHUP: [libjvm.so+0x67b1a0], sa_mask[0]=0x7ffbfeff, sa_flags=0x10000004
SIGINT: [libjvm.so+0x67b1a0], sa_mask[0]=0x7ffbfeff, sa_flags=0x10000004
SIGTERM: [libjvm.so+0x67b1a0], sa_mask[0]=0x7ffbfeff, sa_flags=0x10000004
SIGQUIT: [libjvm.so+0x67b1a0], sa_mask[0]=0x7ffbfeff, sa_flags=0x10000004


---------------  S Y S T E M  ---------------

OS:wheezy/sid

uname:Linux 3.2.0-67-generic-pae #101-Ubuntu SMP Tue Jul 15 18:04:54 UTC 2014 i686
libc:glibc 2.15 NPTL 2.15 
rlimit: STACK 8192k, CORE 0k, NPROC 30461, NOFILE 4096, AS infinity
load average:0,79 0,95 1,10

/proc/meminfo:
MemTotal:        3913636 kB
MemFree:          162808 kB
Buffers:            6884 kB
Cached:           594328 kB
SwapCached:            0 kB
Active:          3147624 kB
Inactive:         513160 kB
Active(anon):    3098044 kB
Inactive(anon):   462200 kB
Active(file):      49580 kB
Inactive(file):    50960 kB
Unevictable:          16 kB
Mlocked:              16 kB
HighTotal:       3072916 kB
HighFree:           4204 kB
LowTotal:         840720 kB
LowFree:          158604 kB
SwapTotal:             0 kB
SwapFree:              0 kB
Dirty:               128 kB
Writeback:            48 kB
AnonPages:       3060168 kB
Mapped:           120796 kB
Shmem:            500148 kB
Slab:              40332 kB
SReclaimable:      18084 kB
SUnreclaim:        22248 kB
KernelStack:        4768 kB
PageTables:        20324 kB
NFS_Unstable:          0 kB
Bounce:                0 kB
WritebackTmp:          0 kB
CommitLimit:     1956816 kB
Committed_AS:    6953048 kB
VmallocTotal:     122880 kB
VmallocUsed:       60012 kB
VmallocChunk:      59636 kB
HardwareCorrupted:     0 kB
AnonHugePages:         0 kB
HugePages_Total:       0
HugePages_Free:        0
HugePages_Rsvd:        0
HugePages_Surp:        0
Hugepagesize:       2048 kB
DirectMap4k:       10232 kB
DirectMap2M:      903168 kB


CPU:total 4 (2 cores per cpu, 2 threads per core) family 6 model 37 stepping 5, cmov, cx8, fxsr, mmx, sse, sse2, sse3, ssse3, sse4.1, sse4.2, popcnt, ht, tsc, tscinvbit

/proc/cpuinfo:
processor	: 0
vendor_id	: GenuineIntel
cpu family	: 6
model		: 37
model name	: Intel(R) Core(TM) i3 CPU       M 380  @ 2.53GHz
stepping	: 5
microcode	: 0x2
cpu MHz		: 2533.000
cache size	: 3072 KB
physical id	: 0
siblings	: 4
core id		: 0
cpu cores	: 2
apicid		: 0
initial apicid	: 0
fdiv_bug	: no
hlt_bug		: no
f00f_bug	: no
coma_bug	: no
fpu		: yes
fpu_exception	: yes
cpuid level	: 11
wp		: yes
flags		: fpu vme de pse tsc msr pae mce cx8 apic sep mtrr pge mca cmov pat pse36 clflush dts acpi mmx fxsr sse sse2 ss ht tm pbe nx rdtscp lm constant_tsc arch_perfmon pebs bts xtopology nonstop_tsc aperfmperf pni dtes64 monitor ds_cpl vmx est tm2 ssse3 cx16 xtpr pdcm pcid sse4_1 sse4_2 popcnt lahf_lm arat dtherm tpr_shadow vnmi flexpriority ept vpid
bogomips	: 5053.97
clflush size	: 64
cache_alignment	: 64
address sizes	: 36 bits physical, 48 bits virtual
power management:

processor	: 1
vendor_id	: GenuineIntel
cpu family	: 6
model		: 37
model name	: Intel(R) Core(TM) i3 CPU       M 380  @ 2.53GHz
stepping	: 5
microcode	: 0x2
cpu MHz		: 933.000
cache size	: 3072 KB
physical id	: 0
siblings	: 4
core id		: 2
cpu cores	: 2
apicid		: 4
initial apicid	: 4
fdiv_bug	: no
hlt_bug		: no
f00f_bug	: no
coma_bug	: no
fpu		: yes
fpu_exception	: yes
cpuid level	: 11
wp		: yes
flags		: fpu vme de pse tsc msr pae mce cx8 apic sep mtrr pge mca cmov pat pse36 clflush dts acpi mmx fxsr sse sse2 ss ht tm pbe nx rdtscp lm constant_tsc arch_perfmon pebs bts xtopology nonstop_tsc aperfmperf pni dtes64 monitor ds_cpl vmx est tm2 ssse3 cx16 xtpr pdcm pcid sse4_1 sse4_2 popcnt lahf_lm arat dtherm tpr_shadow vnmi flexpriority ept vpid
bogomips	: 5054.19
clflush size	: 64
cache_alignment	: 64
address sizes	: 36 bits physical, 48 bits virtual
power management:

processor	: 2
vendor_id	: GenuineIntel
cpu family	: 6
model		: 37
model name	: Intel(R) Core(TM) i3 CPU       M 380  @ 2.53GHz
stepping	: 5
microcode	: 0x2
cpu MHz		: 1199.000
cache size	: 3072 KB
physical id	: 0
siblings	: 4
core id		: 0
cpu cores	: 2
apicid		: 1
initial apicid	: 1
fdiv_bug	: no
hlt_bug		: no
f00f_bug	: no
coma_bug	: no
fpu		: yes
fpu_exception	: yes
cpuid level	: 11
wp		: yes
flags		: fpu vme de pse tsc msr pae mce cx8 apic sep mtrr pge mca cmov pat pse36 clflush dts acpi mmx fxsr sse sse2 ss ht tm pbe nx rdtscp lm constant_tsc arch_perfmon pebs bts xtopology nonstop_tsc aperfmperf pni dtes64 monitor ds_cpl vmx est tm2 ssse3 cx16 xtpr pdcm pcid sse4_1 sse4_2 popcnt lahf_lm arat dtherm tpr_shadow vnmi flexpriority ept vpid
bogomips	: 5054.18
clflush size	: 64
cache_alignment	: 64
address sizes	: 36 bits physical, 48 bits virtual
power management:

processor	: 3
vendor_id	: GenuineIntel
cpu family	: 6
model		: 37
model name	: Intel(R) Core(TM) i3 CPU       M 380  @ 2.53GHz
stepping	: 5
microcode	: 0x2
cpu MHz		: 933.000
cache size	: 3072 KB
physical id	: 0
siblings	: 4
core id		: 2
cpu cores	: 2
apicid		: 5
initial apicid	: 5
fdiv_bug	: no
hlt_bug		: no
f00f_bug	: no
coma_bug	: no
fpu		: yes
fpu_exception	: yes
cpuid level	: 11
wp		: yes
flags		: fpu vme de pse tsc msr pae mce cx8 apic sep mtrr pge mca cmov pat pse36 clflush dts acpi mmx fxsr sse sse2 ss ht tm pbe nx rdtscp lm constant_tsc arch_perfmon pebs bts xtopology nonstop_tsc aperfmperf pni dtes64 monitor ds_cpl vmx est tm2 ssse3 cx16 xtpr pdcm pcid sse4_1 sse4_2 popcnt lahf_lm arat dtherm tpr_shadow vnmi flexpriority ept vpid
bogomips	: 5054.19
clflush size	: 64
cache_alignment	: 64
address sizes	: 36 bits physical, 48 bits virtual
power management:



Memory: 4k page, physical 3913636k(162808k free), swap 0k(0k free)

vm_info: Java HotSpot(TM) Server VM (24.45-b08) for linux-x86 JRE (1.7.0_45-b18), built on Oct  8 2013 05:44:51 by "java_re" with gcc 4.3.0 20080428 (Red Hat 4.3.0-8)

time: Wed Aug 27 13:33:29 2014
elapsed time: 8 seconds

