#
# There is insufficient memory for the Java Runtime Environment to continue.
# Native memory allocation (malloc) failed to allocate 69992448 bytes for committing reserved memory.
# Possible reasons:
#   The system is out of physical RAM or swap space
#   In 32 bit mode, the process size limit was hit
# Possible solutions:
#   Reduce memory load on the system
#   Increase physical memory or swap space
#   Check if swap backing store is full
#   Use 64 bit Java on a 64 bit OS
#   Decrease Java heap size (-Xmx/-Xms)
#   Decrease number of Java threads
#   Decrease Java thread stack sizes (-Xss)
#   Set larger code cache with -XX:ReservedCodeCacheSize=
# This output file may be truncated or incomplete.
#
#  Out of Memory Error (os_linux.cpp:2718), pid=12984, tid=1813744448
#
# JRE version: Java(TM) SE Runtime Environment (7.0_45-b18) (build 1.7.0_45-b18)
# Java VM: Java HotSpot(TM) Server VM (24.45-b08 mixed mode linux-x86 )
# Failed to write core dump. Core dumps have been disabled. To enable core dumping, try "ulimit -c unlimited" before starting Java again
#

---------------  T H R E A D  ---------------

Current thread (0x6c081400):  VMThread [stack: 0x6c138000,0x6c1b9000] [id=12997]

Stack: [0x6c138000,0x6c1b9000],  sp=0x6c1b78e0,  free space=510k
Native frames: (J=compiled Java code, j=interpreted, Vv=VM code, C=native code)
V  [libjvm.so+0x7dc836]  VMError::report_and_die()+0x1a6
V  [libjvm.so+0x33a5c2]  report_vm_out_of_memory(char const*, int, unsigned int, char const*)+0x72
V  [libjvm.so+0x67bc21]  os::Linux::commit_memory_impl(char*, unsigned int, bool)+0xe1
V  [libjvm.so+0x67c077]  os::Linux::commit_memory_impl(char*, unsigned int, unsigned int, bool)+0x47
V  [libjvm.so+0x67c23d]  os::pd_commit_memory(char*, unsigned int, unsigned int, bool)+0x1d
V  [libjvm.so+0x675c8c]  os::commit_memory(char*, unsigned int, unsigned int, bool)+0x2c
V  [libjvm.so+0x6df178]  PSVirtualSpace::expand_by(unsigned int)+0x48
V  [libjvm.so+0x6e027a]  PSYoungGen::resize_generation(unsigned int, unsigned int)+0xda
V  [libjvm.so+0x6df5b9]  PSYoungGen::resize(unsigned int, unsigned int)+0x19
V  [libjvm.so+0x6dd31b]  PSScavenge::invoke_no_policy()+0x105b
V  [libjvm.so+0x6dd748]  PSScavenge::invoke()+0x28
V  [libjvm.so+0x69b9aa]  ParallelScavengeHeap::failed_mem_allocate(unsigned int)+0x5a
V  [libjvm.so+0x7de0da]  VM_ParallelGCFailedAllocation::doit()+0x7a
V  [libjvm.so+0x7e6e97]  VM_Operation::evaluate()+0x47
V  [libjvm.so+0x7e4f93]  VMThread::evaluate_operation(VM_Operation*)+0xb3
V  [libjvm.so+0x7e5330]  VMThread::loop()+0x1b0
V  [libjvm.so+0x7e5795]  VMThread::run()+0x85
V  [libjvm.so+0x67e0f9]  java_start(Thread*)+0x119
C  [libpthread.so.0+0x6d4c]  start_thread+0xcc

VM_Operation (0xb67cbc74): ParallelGCFailedAllocation, mode: safepoint, requested by thread 0xb6608800


---------------  P R O C E S S  ---------------

Java Threads: ( => current thread )
  0x6c09a800 JavaThread "Service Thread" daemon [_thread_blocked, id=13003, stack(0x6b8d9000,0x6b92a000)]
  0x6c098c00 JavaThread "C2 CompilerThread1" daemon [_thread_blocked, id=13002, stack(0x6b92a000,0x6b9ab000)]
  0x6c096c00 JavaThread "C2 CompilerThread0" daemon [_thread_blocked, id=13001, stack(0x6b9ab000,0x6ba2c000)]
  0x6c095000 JavaThread "Signal Dispatcher" daemon [_thread_blocked, id=13000, stack(0x6ba2c000,0x6ba7d000)]
  0x6c085800 JavaThread "Finalizer" daemon [_thread_blocked, id=12999, stack(0x6bdaf000,0x6be00000)]
  0x6c082c00 JavaThread "Reference Handler" daemon [_thread_blocked, id=12998, stack(0x6eb2e000,0x6eb7f000)]
  0xb6608800 JavaThread "main" [_thread_blocked, id=12992, stack(0xb677c000,0xb67cd000)]

Other Threads:
=>0x6c081400 VMThread [stack: 0x6c138000,0x6c1b9000] [id=12997]
  0x6c09c800 WatcherThread [stack: 0x6b858000,0x6b8d9000] [id=13004]

VM state:at safepoint (normal execution)

VM Mutex/Monitor currently owned by a thread:  ([mutex/lock_event])
[0xb6606020] Threads_lock - owner thread: 0x6c081400
[0xb6606430] Heap_lock - owner thread: 0xb6608800

Heap
 PSYoungGen      total 230912K, used 22073K [0x9df80000, 0xaf240000, 0xb3500000)
  eden space 208640K, 0% used [0x9df80000,0x9df80000,0xaab40000)
  from space 22272K, 99% used [0xac6c0000,0xadc4e6d0,0xadc80000)
  to   space 18944K, 0% used [0xadfc0000,0xadfc0000,0xaf240000)
 ParOldGen       total 60416K, used 46903K [0x73500000, 0x77000000, 0x9df80000)
  object space 60416K, 77% used [0x73500000,0x762cdf58,0x77000000)
 PSPermGen       total 16384K, used 4455K [0x6f500000, 0x70500000, 0x73500000)
  object space 16384K, 27% used [0x6f500000,0x6f959c28,0x70500000)

Card table byte_map: [0x6f2df000,0x6f500000] byte_map_base: 0x6ef64800

Polling page: 0xb76e1000

Code Cache  [0xb35c8000, 0xb3808000, 0xb65c8000)
 total_blobs=668 nmethods=533 adapters=89 free_code_cache=47826Kb largest_free_block=48942464

Compilation events (10 events):
Event: 3,440 Thread 0x6c098c00  530             com.android.dx.util.ByteArrayAnnotatedOutput::<init> (54 bytes)
Event: 3,440 Thread 0x6c096c00  531             com.android.dx.util.ByteArrayAnnotatedOutput::<init> (9 bytes)
Event: 3,442 Thread 0x6c098c00 nmethod 530 0xb3714bc8 code [0xb3714cc0, 0xb3714d50]
Event: 3,442 Thread 0x6c098c00  532             com.android.dx.util.ByteArrayAnnotatedOutput::toByteArray (23 bytes)
Event: 3,442 Thread 0x6c096c00 nmethod 531 0xb3714948 code [0xb3714a40, 0xb3714b50]
Event: 3,444 Thread 0x6c098c00 nmethod 532 0xb3717ec8 code [0xb3717fc0, 0xb3718110]
Event: 3,467 Thread 0x6c096c00  533             com.android.dx.io.instructions.InstructionCodec$7::decode (50 bytes)
Event: 3,467 Thread 0x6c098c00  534             com.android.dx.io.instructions.InstructionCodec$7::encode (23 bytes)
Event: 3,470 Thread 0x6c096c00 nmethod 533 0xb3717a88 code [0xb3717ba0, 0xb3717d50]
Event: 3,470 Thread 0x6c098c00 nmethod 534 0xb3717688 code [0xb3717780, 0xb37178b0]

GC Heap History (10 events):
Event: 1,965 GC heap after
Heap after GC invocations=5 (full 0):
 PSYoungGen      total 64000K, used 2143K [0x9df80000, 0xa7480000, 0xb3500000)
  eden space 61440K, 0% used [0x9df80000,0x9df80000,0xa1b80000)
  from space 2560K, 83% used [0xa1b80000,0xa1d97ee0,0xa1e00000)
  to   space 14848K, 0% used [0xa6600000,0xa6600000,0xa7480000)
 ParOldGen       total 40704K, used 27758K [0x73500000, 0x75cc0000, 0x9df80000)
  object space 40704K, 68% used [0x73500000,0x7501b808,0x75cc0000)
 PSPermGen       total 16384K, used 4384K [0x6f500000, 0x70500000, 0x73500000)
  object space 16384K, 26% used [0x6f500000,0x6f948010,0x70500000)
}
Event: 2,197 GC heap before
{Heap before GC invocations=6 (full 0):
 PSYoungGen      total 64000K, used 63583K [0x9df80000, 0xa7480000, 0xb3500000)
  eden space 61440K, 100% used [0x9df80000,0xa1b80000,0xa1b80000)
  from space 2560K, 83% used [0xa1b80000,0xa1d97ee0,0xa1e00000)
  to   space 14848K, 0% used [0xa6600000,0xa6600000,0xa7480000)
 ParOldGen       total 40704K, used 27758K [0x73500000, 0x75cc0000, 0x9df80000)
  object space 40704K, 68% used [0x73500000,0x7501b808,0x75cc0000)
 PSPermGen       total 16384K, used 4390K [0x6f500000, 0x70500000, 0x73500000)
  object space 16384K, 26% used [0x6f500000,0x6f9498c0,0x70500000)
Event: 2,203 GC heap after
Heap after GC invocations=6 (full 0):
 PSYoungGen      total 136448K, used 11065K [0x9df80000, 0xa7700000, 0xb3500000)
  eden space 121600K, 0% used [0x9df80000,0x9df80000,0xa5640000)
  from space 14848K, 74% used [0xa6600000,0xa70ce6e8,0xa7480000)
  to   space 16128K, 0% used [0xa5640000,0xa5640000,0xa6600000)
 ParOldGen       total 40704K, used 27758K [0x73500000, 0x75cc0000, 0x9df80000)
  object space 40704K, 68% used [0x73500000,0x7501b808,0x75cc0000)
 PSPermGen       total 16384K, used 4390K [0x6f500000, 0x70500000, 0x73500000)
  object space 16384K, 26% used [0x6f500000,0x6f9498c0,0x70500000)
}
Event: 2,702 GC heap before
{Heap before GC invocations=7 (full 0):
 PSYoungGen      total 136448K, used 132665K [0x9df80000, 0xa7700000, 0xb3500000)
  eden space 121600K, 100% used [0x9df80000,0xa5640000,0xa5640000)
  from space 14848K, 74% used [0xa6600000,0xa70ce6e8,0xa7480000)
  to   space 16128K, 0% used [0xa5640000,0xa5640000,0xa6600000)
 ParOldGen       total 40704K, used 27758K [0x73500000, 0x75cc0000, 0x9df80000)
  object space 40704K, 68% used [0x73500000,0x7501b808,0x75cc0000)
 PSPermGen       total 16384K, used 4394K [0x6f500000, 0x70500000, 0x73500000)
  object space 16384K, 26% used [0x6f500000,0x6f94aac8,0x70500000)
Event: 2,718 GC heap after
Heap after GC invocations=7 (full 0):
 PSYoungGen      total 137728K, used 16103K [0x9df80000, 0xaf280000, 0xb3500000)
  eden space 121600K, 0% used [0x9df80000,0x9df80000,0xa5640000)
  from space 16128K, 99% used [0xa5640000,0xa65f9db8,0xa6600000)
  to   space 19200K, 0% used [0xadfc0000,0xadfc0000,0xaf280000)
 ParOldGen       total 56064K, used 51017K [0x73500000, 0x76bc0000, 0x9df80000)
  object space 56064K, 90% used [0x73500000,0x766d25d0,0x76bc0000)
 PSPermGen       total 16384K, used 4394K [0x6f500000, 0x70500000, 0x73500000)
  object space 16384K, 26% used [0x6f500000,0x6f94aac8,0x70500000)
}
Event: 2,718 GC heap before
{Heap before GC invocations=8 (full 1):
 PSYoungGen      total 137728K, used 16103K [0x9df80000, 0xaf280000, 0xb3500000)
  eden space 121600K, 0% used [0x9df80000,0x9df80000,0xa5640000)
  from space 16128K, 99% used [0xa5640000,0xa65f9db8,0xa6600000)
  to   space 19200K, 0% used [0xadfc0000,0xadfc0000,0xaf280000)
 ParOldGen       total 56064K, used 51017K [0x73500000, 0x76bc0000, 0x9df80000)
  object space 56064K, 90% used [0x73500000,0x766d25d0,0x76bc0000)
 PSPermGen       total 16384K, used 4394K [0x6f500000, 0x70500000, 0x73500000)
  object space 16384K, 26% used [0x6f500000,0x6f94aac8,0x70500000)
Event: 2,752 GC heap after
Heap after GC invocations=8 (full 1):
 PSYoungGen      total 137728K, used 0K [0x9df80000, 0xaf280000, 0xb3500000)
  eden space 121600K, 0% used [0x9df80000,0x9df80000,0xa5640000)
  from space 16128K, 0% used [0xa5640000,0xa5640000,0xa6600000)
  to   space 19200K, 0% used [0xadfc0000,0xadfc0000,0xaf280000)
 ParOldGen       total 60416K, used 22023K [0x73500000, 0x77000000, 0x9df80000)
  object space 60416K, 36% used [0x73500000,0x74a81e80,0x77000000)
 PSPermGen       total 16384K, used 4392K [0x6f500000, 0x70500000, 0x73500000)
  object space 16384K, 26% used [0x6f500000,0x6f94a3c0,0x70500000)
}
Event: 3,089 GC heap before
{Heap before GC invocations=9 (full 1):
 PSYoungGen      total 137728K, used 121600K [0x9df80000, 0xaf280000, 0xb3500000)
  eden space 121600K, 100% used [0x9df80000,0xa5640000,0xa5640000)
  from space 16128K, 0% used [0xa5640000,0xa5640000,0xa6600000)
  to   space 19200K, 0% used [0xadfc0000,0xadfc0000,0xaf280000)
 ParOldGen       total 60416K, used 22023K [0x73500000, 0x77000000, 0x9df80000)
  object space 60416K, 36% used [0x73500000,0x74a81e80,0x77000000)
 PSPermGen       total 16384K, used 4451K [0x6f500000, 0x70500000, 0x73500000)
  object space 16384K, 27% used [0x6f500000,0x6f958e48,0x70500000)
Event: 3,099 GC heap after
Heap after GC invocations=9 (full 1):
 PSYoungGen      total 227584K, used 18744K [0x9df80000, 0xaf240000, 0xb3500000)
  eden space 208640K, 0% used [0x9df80000,0x9df80000,0xaab40000)
  from space 18944K, 98% used [0xadfc0000,0xaf20e050,0xaf240000)
  to   space 22272K, 0% used [0xac6c0000,0xac6c0000,0xadc80000)
 ParOldGen       total 60416K, used 27170K [0x73500000, 0x77000000, 0x9df80000)
  object space 60416K, 44% used [0x73500000,0x74f88a60,0x77000000)
 PSPermGen       total 16384K, used 4451K [0x6f500000, 0x70500000, 0x73500000)
  object space 16384K, 27% used [0x6f500000,0x6f958e48,0x70500000)
}
Event: 3,962 GC heap before
{Heap before GC invocations=10 (full 1):
 PSYoungGen      total 227584K, used 227384K [0x9df80000, 0xaf240000, 0xb3500000)
  eden space 208640K, 100% used [0x9df80000,0xaab40000,0xaab40000)
  from space 18944K, 98% used [0xadfc0000,0xaf20e050,0xaf240000)
  to   space 22272K, 0% used [0xac6c0000,0xac6c0000,0xadc80000)
 ParOldGen       total 60416K, used 27170K [0x73500000, 0x77000000, 0x9df80000)
  object space 60416K, 44% used [0x73500000,0x74f88a60,0x77000000)
 PSPermGen       total 16384K, used 4455K [0x6f500000, 0x70500000, 0x73500000)
  object space 16384K, 27% used [0x6f500000,0x6f959c28,0x70500000)

Deoptimization events (10 events):
Event: 1,818 Thread 0xb6608800 Uncommon trap: reason=array_check action=maybe_recompile pc=0xb36b8c44 method=java.util.ComparableTimSort.binarySort([Ljava/lang/Object;III)V @ 193
Event: 1,959 Thread 0xb6608800 Uncommon trap: reason=array_check action=maybe_recompile pc=0xb36b8be4 method=java.util.ComparableTimSort.binarySort([Ljava/lang/Object;III)V @ 215
Event: 1,959 Thread 0xb6608800 Uncommon trap: reason=array_check action=maybe_recompile pc=0xb36b8c44 method=java.util.ComparableTimSort.binarySort([Ljava/lang/Object;III)V @ 193
Event: 1,990 Thread 0xb6608800 Uncommon trap: reason=array_check action=maybe_recompile pc=0xb36c3540 method=java.util.TimSort.binarySort([Ljava/lang/Object;IIILjava/util/Comparator;)V @ 183
Event: 1,991 Thread 0xb6608800 Uncommon trap: reason=array_check action=maybe_recompile pc=0xb36c3540 method=java.util.TimSort.binarySort([Ljava/lang/Object;IIILjava/util/Comparator;)V @ 183
Event: 1,991 Thread 0xb6608800 Uncommon trap: reason=array_check action=maybe_recompile pc=0xb36c34d4 method=java.util.TimSort.binarySort([Ljava/lang/Object;IIILjava/util/Comparator;)V @ 193
Event: 1,991 Thread 0xb6608800 Uncommon trap: reason=array_check action=maybe_recompile pc=0xb36c3428 method=java.util.TimSort.binarySort([Ljava/lang/Object;IIILjava/util/Comparator;)V @ 215
Event: 1,991 Thread 0xb6608800 Uncommon trap: reason=array_check action=maybe_recompile pc=0xb36c34d4 method=java.util.TimSort.binarySort([Ljava/lang/Object;IIILjava/util/Comparator;)V @ 193
Event: 2,162 Thread 0xb6608800 Uncommon trap: reason=array_check action=maybe_recompile pc=0xb36c1130 method=java.util.ComparableTimSort.binarySort([Ljava/lang/Object;III)V @ 183
Event: 2,258 Thread 0xb6608800 Uncommon trap: reason=array_check action=maybe_recompile pc=0xb36c1130 method=java.util.ComparableTimSort.binarySort([Ljava/lang/Object;III)V @ 183

Internal exceptions (10 events):
Event: 0,688 Thread 0xb6608800 Threw 0x9ebe3f98 at /HUDSON/workspace/7u-2-build-linux-i586/jdk7u45/229/hotspot/src/share/vm/prims/jvm.cpp:1244
Event: 0,689 Thread 0xb6608800 Threw 0x9ebe6b48 at /HUDSON/workspace/7u-2-build-linux-i586/jdk7u45/229/hotspot/src/share/vm/prims/jvm.cpp:1244
Event: 0,689 Thread 0xb6608800 Threw 0x9ebe9a48 at /HUDSON/workspace/7u-2-build-linux-i586/jdk7u45/229/hotspot/src/share/vm/prims/jvm.cpp:1244
Event: 0,691 Thread 0xb6608800 Threw 0x9ebf02f8 at /HUDSON/workspace/7u-2-build-linux-i586/jdk7u45/229/hotspot/src/share/vm/prims/jvm.cpp:1244
Event: 0,692 Thread 0xb6608800 Threw 0x9ebf2290 at /HUDSON/workspace/7u-2-build-linux-i586/jdk7u45/229/hotspot/src/share/vm/prims/jvm.cpp:1244
Event: 0,719 Thread 0xb6608800 Threw 0x9ec89930 at /HUDSON/workspace/7u-2-build-linux-i586/jdk7u45/229/hotspot/src/share/vm/prims/jvm.cpp:1244
Event: 0,719 Thread 0xb6608800 Threw 0x9ec89a48 at /HUDSON/workspace/7u-2-build-linux-i586/jdk7u45/229/hotspot/src/share/vm/prims/jvm.cpp:1244
Event: 0,719 Thread 0xb6608800 Threw 0x9ec8bc10 at /HUDSON/workspace/7u-2-build-linux-i586/jdk7u45/229/hotspot/src/share/vm/prims/jvm.cpp:1244
Event: 0,719 Thread 0xb6608800 Threw 0x9ec8bd28 at /HUDSON/workspace/7u-2-build-linux-i586/jdk7u45/229/hotspot/src/share/vm/prims/jvm.cpp:1244
Event: 1,199 Thread 0xb6608800 Threw 0x9fd32db0 at /HUDSON/workspace/7u-2-build-linux-i586/jdk7u45/229/hotspot/src/share/vm/prims/jvm.cpp:1244

Events (10 events):
Event: 2,892 loading class 0x6b3759d8 done
Event: 2,892 loading class 0x6b376c20
Event: 2,892 loading class 0x6b376c20 done
Event: 2,892 loading class 0x6b376db0
Event: 2,892 loading class 0x6b376db0 done
Event: 2,892 loading class 0x6ee46b00
Event: 2,892 loading class 0x6ee46b00 done
Event: 3,089 Executing VM operation: ParallelGCFailedAllocation
Event: 3,099 Executing VM operation: ParallelGCFailedAllocation done
Event: 3,689 Executing VM operation: ParallelGCFailedAllocation


Dynamic libraries:
08048000-08049000 r-xp 00000000 08:06 671014     /usr/local/java/jdk1.7.0_45/bin/java
08049000-0804a000 rw-p 00000000 08:06 671014     /usr/local/java/jdk1.7.0_45/bin/java
0925f000-092a4000 rw-p 00000000 00:00 0          [heap]
6ab00000-6abfd000 rw-p 00000000 00:00 0 
6abfd000-6ac00000 ---p 00000000 00:00 0 
6ad00000-6adf6000 rw-p 00000000 00:00 0 
6adf6000-6ae00000 ---p 00000000 00:00 0 
6ae00000-6aee7000 rw-p 00000000 00:00 0 
6aee7000-6af00000 ---p 00000000 00:00 0 
6b000000-6b0fd000 rw-p 00000000 00:00 0 
6b0fd000-6b100000 ---p 00000000 00:00 0 
6b100000-6b1f8000 rw-p 00000000 00:00 0 
6b1f8000-6b200000 ---p 00000000 00:00 0 
6b200000-6b2fb000 rw-p 00000000 00:00 0 
6b2fb000-6b300000 ---p 00000000 00:00 0 
6b300000-6b3f7000 rw-p 00000000 00:00 0 
6b3f7000-6b400000 ---p 00000000 00:00 0 
6b400000-6b4fc000 rw-p 00000000 00:00 0 
6b4fc000-6b500000 ---p 00000000 00:00 0 
6b600000-6b68a000 rw-p 00000000 00:00 0 
6b68a000-6b700000 ---p 00000000 00:00 0 
6b714000-6b717000 ---p 00000000 00:00 0 
6b717000-6b765000 rw-p 00000000 00:00 0 
6b765000-6b768000 ---p 00000000 00:00 0 
6b768000-6b7b6000 rw-p 00000000 00:00 0 
6b7b6000-6b7b9000 ---p 00000000 00:00 0 
6b7b9000-6b807000 rw-p 00000000 00:00 0 
6b807000-6b80a000 ---p 00000000 00:00 0 
6b80a000-6b858000 rw-p 00000000 00:00 0 
6b858000-6b859000 ---p 00000000 00:00 0 
6b859000-6b8d9000 rw-p 00000000 00:00 0 
6b8d9000-6b8dc000 ---p 00000000 00:00 0 
6b8dc000-6b92a000 rw-p 00000000 00:00 0 
6b92a000-6b92d000 ---p 00000000 00:00 0 
6b92d000-6b9ab000 rw-p 00000000 00:00 0 
6b9ab000-6b9ae000 ---p 00000000 00:00 0 
6b9ae000-6ba2c000 rw-p 00000000 00:00 0 
6ba2c000-6ba2f000 ---p 00000000 00:00 0 
6ba2f000-6ba7d000 rw-p 00000000 00:00 0 
6ba7d000-6bbaf000 r--p 002c8000 08:06 392632     /usr/lib/locale/locale-archive
6bbaf000-6bdaf000 r--p 00000000 08:06 392632     /usr/lib/locale/locale-archive
6bdaf000-6bdb2000 ---p 00000000 00:00 0 
6bdb2000-6be00000 rw-p 00000000 00:00 0 
6be00000-6bef0000 rw-p 00000000 00:00 0 
6bef0000-6bf00000 ---p 00000000 00:00 0 
6bf00000-6bf45000 rw-p 00000000 00:00 0 
6bf45000-6c000000 ---p 00000000 00:00 0 
6c000000-6c100000 rw-p 00000000 00:00 0 
6c138000-6c139000 ---p 00000000 00:00 0 
6c139000-6c204000 rw-p 00000000 00:00 0 
6c204000-6c3c0000 r--s 039b2000 08:06 393573     /usr/local/java/jdk1.7.0_45/jre/lib/rt.jar
6c3c0000-6ea00000 rw-p 00000000 00:00 0 
6ea00000-6eafc000 rw-p 00000000 00:00 0 
6eafc000-6eb00000 ---p 00000000 00:00 0 
6eb2e000-6eb31000 ---p 00000000 00:00 0 
6eb31000-6eb7f000 rw-p 00000000 00:00 0 
6eb7f000-6eb80000 ---p 00000000 00:00 0 
6eb80000-6ec00000 rw-p 00000000 00:00 0 
6ec00000-6ec21000 rw-p 00000000 00:00 0 
6ec21000-6ed00000 ---p 00000000 00:00 0 
6ed00000-6ed21000 rw-p 00000000 00:00 0 
6ed21000-6ee00000 ---p 00000000 00:00 0 
6ee24000-6ee7f000 rw-p 00000000 00:00 0 
6ee7f000-6ee80000 ---p 00000000 00:00 0 
6ee80000-6ef00000 rw-p 00000000 00:00 0 
6ef00000-6ef49000 rw-p 00000000 00:00 0 
6ef49000-6f000000 ---p 00000000 00:00 0 
6f037000-6f04c000 r-xp 00000000 08:06 670957     /usr/local/java/jdk1.7.0_45/jre/lib/i386/libnet.so
6f04c000-6f04d000 rw-p 00014000 08:06 670957     /usr/local/java/jdk1.7.0_45/jre/lib/i386/libnet.so
6f04d000-6f067000 rw-p 00000000 00:00 0 
6f067000-6f068000 ---p 00000000 00:00 0 
6f068000-6f0e8000 rw-p 00000000 00:00 0 
6f0e8000-6f0e9000 ---p 00000000 00:00 0 
6f0e9000-6f171000 rw-p 00000000 00:00 0 
6f171000-6f189000 rw-p 00000000 00:00 0 
6f189000-6f1a7000 rw-p 00000000 00:00 0 
6f1a7000-6f2df000 rw-p 00000000 00:00 0 
6f2df000-6f2e7000 rw-p 00000000 00:00 0 
6f2e7000-6f2ff000 rw-p 00000000 00:00 0 
6f2ff000-6f31d000 rw-p 00000000 00:00 0 
6f31d000-6f454000 rw-p 00000000 00:00 0 
6f454000-6f4de000 rw-p 00000000 00:00 0 
6f4de000-6f4ff000 rw-p 00000000 00:00 0 
6f4ff000-70500000 rw-p 00000000 00:00 0 
70500000-73500000 rw-p 00000000 00:00 0 
73500000-77000000 rw-p 00000000 00:00 0 
77000000-9df80000 rw-p 00000000 00:00 0 
9df80000-af240000 rw-p 00000000 00:00 0 
b32cb000-b34e4000 rw-p 00000000 00:00 0 
b34e4000-b3508000 r--p 00000000 08:06 1317469    /usr/share/locale-langpack/pl/LC_MESSAGES/libc.mo
b3508000-b3511000 rw-p 00000000 00:00 0 
b3511000-b35c8000 rw-p 00000000 00:00 0 
b35c8000-b3808000 rwxp 00000000 00:00 0 
b3808000-b65c8000 rw-p 00000000 00:00 0 
b65c8000-b65df000 r-xp 00000000 08:06 670944     /usr/local/java/jdk1.7.0_45/jre/lib/i386/libzip.so
b65df000-b65e0000 rw-p 00017000 08:06 670944     /usr/local/java/jdk1.7.0_45/jre/lib/i386/libzip.so
b65e0000-b65e7000 r-xp 00000000 08:06 786670     /lib/i386-linux-gnu/libnss_compat-2.15.so
b65e7000-b65e8000 r--p 00006000 08:06 786670     /lib/i386-linux-gnu/libnss_compat-2.15.so
b65e8000-b65e9000 rw-p 00007000 08:06 786670     /lib/i386-linux-gnu/libnss_compat-2.15.so
b65ea000-b65f1000 r--s 00000000 08:06 399305     /usr/lib/i386-linux-gnu/gconv/gconv-modules.cache
b65f1000-b65ff000 r-xp 00000000 08:06 670404     /usr/local/java/jdk1.7.0_45/jre/lib/i386/libnio.so
b65ff000-b6600000 rw-p 0000e000 08:06 670404     /usr/local/java/jdk1.7.0_45/jre/lib/i386/libnio.so
b6600000-b66f6000 rw-p 00000000 00:00 0 
b66f6000-b6700000 ---p 00000000 00:00 0 
b6705000-b6710000 r-xp 00000000 08:06 786669     /lib/i386-linux-gnu/libnss_files-2.15.so
b6710000-b6711000 r--p 0000a000 08:06 786669     /lib/i386-linux-gnu/libnss_files-2.15.so
b6711000-b6712000 rw-p 0000b000 08:06 786669     /lib/i386-linux-gnu/libnss_files-2.15.so
b6712000-b671c000 r-xp 00000000 08:06 786668     /lib/i386-linux-gnu/libnss_nis-2.15.so
b671c000-b671d000 r--p 00009000 08:06 786668     /lib/i386-linux-gnu/libnss_nis-2.15.so
b671d000-b671e000 rw-p 0000a000 08:06 786668     /lib/i386-linux-gnu/libnss_nis-2.15.so
b6722000-b6723000 rw-p 00000000 00:00 0 
b6723000-b6727000 r--s 0008a000 08:06 397573     /usr/local/java/jdk1.7.0_45/jre/lib/jsse.jar
b6727000-b6735000 r--s 000b4000 08:06 546427     /usr/share/android-studio/data/sdk/build-tools/android-4.4W/lib/dx.jar
b6735000-b674b000 r-xp 00000000 08:06 786655     /lib/i386-linux-gnu/libnsl-2.15.so
b674b000-b674c000 r--p 00015000 08:06 786655     /lib/i386-linux-gnu/libnsl-2.15.so
b674c000-b674d000 rw-p 00016000 08:06 786655     /lib/i386-linux-gnu/libnsl-2.15.so
b674d000-b674f000 rw-p 00000000 00:00 0 
b674f000-b6772000 r-xp 00000000 08:06 664766     /usr/local/java/jdk1.7.0_45/jre/lib/i386/libjava.so
b6772000-b6773000 rw-p 00022000 08:06 664766     /usr/local/java/jdk1.7.0_45/jre/lib/i386/libjava.so
b6773000-b677a000 r-xp 00000000 08:06 786663     /lib/i386-linux-gnu/librt-2.15.so
b677a000-b677b000 r--p 00006000 08:06 786663     /lib/i386-linux-gnu/librt-2.15.so
b677b000-b677c000 rw-p 00007000 08:06 786663     /lib/i386-linux-gnu/librt-2.15.so
b677c000-b677f000 ---p 00000000 00:00 0 
b677f000-b67cd000 rw-p 00000000 00:00 0 
b67cd000-b67f7000 r-xp 00000000 08:06 786667     /lib/i386-linux-gnu/libm-2.15.so
b67f7000-b67f8000 r--p 00029000 08:06 786667     /lib/i386-linux-gnu/libm-2.15.so
b67f8000-b67f9000 rw-p 0002a000 08:06 786667     /lib/i386-linux-gnu/libm-2.15.so
b67f9000-b7070000 r-xp 00000000 08:06 670953     /usr/local/java/jdk1.7.0_45/jre/lib/i386/server/libjvm.so
b7070000-b70d5000 rw-p 00876000 08:06 670953     /usr/local/java/jdk1.7.0_45/jre/lib/i386/server/libjvm.so
b70d5000-b74f8000 rw-p 00000000 00:00 0 
b74f8000-b769c000 r-xp 00000000 08:06 786672     /lib/i386-linux-gnu/libc-2.15.so
b769c000-b769e000 r--p 001a4000 08:06 786672     /lib/i386-linux-gnu/libc-2.15.so
b769e000-b769f000 rw-p 001a6000 08:06 786672     /lib/i386-linux-gnu/libc-2.15.so
b769f000-b76a2000 rw-p 00000000 00:00 0 
b76a2000-b76a5000 r-xp 00000000 08:06 786671     /lib/i386-linux-gnu/libdl-2.15.so
b76a5000-b76a6000 r--p 00002000 08:06 786671     /lib/i386-linux-gnu/libdl-2.15.so
b76a6000-b76a7000 rw-p 00003000 08:06 786671     /lib/i386-linux-gnu/libdl-2.15.so
b76a7000-b76a8000 rw-p 00000000 00:00 0 
b76a8000-b76bb000 r-xp 00000000 08:06 671956     /usr/local/java/jdk1.7.0_45/lib/i386/jli/libjli.so
b76bb000-b76bc000 rw-p 00012000 08:06 671956     /usr/local/java/jdk1.7.0_45/lib/i386/jli/libjli.so
b76bc000-b76d3000 r-xp 00000000 08:06 786661     /lib/i386-linux-gnu/libpthread-2.15.so
b76d3000-b76d4000 r--p 00016000 08:06 786661     /lib/i386-linux-gnu/libpthread-2.15.so
b76d4000-b76d5000 rw-p 00017000 08:06 786661     /lib/i386-linux-gnu/libpthread-2.15.so
b76d5000-b76d8000 rw-p 00000000 00:00 0 
b76d8000-b76e0000 rw-s 00000000 08:06 1074180    /tmp/hsperfdata_olek/12984
b76e0000-b76e1000 rw-p 00000000 00:00 0 
b76e1000-b76e2000 ---p 00000000 00:00 0 
b76e2000-b76ed000 r-xp 00000000 08:06 670968     /usr/local/java/jdk1.7.0_45/jre/lib/i386/libverify.so
b76ed000-b76ee000 rw-p 0000b000 08:06 670968     /usr/local/java/jdk1.7.0_45/jre/lib/i386/libverify.so
b76ee000-b76f0000 rw-p 00000000 00:00 0 
b76f0000-b76f1000 r-xp 00000000 00:00 0          [vdso]
b76f1000-b7711000 r-xp 00000000 08:06 786662     /lib/i386-linux-gnu/ld-2.15.so
b7711000-b7712000 r--p 0001f000 08:06 786662     /lib/i386-linux-gnu/ld-2.15.so
b7712000-b7713000 rw-p 00020000 08:06 786662     /lib/i386-linux-gnu/ld-2.15.so
bfe7b000-bfe9d000 rw-p 00000000 00:00 0          [stack]

VM Arguments:
jvm_args: -Xmx1024M 
java_command: /usr/share/android-studio/data/sdk/build-tools/android-4.4W/lib/dx.jar --dex --num-threads=4 --output /home/olek/AndroidStudioProjects/Firsttest2/app/build/intermediates/dex/debug /home/olek/AndroidStudioProjects/Firsttest2/app/build/intermediates/classes/debug /home/olek/AndroidStudioProjects/Firsttest2/app/build/intermediates/dependency-cache/debug /home/olek/AndroidStudioProjects/Firsttest2/app/build/intermediates/pre-dexed/debug/jackson-annotations-2.4.0-cb75a2d511b85a812af8667b8e6cbd41ca81161d.jar /home/olek/AndroidStudioProjects/Firsttest2/app/build/intermediates/pre-dexed/debug/jackson-core-2.4.1-abab094ccc8171a3581dbf117bfc98c834d34e16.jar /home/olek/AndroidStudioProjects/Firsttest2/app/build/intermediates/pre-dexed/debug/robospice-1.4.12-54891fcdaa5b6e7126720b4c3bf19aa1d1d12d96.jar /home/olek/AndroidStudioProjects/Firsttest2/app/build/intermediates/pre-dexed/debug/support-v4-19.1.0-bfe6379f31d17615f5ca4b83bd0a7235fba0720f.jar /home/olek/AndroidStudioProjects/Firsttest2/app/build/intermediates/pre-dexed/debug/spring-android-rest-template-1.0.1.RELEASE-d69bda9f71829f66ccc26dbf30324a497520b789.jar /home/olek/AndroidStudioProjects/Firsttest2/app/build/intermediates/pre-dexed/debug/commons-lang3-3.2.1-ce66e2a0b6dd5aafc7a85ddb1fff9a86400cc123.jar /home/olek/AndroidStudioProjects/Firsttest2/app/build/intermediates/pre-dexed/debug/robospice-spring-android-1.4.12-37a8ecb64b28d3e2db88252c1754a30ef7167079.jar /home/olek/AndroidStudioProjects/Firsttest2/app/build/intermediates/pre-dexed/debug/spring-android-core-1.0.1.RELEASE-690c8a62e2ed6fc5c26e6c039a1f36098e236ea4.jar /home/olek/AndroidStudioProjects/Firsttest2/app/build/intermediates/pre-dexed/debug/universal-image-loader-1.9.2-278bc8616dd812ed278193cbaaf815ab1bc09e31.jar /home/olek/AndroidStudioProjects/Firsttest2/app/build/intermediates/pre-dexed/debug/robospice-cache-1.4.12-6f74321d8968bc7a2fef8dabcf7db5abababbfe2.jar /home/olek/AndroidStudioProjects/Firsttest2/app/build/intermediates/pre-dexed/de
Launcher Type: SUN_STANDARD

Environment Variables:
JAVA_HOME=/usr/local/java/jdk1.7.0_45
CLASSPATH=/usr/share/android-studio/data/bin/../lib/bootstrap.jar:/usr/share/android-studio/data/bin/../lib/extensions.jar:/usr/share/android-studio/data/bin/../lib/util.jar:/usr/share/android-studio/data/bin/../lib/jdom.jar:/usr/share/android-studio/data/bin/../lib/log4j.jar:/usr/share/android-studio/data/bin/../lib/trove4j.jar:/usr/share/android-studio/data/bin/../lib/jna.jar:/usr/local/java/jdk1.7.0_45/lib/tools.jar
PATH=/usr/lib/lightdm/lightdm:/usr/local/sbin:/usr/local/bin:/usr/sbin:/usr/bin:/sbin:/bin:/usr/games:/home/olek/bin:/usr/local/java/jdk1.7.0_45/bin
LD_LIBRARY_PATH=/usr/share/android-studio/data/bin:
SHELL=/bin/bash
DISPLAY=:0

Signal Handlers:
SIGSEGV: [libjvm.so+0x7dd350], sa_mask[0]=0x7ffbfeff, sa_flags=0x10000004
SIGBUS: [libjvm.so+0x7dd350], sa_mask[0]=0x7ffbfeff, sa_flags=0x10000004
SIGFPE: [libjvm.so+0x678b60], sa_mask[0]=0x7ffbfeff, sa_flags=0x10000004
SIGPIPE: [libjvm.so+0x678b60], sa_mask[0]=0x7ffbfeff, sa_flags=0x10000004
SIGXFSZ: [libjvm.so+0x678b60], sa_mask[0]=0x7ffbfeff, sa_flags=0x10000004
SIGILL: [libjvm.so+0x678b60], sa_mask[0]=0x7ffbfeff, sa_flags=0x10000004
SIGUSR1: SIG_DFL, sa_mask[0]=0x00000000, sa_flags=0x00000000
SIGUSR2: [libjvm.so+0x67a050], sa_mask[0]=0x00000004, sa_flags=0x10000004
SIGHUP: [libjvm.so+0x67b1a0], sa_mask[0]=0x7ffbfeff, sa_flags=0x10000004
SIGINT: [libjvm.so+0x67b1a0], sa_mask[0]=0x7ffbfeff, sa_flags=0x10000004
SIGTERM: [libjvm.so+0x67b1a0], sa_mask[0]=0x7ffbfeff, sa_flags=0x10000004
SIGQUIT: [libjvm.so+0x67b1a0], sa_mask[0]=0x7ffbfeff, sa_flags=0x10000004


---------------  S Y S T E M  ---------------

OS:wheezy/sid

uname:Linux 3.2.0-67-generic-pae #101-Ubuntu SMP Tue Jul 15 18:04:54 UTC 2014 i686
libc:glibc 2.15 NPTL 2.15 
rlimit: STACK 8192k, CORE 0k, NPROC 30461, NOFILE 4096, AS infinity
load average:0,81 0,58 0,48

/proc/meminfo:
MemTotal:        3913636 kB
MemFree:          156976 kB
Buffers:           13120 kB
Cached:           635120 kB
SwapCached:            0 kB
Active:          3222956 kB
Inactive:         443476 kB
Active(anon):    3152352 kB
Inactive(anon):   381088 kB
Active(file):      70604 kB
Inactive(file):    62388 kB
Unevictable:           0 kB
Mlocked:               0 kB
HighTotal:       3072916 kB
HighFree:            868 kB
LowTotal:         840720 kB
LowFree:          156108 kB
SwapTotal:             0 kB
SwapFree:              0 kB
Dirty:              4132 kB
Writeback:           260 kB
AnonPages:       3018128 kB
Mapped:           108348 kB
Shmem:            515284 kB
Slab:              43608 kB
SReclaimable:      20080 kB
SUnreclaim:        23528 kB
KernelStack:        4904 kB
PageTables:        20892 kB
NFS_Unstable:          0 kB
Bounce:                0 kB
WritebackTmp:          0 kB
CommitLimit:     1956816 kB
Committed_AS:    6949520 kB
VmallocTotal:     122880 kB
VmallocUsed:       59980 kB
VmallocChunk:      60148 kB
HardwareCorrupted:     0 kB
AnonHugePages:         0 kB
HugePages_Total:       0
HugePages_Free:        0
HugePages_Rsvd:        0
HugePages_Surp:        0
Hugepagesize:       2048 kB
DirectMap4k:       10232 kB
DirectMap2M:      903168 kB


CPU:total 4 (2 cores per cpu, 2 threads per core) family 6 model 37 stepping 5, cmov, cx8, fxsr, mmx, sse, sse2, sse3, ssse3, sse4.1, sse4.2, popcnt, ht, tsc, tscinvbit

/proc/cpuinfo:
processor	: 0
vendor_id	: GenuineIntel
cpu family	: 6
model		: 37
model name	: Intel(R) Core(TM) i3 CPU       M 380  @ 2.53GHz
stepping	: 5
microcode	: 0x2
cpu MHz		: 2266.000
cache size	: 3072 KB
physical id	: 0
siblings	: 4
core id		: 0
cpu cores	: 2
apicid		: 0
initial apicid	: 0
fdiv_bug	: no
hlt_bug		: no
f00f_bug	: no
coma_bug	: no
fpu		: yes
fpu_exception	: yes
cpuid level	: 11
wp		: yes
flags		: fpu vme de pse tsc msr pae mce cx8 apic sep mtrr pge mca cmov pat pse36 clflush dts acpi mmx fxsr sse sse2 ss ht tm pbe nx rdtscp lm constant_tsc arch_perfmon pebs bts xtopology nonstop_tsc aperfmperf pni dtes64 monitor ds_cpl vmx est tm2 ssse3 cx16 xtpr pdcm pcid sse4_1 sse4_2 popcnt lahf_lm arat dtherm tpr_shadow vnmi flexpriority ept vpid
bogomips	: 5053.83
clflush size	: 64
cache_alignment	: 64
address sizes	: 36 bits physical, 48 bits virtual
power management:

processor	: 1
vendor_id	: GenuineIntel
cpu family	: 6
model		: 37
model name	: Intel(R) Core(TM) i3 CPU       M 380  @ 2.53GHz
stepping	: 5
microcode	: 0x2
cpu MHz		: 933.000
cache size	: 3072 KB
physical id	: 0
siblings	: 4
core id		: 2
cpu cores	: 2
apicid		: 4
initial apicid	: 4
fdiv_bug	: no
hlt_bug		: no
f00f_bug	: no
coma_bug	: no
fpu		: yes
fpu_exception	: yes
cpuid level	: 11
wp		: yes
flags		: fpu vme de pse tsc msr pae mce cx8 apic sep mtrr pge mca cmov pat pse36 clflush dts acpi mmx fxsr sse sse2 ss ht tm pbe nx rdtscp lm constant_tsc arch_perfmon pebs bts xtopology nonstop_tsc aperfmperf pni dtes64 monitor ds_cpl vmx est tm2 ssse3 cx16 xtpr pdcm pcid sse4_1 sse4_2 popcnt lahf_lm arat dtherm tpr_shadow vnmi flexpriority ept vpid
bogomips	: 5054.20
clflush size	: 64
cache_alignment	: 64
address sizes	: 36 bits physical, 48 bits virtual
power management:

processor	: 2
vendor_id	: GenuineIntel
cpu family	: 6
model		: 37
model name	: Intel(R) Core(TM) i3 CPU       M 380  @ 2.53GHz
stepping	: 5
microcode	: 0x2
cpu MHz		: 2533.000
cache size	: 3072 KB
physical id	: 0
siblings	: 4
core id		: 0
cpu cores	: 2
apicid		: 1
initial apicid	: 1
fdiv_bug	: no
hlt_bug		: no
f00f_bug	: no
coma_bug	: no
fpu		: yes
fpu_exception	: yes
cpuid level	: 11
wp		: yes
flags		: fpu vme de pse tsc msr pae mce cx8 apic sep mtrr pge mca cmov pat pse36 clflush dts acpi mmx fxsr sse sse2 ss ht tm pbe nx rdtscp lm constant_tsc arch_perfmon pebs bts xtopology nonstop_tsc aperfmperf pni dtes64 monitor ds_cpl vmx est tm2 ssse3 cx16 xtpr pdcm pcid sse4_1 sse4_2 popcnt lahf_lm arat dtherm tpr_shadow vnmi flexpriority ept vpid
bogomips	: 5054.18
clflush size	: 64
cache_alignment	: 64
address sizes	: 36 bits physical, 48 bits virtual
power management:

processor	: 3
vendor_id	: GenuineIntel
cpu family	: 6
model		: 37
model name	: Intel(R) Core(TM) i3 CPU       M 380  @ 2.53GHz
stepping	: 5
microcode	: 0x2
cpu MHz		: 933.000
cache size	: 3072 KB
physical id	: 0
siblings	: 4
core id		: 2
cpu cores	: 2
apicid		: 5
initial apicid	: 5
fdiv_bug	: no
hlt_bug		: no
f00f_bug	: no
coma_bug	: no
fpu		: yes
fpu_exception	: yes
cpuid level	: 11
wp		: yes
flags		: fpu vme de pse tsc msr pae mce cx8 apic sep mtrr pge mca cmov pat pse36 clflush dts acpi mmx fxsr sse sse2 ss ht tm pbe nx rdtscp lm constant_tsc arch_perfmon pebs bts xtopology nonstop_tsc aperfmperf pni dtes64 monitor ds_cpl vmx est tm2 ssse3 cx16 xtpr pdcm pcid sse4_1 sse4_2 popcnt lahf_lm arat dtherm tpr_shadow vnmi flexpriority ept vpid
bogomips	: 5054.19
clflush size	: 64
cache_alignment	: 64
address sizes	: 36 bits physical, 48 bits virtual
power management:



Memory: 4k page, physical 3913636k(156976k free), swap 0k(0k free)

vm_info: Java HotSpot(TM) Server VM (24.45-b08) for linux-x86 JRE (1.7.0_45-b18), built on Oct  8 2013 05:44:51 by "java_re" with gcc 4.3.0 20080428 (Red Hat 4.3.0-8)

time: Mon Aug  4 15:30:14 2014
elapsed time: 4 seconds

