#
# There is insufficient memory for the Java Runtime Environment to continue.
# Native memory allocation (malloc) failed to allocate 64487424 bytes for committing reserved memory.
# Possible reasons:
#   The system is out of physical RAM or swap space
#   In 32 bit mode, the process size limit was hit
# Possible solutions:
#   Reduce memory load on the system
#   Increase physical memory or swap space
#   Check if swap backing store is full
#   Use 64 bit Java on a 64 bit OS
#   Decrease Java heap size (-Xmx/-Xms)
#   Decrease number of Java threads
#   Decrease Java thread stack sizes (-Xss)
#   Set larger code cache with -XX:ReservedCodeCacheSize=
# This output file may be truncated or incomplete.
#
#  Out of Memory Error (os_linux.cpp:2718), pid=7033, tid=1813744448
#
# JRE version: Java(TM) SE Runtime Environment (7.0_45-b18) (build 1.7.0_45-b18)
# Java VM: Java HotSpot(TM) Server VM (24.45-b08 mixed mode linux-x86 )
# Failed to write core dump. Core dumps have been disabled. To enable core dumping, try "ulimit -c unlimited" before starting Java again
#

---------------  T H R E A D  ---------------

Current thread (0x6c080400):  VMThread [stack: 0x6c138000,0x6c1b9000] [id=7046]

Stack: [0x6c138000,0x6c1b9000],  sp=0x6c1b7860,  free space=510k
Native frames: (J=compiled Java code, j=interpreted, Vv=VM code, C=native code)
V  [libjvm.so+0x7dc836]  VMError::report_and_die()+0x1a6
V  [libjvm.so+0x33a5c2]  report_vm_out_of_memory(char const*, int, unsigned int, char const*)+0x72
V  [libjvm.so+0x67bc21]  os::Linux::commit_memory_impl(char*, unsigned int, bool)+0xe1
V  [libjvm.so+0x67c077]  os::Linux::commit_memory_impl(char*, unsigned int, unsigned int, bool)+0x47
V  [libjvm.so+0x67c23d]  os::pd_commit_memory(char*, unsigned int, unsigned int, bool)+0x1d
V  [libjvm.so+0x675c8c]  os::commit_memory(char*, unsigned int, unsigned int, bool)+0x2c
V  [libjvm.so+0x6df178]  PSVirtualSpace::expand_by(unsigned int)+0x48
V  [libjvm.so+0x6e027a]  PSYoungGen::resize_generation(unsigned int, unsigned int)+0xda
V  [libjvm.so+0x6df5b9]  PSYoungGen::resize(unsigned int, unsigned int)+0x19
V  [libjvm.so+0x6dd31b]  PSScavenge::invoke_no_policy()+0x105b
V  [libjvm.so+0x6dd748]  PSScavenge::invoke()+0x28
V  [libjvm.so+0x69b9aa]  ParallelScavengeHeap::failed_mem_allocate(unsigned int)+0x5a
V  [libjvm.so+0x7de0da]  VM_ParallelGCFailedAllocation::doit()+0x7a
V  [libjvm.so+0x7e6e97]  VM_Operation::evaluate()+0x47
V  [libjvm.so+0x7e4f93]  VMThread::evaluate_operation(VM_Operation*)+0xb3
V  [libjvm.so+0x7e5330]  VMThread::loop()+0x1b0
V  [libjvm.so+0x7e5795]  VMThread::run()+0x85
V  [libjvm.so+0x67e0f9]  java_start(Thread*)+0x119
C  [libpthread.so.0+0x6d4c]  start_thread+0xcc

VM_Operation (0xb682dbf4): ParallelGCFailedAllocation, mode: safepoint, requested by thread 0xb6608800


---------------  P R O C E S S  ---------------

Java Threads: ( => current thread )
  0x6c099c00 JavaThread "Service Thread" daemon [_thread_blocked, id=7052, stack(0x6b92a000,0x6b97b000)]
  0x6c097c00 JavaThread "C2 CompilerThread1" daemon [_thread_blocked, id=7051, stack(0x6b97b000,0x6b9fc000)]
  0x6c095c00 JavaThread "C2 CompilerThread0" daemon [_thread_blocked, id=7050, stack(0x6b9fc000,0x6ba7d000)]
  0x6c094400 JavaThread "Signal Dispatcher" daemon [_thread_blocked, id=7049, stack(0x6ba7d000,0x6bace000)]
  0x6c084800 JavaThread "Finalizer" daemon [_thread_blocked, id=7048, stack(0x6eb2e000,0x6eb7f000)]
  0x6c082000 JavaThread "Reference Handler" daemon [_thread_blocked, id=7047, stack(0x6ed2e000,0x6ed7f000)]
  0xb6608800 JavaThread "main" [_thread_blocked, id=7041, stack(0xb67de000,0xb682f000)]

Other Threads:
=>0x6c080400 VMThread [stack: 0x6c138000,0x6c1b9000] [id=7046]
  0x6c0a3c00 WatcherThread [stack: 0x6b8a9000,0x6b92a000] [id=7053]

VM state:at safepoint (normal execution)

VM Mutex/Monitor currently owned by a thread:  ([mutex/lock_event])
[0xb6606170] Threads_lock - owner thread: 0x6c080400
[0xb6606580] Heap_lock - owner thread: 0xb6608800

Heap
 PSYoungGen      total 246272K, used 30344K [0x9df80000, 0xaf780000, 0xb3500000)
  eden space 211200K, 0% used [0x9df80000,0x9df80000,0xaadc0000)
  from space 35072K, 86% used [0xaadc0000,0xacb62240,0xad000000)
  to   space 31744K, 0% used [0xad000000,0xad000000,0xaef00000)
 ParOldGen       total 57600K, used 21949K [0x73500000, 0x76d40000, 0x9df80000)
  object space 57600K, 38% used [0x73500000,0x74a6f5a0,0x76d40000)
 PSPermGen       total 16384K, used 4505K [0x6f500000, 0x70500000, 0x73500000)
  object space 16384K, 27% used [0x6f500000,0x6f966590,0x70500000)

Card table byte_map: [0x6f2df000,0x6f500000] byte_map_base: 0x6ef64800

Polling page: 0xb7744000

Code Cache  [0xb35e0000, 0xb3820000, 0xb65e0000)
 total_blobs=872 nmethods=737 adapters=89 free_code_cache=47313Kb largest_free_block=48396544

Compilation events (10 events):
Event: 5,174 Thread 0x6c095c00  747             java.util.TimSort::mergeLo (655 bytes)
Event: 5,222 Thread 0x6c095c00 nmethod 747 0xb37b1708 code [0xb37b18c0, 0xb37b3204]
Event: 5,377 Thread 0x6c097c00  748             com.android.dx.io.instructions.InstructionCodec$34::decode (314 bytes)
Event: 5,387 Thread 0x6c095c00  749             sun.misc.VM::isBooted (4 bytes)
Event: 5,387 Thread 0x6c095c00 nmethod 749 0xb37b01c8 code [0xb37b02a0, 0xb37b02f0]
Event: 5,405 Thread 0x6c095c00  750             java.lang.Math::min (46 bytes)
Event: 5,407 Thread 0x6c095c00 nmethod 750 0xb37aff88 code [0xb37b0060, 0xb37b00f0]
Event: 5,409 Thread 0x6c097c00 nmethod 748 0xb37b6ec8 code [0xb37b7040, 0xb37b7f44]
Event: 5,411 Thread 0x6c095c00  751             java.util.HashMap::initHashSeedAsNeeded (61 bytes)
Event: 5,412 Thread 0x6c095c00 nmethod 751 0xb37a9388 code [0xb37a9480, 0xb37a951c]

GC Heap History (10 events):
Event: 3,343 GC heap after
Heap after GC invocations=7 (full 1):
 PSYoungGen      total 120576K, used 21079K [0x9df80000, 0xa8200000, 0xb3500000)
  eden space 99328K, 0% used [0x9df80000,0x9df80000,0xa4080000)
  from space 21248K, 99% used [0xa6d40000,0xa81d5e48,0xa8200000)
  to   space 26880K, 0% used [0xa4d80000,0xa4d80000,0xa67c0000)
 ParOldGen       total 57600K, used 21945K [0x73500000, 0x76d40000, 0x9df80000)
  object space 57600K, 38% used [0x73500000,0x74a6e5a0,0x76d40000)
 PSPermGen       total 16384K, used 4492K [0x6f500000, 0x70500000, 0x73500000)
  object space 16384K, 27% used [0x6f500000,0x6f963388,0x70500000)
}
Event: 3,717 GC heap before
{Heap before GC invocations=8 (full 1):
 PSYoungGen      total 120576K, used 120407K [0x9df80000, 0xa8200000, 0xb3500000)
  eden space 99328K, 100% used [0x9df80000,0xa4080000,0xa4080000)
  from space 21248K, 99% used [0xa6d40000,0xa81d5e48,0xa8200000)
  to   space 26880K, 0% used [0xa4d80000,0xa4d80000,0xa67c0000)
 ParOldGen       total 57600K, used 21945K [0x73500000, 0x76d40000, 0x9df80000)
  object space 57600K, 38% used [0x73500000,0x74a6e5a0,0x76d40000)
 PSPermGen       total 16384K, used 4497K [0x6f500000, 0x70500000, 0x73500000)
  object space 16384K, 27% used [0x6f500000,0x6f9645d8,0x70500000)
Event: 3,726 GC heap after
Heap after GC invocations=8 (full 1):
 PSYoungGen      total 139520K, used 18691K [0x9df80000, 0xab380000, 0xb3500000)
  eden space 112640K, 0% used [0x9df80000,0x9df80000,0xa4d80000)
  from space 26880K, 69% used [0xa4d80000,0xa5fc0eb0,0xa67c0000)
  to   space 28672K, 0% used [0xa9780000,0xa9780000,0xab380000)
 ParOldGen       total 57600K, used 21945K [0x73500000, 0x76d40000, 0x9df80000)
  object space 57600K, 38% used [0x73500000,0x74a6e5a0,0x76d40000)
 PSPermGen       total 16384K, used 4497K [0x6f500000, 0x70500000, 0x73500000)
  object space 16384K, 27% used [0x6f500000,0x6f9645d8,0x70500000)
}
Event: 4,023 GC heap before
{Heap before GC invocations=9 (full 1):
 PSYoungGen      total 139520K, used 131331K [0x9df80000, 0xab380000, 0xb3500000)
  eden space 112640K, 100% used [0x9df80000,0xa4d80000,0xa4d80000)
  from space 26880K, 69% used [0xa4d80000,0xa5fc0eb0,0xa67c0000)
  to   space 28672K, 0% used [0xa9780000,0xa9780000,0xab380000)
 ParOldGen       total 57600K, used 21945K [0x73500000, 0x76d40000, 0x9df80000)
  object space 57600K, 38% used [0x73500000,0x74a6e5a0,0x76d40000)
 PSPermGen       total 16384K, used 4498K [0x6f500000, 0x70500000, 0x73500000)
  object space 16384K, 27% used [0x6f500000,0x6f9649b8,0x70500000)
Event: 4,029 GC heap after
Heap after GC invocations=9 (full 1):
 PSYoungGen      total 187648K, used 17990K [0x9df80000, 0xac8c0000, 0xb3500000)
  eden space 158976K, 0% used [0x9df80000,0x9df80000,0xa7ac0000)
  from space 28672K, 62% used [0xa9780000,0xaa911840,0xab380000)
  to   space 29440K, 0% used [0xa7ac0000,0xa7ac0000,0xa9780000)
 ParOldGen       total 57600K, used 21945K [0x73500000, 0x76d40000, 0x9df80000)
  object space 57600K, 38% used [0x73500000,0x74a6e5a0,0x76d40000)
 PSPermGen       total 16384K, used 4498K [0x6f500000, 0x70500000, 0x73500000)
  object space 16384K, 27% used [0x6f500000,0x6f9649b8,0x70500000)
}
Event: 4,496 GC heap before
{Heap before GC invocations=10 (full 1):
 PSYoungGen      total 187648K, used 176966K [0x9df80000, 0xac8c0000, 0xb3500000)
  eden space 158976K, 100% used [0x9df80000,0xa7ac0000,0xa7ac0000)
  from space 28672K, 62% used [0xa9780000,0xaa911840,0xab380000)
  to   space 29440K, 0% used [0xa7ac0000,0xa7ac0000,0xa9780000)
 ParOldGen       total 57600K, used 21945K [0x73500000, 0x76d40000, 0x9df80000)
  object space 57600K, 38% used [0x73500000,0x74a6e5a0,0x76d40000)
 PSPermGen       total 16384K, used 4501K [0x6f500000, 0x70500000, 0x73500000)
  object space 16384K, 27% used [0x6f500000,0x6f965488,0x70500000)
Event: 4,505 GC heap after
Heap after GC invocations=10 (full 1):
 PSYoungGen      total 188416K, used 23312K [0x9df80000, 0xaef00000, 0xb3500000)
  eden space 158976K, 0% used [0x9df80000,0x9df80000,0xa7ac0000)
  from space 29440K, 79% used [0xa7ac0000,0xa9184318,0xa9780000)
  to   space 31744K, 0% used [0xad000000,0xad000000,0xaef00000)
 ParOldGen       total 57600K, used 21949K [0x73500000, 0x76d40000, 0x9df80000)
  object space 57600K, 38% used [0x73500000,0x74a6f5a0,0x76d40000)
 PSPermGen       total 16384K, used 4501K [0x6f500000, 0x70500000, 0x73500000)
  object space 16384K, 27% used [0x6f500000,0x6f965488,0x70500000)
}
Event: 4,888 GC heap before
{Heap before GC invocations=11 (full 1):
 PSYoungGen      total 188416K, used 182288K [0x9df80000, 0xaef00000, 0xb3500000)
  eden space 158976K, 100% used [0x9df80000,0xa7ac0000,0xa7ac0000)
  from space 29440K, 79% used [0xa7ac0000,0xa9184318,0xa9780000)
  to   space 31744K, 0% used [0xad000000,0xad000000,0xaef00000)
 ParOldGen       total 57600K, used 21949K [0x73500000, 0x76d40000, 0x9df80000)
  object space 57600K, 38% used [0x73500000,0x74a6f5a0,0x76d40000)
 PSPermGen       total 16384K, used 4502K [0x6f500000, 0x70500000, 0x73500000)
  object space 16384K, 27% used [0x6f500000,0x6f965af0,0x70500000)
Event: 4,901 GC heap after
Heap after GC invocations=11 (full 1):
 PSYoungGen      total 242944K, used 27511K [0x9df80000, 0xaf780000, 0xb3500000)
  eden space 211200K, 0% used [0x9df80000,0x9df80000,0xaadc0000)
  from space 31744K, 86% used [0xad000000,0xaeaddc70,0xaef00000)
  to   space 35072K, 0% used [0xaadc0000,0xaadc0000,0xad000000)
 ParOldGen       total 57600K, used 21949K [0x73500000, 0x76d40000, 0x9df80000)
  object space 57600K, 38% used [0x73500000,0x74a6f5a0,0x76d40000)
 PSPermGen       total 16384K, used 4502K [0x6f500000, 0x70500000, 0x73500000)
  object space 16384K, 27% used [0x6f500000,0x6f965af0,0x70500000)
}
Event: 5,420 GC heap before
{Heap before GC invocations=12 (full 1):
 PSYoungGen      total 242944K, used 238711K [0x9df80000, 0xaf780000, 0xb3500000)
  eden space 211200K, 100% used [0x9df80000,0xaadc0000,0xaadc0000)
  from space 31744K, 86% used [0xad000000,0xaeaddc70,0xaef00000)
  to   space 35072K, 0% used [0xaadc0000,0xaadc0000,0xad000000)
 ParOldGen       total 57600K, used 21949K [0x73500000, 0x76d40000, 0x9df80000)
  object space 57600K, 38% used [0x73500000,0x74a6f5a0,0x76d40000)
 PSPermGen       total 16384K, used 4505K [0x6f500000, 0x70500000, 0x73500000)
  object space 16384K, 27% used [0x6f500000,0x6f966590,0x70500000)

Deoptimization events (10 events):
Event: 4,471 Thread 0xb6608800 Uncommon trap: reason=array_check action=maybe_recompile pc=0xb37a75cc method=java.util.TimSort.reverseRange([Ljava/lang/Object;II)V @ 20
Event: 4,471 Thread 0xb6608800 Uncommon trap: reason=array_check action=maybe_recompile pc=0xb37a75cc method=java.util.TimSort.reverseRange([Ljava/lang/Object;II)V @ 20
Event: 4,471 Thread 0xb6608800 Uncommon trap: reason=array_check action=maybe_recompile pc=0xb37a75cc method=java.util.TimSort.reverseRange([Ljava/lang/Object;II)V @ 20
Event: 4,471 Thread 0xb6608800 Uncommon trap: reason=array_check action=maybe_recompile pc=0xb37a75cc method=java.util.TimSort.reverseRange([Ljava/lang/Object;II)V @ 20
Event: 4,807 Thread 0xb6608800 Uncommon trap: reason=array_check action=maybe_recompile pc=0xb37a9ccc method=java.util.TimSort.reverseRange([Ljava/lang/Object;II)V @ 27
Event: 4,807 Thread 0xb6608800 Uncommon trap: reason=array_check action=maybe_recompile pc=0xb37a9ccc method=java.util.TimSort.reverseRange([Ljava/lang/Object;II)V @ 27
Event: 5,355 Thread 0xb6608800 Uncommon trap: reason=array_check action=maybe_recompile pc=0xb37b2b68 method=java.util.TimSort.mergeLo(IIII)V @ 77
Event: 5,355 Thread 0xb6608800 Uncommon trap: reason=array_check action=maybe_recompile pc=0xb37b2b68 method=java.util.TimSort.mergeLo(IIII)V @ 77
Event: 5,355 Thread 0xb6608800 Uncommon trap: reason=array_check action=maybe_recompile pc=0xb37b2b68 method=java.util.TimSort.mergeLo(IIII)V @ 77
Event: 5,355 Thread 0xb6608800 Uncommon trap: reason=array_check action=maybe_recompile pc=0xb37b2b68 method=java.util.TimSort.mergeLo(IIII)V @ 77

Internal exceptions (10 events):
Event: 1,897 Thread 0xb6608800 Threw 0x9e612e08 at /HUDSON/workspace/7u-2-build-linux-i586/jdk7u45/229/hotspot/src/share/vm/prims/jvm.cpp:1244
Event: 2,067 Thread 0xb6608800 Threw 0x9ee15eb0 at /HUDSON/workspace/7u-2-build-linux-i586/jdk7u45/229/hotspot/src/share/vm/prims/jvm.cpp:1244
Event: 2,526 Thread 0xb6608800 Threw 0x9e8f08c0 at /HUDSON/workspace/7u-2-build-linux-i586/jdk7u45/229/hotspot/src/share/vm/prims/jvm.cpp:1244
Event: 2,526 Thread 0xb6608800 Threw 0x9e8f09d8 at /HUDSON/workspace/7u-2-build-linux-i586/jdk7u45/229/hotspot/src/share/vm/prims/jvm.cpp:1244
Event: 2,527 Thread 0xb6608800 Threw 0x9e8f2ba0 at /HUDSON/workspace/7u-2-build-linux-i586/jdk7u45/229/hotspot/src/share/vm/prims/jvm.cpp:1244
Event: 2,527 Thread 0xb6608800 Threw 0x9e8f2cb8 at /HUDSON/workspace/7u-2-build-linux-i586/jdk7u45/229/hotspot/src/share/vm/prims/jvm.cpp:1244
Event: 3,281 Thread 0xb6608800 Implicit null exception at 0xb376e1ba to 0xb376eae5
Event: 3,282 Thread 0xb6608800 Implicit null exception at 0xb377a514 to 0xb377ad41
Event: 3,946 Thread 0xb6608800 Implicit null exception at 0xb3782084 to 0xb3782731
Event: 4,313 Thread 0xb6608800 Implicit null exception at 0xb37a7fc5 to 0xb37a86dd

Events (10 events):
Event: 5,355 Thread 0xb6608800 DEOPT UNPACKING pc=0xb360cbbc sp=0xb682dca8 mode 2
Event: 5,355 Thread 0xb6608800 Uncommon trap: trap_request=0xffffffd6 fr.pc=0xb37b2b68
Event: 5,355 Thread 0xb6608800 DEOPT PACKING pc=0xb37b2b68 sp=0xb682dc80
Event: 5,355 Thread 0xb6608800 DEOPT UNPACKING pc=0xb360cbbc sp=0xb682dca8 mode 2
Event: 5,409 Thread 0x6c097c00 flushing nmethod 0xb36d7c88
Event: 5,409 Thread 0x6c097c00 flushing nmethod 0xb36dac48
Event: 5,412 Thread 0x6c095c00 flushing nmethod 0xb36e72c8
Event: 5,412 Thread 0x6c095c00 flushing nmethod 0xb36e80c8
Event: 5,412 Thread 0x6c095c00 flushing nmethod 0xb36eda48
Event: 5,420 Executing VM operation: ParallelGCFailedAllocation


Dynamic libraries:
08048000-08049000 r-xp 00000000 08:06 671014     /usr/local/java/jdk1.7.0_45/bin/java
08049000-0804a000 rw-p 00000000 08:06 671014     /usr/local/java/jdk1.7.0_45/bin/java
0985d000-09916000 rw-p 00000000 00:00 0          [heap]
6a800000-6a8ff000 rw-p 00000000 00:00 0 
6a8ff000-6a900000 ---p 00000000 00:00 0 
6aa00000-6aae8000 rw-p 00000000 00:00 0 
6aae8000-6ab00000 ---p 00000000 00:00 0 
6ac00000-6acff000 rw-p 00000000 00:00 0 
6acff000-6ad00000 ---p 00000000 00:00 0 
6ad00000-6adff000 rw-p 00000000 00:00 0 
6adff000-6ae00000 ---p 00000000 00:00 0 
6ae00000-6af00000 rw-p 00000000 00:00 0 
6b000000-6b0ff000 rw-p 00000000 00:00 0 
6b0ff000-6b100000 ---p 00000000 00:00 0 
6b100000-6b1fd000 rw-p 00000000 00:00 0 
6b1fd000-6b200000 ---p 00000000 00:00 0 
6b200000-6b2fc000 rw-p 00000000 00:00 0 
6b2fc000-6b300000 ---p 00000000 00:00 0 
6b400000-6b4ee000 rw-p 00000000 00:00 0 
6b4ee000-6b500000 ---p 00000000 00:00 0 
6b500000-6b5ff000 rw-p 00000000 00:00 0 
6b5ff000-6b600000 ---p 00000000 00:00 0 
6b600000-6b678000 rw-p 00000000 00:00 0 
6b678000-6b700000 ---p 00000000 00:00 0 
6b765000-6b768000 ---p 00000000 00:00 0 
6b768000-6b7b6000 rw-p 00000000 00:00 0 
6b7b6000-6b7b9000 ---p 00000000 00:00 0 
6b7b9000-6b807000 rw-p 00000000 00:00 0 
6b807000-6b80a000 ---p 00000000 00:00 0 
6b80a000-6b858000 rw-p 00000000 00:00 0 
6b858000-6b85b000 ---p 00000000 00:00 0 
6b85b000-6b8a9000 rw-p 00000000 00:00 0 
6b8a9000-6b8aa000 ---p 00000000 00:00 0 
6b8aa000-6b92a000 rw-p 00000000 00:00 0 
6b92a000-6b92d000 ---p 00000000 00:00 0 
6b92d000-6b97b000 rw-p 00000000 00:00 0 
6b97b000-6b97e000 ---p 00000000 00:00 0 
6b97e000-6b9fc000 rw-p 00000000 00:00 0 
6b9fc000-6b9ff000 ---p 00000000 00:00 0 
6b9ff000-6ba7d000 rw-p 00000000 00:00 0 
6ba7d000-6ba80000 ---p 00000000 00:00 0 
6ba80000-6bace000 rw-p 00000000 00:00 0 
6bace000-6bc00000 r--p 002c8000 08:06 392632     /usr/lib/locale/locale-archive
6bc00000-6be00000 r--p 00000000 08:06 392632     /usr/lib/locale/locale-archive
6be00000-6befd000 rw-p 00000000 00:00 0 
6befd000-6bf00000 ---p 00000000 00:00 0 
6bf00000-6bf37000 rw-p 00000000 00:00 0 
6bf37000-6c000000 ---p 00000000 00:00 0 
6c000000-6c0ef000 rw-p 00000000 00:00 0 
6c0ef000-6c100000 ---p 00000000 00:00 0 
6c138000-6c139000 ---p 00000000 00:00 0 
6c139000-6c204000 rw-p 00000000 00:00 0 
6c204000-6c3c0000 r--s 039b2000 08:06 393573     /usr/local/java/jdk1.7.0_45/jre/lib/rt.jar
6c3c0000-6ea00000 rw-p 00000000 00:00 0 
6ea00000-6eafe000 rw-p 00000000 00:00 0 
6eafe000-6eb00000 ---p 00000000 00:00 0 
6eb2e000-6eb31000 ---p 00000000 00:00 0 
6eb31000-6eb7f000 rw-p 00000000 00:00 0 
6eb7f000-6eb80000 ---p 00000000 00:00 0 
6eb80000-6ec00000 rw-p 00000000 00:00 0 
6ec00000-6ec21000 rw-p 00000000 00:00 0 
6ec21000-6ed00000 ---p 00000000 00:00 0 
6ed2e000-6ed31000 ---p 00000000 00:00 0 
6ed31000-6ed7f000 rw-p 00000000 00:00 0 
6ed7f000-6ed80000 ---p 00000000 00:00 0 
6ed80000-6ee00000 rw-p 00000000 00:00 0 
6ee00000-6ee21000 rw-p 00000000 00:00 0 
6ee21000-6ef00000 ---p 00000000 00:00 0 
6ef24000-6ef7f000 rw-p 00000000 00:00 0 
6ef7f000-6ef80000 ---p 00000000 00:00 0 
6ef80000-6f000000 rw-p 00000000 00:00 0 
6f000000-6f040000 rw-p 00000000 00:00 0 
6f040000-6f100000 ---p 00000000 00:00 0 
6f108000-6f109000 ---p 00000000 00:00 0 
6f109000-6f1a6000 rw-p 00000000 00:00 0 
6f1a6000-6f2df000 rw-p 00000000 00:00 0 
6f2df000-6f2e7000 rw-p 00000000 00:00 0 
6f2e7000-6f2ff000 rw-p 00000000 00:00 0 
6f2ff000-6f31c000 rw-p 00000000 00:00 0 
6f31c000-6f454000 rw-p 00000000 00:00 0 
6f454000-6f4e1000 rw-p 00000000 00:00 0 
6f4e1000-6f4ff000 rw-p 00000000 00:00 0 
6f4ff000-70500000 rw-p 00000000 00:00 0 
70500000-73500000 rw-p 00000000 00:00 0 
73500000-76d40000 rw-p 00000000 00:00 0 
76d40000-9df80000 rw-p 00000000 00:00 0 
9df80000-af780000 rw-p 00000000 00:00 0 
b3384000-b34f5000 rw-p 00000000 00:00 0 
b34f5000-b34fc000 r--s 00000000 08:06 395046     /usr/lib/i386-linux-gnu/gconv/gconv-modules.cache
b34fc000-b3520000 r--p 00000000 08:06 1317469    /usr/share/locale-langpack/pl/LC_MESSAGES/libc.mo
b3520000-b3529000 rw-p 00000000 00:00 0 
b3529000-b35e0000 rw-p 00000000 00:00 0 
b35e0000-b3820000 rwxp 00000000 00:00 0 
b3820000-b65e0000 rw-p 00000000 00:00 0 
b65e0000-b65e7000 r-xp 00000000 08:06 786201     /lib/i386-linux-gnu/libnss_compat-2.15.so
b65e7000-b65e8000 r--p 00006000 08:06 786201     /lib/i386-linux-gnu/libnss_compat-2.15.so
b65e8000-b65e9000 rw-p 00007000 08:06 786201     /lib/i386-linux-gnu/libnss_compat-2.15.so
b65ea000-b65ff000 r-xp 00000000 08:06 670957     /usr/local/java/jdk1.7.0_45/jre/lib/i386/libnet.so
b65ff000-b6600000 rw-p 00014000 08:06 670957     /usr/local/java/jdk1.7.0_45/jre/lib/i386/libnet.so
b6600000-b66f7000 rw-p 00000000 00:00 0 
b66f7000-b6700000 ---p 00000000 00:00 0 
b6706000-b6714000 r-xp 00000000 08:06 670404     /usr/local/java/jdk1.7.0_45/jre/lib/i386/libnio.so
b6714000-b6715000 rw-p 0000e000 08:06 670404     /usr/local/java/jdk1.7.0_45/jre/lib/i386/libnio.so
b6715000-b6737000 rw-p 00000000 00:00 0 
b6737000-b674f000 rw-p 00000000 00:00 0 
b674f000-b6766000 r-xp 00000000 08:06 670944     /usr/local/java/jdk1.7.0_45/jre/lib/i386/libzip.so
b6766000-b6767000 rw-p 00017000 08:06 670944     /usr/local/java/jdk1.7.0_45/jre/lib/i386/libzip.so
b6767000-b6772000 r-xp 00000000 08:06 786164     /lib/i386-linux-gnu/libnss_files-2.15.so
b6772000-b6773000 r--p 0000a000 08:06 786164     /lib/i386-linux-gnu/libnss_files-2.15.so
b6773000-b6774000 rw-p 0000b000 08:06 786164     /lib/i386-linux-gnu/libnss_files-2.15.so
b6774000-b677e000 r-xp 00000000 08:06 786202     /lib/i386-linux-gnu/libnss_nis-2.15.so
b677e000-b677f000 r--p 00009000 08:06 786202     /lib/i386-linux-gnu/libnss_nis-2.15.so
b677f000-b6780000 rw-p 0000a000 08:06 786202     /lib/i386-linux-gnu/libnss_nis-2.15.so
b6784000-b6785000 rw-p 00000000 00:00 0 
b6785000-b6789000 r--s 0008a000 08:06 397573     /usr/local/java/jdk1.7.0_45/jre/lib/jsse.jar
b6789000-b6797000 r--s 000b4000 08:06 546427     /usr/share/android-studio/data/sdk/build-tools/android-4.4W/lib/dx.jar
b6797000-b67ad000 r-xp 00000000 08:06 786163     /lib/i386-linux-gnu/libnsl-2.15.so
b67ad000-b67ae000 r--p 00015000 08:06 786163     /lib/i386-linux-gnu/libnsl-2.15.so
b67ae000-b67af000 rw-p 00016000 08:06 786163     /lib/i386-linux-gnu/libnsl-2.15.so
b67af000-b67b1000 rw-p 00000000 00:00 0 
b67b1000-b67d4000 r-xp 00000000 08:06 664766     /usr/local/java/jdk1.7.0_45/jre/lib/i386/libjava.so
b67d4000-b67d5000 rw-p 00022000 08:06 664766     /usr/local/java/jdk1.7.0_45/jre/lib/i386/libjava.so
b67d5000-b67dc000 r-xp 00000000 08:06 786021     /lib/i386-linux-gnu/librt-2.15.so
b67dc000-b67dd000 r--p 00006000 08:06 786021     /lib/i386-linux-gnu/librt-2.15.so
b67dd000-b67de000 rw-p 00007000 08:06 786021     /lib/i386-linux-gnu/librt-2.15.so
b67de000-b67e1000 ---p 00000000 00:00 0 
b67e1000-b682f000 rw-p 00000000 00:00 0 
b682f000-b6859000 r-xp 00000000 08:06 786199     /lib/i386-linux-gnu/libm-2.15.so
b6859000-b685a000 r--p 00029000 08:06 786199     /lib/i386-linux-gnu/libm-2.15.so
b685a000-b685b000 rw-p 0002a000 08:06 786199     /lib/i386-linux-gnu/libm-2.15.so
b685b000-b70d2000 r-xp 00000000 08:06 670953     /usr/local/java/jdk1.7.0_45/jre/lib/i386/server/libjvm.so
b70d2000-b7137000 rw-p 00876000 08:06 670953     /usr/local/java/jdk1.7.0_45/jre/lib/i386/server/libjvm.so
b7137000-b755a000 rw-p 00000000 00:00 0 
b755a000-b76fe000 r-xp 00000000 08:06 786179     /lib/i386-linux-gnu/libc-2.15.so
b76fe000-b76ff000 ---p 001a4000 08:06 786179     /lib/i386-linux-gnu/libc-2.15.so
b76ff000-b7701000 r--p 001a4000 08:06 786179     /lib/i386-linux-gnu/libc-2.15.so
b7701000-b7702000 rw-p 001a6000 08:06 786179     /lib/i386-linux-gnu/libc-2.15.so
b7702000-b7705000 rw-p 00000000 00:00 0 
b7705000-b7708000 r-xp 00000000 08:06 811213     /lib/i386-linux-gnu/libdl-2.15.so
b7708000-b7709000 r--p 00002000 08:06 811213     /lib/i386-linux-gnu/libdl-2.15.so
b7709000-b770a000 rw-p 00003000 08:06 811213     /lib/i386-linux-gnu/libdl-2.15.so
b770a000-b770b000 rw-p 00000000 00:00 0 
b770b000-b771e000 r-xp 00000000 08:06 671956     /usr/local/java/jdk1.7.0_45/lib/i386/jli/libjli.so
b771e000-b771f000 rw-p 00012000 08:06 671956     /usr/local/java/jdk1.7.0_45/lib/i386/jli/libjli.so
b771f000-b7736000 r-xp 00000000 08:06 785972     /lib/i386-linux-gnu/libpthread-2.15.so
b7736000-b7737000 r--p 00016000 08:06 785972     /lib/i386-linux-gnu/libpthread-2.15.so
b7737000-b7738000 rw-p 00017000 08:06 785972     /lib/i386-linux-gnu/libpthread-2.15.so
b7738000-b773b000 rw-p 00000000 00:00 0 
b773b000-b7743000 rw-s 00000000 08:06 1074489    /tmp/hsperfdata_olek/7033
b7743000-b7744000 rw-p 00000000 00:00 0 
b7744000-b7745000 ---p 00000000 00:00 0 
b7745000-b7750000 r-xp 00000000 08:06 670968     /usr/local/java/jdk1.7.0_45/jre/lib/i386/libverify.so
b7750000-b7751000 rw-p 0000b000 08:06 670968     /usr/local/java/jdk1.7.0_45/jre/lib/i386/libverify.so
b7751000-b7753000 rw-p 00000000 00:00 0 
b7753000-b7754000 r-xp 00000000 00:00 0          [vdso]
b7754000-b7774000 r-xp 00000000 08:06 785971     /lib/i386-linux-gnu/ld-2.15.so
b7774000-b7775000 r--p 0001f000 08:06 785971     /lib/i386-linux-gnu/ld-2.15.so
b7775000-b7776000 rw-p 00020000 08:06 785971     /lib/i386-linux-gnu/ld-2.15.so
bf835000-bf857000 rw-p 00000000 00:00 0          [stack]

VM Arguments:
jvm_args: -Xmx1024M 
java_command: /usr/share/android-studio/data/sdk/build-tools/android-4.4W/lib/dx.jar --dex --num-threads=4 --output /home/olek/AndroidStudioProjects/DajSpisac2/DajSpisac/app/build/intermediates/dex/debug /home/olek/AndroidStudioProjects/DajSpisac2/DajSpisac/app/build/intermediates/classes/debug /home/olek/AndroidStudioProjects/DajSpisac2/DajSpisac/app/build/intermediates/dependency-cache/debug /home/olek/AndroidStudioProjects/DajSpisac2/DajSpisac/app/build/intermediates/pre-dexed/debug/classes-e99f374224a6e0d8466773740ec3d1131db8ebb1.jar /home/olek/AndroidStudioProjects/DajSpisac2/DajSpisac/app/build/intermediates/pre-dexed/debug/support-v4-19.1.0-bfe6379f31d17615f5ca4b83bd0a7235fba0720f.jar /home/olek/AndroidStudioProjects/DajSpisac2/DajSpisac/app/build/intermediates/pre-dexed/debug/commons-io-1.3.2-65ced0583e745a13466ed476e15f98ed8c349674.jar /home/olek/AndroidStudioProjects/DajSpisac2/DajSpisac/app/build/intermediates/pre-dexed/debug/robospice-spring-android-1.4.12-762be6cfb250899b1c81036b07f54fee4dcb2ac4.jar /home/olek/AndroidStudioProjects/DajSpisac2/DajSpisac/app/build/intermediates/pre-dexed/debug/commons-lang3-3.2.1-48ddb587b0af443a44635ae516cd5b6e9793dbc0.jar /home/olek/AndroidStudioProjects/DajSpisac2/DajSpisac/app/build/intermediates/pre-dexed/debug/universal-image-loader-1.9.2-eee2392d80033a19dda5fe10e97bf2d997aa8324.jar /home/olek/AndroidStudioProjects/DajSpisac2/DajSpisac/app/build/intermediates/pre-dexed/debug/spring-android-core-1.0.1.RELEASE-9b9474ca76c015172b287f2cde44701cfd7f5b74.jar /home/olek/AndroidStudioProjects/DajSpisac2/DajSpisac/app/build/intermediates/pre-dexed/debug/jackson-annotations-2.4.0-f178df8577412c09ca51db91729aef33d7539dfc.jar /home/olek/AndroidStudioProjects/DajSpisac2/DajSpisac/app/build/intermediates/pre-dexed/debug/jackson-databind-2.4.1-6d3307ebe01e61039a6ee8c8c597c33528867cbd.jar /home/olek/AndroidStudioProjects/DajSpisac2/DajSpisac/app/build/intermediates/pre-dexed/debug/spring-android-rest-template-1.0.1.RELEASE-0958c0
Launcher Type: SUN_STANDARD

Environment Variables:
JAVA_HOME=/usr/local/java/jdk1.7.0_45
CLASSPATH=/usr/share/android-studio/data/bin/../lib/bootstrap.jar:/usr/share/android-studio/data/bin/../lib/extensions.jar:/usr/share/android-studio/data/bin/../lib/util.jar:/usr/share/android-studio/data/bin/../lib/jdom.jar:/usr/share/android-studio/data/bin/../lib/log4j.jar:/usr/share/android-studio/data/bin/../lib/trove4j.jar:/usr/share/android-studio/data/bin/../lib/jna.jar:/usr/local/java/jdk1.7.0_45/lib/tools.jar
PATH=/usr/lib/lightdm/lightdm:/usr/local/sbin:/usr/local/bin:/usr/sbin:/usr/bin:/sbin:/bin:/usr/games:/home/olek/bin:/usr/local/java/jdk1.7.0_45/bin
LD_LIBRARY_PATH=/usr/share/android-studio/data/bin:
SHELL=/bin/bash
DISPLAY=:0

Signal Handlers:
SIGSEGV: [libjvm.so+0x7dd350], sa_mask[0]=0x7ffbfeff, sa_flags=0x10000004
SIGBUS: [libjvm.so+0x7dd350], sa_mask[0]=0x7ffbfeff, sa_flags=0x10000004
SIGFPE: [libjvm.so+0x678b60], sa_mask[0]=0x7ffbfeff, sa_flags=0x10000004
SIGPIPE: [libjvm.so+0x678b60], sa_mask[0]=0x7ffbfeff, sa_flags=0x10000004
SIGXFSZ: [libjvm.so+0x678b60], sa_mask[0]=0x7ffbfeff, sa_flags=0x10000004
SIGILL: [libjvm.so+0x678b60], sa_mask[0]=0x7ffbfeff, sa_flags=0x10000004
SIGUSR1: SIG_DFL, sa_mask[0]=0x00000000, sa_flags=0x00000000
SIGUSR2: [libjvm.so+0x67a050], sa_mask[0]=0x00000004, sa_flags=0x10000004
SIGHUP: [libjvm.so+0x67b1a0], sa_mask[0]=0x7ffbfeff, sa_flags=0x10000004
SIGINT: [libjvm.so+0x67b1a0], sa_mask[0]=0x7ffbfeff, sa_flags=0x10000004
SIGTERM: [libjvm.so+0x67b1a0], sa_mask[0]=0x7ffbfeff, sa_flags=0x10000004
SIGQUIT: [libjvm.so+0x67b1a0], sa_mask[0]=0x7ffbfeff, sa_flags=0x10000004


---------------  S Y S T E M  ---------------

OS:wheezy/sid

uname:Linux 3.2.0-67-generic-pae #101-Ubuntu SMP Tue Jul 15 18:04:54 UTC 2014 i686
libc:glibc 2.15 NPTL 2.15 
rlimit: STACK 8192k, CORE 0k, NPROC 30461, NOFILE 4096, AS infinity
load average:2,16 1,07 0,82

/proc/meminfo:
MemTotal:        3913636 kB
MemFree:          155868 kB
Buffers:            6744 kB
Cached:           592860 kB
SwapCached:            0 kB
Active:          3229660 kB
Inactive:         440792 kB
Active(anon):    3173648 kB
Inactive(anon):   384408 kB
Active(file):      56012 kB
Inactive(file):    56384 kB
Unevictable:          16 kB
Mlocked:              16 kB
HighTotal:       3072916 kB
HighFree:            712 kB
LowTotal:         840720 kB
LowFree:          155156 kB
SwapTotal:             0 kB
SwapFree:              0 kB
Dirty:               308 kB
Writeback:             0 kB
AnonPages:       3071356 kB
Mapped:            65456 kB
Shmem:            486840 kB
Slab:              41588 kB
SReclaimable:      19756 kB
SUnreclaim:        21832 kB
KernelStack:        4808 kB
PageTables:        20092 kB
NFS_Unstable:          0 kB
Bounce:                0 kB
WritebackTmp:          0 kB
CommitLimit:     1956816 kB
Committed_AS:    6836248 kB
VmallocTotal:     122880 kB
VmallocUsed:       59956 kB
VmallocChunk:      60148 kB
HardwareCorrupted:     0 kB
AnonHugePages:         0 kB
HugePages_Total:       0
HugePages_Free:        0
HugePages_Rsvd:        0
HugePages_Surp:        0
Hugepagesize:       2048 kB
DirectMap4k:       10232 kB
DirectMap2M:      903168 kB


CPU:total 4 (2 cores per cpu, 2 threads per core) family 6 model 37 stepping 5, cmov, cx8, fxsr, mmx, sse, sse2, sse3, ssse3, sse4.1, sse4.2, popcnt, ht, tsc, tscinvbit

/proc/cpuinfo:
processor	: 0
vendor_id	: GenuineIntel
cpu family	: 6
model		: 37
model name	: Intel(R) Core(TM) i3 CPU       M 380  @ 2.53GHz
stepping	: 5
microcode	: 0x2
cpu MHz		: 2533.000
cache size	: 3072 KB
physical id	: 0
siblings	: 4
core id		: 0
cpu cores	: 2
apicid		: 0
initial apicid	: 0
fdiv_bug	: no
hlt_bug		: no
f00f_bug	: no
coma_bug	: no
fpu		: yes
fpu_exception	: yes
cpuid level	: 11
wp		: yes
flags		: fpu vme de pse tsc msr pae mce cx8 apic sep mtrr pge mca cmov pat pse36 clflush dts acpi mmx fxsr sse sse2 ss ht tm pbe nx rdtscp lm constant_tsc arch_perfmon pebs bts xtopology nonstop_tsc aperfmperf pni dtes64 monitor ds_cpl vmx est tm2 ssse3 cx16 xtpr pdcm pcid sse4_1 sse4_2 popcnt lahf_lm arat dtherm tpr_shadow vnmi flexpriority ept vpid
bogomips	: 5054.32
clflush size	: 64
cache_alignment	: 64
address sizes	: 36 bits physical, 48 bits virtual
power management:

processor	: 1
vendor_id	: GenuineIntel
cpu family	: 6
model		: 37
model name	: Intel(R) Core(TM) i3 CPU       M 380  @ 2.53GHz
stepping	: 5
microcode	: 0x2
cpu MHz		: 2533.000
cache size	: 3072 KB
physical id	: 0
siblings	: 4
core id		: 2
cpu cores	: 2
apicid		: 4
initial apicid	: 4
fdiv_bug	: no
hlt_bug		: no
f00f_bug	: no
coma_bug	: no
fpu		: yes
fpu_exception	: yes
cpuid level	: 11
wp		: yes
flags		: fpu vme de pse tsc msr pae mce cx8 apic sep mtrr pge mca cmov pat pse36 clflush dts acpi mmx fxsr sse sse2 ss ht tm pbe nx rdtscp lm constant_tsc arch_perfmon pebs bts xtopology nonstop_tsc aperfmperf pni dtes64 monitor ds_cpl vmx est tm2 ssse3 cx16 xtpr pdcm pcid sse4_1 sse4_2 popcnt lahf_lm arat dtherm tpr_shadow vnmi flexpriority ept vpid
bogomips	: 5054.20
clflush size	: 64
cache_alignment	: 64
address sizes	: 36 bits physical, 48 bits virtual
power management:

processor	: 2
vendor_id	: GenuineIntel
cpu family	: 6
model		: 37
model name	: Intel(R) Core(TM) i3 CPU       M 380  @ 2.53GHz
stepping	: 5
microcode	: 0x2
cpu MHz		: 933.000
cache size	: 3072 KB
physical id	: 0
siblings	: 4
core id		: 0
cpu cores	: 2
apicid		: 1
initial apicid	: 1
fdiv_bug	: no
hlt_bug		: no
f00f_bug	: no
coma_bug	: no
fpu		: yes
fpu_exception	: yes
cpuid level	: 11
wp		: yes
flags		: fpu vme de pse tsc msr pae mce cx8 apic sep mtrr pge mca cmov pat pse36 clflush dts acpi mmx fxsr sse sse2 ss ht tm pbe nx rdtscp lm constant_tsc arch_perfmon pebs bts xtopology nonstop_tsc aperfmperf pni dtes64 monitor ds_cpl vmx est tm2 ssse3 cx16 xtpr pdcm pcid sse4_1 sse4_2 popcnt lahf_lm arat dtherm tpr_shadow vnmi flexpriority ept vpid
bogomips	: 5054.18
clflush size	: 64
cache_alignment	: 64
address sizes	: 36 bits physical, 48 bits virtual
power management:

processor	: 3
vendor_id	: GenuineIntel
cpu family	: 6
model		: 37
model name	: Intel(R) Core(TM) i3 CPU       M 380  @ 2.53GHz
stepping	: 5
microcode	: 0x2
cpu MHz		: 933.000
cache size	: 3072 KB
physical id	: 0
siblings	: 4
core id		: 2
cpu cores	: 2
apicid		: 5
initial apicid	: 5
fdiv_bug	: no
hlt_bug		: no
f00f_bug	: no
coma_bug	: no
fpu		: yes
fpu_exception	: yes
cpuid level	: 11
wp		: yes
flags		: fpu vme de pse tsc msr pae mce cx8 apic sep mtrr pge mca cmov pat pse36 clflush dts acpi mmx fxsr sse sse2 ss ht tm pbe nx rdtscp lm constant_tsc arch_perfmon pebs bts xtopology nonstop_tsc aperfmperf pni dtes64 monitor ds_cpl vmx est tm2 ssse3 cx16 xtpr pdcm pcid sse4_1 sse4_2 popcnt lahf_lm arat dtherm tpr_shadow vnmi flexpriority ept vpid
bogomips	: 5054.19
clflush size	: 64
cache_alignment	: 64
address sizes	: 36 bits physical, 48 bits virtual
power management:



Memory: 4k page, physical 3913636k(155868k free), swap 0k(0k free)

vm_info: Java HotSpot(TM) Server VM (24.45-b08) for linux-x86 JRE (1.7.0_45-b18), built on Oct  8 2013 05:44:51 by "java_re" with gcc 4.3.0 20080428 (Red Hat 4.3.0-8)

time: Mon Aug 11 11:01:35 2014
elapsed time: 5 seconds

