#
# There is insufficient memory for the Java Runtime Environment to continue.
# Native memory allocation (malloc) failed to allocate 78905344 bytes for committing reserved memory.
# Possible reasons:
#   The system is out of physical RAM or swap space
#   In 32 bit mode, the process size limit was hit
# Possible solutions:
#   Reduce memory load on the system
#   Increase physical memory or swap space
#   Check if swap backing store is full
#   Use 64 bit Java on a 64 bit OS
#   Decrease Java heap size (-Xmx/-Xms)
#   Decrease number of Java threads
#   Decrease Java thread stack sizes (-Xss)
#   Set larger code cache with -XX:ReservedCodeCacheSize=
# This output file may be truncated or incomplete.
#
#  Out of Memory Error (os_linux.cpp:2718), pid=12892, tid=1813744448
#
# JRE version: Java(TM) SE Runtime Environment (7.0_45-b18) (build 1.7.0_45-b18)
# Java VM: Java HotSpot(TM) Server VM (24.45-b08 mixed mode linux-x86 )
# Failed to write core dump. Core dumps have been disabled. To enable core dumping, try "ulimit -c unlimited" before starting Java again
#

---------------  T H R E A D  ---------------

Current thread (0x6c081400):  VMThread [stack: 0x6c138000,0x6c1b9000] [id=12906]

Stack: [0x6c138000,0x6c1b9000],  sp=0x6c1b7ae0,  free space=510k
Native frames: (J=compiled Java code, j=interpreted, Vv=VM code, C=native code)
V  [libjvm.so+0x7dc836]  VMError::report_and_die()+0x1a6
V  [libjvm.so+0x33a5c2]  report_vm_out_of_memory(char const*, int, unsigned int, char const*)+0x72
V  [libjvm.so+0x67bc21]  os::Linux::commit_memory_impl(char*, unsigned int, bool)+0xe1
V  [libjvm.so+0x67c077]  os::Linux::commit_memory_impl(char*, unsigned int, unsigned int, bool)+0x47
V  [libjvm.so+0x67c23d]  os::pd_commit_memory(char*, unsigned int, unsigned int, bool)+0x1d
V  [libjvm.so+0x675c8c]  os::commit_memory(char*, unsigned int, unsigned int, bool)+0x2c
V  [libjvm.so+0x6df178]  PSVirtualSpace::expand_by(unsigned int)+0x48
V  [libjvm.so+0x6e027a]  PSYoungGen::resize_generation(unsigned int, unsigned int)+0xda
V  [libjvm.so+0x6df5b9]  PSYoungGen::resize(unsigned int, unsigned int)+0x19
V  [libjvm.so+0x6dd31b]  PSScavenge::invoke_no_policy()+0x105b
V  [libjvm.so+0x6dd748]  PSScavenge::invoke()+0x28
V  [libjvm.so+0x69b9aa]  ParallelScavengeHeap::failed_mem_allocate(unsigned int)+0x5a
V  [libjvm.so+0x7de0da]  VM_ParallelGCFailedAllocation::doit()+0x7a
V  [libjvm.so+0x7e6e97]  VM_Operation::evaluate()+0x47
V  [libjvm.so+0x7e4f93]  VMThread::evaluate_operation(VM_Operation*)+0xb3
V  [libjvm.so+0x7e5330]  VMThread::loop()+0x1b0
V  [libjvm.so+0x7e5795]  VMThread::run()+0x85
V  [libjvm.so+0x67e0f9]  java_start(Thread*)+0x119
C  [libpthread.so.0+0x6d4c]  start_thread+0xcc

VM_Operation (0xb67faca4): ParallelGCFailedAllocation, mode: safepoint, requested by thread 0xb6608800


---------------  P R O C E S S  ---------------

Java Threads: ( => current thread )
  0x6c09a800 JavaThread "Service Thread" daemon [_thread_blocked, id=12912, stack(0x6b92a000,0x6b97b000)]
  0x6c098c00 JavaThread "C2 CompilerThread1" daemon [_thread_blocked, id=12911, stack(0x6b97b000,0x6b9fc000)]
  0x6c096c00 JavaThread "C2 CompilerThread0" daemon [_thread_blocked, id=12910, stack(0x6b9fc000,0x6ba7d000)]
  0x6c095000 JavaThread "Signal Dispatcher" daemon [_thread_blocked, id=12909, stack(0x6ba7d000,0x6bace000)]
  0x6c085800 JavaThread "Finalizer" daemon [_thread_blocked, id=12908, stack(0x6eb2e000,0x6eb7f000)]
  0x6c082c00 JavaThread "Reference Handler" daemon [_thread_blocked, id=12907, stack(0x6ed2e000,0x6ed7f000)]
  0xb6608800 JavaThread "main" [_thread_blocked, id=12901, stack(0xb67ab000,0xb67fc000)]

Other Threads:
=>0x6c081400 VMThread [stack: 0x6c138000,0x6c1b9000] [id=12906]
  0x6c09c800 WatcherThread [stack: 0x6b8a9000,0x6b92a000] [id=12913]

VM state:at safepoint (normal execution)

VM Mutex/Monitor currently owned by a thread:  ([mutex/lock_event])
[0xb6606020] Threads_lock - owner thread: 0x6c081400
[0xb6606430] Heap_lock - owner thread: 0xb6608800

Heap
 PSYoungGen      total 249088K, used 14422K [0x9df80000, 0xae9c0000, 0xb3500000)
  eden space 230912K, 0% used [0x9df80000,0x9df80000,0xac100000)
  from space 18176K, 79% used [0xac640000,0xad455ab8,0xad800000)
  to   space 14592K, 0% used [0xadb80000,0xadb80000,0xae9c0000)
 ParOldGen       total 52480K, used 45264K [0x73500000, 0x76840000, 0x9df80000)
  object space 52480K, 86% used [0x73500000,0x76134280,0x76840000)
 PSPermGen       total 16384K, used 4454K [0x6f500000, 0x70500000, 0x73500000)
  object space 16384K, 27% used [0x6f500000,0x6f959b98,0x70500000)

Card table byte_map: [0x6f2df000,0x6f500000] byte_map_base: 0x6ef64800

Polling page: 0xb7710000

Code Cache  [0xb35e0000, 0xb3820000, 0xb65e0000)
 total_blobs=669 nmethods=534 adapters=89 free_code_cache=47848Kb largest_free_block=48963648

Compilation events (10 events):
Event: 4,049 Thread 0x6c096c00 nmethod 531 0xb3656288 code [0xb3656360, 0xb36563b0]
Event: 4,049 Thread 0x6c096c00  532             com.android.dex.EncodedValueReader::<init> (10 bytes)
Event: 4,051 Thread 0x6c096c00 nmethod 532 0xb3656008 code [0xb3656100, 0xb36561d0]
Event: 4,051 Thread 0x6c096c00  533             com.android.dex.EncodedValue::asByteInput (12 bytes)
Event: 4,052 Thread 0x6c096c00 nmethod 533 0xb3728ec8 code [0xb3728fc0, 0xb3729070]
Event: 4,052 Thread 0x6c096c00  534             com.android.dex.util.ByteArrayByteInput::<init> (10 bytes)
Event: 4,054 Thread 0x6c096c00 nmethod 534 0xb3729908 code [0xb37299e0, 0xb3729a30]
Event: 4,054 Thread 0x6c096c00  535             com.android.dex.EncodedValue::writeTo (9 bytes)
Event: 4,054 Thread 0x6c098c00 nmethod 530 0xb3728908 code [0xb3728a20, 0xb3728c90]
Event: 4,056 Thread 0x6c096c00 nmethod 535 0xb3728408 code [0xb3728520, 0xb3728690]

GC Heap History (10 events):
Event: 1,932 GC heap after
Heap after GC invocations=5 (full 0):
 PSYoungGen      total 64000K, used 2557K [0x9df80000, 0xa7000000, 0xb3500000)
  eden space 61440K, 0% used [0x9df80000,0x9df80000,0xa1b80000)
  from space 2560K, 99% used [0xa1b80000,0xa1dff420,0xa1e00000)
  to   space 12544K, 0% used [0xa63c0000,0xa63c0000,0xa7000000)
 ParOldGen       total 40704K, used 24039K [0x73500000, 0x75cc0000, 0x9df80000)
  object space 40704K, 59% used [0x73500000,0x74c79c50,0x75cc0000)
 PSPermGen       total 16384K, used 4384K [0x6f500000, 0x70500000, 0x73500000)
  object space 16384K, 26% used [0x6f500000,0x6f948000,0x70500000)
}
Event: 2,150 GC heap before
{Heap before GC invocations=6 (full 0):
 PSYoungGen      total 64000K, used 63997K [0x9df80000, 0xa7000000, 0xb3500000)
  eden space 61440K, 100% used [0x9df80000,0xa1b80000,0xa1b80000)
  from space 2560K, 99% used [0xa1b80000,0xa1dff420,0xa1e00000)
  to   space 12544K, 0% used [0xa63c0000,0xa63c0000,0xa7000000)
 ParOldGen       total 40704K, used 24039K [0x73500000, 0x75cc0000, 0x9df80000)
  object space 40704K, 59% used [0x73500000,0x74c79c50,0x75cc0000)
 PSPermGen       total 16384K, used 4390K [0x6f500000, 0x70500000, 0x73500000)
  object space 16384K, 26% used [0x6f500000,0x6f9499c0,0x70500000)
Event: 2,157 GC heap after
Heap after GC invocations=6 (full 0):
 PSYoungGen      total 133376K, used 11751K [0x9df80000, 0xa7400000, 0xb3500000)
  eden space 120832K, 0% used [0x9df80000,0x9df80000,0xa5580000)
  from space 12544K, 93% used [0xa63c0000,0xa6f39c38,0xa7000000)
  to   space 14592K, 0% used [0xa5580000,0xa5580000,0xa63c0000)
 ParOldGen       total 40704K, used 24039K [0x73500000, 0x75cc0000, 0x9df80000)
  object space 40704K, 59% used [0x73500000,0x74c79c50,0x75cc0000)
 PSPermGen       total 16384K, used 4390K [0x6f500000, 0x70500000, 0x73500000)
  object space 16384K, 26% used [0x6f500000,0x6f9499c0,0x70500000)
}
Event: 2,648 GC heap before
{Heap before GC invocations=7 (full 0):
 PSYoungGen      total 133376K, used 132583K [0x9df80000, 0xa7400000, 0xb3500000)
  eden space 120832K, 100% used [0x9df80000,0xa5580000,0xa5580000)
  from space 12544K, 93% used [0xa63c0000,0xa6f39c38,0xa7000000)
  to   space 14592K, 0% used [0xa5580000,0xa5580000,0xa63c0000)
 ParOldGen       total 40704K, used 24039K [0x73500000, 0x75cc0000, 0x9df80000)
  object space 40704K, 59% used [0x73500000,0x74c79c50,0x75cc0000)
 PSPermGen       total 16384K, used 4394K [0x6f500000, 0x70500000, 0x73500000)
  object space 16384K, 26% used [0x6f500000,0x6f94aab8,0x70500000)
Event: 3,079 GC heap after
Heap after GC invocations=7 (full 0):
 PSYoungGen      total 135424K, used 12709K [0x9df80000, 0xaeb80000, 0xb3500000)
  eden space 120832K, 0% used [0x9df80000,0x9df80000,0xa5580000)
  from space 14592K, 87% used [0xa5580000,0xa61e9438,0xa63c0000)
  to   space 16384K, 0% used [0xadb80000,0xadb80000,0xaeb80000)
 ParOldGen       total 48384K, used 43722K [0x73500000, 0x76440000, 0x9df80000)
  object space 48384K, 90% used [0x73500000,0x75fb2980,0x76440000)
 PSPermGen       total 16384K, used 4394K [0x6f500000, 0x70500000, 0x73500000)
  object space 16384K, 26% used [0x6f500000,0x6f94aab8,0x70500000)
}
Event: 3,079 GC heap before
{Heap before GC invocations=8 (full 1):
 PSYoungGen      total 135424K, used 12709K [0x9df80000, 0xaeb80000, 0xb3500000)
  eden space 120832K, 0% used [0x9df80000,0x9df80000,0xa5580000)
  from space 14592K, 87% used [0xa5580000,0xa61e9438,0xa63c0000)
  to   space 16384K, 0% used [0xadb80000,0xadb80000,0xaeb80000)
 ParOldGen       total 48384K, used 43722K [0x73500000, 0x76440000, 0x9df80000)
  object space 48384K, 90% used [0x73500000,0x75fb2980,0x76440000)
 PSPermGen       total 16384K, used 4394K [0x6f500000, 0x70500000, 0x73500000)
  object space 16384K, 26% used [0x6f500000,0x6f94aab8,0x70500000)
Event: 3,114 GC heap after
Heap after GC invocations=8 (full 1):
 PSYoungGen      total 135424K, used 0K [0x9df80000, 0xaeb80000, 0xb3500000)
  eden space 120832K, 0% used [0x9df80000,0x9df80000,0xa5580000)
  from space 14592K, 0% used [0xa5580000,0xa5580000,0xa63c0000)
  to   space 16384K, 0% used [0xadb80000,0xadb80000,0xaeb80000)
 ParOldGen       total 52480K, used 20461K [0x73500000, 0x76840000, 0x9df80000)
  object space 52480K, 38% used [0x73500000,0x748fb5f0,0x76840000)
 PSPermGen       total 16384K, used 4392K [0x6f500000, 0x70500000, 0x73500000)
  object space 16384K, 26% used [0x6f500000,0x6f94a3b0,0x70500000)
}
Event: 3,424 GC heap before
{Heap before GC invocations=9 (full 1):
 PSYoungGen      total 135424K, used 120832K [0x9df80000, 0xaeb80000, 0xb3500000)
  eden space 120832K, 100% used [0x9df80000,0xa5580000,0xa5580000)
  from space 14592K, 0% used [0xa5580000,0xa5580000,0xa63c0000)
  to   space 16384K, 0% used [0xadb80000,0xadb80000,0xaeb80000)
 ParOldGen       total 52480K, used 20461K [0x73500000, 0x76840000, 0x9df80000)
  object space 52480K, 38% used [0x73500000,0x748fb5f0,0x76840000)
 PSPermGen       total 16384K, used 4451K [0x6f500000, 0x70500000, 0x73500000)
  object space 16384K, 27% used [0x6f500000,0x6f958e38,0x70500000)
Event: 3,435 GC heap after
Heap after GC invocations=9 (full 1):
 PSYoungGen      total 245504K, used 14486K [0x9df80000, 0xae9c0000, 0xb3500000)
  eden space 230912K, 0% used [0x9df80000,0x9df80000,0xac100000)
  from space 14592K, 99% used [0xadb80000,0xae9a5b80,0xae9c0000)
  to   space 18176K, 0% used [0xac640000,0xac640000,0xad800000)
 ParOldGen       total 52480K, used 30755K [0x73500000, 0x76840000, 0x9df80000)
  object space 52480K, 58% used [0x73500000,0x75308db0,0x76840000)
 PSPermGen       total 16384K, used 4451K [0x6f500000, 0x70500000, 0x73500000)
  object space 16384K, 27% used [0x6f500000,0x6f958e38,0x70500000)
}
Event: 4,321 GC heap before
{Heap before GC invocations=10 (full 1):
 PSYoungGen      total 245504K, used 245398K [0x9df80000, 0xae9c0000, 0xb3500000)
  eden space 230912K, 100% used [0x9df80000,0xac100000,0xac100000)
  from space 14592K, 99% used [0xadb80000,0xae9a5b80,0xae9c0000)
  to   space 18176K, 0% used [0xac640000,0xac640000,0xad800000)
 ParOldGen       total 52480K, used 30755K [0x73500000, 0x76840000, 0x9df80000)
  object space 52480K, 58% used [0x73500000,0x75308db0,0x76840000)
 PSPermGen       total 16384K, used 4454K [0x6f500000, 0x70500000, 0x73500000)
  object space 16384K, 27% used [0x6f500000,0x6f959b98,0x70500000)

Deoptimization events (10 events):
Event: 1,788 Thread 0xb6608800 Uncommon trap: reason=array_check action=maybe_recompile pc=0xb36cbe04 method=java.util.ComparableTimSort.binarySort([Ljava/lang/Object;III)V @ 193
Event: 1,927 Thread 0xb6608800 Uncommon trap: reason=array_check action=maybe_recompile pc=0xb36cbda4 method=java.util.ComparableTimSort.binarySort([Ljava/lang/Object;III)V @ 215
Event: 1,927 Thread 0xb6608800 Uncommon trap: reason=array_check action=maybe_recompile pc=0xb36cbe04 method=java.util.ComparableTimSort.binarySort([Ljava/lang/Object;III)V @ 193
Event: 1,957 Thread 0xb6608800 Uncommon trap: reason=array_check action=maybe_recompile pc=0xb36d5100 method=java.util.TimSort.binarySort([Ljava/lang/Object;IIILjava/util/Comparator;)V @ 183
Event: 1,957 Thread 0xb6608800 Uncommon trap: reason=array_check action=maybe_recompile pc=0xb36d5100 method=java.util.TimSort.binarySort([Ljava/lang/Object;IIILjava/util/Comparator;)V @ 183
Event: 1,957 Thread 0xb6608800 Uncommon trap: reason=array_check action=maybe_recompile pc=0xb36d5094 method=java.util.TimSort.binarySort([Ljava/lang/Object;IIILjava/util/Comparator;)V @ 193
Event: 1,957 Thread 0xb6608800 Uncommon trap: reason=array_check action=maybe_recompile pc=0xb36d4fe8 method=java.util.TimSort.binarySort([Ljava/lang/Object;IIILjava/util/Comparator;)V @ 215
Event: 1,957 Thread 0xb6608800 Uncommon trap: reason=array_check action=maybe_recompile pc=0xb36d5094 method=java.util.TimSort.binarySort([Ljava/lang/Object;IIILjava/util/Comparator;)V @ 193
Event: 2,116 Thread 0xb6608800 Uncommon trap: reason=array_check action=maybe_recompile pc=0xb36ddaf0 method=java.util.ComparableTimSort.binarySort([Ljava/lang/Object;III)V @ 183
Event: 2,208 Thread 0xb6608800 Uncommon trap: reason=array_check action=maybe_recompile pc=0xb36ddaf0 method=java.util.ComparableTimSort.binarySort([Ljava/lang/Object;III)V @ 183

Internal exceptions (10 events):
Event: 0,700 Thread 0xb6608800 Threw 0x9ebab9b8 at /HUDSON/workspace/7u-2-build-linux-i586/jdk7u45/229/hotspot/src/share/vm/prims/jvm.cpp:1244
Event: 0,700 Thread 0xb6608800 Threw 0x9ebae568 at /HUDSON/workspace/7u-2-build-linux-i586/jdk7u45/229/hotspot/src/share/vm/prims/jvm.cpp:1244
Event: 0,700 Thread 0xb6608800 Threw 0x9ebb1468 at /HUDSON/workspace/7u-2-build-linux-i586/jdk7u45/229/hotspot/src/share/vm/prims/jvm.cpp:1244
Event: 0,703 Thread 0xb6608800 Threw 0x9ebb7d18 at /HUDSON/workspace/7u-2-build-linux-i586/jdk7u45/229/hotspot/src/share/vm/prims/jvm.cpp:1244
Event: 0,703 Thread 0xb6608800 Threw 0x9ebb9cb0 at /HUDSON/workspace/7u-2-build-linux-i586/jdk7u45/229/hotspot/src/share/vm/prims/jvm.cpp:1244
Event: 0,732 Thread 0xb6608800 Threw 0x9ec51308 at /HUDSON/workspace/7u-2-build-linux-i586/jdk7u45/229/hotspot/src/share/vm/prims/jvm.cpp:1244
Event: 0,732 Thread 0xb6608800 Threw 0x9ec51420 at /HUDSON/workspace/7u-2-build-linux-i586/jdk7u45/229/hotspot/src/share/vm/prims/jvm.cpp:1244
Event: 0,733 Thread 0xb6608800 Threw 0x9ec535e8 at /HUDSON/workspace/7u-2-build-linux-i586/jdk7u45/229/hotspot/src/share/vm/prims/jvm.cpp:1244
Event: 0,733 Thread 0xb6608800 Threw 0x9ec53700 at /HUDSON/workspace/7u-2-build-linux-i586/jdk7u45/229/hotspot/src/share/vm/prims/jvm.cpp:1244
Event: 1,182 Thread 0xb6608800 Threw 0x9fcfb168 at /HUDSON/workspace/7u-2-build-linux-i586/jdk7u45/229/hotspot/src/share/vm/prims/jvm.cpp:1244

Events (10 events):
Event: 3,249 loading class 0x6be88880
Event: 3,249 loading class 0x6be88880 done
Event: 3,249 loading class 0x6be88a10
Event: 3,249 loading class 0x6be88a10 done
Event: 3,250 loading class 0x6ef46b00
Event: 3,250 loading class 0x6ef46b00 done
Event: 3,424 Executing VM operation: ParallelGCFailedAllocation
Event: 3,436 Executing VM operation: ParallelGCFailedAllocation done
Event: 3,773 Thread 0x6c098c00 flushing nmethod 0xb3655ec8
Event: 4,099 Executing VM operation: ParallelGCFailedAllocation


Dynamic libraries:
08048000-08049000 r-xp 00000000 08:06 671014     /usr/local/java/jdk1.7.0_45/bin/java
08049000-0804a000 rw-p 00000000 08:06 671014     /usr/local/java/jdk1.7.0_45/bin/java
0858a000-08630000 rw-p 00000000 00:00 0          [heap]
6ab00000-6abf8000 rw-p 00000000 00:00 0 
6abf8000-6ac00000 ---p 00000000 00:00 0 
6ad00000-6adfb000 rw-p 00000000 00:00 0 
6adfb000-6ae00000 ---p 00000000 00:00 0 
6af00000-6aff5000 rw-p 00000000 00:00 0 
6aff5000-6b000000 ---p 00000000 00:00 0 
6b000000-6b0f9000 rw-p 00000000 00:00 0 
6b0f9000-6b100000 ---p 00000000 00:00 0 
6b200000-6b2ee000 rw-p 00000000 00:00 0 
6b2ee000-6b300000 ---p 00000000 00:00 0 
6b300000-6b3fd000 rw-p 00000000 00:00 0 
6b3fd000-6b400000 ---p 00000000 00:00 0 
6b400000-6b4fb000 rw-p 00000000 00:00 0 
6b4fb000-6b500000 ---p 00000000 00:00 0 
6b500000-6b5f0000 rw-p 00000000 00:00 0 
6b5f0000-6b600000 ---p 00000000 00:00 0 
6b600000-6b684000 rw-p 00000000 00:00 0 
6b684000-6b700000 ---p 00000000 00:00 0 
6b765000-6b768000 ---p 00000000 00:00 0 
6b768000-6b7b6000 rw-p 00000000 00:00 0 
6b7b6000-6b7b9000 ---p 00000000 00:00 0 
6b7b9000-6b807000 rw-p 00000000 00:00 0 
6b807000-6b80a000 ---p 00000000 00:00 0 
6b80a000-6b858000 rw-p 00000000 00:00 0 
6b858000-6b85b000 ---p 00000000 00:00 0 
6b85b000-6b8a9000 rw-p 00000000 00:00 0 
6b8a9000-6b8aa000 ---p 00000000 00:00 0 
6b8aa000-6b92a000 rw-p 00000000 00:00 0 
6b92a000-6b92d000 ---p 00000000 00:00 0 
6b92d000-6b97b000 rw-p 00000000 00:00 0 
6b97b000-6b97e000 ---p 00000000 00:00 0 
6b97e000-6b9fc000 rw-p 00000000 00:00 0 
6b9fc000-6b9ff000 ---p 00000000 00:00 0 
6b9ff000-6ba7d000 rw-p 00000000 00:00 0 
6ba7d000-6ba80000 ---p 00000000 00:00 0 
6ba80000-6bace000 rw-p 00000000 00:00 0 
6bace000-6bc00000 r--p 002c8000 08:06 392632     /usr/lib/locale/locale-archive
6bc00000-6be00000 r--p 00000000 08:06 392632     /usr/lib/locale/locale-archive
6be00000-6beea000 rw-p 00000000 00:00 0 
6beea000-6bf00000 ---p 00000000 00:00 0 
6bf00000-6bf43000 rw-p 00000000 00:00 0 
6bf43000-6c000000 ---p 00000000 00:00 0 
6c000000-6c0fd000 rw-p 00000000 00:00 0 
6c0fd000-6c100000 ---p 00000000 00:00 0 
6c138000-6c139000 ---p 00000000 00:00 0 
6c139000-6c204000 rw-p 00000000 00:00 0 
6c204000-6c3c0000 r--s 039b2000 08:06 393573     /usr/local/java/jdk1.7.0_45/jre/lib/rt.jar
6c3c0000-6ea00000 rw-p 00000000 00:00 0 
6ea00000-6eb00000 rw-p 00000000 00:00 0 
6eb2e000-6eb31000 ---p 00000000 00:00 0 
6eb31000-6eb7f000 rw-p 00000000 00:00 0 
6eb7f000-6eb80000 ---p 00000000 00:00 0 
6eb80000-6ec00000 rw-p 00000000 00:00 0 
6ec00000-6ec21000 rw-p 00000000 00:00 0 
6ec21000-6ed00000 ---p 00000000 00:00 0 
6ed2e000-6ed31000 ---p 00000000 00:00 0 
6ed31000-6ed7f000 rw-p 00000000 00:00 0 
6ed7f000-6ed80000 ---p 00000000 00:00 0 
6ed80000-6ee00000 rw-p 00000000 00:00 0 
6ee00000-6ee21000 rw-p 00000000 00:00 0 
6ee21000-6ef00000 ---p 00000000 00:00 0 
6ef0e000-6ef23000 r-xp 00000000 08:06 670957     /usr/local/java/jdk1.7.0_45/jre/lib/i386/libnet.so
6ef23000-6ef24000 rw-p 00014000 08:06 670957     /usr/local/java/jdk1.7.0_45/jre/lib/i386/libnet.so
6ef24000-6ef7f000 rw-p 00000000 00:00 0 
6ef7f000-6ef80000 ---p 00000000 00:00 0 
6ef80000-6f000000 rw-p 00000000 00:00 0 
6f000000-6f05a000 rw-p 00000000 00:00 0 
6f05a000-6f100000 ---p 00000000 00:00 0 
6f108000-6f109000 ---p 00000000 00:00 0 
6f109000-6f1a3000 rw-p 00000000 00:00 0 
6f1a3000-6f2df000 rw-p 00000000 00:00 0 
6f2df000-6f2e7000 rw-p 00000000 00:00 0 
6f2e7000-6f2ff000 rw-p 00000000 00:00 0 
6f2ff000-6f319000 rw-p 00000000 00:00 0 
6f319000-6f454000 rw-p 00000000 00:00 0 
6f454000-6f4da000 rw-p 00000000 00:00 0 
6f4da000-6f4db000 ---p 00000000 00:00 0 
6f4db000-6f4ff000 rw-p 00000000 00:00 0 
6f4ff000-70500000 rw-p 00000000 00:00 0 
70500000-73500000 rw-p 00000000 00:00 0 
73500000-76840000 rw-p 00000000 00:00 0 
76840000-9df80000 rw-p 00000000 00:00 0 
9df80000-ae9c0000 rw-p 00000000 00:00 0 
b32ba000-b34d5000 rw-p 00000000 00:00 0 
b34d5000-b34dc000 r--s 00000000 08:06 399305     /usr/lib/i386-linux-gnu/gconv/gconv-modules.cache
b34dc000-b3500000 r--p 00000000 08:06 1317469    /usr/share/locale-langpack/pl/LC_MESSAGES/libc.mo
b3500000-b3508000 rw-p 00000000 00:00 0 
b3508000-b3520000 rw-p 00000000 00:00 0 
b3520000-b3529000 rw-p 00000000 00:00 0 
b3529000-b35e0000 rw-p 00000000 00:00 0 
b35e0000-b3820000 rwxp 00000000 00:00 0 
b3820000-b65e0000 rw-p 00000000 00:00 0 
b65e0000-b65e7000 r-xp 00000000 08:06 786670     /lib/i386-linux-gnu/libnss_compat-2.15.so
b65e7000-b65e8000 r--p 00006000 08:06 786670     /lib/i386-linux-gnu/libnss_compat-2.15.so
b65e8000-b65e9000 rw-p 00007000 08:06 786670     /lib/i386-linux-gnu/libnss_compat-2.15.so
b65f1000-b65ff000 r-xp 00000000 08:06 670404     /usr/local/java/jdk1.7.0_45/jre/lib/i386/libnio.so
b65ff000-b6600000 rw-p 0000e000 08:06 670404     /usr/local/java/jdk1.7.0_45/jre/lib/i386/libnio.so
b6600000-b66f6000 rw-p 00000000 00:00 0 
b66f6000-b6700000 ---p 00000000 00:00 0 
b6702000-b671c000 rw-p 00000000 00:00 0 
b671c000-b6733000 r-xp 00000000 08:06 670944     /usr/local/java/jdk1.7.0_45/jre/lib/i386/libzip.so
b6733000-b6734000 rw-p 00017000 08:06 670944     /usr/local/java/jdk1.7.0_45/jre/lib/i386/libzip.so
b6734000-b673f000 r-xp 00000000 08:06 786669     /lib/i386-linux-gnu/libnss_files-2.15.so
b673f000-b6740000 r--p 0000a000 08:06 786669     /lib/i386-linux-gnu/libnss_files-2.15.so
b6740000-b6741000 rw-p 0000b000 08:06 786669     /lib/i386-linux-gnu/libnss_files-2.15.so
b6741000-b674b000 r-xp 00000000 08:06 786668     /lib/i386-linux-gnu/libnss_nis-2.15.so
b674b000-b674c000 r--p 00009000 08:06 786668     /lib/i386-linux-gnu/libnss_nis-2.15.so
b674c000-b674d000 rw-p 0000a000 08:06 786668     /lib/i386-linux-gnu/libnss_nis-2.15.so
b6752000-b6756000 r--s 0008a000 08:06 397573     /usr/local/java/jdk1.7.0_45/jre/lib/jsse.jar
b6756000-b6764000 r--s 000b4000 08:06 546427     /usr/share/android-studio/data/sdk/build-tools/android-4.4W/lib/dx.jar
b6764000-b677a000 r-xp 00000000 08:06 786655     /lib/i386-linux-gnu/libnsl-2.15.so
b677a000-b677b000 r--p 00015000 08:06 786655     /lib/i386-linux-gnu/libnsl-2.15.so
b677b000-b677c000 rw-p 00016000 08:06 786655     /lib/i386-linux-gnu/libnsl-2.15.so
b677c000-b677e000 rw-p 00000000 00:00 0 
b677e000-b67a1000 r-xp 00000000 08:06 664766     /usr/local/java/jdk1.7.0_45/jre/lib/i386/libjava.so
b67a1000-b67a2000 rw-p 00022000 08:06 664766     /usr/local/java/jdk1.7.0_45/jre/lib/i386/libjava.so
b67a2000-b67a9000 r-xp 00000000 08:06 786663     /lib/i386-linux-gnu/librt-2.15.so
b67a9000-b67aa000 r--p 00006000 08:06 786663     /lib/i386-linux-gnu/librt-2.15.so
b67aa000-b67ab000 rw-p 00007000 08:06 786663     /lib/i386-linux-gnu/librt-2.15.so
b67ab000-b67ae000 ---p 00000000 00:00 0 
b67ae000-b67fc000 rw-p 00000000 00:00 0 
b67fc000-b6826000 r-xp 00000000 08:06 786667     /lib/i386-linux-gnu/libm-2.15.so
b6826000-b6827000 r--p 00029000 08:06 786667     /lib/i386-linux-gnu/libm-2.15.so
b6827000-b6828000 rw-p 0002a000 08:06 786667     /lib/i386-linux-gnu/libm-2.15.so
b6828000-b709f000 r-xp 00000000 08:06 670953     /usr/local/java/jdk1.7.0_45/jre/lib/i386/server/libjvm.so
b709f000-b7104000 rw-p 00876000 08:06 670953     /usr/local/java/jdk1.7.0_45/jre/lib/i386/server/libjvm.so
b7104000-b7527000 rw-p 00000000 00:00 0 
b7527000-b76cb000 r-xp 00000000 08:06 786672     /lib/i386-linux-gnu/libc-2.15.so
b76cb000-b76cd000 r--p 001a4000 08:06 786672     /lib/i386-linux-gnu/libc-2.15.so
b76cd000-b76ce000 rw-p 001a6000 08:06 786672     /lib/i386-linux-gnu/libc-2.15.so
b76ce000-b76d1000 rw-p 00000000 00:00 0 
b76d1000-b76d4000 r-xp 00000000 08:06 786671     /lib/i386-linux-gnu/libdl-2.15.so
b76d4000-b76d5000 r--p 00002000 08:06 786671     /lib/i386-linux-gnu/libdl-2.15.so
b76d5000-b76d6000 rw-p 00003000 08:06 786671     /lib/i386-linux-gnu/libdl-2.15.so
b76d6000-b76d7000 rw-p 00000000 00:00 0 
b76d7000-b76ea000 r-xp 00000000 08:06 671956     /usr/local/java/jdk1.7.0_45/lib/i386/jli/libjli.so
b76ea000-b76eb000 rw-p 00012000 08:06 671956     /usr/local/java/jdk1.7.0_45/lib/i386/jli/libjli.so
b76eb000-b7702000 r-xp 00000000 08:06 786661     /lib/i386-linux-gnu/libpthread-2.15.so
b7702000-b7703000 r--p 00016000 08:06 786661     /lib/i386-linux-gnu/libpthread-2.15.so
b7703000-b7704000 rw-p 00017000 08:06 786661     /lib/i386-linux-gnu/libpthread-2.15.so
b7704000-b7706000 rw-p 00000000 00:00 0 
b7707000-b770f000 rw-s 00000000 08:06 1074180    /tmp/hsperfdata_olek/12892
b770f000-b7710000 rw-p 00000000 00:00 0 
b7710000-b7711000 ---p 00000000 00:00 0 
b7711000-b771c000 r-xp 00000000 08:06 670968     /usr/local/java/jdk1.7.0_45/jre/lib/i386/libverify.so
b771c000-b771d000 rw-p 0000b000 08:06 670968     /usr/local/java/jdk1.7.0_45/jre/lib/i386/libverify.so
b771d000-b771f000 rw-p 00000000 00:00 0 
b771f000-b7720000 r-xp 00000000 00:00 0          [vdso]
b7720000-b7740000 r-xp 00000000 08:06 786662     /lib/i386-linux-gnu/ld-2.15.so
b7740000-b7741000 r--p 0001f000 08:06 786662     /lib/i386-linux-gnu/ld-2.15.so
b7741000-b7742000 rw-p 00020000 08:06 786662     /lib/i386-linux-gnu/ld-2.15.so
bf8ef000-bf911000 rw-p 00000000 00:00 0          [stack]

VM Arguments:
jvm_args: -Xmx1024M 
java_command: /usr/share/android-studio/data/sdk/build-tools/android-4.4W/lib/dx.jar --dex --num-threads=4 --output /home/olek/AndroidStudioProjects/Firsttest2/app/build/intermediates/dex/debug /home/olek/AndroidStudioProjects/Firsttest2/app/build/intermediates/classes/debug /home/olek/AndroidStudioProjects/Firsttest2/app/build/intermediates/dependency-cache/debug /home/olek/AndroidStudioProjects/Firsttest2/app/build/intermediates/pre-dexed/debug/jackson-annotations-2.4.0-cb75a2d511b85a812af8667b8e6cbd41ca81161d.jar /home/olek/AndroidStudioProjects/Firsttest2/app/build/intermediates/pre-dexed/debug/jackson-core-2.4.1-abab094ccc8171a3581dbf117bfc98c834d34e16.jar /home/olek/AndroidStudioProjects/Firsttest2/app/build/intermediates/pre-dexed/debug/robospice-1.4.12-54891fcdaa5b6e7126720b4c3bf19aa1d1d12d96.jar /home/olek/AndroidStudioProjects/Firsttest2/app/build/intermediates/pre-dexed/debug/support-v4-19.1.0-bfe6379f31d17615f5ca4b83bd0a7235fba0720f.jar /home/olek/AndroidStudioProjects/Firsttest2/app/build/intermediates/pre-dexed/debug/spring-android-rest-template-1.0.1.RELEASE-d69bda9f71829f66ccc26dbf30324a497520b789.jar /home/olek/AndroidStudioProjects/Firsttest2/app/build/intermediates/pre-dexed/debug/commons-lang3-3.2.1-ce66e2a0b6dd5aafc7a85ddb1fff9a86400cc123.jar /home/olek/AndroidStudioProjects/Firsttest2/app/build/intermediates/pre-dexed/debug/robospice-spring-android-1.4.12-37a8ecb64b28d3e2db88252c1754a30ef7167079.jar /home/olek/AndroidStudioProjects/Firsttest2/app/build/intermediates/pre-dexed/debug/spring-android-core-1.0.1.RELEASE-690c8a62e2ed6fc5c26e6c039a1f36098e236ea4.jar /home/olek/AndroidStudioProjects/Firsttest2/app/build/intermediates/pre-dexed/debug/universal-image-loader-1.9.2-278bc8616dd812ed278193cbaaf815ab1bc09e31.jar /home/olek/AndroidStudioProjects/Firsttest2/app/build/intermediates/pre-dexed/debug/robospice-cache-1.4.12-6f74321d8968bc7a2fef8dabcf7db5abababbfe2.jar /home/olek/AndroidStudioProjects/Firsttest2/app/build/intermediates/pre-dexed/de
Launcher Type: SUN_STANDARD

Environment Variables:
JAVA_HOME=/usr/local/java/jdk1.7.0_45
CLASSPATH=/usr/share/android-studio/data/bin/../lib/bootstrap.jar:/usr/share/android-studio/data/bin/../lib/extensions.jar:/usr/share/android-studio/data/bin/../lib/util.jar:/usr/share/android-studio/data/bin/../lib/jdom.jar:/usr/share/android-studio/data/bin/../lib/log4j.jar:/usr/share/android-studio/data/bin/../lib/trove4j.jar:/usr/share/android-studio/data/bin/../lib/jna.jar:/usr/local/java/jdk1.7.0_45/lib/tools.jar
PATH=/usr/lib/lightdm/lightdm:/usr/local/sbin:/usr/local/bin:/usr/sbin:/usr/bin:/sbin:/bin:/usr/games:/home/olek/bin:/usr/local/java/jdk1.7.0_45/bin
LD_LIBRARY_PATH=/usr/share/android-studio/data/bin:
SHELL=/bin/bash
DISPLAY=:0

Signal Handlers:
SIGSEGV: [libjvm.so+0x7dd350], sa_mask[0]=0x7ffbfeff, sa_flags=0x10000004
SIGBUS: [libjvm.so+0x7dd350], sa_mask[0]=0x7ffbfeff, sa_flags=0x10000004
SIGFPE: [libjvm.so+0x678b60], sa_mask[0]=0x7ffbfeff, sa_flags=0x10000004
SIGPIPE: [libjvm.so+0x678b60], sa_mask[0]=0x7ffbfeff, sa_flags=0x10000004
SIGXFSZ: [libjvm.so+0x678b60], sa_mask[0]=0x7ffbfeff, sa_flags=0x10000004
SIGILL: [libjvm.so+0x678b60], sa_mask[0]=0x7ffbfeff, sa_flags=0x10000004
SIGUSR1: SIG_DFL, sa_mask[0]=0x00000000, sa_flags=0x00000000
SIGUSR2: [libjvm.so+0x67a050], sa_mask[0]=0x00000004, sa_flags=0x10000004
SIGHUP: [libjvm.so+0x67b1a0], sa_mask[0]=0x7ffbfeff, sa_flags=0x10000004
SIGINT: [libjvm.so+0x67b1a0], sa_mask[0]=0x7ffbfeff, sa_flags=0x10000004
SIGTERM: [libjvm.so+0x67b1a0], sa_mask[0]=0x7ffbfeff, sa_flags=0x10000004
SIGQUIT: [libjvm.so+0x67b1a0], sa_mask[0]=0x7ffbfeff, sa_flags=0x10000004


---------------  S Y S T E M  ---------------

OS:wheezy/sid

uname:Linux 3.2.0-67-generic-pae #101-Ubuntu SMP Tue Jul 15 18:04:54 UTC 2014 i686
libc:glibc 2.15 NPTL 2.15 
rlimit: STACK 8192k, CORE 0k, NPROC 30461, NOFILE 4096, AS infinity
load average:0,80 0,55 0,47

/proc/meminfo:
MemTotal:        3913636 kB
MemFree:          162956 kB
Buffers:            7376 kB
Cached:           621724 kB
SwapCached:            0 kB
Active:          3219084 kB
Inactive:         438032 kB
Active(anon):    3162480 kB
Inactive(anon):   381284 kB
Active(file):      56604 kB
Inactive(file):    56748 kB
Unevictable:           0 kB
Mlocked:               0 kB
HighTotal:       3072916 kB
HighFree:           7656 kB
LowTotal:         840720 kB
LowFree:          155300 kB
SwapTotal:             0 kB
SwapFree:              0 kB
Dirty:                16 kB
Writeback:           124 kB
AnonPages:       3028416 kB
Mapped:           126536 kB
Shmem:            515484 kB
Slab:              44376 kB
SReclaimable:      20904 kB
SUnreclaim:        23472 kB
KernelStack:        4904 kB
PageTables:        20780 kB
NFS_Unstable:          0 kB
Bounce:                0 kB
WritebackTmp:          0 kB
CommitLimit:     1956816 kB
Committed_AS:    6923604 kB
VmallocTotal:     122880 kB
VmallocUsed:       59980 kB
VmallocChunk:      60148 kB
HardwareCorrupted:     0 kB
AnonHugePages:         0 kB
HugePages_Total:       0
HugePages_Free:        0
HugePages_Rsvd:        0
HugePages_Surp:        0
Hugepagesize:       2048 kB
DirectMap4k:       10232 kB
DirectMap2M:      903168 kB


CPU:total 4 (2 cores per cpu, 2 threads per core) family 6 model 37 stepping 5, cmov, cx8, fxsr, mmx, sse, sse2, sse3, ssse3, sse4.1, sse4.2, popcnt, ht, tsc, tscinvbit

/proc/cpuinfo:
processor	: 0
vendor_id	: GenuineIntel
cpu family	: 6
model		: 37
model name	: Intel(R) Core(TM) i3 CPU       M 380  @ 2.53GHz
stepping	: 5
microcode	: 0x2
cpu MHz		: 1199.000
cache size	: 3072 KB
physical id	: 0
siblings	: 4
core id		: 0
cpu cores	: 2
apicid		: 0
initial apicid	: 0
fdiv_bug	: no
hlt_bug		: no
f00f_bug	: no
coma_bug	: no
fpu		: yes
fpu_exception	: yes
cpuid level	: 11
wp		: yes
flags		: fpu vme de pse tsc msr pae mce cx8 apic sep mtrr pge mca cmov pat pse36 clflush dts acpi mmx fxsr sse sse2 ss ht tm pbe nx rdtscp lm constant_tsc arch_perfmon pebs bts xtopology nonstop_tsc aperfmperf pni dtes64 monitor ds_cpl vmx est tm2 ssse3 cx16 xtpr pdcm pcid sse4_1 sse4_2 popcnt lahf_lm arat dtherm tpr_shadow vnmi flexpriority ept vpid
bogomips	: 5053.83
clflush size	: 64
cache_alignment	: 64
address sizes	: 36 bits physical, 48 bits virtual
power management:

processor	: 1
vendor_id	: GenuineIntel
cpu family	: 6
model		: 37
model name	: Intel(R) Core(TM) i3 CPU       M 380  @ 2.53GHz
stepping	: 5
microcode	: 0x2
cpu MHz		: 933.000
cache size	: 3072 KB
physical id	: 0
siblings	: 4
core id		: 2
cpu cores	: 2
apicid		: 4
initial apicid	: 4
fdiv_bug	: no
hlt_bug		: no
f00f_bug	: no
coma_bug	: no
fpu		: yes
fpu_exception	: yes
cpuid level	: 11
wp		: yes
flags		: fpu vme de pse tsc msr pae mce cx8 apic sep mtrr pge mca cmov pat pse36 clflush dts acpi mmx fxsr sse sse2 ss ht tm pbe nx rdtscp lm constant_tsc arch_perfmon pebs bts xtopology nonstop_tsc aperfmperf pni dtes64 monitor ds_cpl vmx est tm2 ssse3 cx16 xtpr pdcm pcid sse4_1 sse4_2 popcnt lahf_lm arat dtherm tpr_shadow vnmi flexpriority ept vpid
bogomips	: 5054.20
clflush size	: 64
cache_alignment	: 64
address sizes	: 36 bits physical, 48 bits virtual
power management:

processor	: 2
vendor_id	: GenuineIntel
cpu family	: 6
model		: 37
model name	: Intel(R) Core(TM) i3 CPU       M 380  @ 2.53GHz
stepping	: 5
microcode	: 0x2
cpu MHz		: 933.000
cache size	: 3072 KB
physical id	: 0
siblings	: 4
core id		: 0
cpu cores	: 2
apicid		: 1
initial apicid	: 1
fdiv_bug	: no
hlt_bug		: no
f00f_bug	: no
coma_bug	: no
fpu		: yes
fpu_exception	: yes
cpuid level	: 11
wp		: yes
flags		: fpu vme de pse tsc msr pae mce cx8 apic sep mtrr pge mca cmov pat pse36 clflush dts acpi mmx fxsr sse sse2 ss ht tm pbe nx rdtscp lm constant_tsc arch_perfmon pebs bts xtopology nonstop_tsc aperfmperf pni dtes64 monitor ds_cpl vmx est tm2 ssse3 cx16 xtpr pdcm pcid sse4_1 sse4_2 popcnt lahf_lm arat dtherm tpr_shadow vnmi flexpriority ept vpid
bogomips	: 5054.18
clflush size	: 64
cache_alignment	: 64
address sizes	: 36 bits physical, 48 bits virtual
power management:

processor	: 3
vendor_id	: GenuineIntel
cpu family	: 6
model		: 37
model name	: Intel(R) Core(TM) i3 CPU       M 380  @ 2.53GHz
stepping	: 5
microcode	: 0x2
cpu MHz		: 2533.000
cache size	: 3072 KB
physical id	: 0
siblings	: 4
core id		: 2
cpu cores	: 2
apicid		: 5
initial apicid	: 5
fdiv_bug	: no
hlt_bug		: no
f00f_bug	: no
coma_bug	: no
fpu		: yes
fpu_exception	: yes
cpuid level	: 11
wp		: yes
flags		: fpu vme de pse tsc msr pae mce cx8 apic sep mtrr pge mca cmov pat pse36 clflush dts acpi mmx fxsr sse sse2 ss ht tm pbe nx rdtscp lm constant_tsc arch_perfmon pebs bts xtopology nonstop_tsc aperfmperf pni dtes64 monitor ds_cpl vmx est tm2 ssse3 cx16 xtpr pdcm pcid sse4_1 sse4_2 popcnt lahf_lm arat dtherm tpr_shadow vnmi flexpriority ept vpid
bogomips	: 5054.19
clflush size	: 64
cache_alignment	: 64
address sizes	: 36 bits physical, 48 bits virtual
power management:



Memory: 4k page, physical 3913636k(162956k free), swap 0k(0k free)

vm_info: Java HotSpot(TM) Server VM (24.45-b08) for linux-x86 JRE (1.7.0_45-b18), built on Oct  8 2013 05:44:51 by "java_re" with gcc 4.3.0 20080428 (Red Hat 4.3.0-8)

time: Mon Aug  4 15:28:54 2014
elapsed time: 4 seconds

