#
# There is insufficient memory for the Java Runtime Environment to continue.
# Native memory allocation (malloc) failed to allocate 65273856 bytes for committing reserved memory.
# Possible reasons:
#   The system is out of physical RAM or swap space
#   In 32 bit mode, the process size limit was hit
# Possible solutions:
#   Reduce memory load on the system
#   Increase physical memory or swap space
#   Check if swap backing store is full
#   Use 64 bit Java on a 64 bit OS
#   Decrease Java heap size (-Xmx/-Xms)
#   Decrease number of Java threads
#   Decrease Java thread stack sizes (-Xss)
#   Set larger code cache with -XX:ReservedCodeCacheSize=
# This output file may be truncated or incomplete.
#
#  Out of Memory Error (os_linux.cpp:2718), pid=6978, tid=1813744448
#
# JRE version: Java(TM) SE Runtime Environment (7.0_45-b18) (build 1.7.0_45-b18)
# Java VM: Java HotSpot(TM) Server VM (24.45-b08 mixed mode linux-x86 )
# Failed to write core dump. Core dumps have been disabled. To enable core dumping, try "ulimit -c unlimited" before starting Java again
#

---------------  T H R E A D  ---------------

Current thread (0x6c080400):  VMThread [stack: 0x6c138000,0x6c1b9000] [id=6991]

Stack: [0x6c138000,0x6c1b9000],  sp=0x6c1b77e0,  free space=509k
Native frames: (J=compiled Java code, j=interpreted, Vv=VM code, C=native code)
V  [libjvm.so+0x7dc836]  VMError::report_and_die()+0x1a6
V  [libjvm.so+0x33a5c2]  report_vm_out_of_memory(char const*, int, unsigned int, char const*)+0x72
V  [libjvm.so+0x67bc21]  os::Linux::commit_memory_impl(char*, unsigned int, bool)+0xe1
V  [libjvm.so+0x67c077]  os::Linux::commit_memory_impl(char*, unsigned int, unsigned int, bool)+0x47
V  [libjvm.so+0x67c23d]  os::pd_commit_memory(char*, unsigned int, unsigned int, bool)+0x1d
V  [libjvm.so+0x675c8c]  os::commit_memory(char*, unsigned int, unsigned int, bool)+0x2c
V  [libjvm.so+0x6df178]  PSVirtualSpace::expand_by(unsigned int)+0x48
V  [libjvm.so+0x6e027a]  PSYoungGen::resize_generation(unsigned int, unsigned int)+0xda
V  [libjvm.so+0x6df5b9]  PSYoungGen::resize(unsigned int, unsigned int)+0x19
V  [libjvm.so+0x6dd31b]  PSScavenge::invoke_no_policy()+0x105b
V  [libjvm.so+0x6dd748]  PSScavenge::invoke()+0x28
V  [libjvm.so+0x69b9aa]  ParallelScavengeHeap::failed_mem_allocate(unsigned int)+0x5a
V  [libjvm.so+0x7de0da]  VM_ParallelGCFailedAllocation::doit()+0x7a
V  [libjvm.so+0x7e6e97]  VM_Operation::evaluate()+0x47
V  [libjvm.so+0x7e4f93]  VMThread::evaluate_operation(VM_Operation*)+0xb3
V  [libjvm.so+0x7e5330]  VMThread::loop()+0x1b0
V  [libjvm.so+0x7e5795]  VMThread::run()+0x85
V  [libjvm.so+0x67e0f9]  java_start(Thread*)+0x119
C  [libpthread.so.0+0x6d4c]  start_thread+0xcc

VM_Operation (0xb682bbd4): ParallelGCFailedAllocation, mode: safepoint, requested by thread 0xb6608800


---------------  P R O C E S S  ---------------

Java Threads: ( => current thread )
  0x6c099c00 JavaThread "Service Thread" daemon [_thread_blocked, id=6997, stack(0x6b92a000,0x6b97b000)]
  0x6c097c00 JavaThread "C2 CompilerThread1" daemon [_thread_blocked, id=6996, stack(0x6b97b000,0x6b9fc000)]
  0x6c095c00 JavaThread "C2 CompilerThread0" daemon [_thread_blocked, id=6995, stack(0x6b9fc000,0x6ba7d000)]
  0x6c094400 JavaThread "Signal Dispatcher" daemon [_thread_blocked, id=6994, stack(0x6ba7d000,0x6bace000)]
  0x6c084800 JavaThread "Finalizer" daemon [_thread_blocked, id=6993, stack(0x6eb2e000,0x6eb7f000)]
  0x6c082000 JavaThread "Reference Handler" daemon [_thread_blocked, id=6992, stack(0x6ed2e000,0x6ed7f000)]
  0xb6608800 JavaThread "main" [_thread_blocked, id=6986, stack(0xb67dc000,0xb682d000)]

Other Threads:
=>0x6c080400 VMThread [stack: 0x6c138000,0x6c1b9000] [id=6991]
  0x6c09bc00 WatcherThread [stack: 0x6b8a9000,0x6b92a000] [id=6998]

VM state:at safepoint (normal execution)

VM Mutex/Monitor currently owned by a thread:  ([mutex/lock_event])
[0xb6606170] Threads_lock - owner thread: 0x6c080400
[0xb6606580] Heap_lock - owner thread: 0xb6608800

Heap
 PSYoungGen      total 195072K, used 24720K [0x9df80000, 0xabe80000, 0xb3500000)
  eden space 168192K, 0% used [0x9df80000,0x9df80000,0xa83c0000)
  from space 26880K, 91% used [0xa83c0000,0xa9be40f0,0xa9e00000)
  to   space 23808K, 0% used [0xa9e00000,0xa9e00000,0xab540000)
 ParOldGen       total 73216K, used 26826K [0x73500000, 0x77c80000, 0x9df80000)
  object space 73216K, 36% used [0x73500000,0x74f32970,0x77c80000)
 PSPermGen       total 16384K, used 4503K [0x6f500000, 0x70500000, 0x73500000)
  object space 16384K, 27% used [0x6f500000,0x6f965e40,0x70500000)

Card table byte_map: [0x6f2df000,0x6f500000] byte_map_base: 0x6ef64800

Polling page: 0xb7742000

Code Cache  [0xb35e0000, 0xb3820000, 0xb65e0000)
 total_blobs=861 nmethods=726 adapters=89 free_code_cache=47349Kb largest_free_block=48458176

Compilation events (10 events):
Event: 6,114 Thread 0x6c095c00  738             java.util.TimSort::mergeLo (655 bytes)
Event: 6,120 Thread 0x6c097c00  739             com.android.dx.io.instructions.InstructionCodec::access$700 (5 bytes)
Event: 6,120 Thread 0x6c097c00 nmethod 739 0xb370eac8 code [0xb370eba0, 0xb370ebd0]
Event: 6,120 Thread 0x6c097c00  740             com.android.dx.io.instructions.InstructionCodec::unit0 (3 bytes)
Event: 6,120 Thread 0x6c097c00 nmethod 740 0xb3736a88 code [0xb3736b60, 0xb3736b90]
Event: 6,120 Thread 0x6c097c00  741             com.android.dx.io.instructions.InstructionCodec::access$800 (5 bytes)
Event: 6,121 Thread 0x6c097c00 nmethod 741 0xb375fc88 code [0xb375fd60, 0xb375fd90]
Event: 6,121 Thread 0x6c097c00  742             com.android.dx.io.instructions.InstructionCodec::unit1 (6 bytes)
Event: 6,122 Thread 0x6c097c00 nmethod 742 0xb3770588 code [0xb3770660, 0xb3770690]
Event: 6,160 Thread 0x6c095c00 nmethod 738 0xb37a1d48 code [0xb37a1f00, 0xb37a3824]

GC Heap History (10 events):
Event: 4,740 GC heap after
Heap after GC invocations=10 (full 1):
 PSYoungGen      total 133376K, used 17661K [0x9df80000, 0xa8980000, 0xb3500000)
  eden space 115712K, 0% used [0x9df80000,0x9df80000,0xa5080000)
  from space 17664K, 99% used [0xa5080000,0xa61bf518,0xa61c0000)
  to   space 21248K, 0% used [0xa74c0000,0xa74c0000,0xa8980000)
 ParOldGen       total 56064K, used 24241K [0x73500000, 0x76bc0000, 0x9df80000)
  object space 56064K, 43% used [0x73500000,0x74cac650,0x76bc0000)
 PSPermGen       total 16384K, used 4495K [0x6f500000, 0x70500000, 0x73500000)
  object space 16384K, 27% used [0x6f500000,0x6f963fa8,0x70500000)
}
Event: 5,037 GC heap before
{Heap before GC invocations=11 (full 1):
 PSYoungGen      total 133376K, used 133373K [0x9df80000, 0xa8980000, 0xb3500000)
  eden space 115712K, 100% used [0x9df80000,0xa5080000,0xa5080000)
  from space 17664K, 99% used [0xa5080000,0xa61bf518,0xa61c0000)
  to   space 21248K, 0% used [0xa74c0000,0xa74c0000,0xa8980000)
 ParOldGen       total 56064K, used 24241K [0x73500000, 0x76bc0000, 0x9df80000)
  object space 56064K, 43% used [0x73500000,0x74cac650,0x76bc0000)
 PSPermGen       total 16384K, used 4498K [0x6f500000, 0x70500000, 0x73500000)
  object space 16384K, 27% used [0x6f500000,0x6f964ab0,0x70500000)
Event: 5,060 GC heap after
Heap after GC invocations=11 (full 1):
 PSYoungGen      total 150272K, used 19222K [0x9df80000, 0xaaec0000, 0xb3500000)
  eden space 129024K, 0% used [0x9df80000,0x9df80000,0xa5d80000)
  from space 21248K, 90% used [0xa74c0000,0xa87858e8,0xa8980000)
  to   space 23808K, 0% used [0xa5d80000,0xa5d80000,0xa74c0000)
 ParOldGen       total 56064K, used 55935K [0x73500000, 0x76bc0000, 0x9df80000)
  object space 56064K, 99% used [0x73500000,0x76b9fcd0,0x76bc0000)
 PSPermGen       total 16384K, used 4498K [0x6f500000, 0x70500000, 0x73500000)
  object space 16384K, 27% used [0x6f500000,0x6f964ab0,0x70500000)
}
Event: 5,060 GC heap before
{Heap before GC invocations=12 (full 2):
 PSYoungGen      total 150272K, used 19222K [0x9df80000, 0xaaec0000, 0xb3500000)
  eden space 129024K, 0% used [0x9df80000,0x9df80000,0xa5d80000)
  from space 21248K, 90% used [0xa74c0000,0xa87858e8,0xa8980000)
  to   space 23808K, 0% used [0xa5d80000,0xa5d80000,0xa74c0000)
 ParOldGen       total 56064K, used 55935K [0x73500000, 0x76bc0000, 0x9df80000)
  object space 56064K, 99% used [0x73500000,0x76b9fcd0,0x76bc0000)
 PSPermGen       total 16384K, used 4498K [0x6f500000, 0x70500000, 0x73500000)
  object space 16384K, 27% used [0x6f500000,0x6f964ab0,0x70500000)
Event: 5,096 GC heap after
Heap after GC invocations=12 (full 2):
 PSYoungGen      total 150272K, used 0K [0x9df80000, 0xaaec0000, 0xb3500000)
  eden space 129024K, 0% used [0x9df80000,0x9df80000,0xa5d80000)
  from space 21248K, 0% used [0xa74c0000,0xa74c0000,0xa8980000)
  to   space 23808K, 0% used [0xa5d80000,0xa5d80000,0xa74c0000)
 ParOldGen       total 73216K, used 20969K [0x73500000, 0x77c80000, 0x9df80000)
  object space 73216K, 28% used [0x73500000,0x7497a540,0x77c80000)
 PSPermGen       total 16384K, used 4498K [0x6f500000, 0x70500000, 0x73500000)
  object space 16384K, 27% used [0x6f500000,0x6f964a50,0x70500000)
}
Event: 5,424 GC heap before
{Heap before GC invocations=13 (full 2):
 PSYoungGen      total 150272K, used 129024K [0x9df80000, 0xaaec0000, 0xb3500000)
  eden space 129024K, 100% used [0x9df80000,0xa5d80000,0xa5d80000)
  from space 21248K, 0% used [0xa74c0000,0xa74c0000,0xa8980000)
  to   space 23808K, 0% used [0xa5d80000,0xa5d80000,0xa74c0000)
 ParOldGen       total 73216K, used 20969K [0x73500000, 0x77c80000, 0x9df80000)
  object space 73216K, 28% used [0x73500000,0x7497a540,0x77c80000)
 PSPermGen       total 16384K, used 4499K [0x6f500000, 0x70500000, 0x73500000)
  object space 16384K, 27% used [0x6f500000,0x6f964f58,0x70500000)
Event: 5,431 GC heap after
Heap after GC invocations=13 (full 2):
 PSYoungGen      total 152832K, used 13868K [0x9df80000, 0xab540000, 0xb3500000)
  eden space 129024K, 0% used [0x9df80000,0x9df80000,0xa5d80000)
  from space 23808K, 58% used [0xa5d80000,0xa6b0b040,0xa74c0000)
  to   space 23808K, 0% used [0xa9e00000,0xa9e00000,0xab540000)
 ParOldGen       total 73216K, used 20969K [0x73500000, 0x77c80000, 0x9df80000)
  object space 73216K, 28% used [0x73500000,0x7497a540,0x77c80000)
 PSPermGen       total 16384K, used 4499K [0x6f500000, 0x70500000, 0x73500000)
  object space 16384K, 27% used [0x6f500000,0x6f964f58,0x70500000)
}
Event: 5,764 GC heap before
{Heap before GC invocations=14 (full 2):
 PSYoungGen      total 152832K, used 142892K [0x9df80000, 0xab540000, 0xb3500000)
  eden space 129024K, 100% used [0x9df80000,0xa5d80000,0xa5d80000)
  from space 23808K, 58% used [0xa5d80000,0xa6b0b040,0xa74c0000)
  to   space 23808K, 0% used [0xa9e00000,0xa9e00000,0xab540000)
 ParOldGen       total 73216K, used 20969K [0x73500000, 0x77c80000, 0x9df80000)
  object space 73216K, 28% used [0x73500000,0x7497a540,0x77c80000)
 PSPermGen       total 16384K, used 4501K [0x6f500000, 0x70500000, 0x73500000)
  object space 16384K, 27% used [0x6f500000,0x6f9654d0,0x70500000)
Event: 5,783 GC heap after
Heap after GC invocations=14 (full 2):
 PSYoungGen      total 192000K, used 22308K [0x9df80000, 0xabe80000, 0xb3500000)
  eden space 168192K, 0% used [0x9df80000,0x9df80000,0xa83c0000)
  from space 23808K, 93% used [0xa9e00000,0xab3c9080,0xab540000)
  to   space 26880K, 0% used [0xa83c0000,0xa83c0000,0xa9e00000)
 ParOldGen       total 73216K, used 20977K [0x73500000, 0x77c80000, 0x9df80000)
  object space 73216K, 28% used [0x73500000,0x7497c540,0x77c80000)
 PSPermGen       total 16384K, used 4501K [0x6f500000, 0x70500000, 0x73500000)
  object space 16384K, 27% used [0x6f500000,0x6f9654d0,0x70500000)
}
Event: 6,178 GC heap before
{Heap before GC invocations=15 (full 2):
 PSYoungGen      total 192000K, used 190500K [0x9df80000, 0xabe80000, 0xb3500000)
  eden space 168192K, 100% used [0x9df80000,0xa83c0000,0xa83c0000)
  from space 23808K, 93% used [0xa9e00000,0xab3c9080,0xab540000)
  to   space 26880K, 0% used [0xa83c0000,0xa83c0000,0xa9e00000)
 ParOldGen       total 73216K, used 20977K [0x73500000, 0x77c80000, 0x9df80000)
  object space 73216K, 28% used [0x73500000,0x7497c540,0x77c80000)
 PSPermGen       total 16384K, used 4503K [0x6f500000, 0x70500000, 0x73500000)
  object space 16384K, 27% used [0x6f500000,0x6f965e40,0x70500000)

Deoptimization events (10 events):
Event: 4,862 Thread 0xb6608800 Uncommon trap: reason=null_check action=make_not_entrant pc=0xb3771d54 method=java.util.TimSort.binarySort([Ljava/lang/Object;IIILjava/util/Comparator;)V @ 193
Event: 4,987 Thread 0xb6608800 Uncommon trap: reason=array_check action=maybe_recompile pc=0xb3786fc0 method=java.util.ComparableTimSort.binarySort([Ljava/lang/Object;III)V @ 183
Event: 5,029 Thread 0xb6608800 Uncommon trap: reason=predicate action=maybe_recompile pc=0xb378b024 method=java.util.TimSort.reverseRange([Ljava/lang/Object;II)V @ 8
Event: 5,261 Thread 0xb6608800 Uncommon trap: reason=null_check action=make_not_entrant pc=0xb36dffc0 method=java.util.TimSort.binarySort([Ljava/lang/Object;IIILjava/util/Comparator;)V @ 183
Event: 5,409 Thread 0xb6608800 Uncommon trap: reason=array_check action=maybe_recompile pc=0xb379b40c method=java.util.TimSort.reverseRange([Ljava/lang/Object;II)V @ 20
Event: 5,409 Thread 0xb6608800 Uncommon trap: reason=array_check action=maybe_recompile pc=0xb379b40c method=java.util.TimSort.reverseRange([Ljava/lang/Object;II)V @ 20
Event: 5,409 Thread 0xb6608800 Uncommon trap: reason=array_check action=maybe_recompile pc=0xb379b40c method=java.util.TimSort.reverseRange([Ljava/lang/Object;II)V @ 20
Event: 5,409 Thread 0xb6608800 Uncommon trap: reason=array_check action=maybe_recompile pc=0xb379b40c method=java.util.TimSort.reverseRange([Ljava/lang/Object;II)V @ 20
Event: 5,747 Thread 0xb6608800 Uncommon trap: reason=array_check action=maybe_recompile pc=0xb37a4b0c method=java.util.TimSort.reverseRange([Ljava/lang/Object;II)V @ 27
Event: 5,747 Thread 0xb6608800 Uncommon trap: reason=array_check action=maybe_recompile pc=0xb37a4b0c method=java.util.TimSort.reverseRange([Ljava/lang/Object;II)V @ 27

Internal exceptions (10 events):
Event: 2,752 Thread 0xb6608800 Threw 0x9e8a5530 at /HUDSON/workspace/7u-2-build-linux-i586/jdk7u45/229/hotspot/src/share/vm/prims/jvm.cpp:1244
Event: 2,909 Thread 0xb6608800 Threw 0x9f0a92a8 at /HUDSON/workspace/7u-2-build-linux-i586/jdk7u45/229/hotspot/src/share/vm/prims/jvm.cpp:1244
Event: 3,373 Thread 0xb6608800 Threw 0x9eb83a88 at /HUDSON/workspace/7u-2-build-linux-i586/jdk7u45/229/hotspot/src/share/vm/prims/jvm.cpp:1244
Event: 3,373 Thread 0xb6608800 Threw 0x9eb83ba0 at /HUDSON/workspace/7u-2-build-linux-i586/jdk7u45/229/hotspot/src/share/vm/prims/jvm.cpp:1244
Event: 3,373 Thread 0xb6608800 Threw 0x9eb85d68 at /HUDSON/workspace/7u-2-build-linux-i586/jdk7u45/229/hotspot/src/share/vm/prims/jvm.cpp:1244
Event: 3,374 Thread 0xb6608800 Threw 0x9eb85e80 at /HUDSON/workspace/7u-2-build-linux-i586/jdk7u45/229/hotspot/src/share/vm/prims/jvm.cpp:1244
Event: 4,151 Thread 0xb6608800 Implicit null exception at 0xb375e33a to 0xb375ec65
Event: 4,151 Thread 0xb6608800 Implicit null exception at 0xb3760654 to 0xb3760e81
Event: 4,862 Thread 0xb6608800 Implicit null exception at 0xb3771684 to 0xb3771d31
Event: 5,261 Thread 0xb6608800 Implicit null exception at 0xb36df885 to 0xb36dff9d

Events (10 events):
Event: 5,431 Executing VM operation: ParallelGCFailedAllocation done
Event: 5,747 Thread 0xb6608800 Uncommon trap: trap_request=0xffffffd6 fr.pc=0xb37a4b0c
Event: 5,747 Thread 0xb6608800 DEOPT PACKING pc=0xb37a4b0c sp=0xb682bd10
Event: 5,747 Thread 0xb6608800 DEOPT UNPACKING pc=0xb360cbbc sp=0xb682bce0 mode 2
Event: 5,747 Thread 0xb6608800 Uncommon trap: trap_request=0xffffffd6 fr.pc=0xb37a4b0c
Event: 5,747 Thread 0xb6608800 DEOPT PACKING pc=0xb37a4b0c sp=0xb682bd10
Event: 5,747 Thread 0xb6608800 DEOPT UNPACKING pc=0xb360cbbc sp=0xb682bce0 mode 2
Event: 5,764 Executing VM operation: ParallelGCFailedAllocation
Event: 5,783 Executing VM operation: ParallelGCFailedAllocation done
Event: 6,178 Executing VM operation: ParallelGCFailedAllocation


Dynamic libraries:
08048000-08049000 r-xp 00000000 08:06 671014     /usr/local/java/jdk1.7.0_45/bin/java
08049000-0804a000 rw-p 00000000 08:06 671014     /usr/local/java/jdk1.7.0_45/bin/java
097b8000-09863000 rw-p 00000000 00:00 0          [heap]
6a800000-6a900000 rw-p 00000000 00:00 0 
6ad00000-6adfb000 rw-p 00000000 00:00 0 
6adfb000-6ae00000 ---p 00000000 00:00 0 
6ae00000-6aefd000 rw-p 00000000 00:00 0 
6aefd000-6af00000 ---p 00000000 00:00 0 
6b000000-6b0ff000 rw-p 00000000 00:00 0 
6b0ff000-6b100000 ---p 00000000 00:00 0 
6b100000-6b1f7000 rw-p 00000000 00:00 0 
6b1f7000-6b200000 ---p 00000000 00:00 0 
6b200000-6b2f8000 rw-p 00000000 00:00 0 
6b2f8000-6b300000 ---p 00000000 00:00 0 
6b300000-6b3ff000 rw-p 00000000 00:00 0 
6b3ff000-6b400000 ---p 00000000 00:00 0 
6b400000-6b4ff000 rw-p 00000000 00:00 0 
6b4ff000-6b500000 ---p 00000000 00:00 0 
6b500000-6b600000 rw-p 00000000 00:00 0 
6b600000-6b66e000 rw-p 00000000 00:00 0 
6b66e000-6b700000 ---p 00000000 00:00 0 
6b765000-6b768000 ---p 00000000 00:00 0 
6b768000-6b7b6000 rw-p 00000000 00:00 0 
6b7b6000-6b7b9000 ---p 00000000 00:00 0 
6b7b9000-6b807000 rw-p 00000000 00:00 0 
6b807000-6b80a000 ---p 00000000 00:00 0 
6b80a000-6b858000 rw-p 00000000 00:00 0 
6b858000-6b85b000 ---p 00000000 00:00 0 
6b85b000-6b8a9000 rw-p 00000000 00:00 0 
6b8a9000-6b8aa000 ---p 00000000 00:00 0 
6b8aa000-6b92a000 rw-p 00000000 00:00 0 
6b92a000-6b92d000 ---p 00000000 00:00 0 
6b92d000-6b97b000 rw-p 00000000 00:00 0 
6b97b000-6b97e000 ---p 00000000 00:00 0 
6b97e000-6b9fc000 rw-p 00000000 00:00 0 
6b9fc000-6b9ff000 ---p 00000000 00:00 0 
6b9ff000-6ba7d000 rw-p 00000000 00:00 0 
6ba7d000-6ba80000 ---p 00000000 00:00 0 
6ba80000-6bace000 rw-p 00000000 00:00 0 
6bace000-6bc00000 r--p 002c8000 08:06 392632     /usr/lib/locale/locale-archive
6bc00000-6be00000 r--p 00000000 08:06 392632     /usr/lib/locale/locale-archive
6be00000-6befd000 rw-p 00000000 00:00 0 
6befd000-6bf00000 ---p 00000000 00:00 0 
6bf00000-6bf26000 rw-p 00000000 00:00 0 
6bf26000-6c000000 ---p 00000000 00:00 0 
6c000000-6c0f8000 rw-p 00000000 00:00 0 
6c0f8000-6c100000 ---p 00000000 00:00 0 
6c138000-6c139000 ---p 00000000 00:00 0 
6c139000-6c204000 rw-p 00000000 00:00 0 
6c204000-6c3c0000 r--s 039b2000 08:06 393573     /usr/local/java/jdk1.7.0_45/jre/lib/rt.jar
6c3c0000-6ea00000 rw-p 00000000 00:00 0 
6ea00000-6eafd000 rw-p 00000000 00:00 0 
6eafd000-6eb00000 ---p 00000000 00:00 0 
6eb2e000-6eb31000 ---p 00000000 00:00 0 
6eb31000-6eb7f000 rw-p 00000000 00:00 0 
6eb7f000-6eb80000 ---p 00000000 00:00 0 
6eb80000-6ec00000 rw-p 00000000 00:00 0 
6ec00000-6ec21000 rw-p 00000000 00:00 0 
6ec21000-6ed00000 ---p 00000000 00:00 0 
6ed2e000-6ed31000 ---p 00000000 00:00 0 
6ed31000-6ed7f000 rw-p 00000000 00:00 0 
6ed7f000-6ed80000 ---p 00000000 00:00 0 
6ed80000-6ee00000 rw-p 00000000 00:00 0 
6ee00000-6ee21000 rw-p 00000000 00:00 0 
6ee21000-6ef00000 ---p 00000000 00:00 0 
6ef24000-6ef7f000 rw-p 00000000 00:00 0 
6ef7f000-6ef80000 ---p 00000000 00:00 0 
6ef80000-6f000000 rw-p 00000000 00:00 0 
6f000000-6f03d000 rw-p 00000000 00:00 0 
6f03d000-6f100000 ---p 00000000 00:00 0 
6f108000-6f109000 ---p 00000000 00:00 0 
6f109000-6f1ad000 rw-p 00000000 00:00 0 
6f1ad000-6f2df000 rw-p 00000000 00:00 0 
6f2df000-6f2e7000 rw-p 00000000 00:00 0 
6f2e7000-6f2ff000 rw-p 00000000 00:00 0 
6f2ff000-6f323000 rw-p 00000000 00:00 0 
6f323000-6f454000 rw-p 00000000 00:00 0 
6f454000-6f4c4000 rw-p 00000000 00:00 0 
6f4c4000-6f4ff000 rw-p 00000000 00:00 0 
6f4ff000-70500000 rw-p 00000000 00:00 0 
70500000-73500000 rw-p 00000000 00:00 0 
73500000-77c80000 rw-p 00000000 00:00 0 
77c80000-9df80000 rw-p 00000000 00:00 0 
9df80000-abe80000 rw-p 00000000 00:00 0 
afa83000-afc9c000 rw-p 00000000 00:00 0 
afc9c000-afcc0000 r--p 00000000 08:06 1317469    /usr/share/locale-langpack/pl/LC_MESSAGES/libc.mo
afcc0000-b3500000 rw-p 00000000 00:00 0 
b3519000-b3520000 r--s 00000000 08:06 395046     /usr/lib/i386-linux-gnu/gconv/gconv-modules.cache
b3520000-b3529000 rw-p 00000000 00:00 0 
b3529000-b35e0000 rw-p 00000000 00:00 0 
b35e0000-b3820000 rwxp 00000000 00:00 0 
b3820000-b65e0000 rw-p 00000000 00:00 0 
b65e0000-b65e7000 r-xp 00000000 08:06 786201     /lib/i386-linux-gnu/libnss_compat-2.15.so
b65e7000-b65e8000 r--p 00006000 08:06 786201     /lib/i386-linux-gnu/libnss_compat-2.15.so
b65e8000-b65e9000 rw-p 00007000 08:06 786201     /lib/i386-linux-gnu/libnss_compat-2.15.so
b65ea000-b65ff000 r-xp 00000000 08:06 670957     /usr/local/java/jdk1.7.0_45/jre/lib/i386/libnet.so
b65ff000-b6600000 rw-p 00014000 08:06 670957     /usr/local/java/jdk1.7.0_45/jre/lib/i386/libnet.so
b6600000-b66f7000 rw-p 00000000 00:00 0 
b66f7000-b6700000 ---p 00000000 00:00 0 
b6704000-b6712000 r-xp 00000000 08:06 670404     /usr/local/java/jdk1.7.0_45/jre/lib/i386/libnio.so
b6712000-b6713000 rw-p 0000e000 08:06 670404     /usr/local/java/jdk1.7.0_45/jre/lib/i386/libnio.so
b6713000-b6735000 rw-p 00000000 00:00 0 
b6735000-b674d000 rw-p 00000000 00:00 0 
b674d000-b6764000 r-xp 00000000 08:06 670944     /usr/local/java/jdk1.7.0_45/jre/lib/i386/libzip.so
b6764000-b6765000 rw-p 00017000 08:06 670944     /usr/local/java/jdk1.7.0_45/jre/lib/i386/libzip.so
b6765000-b6770000 r-xp 00000000 08:06 786164     /lib/i386-linux-gnu/libnss_files-2.15.so
b6770000-b6771000 r--p 0000a000 08:06 786164     /lib/i386-linux-gnu/libnss_files-2.15.so
b6771000-b6772000 rw-p 0000b000 08:06 786164     /lib/i386-linux-gnu/libnss_files-2.15.so
b6772000-b677c000 r-xp 00000000 08:06 786202     /lib/i386-linux-gnu/libnss_nis-2.15.so
b677c000-b677d000 r--p 00009000 08:06 786202     /lib/i386-linux-gnu/libnss_nis-2.15.so
b677d000-b677e000 rw-p 0000a000 08:06 786202     /lib/i386-linux-gnu/libnss_nis-2.15.so
b6782000-b6783000 rw-p 00000000 00:00 0 
b6783000-b6787000 r--s 0008a000 08:06 397573     /usr/local/java/jdk1.7.0_45/jre/lib/jsse.jar
b6787000-b6795000 r--s 000b4000 08:06 546427     /usr/share/android-studio/data/sdk/build-tools/android-4.4W/lib/dx.jar
b6795000-b67ab000 r-xp 00000000 08:06 786163     /lib/i386-linux-gnu/libnsl-2.15.so
b67ab000-b67ac000 r--p 00015000 08:06 786163     /lib/i386-linux-gnu/libnsl-2.15.so
b67ac000-b67ad000 rw-p 00016000 08:06 786163     /lib/i386-linux-gnu/libnsl-2.15.so
b67ad000-b67af000 rw-p 00000000 00:00 0 
b67af000-b67d2000 r-xp 00000000 08:06 664766     /usr/local/java/jdk1.7.0_45/jre/lib/i386/libjava.so
b67d2000-b67d3000 rw-p 00022000 08:06 664766     /usr/local/java/jdk1.7.0_45/jre/lib/i386/libjava.so
b67d3000-b67da000 r-xp 00000000 08:06 786021     /lib/i386-linux-gnu/librt-2.15.so
b67da000-b67db000 r--p 00006000 08:06 786021     /lib/i386-linux-gnu/librt-2.15.so
b67db000-b67dc000 rw-p 00007000 08:06 786021     /lib/i386-linux-gnu/librt-2.15.so
b67dc000-b67df000 ---p 00000000 00:00 0 
b67df000-b682d000 rw-p 00000000 00:00 0 
b682d000-b6857000 r-xp 00000000 08:06 786199     /lib/i386-linux-gnu/libm-2.15.so
b6857000-b6858000 r--p 00029000 08:06 786199     /lib/i386-linux-gnu/libm-2.15.so
b6858000-b6859000 rw-p 0002a000 08:06 786199     /lib/i386-linux-gnu/libm-2.15.so
b6859000-b70d0000 r-xp 00000000 08:06 670953     /usr/local/java/jdk1.7.0_45/jre/lib/i386/server/libjvm.so
b70d0000-b7135000 rw-p 00876000 08:06 670953     /usr/local/java/jdk1.7.0_45/jre/lib/i386/server/libjvm.so
b7135000-b7558000 rw-p 00000000 00:00 0 
b7558000-b76fc000 r-xp 00000000 08:06 786179     /lib/i386-linux-gnu/libc-2.15.so
b76fc000-b76fd000 ---p 001a4000 08:06 786179     /lib/i386-linux-gnu/libc-2.15.so
b76fd000-b76ff000 r--p 001a4000 08:06 786179     /lib/i386-linux-gnu/libc-2.15.so
b76ff000-b7700000 rw-p 001a6000 08:06 786179     /lib/i386-linux-gnu/libc-2.15.so
b7700000-b7703000 rw-p 00000000 00:00 0 
b7703000-b7706000 r-xp 00000000 08:06 811213     /lib/i386-linux-gnu/libdl-2.15.so
b7706000-b7707000 r--p 00002000 08:06 811213     /lib/i386-linux-gnu/libdl-2.15.so
b7707000-b7708000 rw-p 00003000 08:06 811213     /lib/i386-linux-gnu/libdl-2.15.so
b7708000-b7709000 rw-p 00000000 00:00 0 
b7709000-b771c000 r-xp 00000000 08:06 671956     /usr/local/java/jdk1.7.0_45/lib/i386/jli/libjli.so
b771c000-b771d000 rw-p 00012000 08:06 671956     /usr/local/java/jdk1.7.0_45/lib/i386/jli/libjli.so
b771d000-b7734000 r-xp 00000000 08:06 785972     /lib/i386-linux-gnu/libpthread-2.15.so
b7734000-b7735000 r--p 00016000 08:06 785972     /lib/i386-linux-gnu/libpthread-2.15.so
b7735000-b7736000 rw-p 00017000 08:06 785972     /lib/i386-linux-gnu/libpthread-2.15.so
b7736000-b7739000 rw-p 00000000 00:00 0 
b7739000-b7741000 rw-s 00000000 08:06 1074489    /tmp/hsperfdata_olek/6978
b7741000-b7742000 rw-p 00000000 00:00 0 
b7742000-b7743000 ---p 00000000 00:00 0 
b7743000-b774e000 r-xp 00000000 08:06 670968     /usr/local/java/jdk1.7.0_45/jre/lib/i386/libverify.so
b774e000-b774f000 rw-p 0000b000 08:06 670968     /usr/local/java/jdk1.7.0_45/jre/lib/i386/libverify.so
b774f000-b7751000 rw-p 00000000 00:00 0 
b7751000-b7752000 r-xp 00000000 00:00 0          [vdso]
b7752000-b7772000 r-xp 00000000 08:06 785971     /lib/i386-linux-gnu/ld-2.15.so
b7772000-b7773000 r--p 0001f000 08:06 785971     /lib/i386-linux-gnu/ld-2.15.so
b7773000-b7774000 rw-p 00020000 08:06 785971     /lib/i386-linux-gnu/ld-2.15.so
bfd65000-bfd87000 rw-p 00000000 00:00 0          [stack]

VM Arguments:
jvm_args: -Xmx1024M 
java_command: /usr/share/android-studio/data/sdk/build-tools/android-4.4W/lib/dx.jar --dex --num-threads=4 --output /home/olek/AndroidStudioProjects/DajSpisac2/DajSpisac/app/build/intermediates/dex/debug /home/olek/AndroidStudioProjects/DajSpisac2/DajSpisac/app/build/intermediates/classes/debug /home/olek/AndroidStudioProjects/DajSpisac2/DajSpisac/app/build/intermediates/dependency-cache/debug /home/olek/AndroidStudioProjects/DajSpisac2/DajSpisac/app/build/intermediates/pre-dexed/debug/classes-e99f374224a6e0d8466773740ec3d1131db8ebb1.jar /home/olek/AndroidStudioProjects/DajSpisac2/DajSpisac/app/build/intermediates/pre-dexed/debug/support-v4-19.1.0-bfe6379f31d17615f5ca4b83bd0a7235fba0720f.jar /home/olek/AndroidStudioProjects/DajSpisac2/DajSpisac/app/build/intermediates/pre-dexed/debug/commons-io-1.3.2-65ced0583e745a13466ed476e15f98ed8c349674.jar /home/olek/AndroidStudioProjects/DajSpisac2/DajSpisac/app/build/intermediates/pre-dexed/debug/robospice-spring-android-1.4.12-762be6cfb250899b1c81036b07f54fee4dcb2ac4.jar /home/olek/AndroidStudioProjects/DajSpisac2/DajSpisac/app/build/intermediates/pre-dexed/debug/commons-lang3-3.2.1-48ddb587b0af443a44635ae516cd5b6e9793dbc0.jar /home/olek/AndroidStudioProjects/DajSpisac2/DajSpisac/app/build/intermediates/pre-dexed/debug/universal-image-loader-1.9.2-eee2392d80033a19dda5fe10e97bf2d997aa8324.jar /home/olek/AndroidStudioProjects/DajSpisac2/DajSpisac/app/build/intermediates/pre-dexed/debug/spring-android-core-1.0.1.RELEASE-9b9474ca76c015172b287f2cde44701cfd7f5b74.jar /home/olek/AndroidStudioProjects/DajSpisac2/DajSpisac/app/build/intermediates/pre-dexed/debug/jackson-annotations-2.4.0-f178df8577412c09ca51db91729aef33d7539dfc.jar /home/olek/AndroidStudioProjects/DajSpisac2/DajSpisac/app/build/intermediates/pre-dexed/debug/jackson-databind-2.4.1-6d3307ebe01e61039a6ee8c8c597c33528867cbd.jar /home/olek/AndroidStudioProjects/DajSpisac2/DajSpisac/app/build/intermediates/pre-dexed/debug/spring-android-rest-template-1.0.1.RELEASE-0958c0
Launcher Type: SUN_STANDARD

Environment Variables:
JAVA_HOME=/usr/local/java/jdk1.7.0_45
CLASSPATH=/usr/share/android-studio/data/bin/../lib/bootstrap.jar:/usr/share/android-studio/data/bin/../lib/extensions.jar:/usr/share/android-studio/data/bin/../lib/util.jar:/usr/share/android-studio/data/bin/../lib/jdom.jar:/usr/share/android-studio/data/bin/../lib/log4j.jar:/usr/share/android-studio/data/bin/../lib/trove4j.jar:/usr/share/android-studio/data/bin/../lib/jna.jar:/usr/local/java/jdk1.7.0_45/lib/tools.jar
PATH=/usr/lib/lightdm/lightdm:/usr/local/sbin:/usr/local/bin:/usr/sbin:/usr/bin:/sbin:/bin:/usr/games:/home/olek/bin:/usr/local/java/jdk1.7.0_45/bin
LD_LIBRARY_PATH=/usr/share/android-studio/data/bin:
SHELL=/bin/bash
DISPLAY=:0

Signal Handlers:
SIGSEGV: [libjvm.so+0x7dd350], sa_mask[0]=0x7ffbfeff, sa_flags=0x10000004
SIGBUS: [libjvm.so+0x7dd350], sa_mask[0]=0x7ffbfeff, sa_flags=0x10000004
SIGFPE: [libjvm.so+0x678b60], sa_mask[0]=0x7ffbfeff, sa_flags=0x10000004
SIGPIPE: [libjvm.so+0x678b60], sa_mask[0]=0x7ffbfeff, sa_flags=0x10000004
SIGXFSZ: [libjvm.so+0x678b60], sa_mask[0]=0x7ffbfeff, sa_flags=0x10000004
SIGILL: [libjvm.so+0x678b60], sa_mask[0]=0x7ffbfeff, sa_flags=0x10000004
SIGUSR1: SIG_DFL, sa_mask[0]=0x00000000, sa_flags=0x00000000
SIGUSR2: [libjvm.so+0x67a050], sa_mask[0]=0x00000004, sa_flags=0x10000004
SIGHUP: [libjvm.so+0x67b1a0], sa_mask[0]=0x7ffbfeff, sa_flags=0x10000004
SIGINT: [libjvm.so+0x67b1a0], sa_mask[0]=0x7ffbfeff, sa_flags=0x10000004
SIGTERM: [libjvm.so+0x67b1a0], sa_mask[0]=0x7ffbfeff, sa_flags=0x10000004
SIGQUIT: [libjvm.so+0x67b1a0], sa_mask[0]=0x7ffbfeff, sa_flags=0x10000004


---------------  S Y S T E M  ---------------

OS:wheezy/sid

uname:Linux 3.2.0-67-generic-pae #101-Ubuntu SMP Tue Jul 15 18:04:54 UTC 2014 i686
libc:glibc 2.15 NPTL 2.15 
rlimit: STACK 8192k, CORE 0k, NPROC 30461, NOFILE 4096, AS infinity
load average:2,16 0,94 0,77

/proc/meminfo:
MemTotal:        3913636 kB
MemFree:          157260 kB
Buffers:            2136 kB
Cached:           571144 kB
SwapCached:            0 kB
Active:          3242488 kB
Inactive:         425588 kB
Active(anon):    3196880 kB
Inactive(anon):   384900 kB
Active(file):      45608 kB
Inactive(file):    40688 kB
Unevictable:          16 kB
Mlocked:              16 kB
HighTotal:       3072916 kB
HighFree:           2068 kB
LowTotal:         840720 kB
LowFree:          155192 kB
SwapTotal:             0 kB
SwapFree:              0 kB
Dirty:                 0 kB
Writeback:             0 kB
AnonPages:       3094856 kB
Mapped:            67792 kB
Shmem:            487336 kB
Slab:              41676 kB
SReclaimable:      19916 kB
SUnreclaim:        21760 kB
KernelStack:        4816 kB
PageTables:        20172 kB
NFS_Unstable:          0 kB
Bounce:                0 kB
WritebackTmp:          0 kB
CommitLimit:     1956816 kB
Committed_AS:    6864988 kB
VmallocTotal:     122880 kB
VmallocUsed:       59956 kB
VmallocChunk:      60148 kB
HardwareCorrupted:     0 kB
AnonHugePages:         0 kB
HugePages_Total:       0
HugePages_Free:        0
HugePages_Rsvd:        0
HugePages_Surp:        0
Hugepagesize:       2048 kB
DirectMap4k:       10232 kB
DirectMap2M:      903168 kB


CPU:total 4 (2 cores per cpu, 2 threads per core) family 6 model 37 stepping 5, cmov, cx8, fxsr, mmx, sse, sse2, sse3, ssse3, sse4.1, sse4.2, popcnt, ht, tsc, tscinvbit

/proc/cpuinfo:
processor	: 0
vendor_id	: GenuineIntel
cpu family	: 6
model		: 37
model name	: Intel(R) Core(TM) i3 CPU       M 380  @ 2.53GHz
stepping	: 5
microcode	: 0x2
cpu MHz		: 2533.000
cache size	: 3072 KB
physical id	: 0
siblings	: 4
core id		: 0
cpu cores	: 2
apicid		: 0
initial apicid	: 0
fdiv_bug	: no
hlt_bug		: no
f00f_bug	: no
coma_bug	: no
fpu		: yes
fpu_exception	: yes
cpuid level	: 11
wp		: yes
flags		: fpu vme de pse tsc msr pae mce cx8 apic sep mtrr pge mca cmov pat pse36 clflush dts acpi mmx fxsr sse sse2 ss ht tm pbe nx rdtscp lm constant_tsc arch_perfmon pebs bts xtopology nonstop_tsc aperfmperf pni dtes64 monitor ds_cpl vmx est tm2 ssse3 cx16 xtpr pdcm pcid sse4_1 sse4_2 popcnt lahf_lm arat dtherm tpr_shadow vnmi flexpriority ept vpid
bogomips	: 5054.32
clflush size	: 64
cache_alignment	: 64
address sizes	: 36 bits physical, 48 bits virtual
power management:

processor	: 1
vendor_id	: GenuineIntel
cpu family	: 6
model		: 37
model name	: Intel(R) Core(TM) i3 CPU       M 380  @ 2.53GHz
stepping	: 5
microcode	: 0x2
cpu MHz		: 1333.000
cache size	: 3072 KB
physical id	: 0
siblings	: 4
core id		: 2
cpu cores	: 2
apicid		: 4
initial apicid	: 4
fdiv_bug	: no
hlt_bug		: no
f00f_bug	: no
coma_bug	: no
fpu		: yes
fpu_exception	: yes
cpuid level	: 11
wp		: yes
flags		: fpu vme de pse tsc msr pae mce cx8 apic sep mtrr pge mca cmov pat pse36 clflush dts acpi mmx fxsr sse sse2 ss ht tm pbe nx rdtscp lm constant_tsc arch_perfmon pebs bts xtopology nonstop_tsc aperfmperf pni dtes64 monitor ds_cpl vmx est tm2 ssse3 cx16 xtpr pdcm pcid sse4_1 sse4_2 popcnt lahf_lm arat dtherm tpr_shadow vnmi flexpriority ept vpid
bogomips	: 5054.20
clflush size	: 64
cache_alignment	: 64
address sizes	: 36 bits physical, 48 bits virtual
power management:

processor	: 2
vendor_id	: GenuineIntel
cpu family	: 6
model		: 37
model name	: Intel(R) Core(TM) i3 CPU       M 380  @ 2.53GHz
stepping	: 5
microcode	: 0x2
cpu MHz		: 2266.000
cache size	: 3072 KB
physical id	: 0
siblings	: 4
core id		: 0
cpu cores	: 2
apicid		: 1
initial apicid	: 1
fdiv_bug	: no
hlt_bug		: no
f00f_bug	: no
coma_bug	: no
fpu		: yes
fpu_exception	: yes
cpuid level	: 11
wp		: yes
flags		: fpu vme de pse tsc msr pae mce cx8 apic sep mtrr pge mca cmov pat pse36 clflush dts acpi mmx fxsr sse sse2 ss ht tm pbe nx rdtscp lm constant_tsc arch_perfmon pebs bts xtopology nonstop_tsc aperfmperf pni dtes64 monitor ds_cpl vmx est tm2 ssse3 cx16 xtpr pdcm pcid sse4_1 sse4_2 popcnt lahf_lm arat dtherm tpr_shadow vnmi flexpriority ept vpid
bogomips	: 5054.18
clflush size	: 64
cache_alignment	: 64
address sizes	: 36 bits physical, 48 bits virtual
power management:

processor	: 3
vendor_id	: GenuineIntel
cpu family	: 6
model		: 37
model name	: Intel(R) Core(TM) i3 CPU       M 380  @ 2.53GHz
stepping	: 5
microcode	: 0x2
cpu MHz		: 2533.000
cache size	: 3072 KB
physical id	: 0
siblings	: 4
core id		: 2
cpu cores	: 2
apicid		: 5
initial apicid	: 5
fdiv_bug	: no
hlt_bug		: no
f00f_bug	: no
coma_bug	: no
fpu		: yes
fpu_exception	: yes
cpuid level	: 11
wp		: yes
flags		: fpu vme de pse tsc msr pae mce cx8 apic sep mtrr pge mca cmov pat pse36 clflush dts acpi mmx fxsr sse sse2 ss ht tm pbe nx rdtscp lm constant_tsc arch_perfmon pebs bts xtopology nonstop_tsc aperfmperf pni dtes64 monitor ds_cpl vmx est tm2 ssse3 cx16 xtpr pdcm pcid sse4_1 sse4_2 popcnt lahf_lm arat dtherm tpr_shadow vnmi flexpriority ept vpid
bogomips	: 5054.19
clflush size	: 64
cache_alignment	: 64
address sizes	: 36 bits physical, 48 bits virtual
power management:



Memory: 4k page, physical 3913636k(157260k free), swap 0k(0k free)

vm_info: Java HotSpot(TM) Server VM (24.45-b08) for linux-x86 JRE (1.7.0_45-b18), built on Oct  8 2013 05:44:51 by "java_re" with gcc 4.3.0 20080428 (Red Hat 4.3.0-8)

time: Mon Aug 11 11:01:05 2014
elapsed time: 6 seconds

