#
# There is insufficient memory for the Java Runtime Environment to continue.
# Native memory allocation (malloc) failed to allocate 41680896 bytes for committing reserved memory.
# Possible reasons:
#   The system is out of physical RAM or swap space
#   In 32 bit mode, the process size limit was hit
# Possible solutions:
#   Reduce memory load on the system
#   Increase physical memory or swap space
#   Check if swap backing store is full
#   Use 64 bit Java on a 64 bit OS
#   Decrease Java heap size (-Xmx/-Xms)
#   Decrease number of Java threads
#   Decrease Java thread stack sizes (-Xss)
#   Set larger code cache with -XX:ReservedCodeCacheSize=
# This output file may be truncated or incomplete.
#
#  Out of Memory Error (os_linux.cpp:2718), pid=13293, tid=1814793024
#
# JRE version: Java(TM) SE Runtime Environment (7.0_45-b18) (build 1.7.0_45-b18)
# Java VM: Java HotSpot(TM) Server VM (24.45-b08 mixed mode linux-x86 )
# Failed to write core dump. Core dumps have been disabled. To enable core dumping, try "ulimit -c unlimited" before starting Java again
#

---------------  T H R E A D  ---------------

Current thread (0x6c181400):  VMThread [stack: 0x6c238000,0x6c2b9000] [id=13306]

Stack: [0x6c238000,0x6c2b9000],  sp=0x6c2b7a60,  free space=510k
Native frames: (J=compiled Java code, j=interpreted, Vv=VM code, C=native code)
V  [libjvm.so+0x7dc836]  VMError::report_and_die()+0x1a6
V  [libjvm.so+0x33a5c2]  report_vm_out_of_memory(char const*, int, unsigned int, char const*)+0x72
V  [libjvm.so+0x67bc21]  os::Linux::commit_memory_impl(char*, unsigned int, bool)+0xe1
V  [libjvm.so+0x67c077]  os::Linux::commit_memory_impl(char*, unsigned int, unsigned int, bool)+0x47
V  [libjvm.so+0x67c23d]  os::pd_commit_memory(char*, unsigned int, unsigned int, bool)+0x1d
V  [libjvm.so+0x675c8c]  os::commit_memory(char*, unsigned int, unsigned int, bool)+0x2c
V  [libjvm.so+0x6df178]  PSVirtualSpace::expand_by(unsigned int)+0x48
V  [libjvm.so+0x6e027a]  PSYoungGen::resize_generation(unsigned int, unsigned int)+0xda
V  [libjvm.so+0x6df5b9]  PSYoungGen::resize(unsigned int, unsigned int)+0x19
V  [libjvm.so+0x6dd31b]  PSScavenge::invoke_no_policy()+0x105b
V  [libjvm.so+0x6dd748]  PSScavenge::invoke()+0x28
V  [libjvm.so+0x69b9aa]  ParallelScavengeHeap::failed_mem_allocate(unsigned int)+0x5a
V  [libjvm.so+0x7de0da]  VM_ParallelGCFailedAllocation::doit()+0x7a
V  [libjvm.so+0x7e6e97]  VM_Operation::evaluate()+0x47
V  [libjvm.so+0x7e4f93]  VMThread::evaluate_operation(VM_Operation*)+0xb3
V  [libjvm.so+0x7e5330]  VMThread::loop()+0x1b0
V  [libjvm.so+0x7e5795]  VMThread::run()+0x85
V  [libjvm.so+0x67e0f9]  java_start(Thread*)+0x119
C  [libpthread.so.0+0x6d4c]  start_thread+0xcc

VM_Operation (0xb68b3ce4): ParallelGCFailedAllocation, mode: safepoint, requested by thread 0xb6708800


---------------  P R O C E S S  ---------------

Java Threads: ( => current thread )
  0x6c19a800 JavaThread "Service Thread" daemon [_thread_blocked, id=13312, stack(0x6b9d9000,0x6ba2a000)]
  0x6c198c00 JavaThread "C2 CompilerThread1" daemon [_thread_blocked, id=13311, stack(0x6ba2a000,0x6baab000)]
  0x6c196c00 JavaThread "C2 CompilerThread0" daemon [_thread_blocked, id=13310, stack(0x6baab000,0x6bb2c000)]
  0x6c195000 JavaThread "Signal Dispatcher" daemon [_thread_blocked, id=13309, stack(0x6bb2c000,0x6bb7d000)]
  0x6c185800 JavaThread "Finalizer" daemon [_thread_blocked, id=13308, stack(0x6beaf000,0x6bf00000)]
  0x6c182c00 JavaThread "Reference Handler" daemon [_thread_blocked, id=13307, stack(0x6ec2e000,0x6ec7f000)]
  0xb6708800 JavaThread "main" [_thread_blocked, id=13301, stack(0xb6864000,0xb68b5000)]

Other Threads:
=>0x6c181400 VMThread [stack: 0x6c238000,0x6c2b9000] [id=13306]
  0x6c19c800 WatcherThread [stack: 0x6b958000,0x6b9d9000] [id=13313]

VM state:at safepoint (normal execution)

VM Mutex/Monitor currently owned by a thread:  ([mutex/lock_event])
[0xb6706020] Threads_lock - owner thread: 0x6c181400
[0xb6706430] Heap_lock - owner thread: 0xb6708800

Heap
 PSYoungGen      total 132608K, used 20352K [0x9e080000, 0xaa040000, 0xb3600000)
  eden space 110592K, 0% used [0x9e080000,0x9e080000,0xa4c80000)
  from space 22016K, 92% used [0xa8ac0000,0xa9ea0158,0xaa040000)
  to   space 23296K, 0% used [0xa4c80000,0xa4c80000,0xa6340000)
 ParOldGen       total 59648K, used 28871K [0x73600000, 0x77040000, 0x9e080000)
  object space 59648K, 48% used [0x73600000,0x75231fc8,0x77040000)
 PSPermGen       total 16384K, used 4454K [0x6f600000, 0x70600000, 0x73600000)
  object space 16384K, 27% used [0x6f600000,0x6fa59ad0,0x70600000)

Card table byte_map: [0x6f3df000,0x6f600000] byte_map_base: 0x6f064000

Polling page: 0xb77c9000

Code Cache  [0xb36c1000, 0xb3901000, 0xb66c1000)
 total_blobs=652 nmethods=517 adapters=89 free_code_cache=47839Kb largest_free_block=48964288

Compilation events (10 events):
Event: 3,097 Thread 0x6c198c00 nmethod 514 0xb380c748 code [0xb380c860, 0xb380ca10]
Event: 3,097 Thread 0x6c198c00  516             com.android.dx.io.instructions.DecodedInstruction::getAUnit (46 bytes)
Event: 3,098 Thread 0x6c196c00 nmethod 515 0xb37f6908 code [0xb37f6a20, 0xb37f6bd0]
Event: 3,098 Thread 0x6c196c00  517             com.android.dx.io.instructions.FiveRegisterDecodedInstruction::<init> (44 bytes)
Event: 3,100 Thread 0x6c198c00 nmethod 516 0xb3805cc8 code [0xb3805dc0, 0xb3805e50]
Event: 3,100 Thread 0x6c198c00  518             com.android.dx.io.instructions.RegisterRangeDecodedInstruction::withIndex (37 bytes)
Event: 3,101 Thread 0x6c196c00 nmethod 517 0xb372aec8 code [0xb372afc0, 0xb372b0b0]
Event: 3,107 Thread 0x6c198c00 nmethod 518 0xb380ccc8 code [0xb380cdc0, 0xb380cf70]
Event: 3,252 Thread 0x6c196c00  519             com.android.dex.EncodedValueCodec::readSignedLong (48 bytes)
Event: 3,261 Thread 0x6c196c00 nmethod 519 0xb3807d08 code [0xb3807e00, 0xb38083b0]

GC Heap History (10 events):
Event: 1,625 GC heap after
Heap after GC invocations=4 (full 0):
 PSYoungGen      total 64000K, used 2554K [0x9e080000, 0xa2180000, 0xb3600000)
  eden space 61440K, 0% used [0x9e080000,0x9e080000,0xa1c80000)
  from space 2560K, 99% used [0xa1f00000,0xa217e840,0xa2180000)
  to   space 2560K, 0% used [0xa1c80000,0xa1c80000,0xa1f00000)
 ParOldGen       total 40704K, used 25795K [0x73600000, 0x75dc0000, 0x9e080000)
  object space 40704K, 63% used [0x73600000,0x74f30f98,0x75dc0000)
 PSPermGen       total 16384K, used 4378K [0x6f600000, 0x70600000, 0x73600000)
  object space 16384K, 26% used [0x6f600000,0x6fa46808,0x70600000)
}
Event: 2,113 GC heap before
{Heap before GC invocations=5 (full 0):
 PSYoungGen      total 64000K, used 63994K [0x9e080000, 0xa2180000, 0xb3600000)
  eden space 61440K, 100% used [0x9e080000,0xa1c80000,0xa1c80000)
  from space 2560K, 99% used [0xa1f00000,0xa217e840,0xa2180000)
  to   space 2560K, 0% used [0xa1c80000,0xa1c80000,0xa1f00000)
 ParOldGen       total 40704K, used 25795K [0x73600000, 0x75dc0000, 0x9e080000)
  object space 40704K, 63% used [0x73600000,0x74f30f98,0x75dc0000)
 PSPermGen       total 16384K, used 4387K [0x6f600000, 0x70600000, 0x73600000)
  object space 16384K, 26% used [0x6f600000,0x6fa48ec8,0x70600000)
Event: 2,124 GC heap after
Heap after GC invocations=5 (full 0):
 PSYoungGen      total 64000K, used 2554K [0x9e080000, 0xa8900000, 0xb3600000)
  eden space 61440K, 0% used [0x9e080000,0x9e080000,0xa1c80000)
  from space 2560K, 99% used [0xa1c80000,0xa1efe840,0xa1f00000)
  to   space 24832K, 0% used [0xa70c0000,0xa70c0000,0xa8900000)
 ParOldGen       total 48384K, used 46165K [0x73600000, 0x76540000, 0x9e080000)
  object space 48384K, 95% used [0x73600000,0x763155e8,0x76540000)
 PSPermGen       total 16384K, used 4387K [0x6f600000, 0x70600000, 0x73600000)
  object space 16384K, 26% used [0x6f600000,0x6fa48ec8,0x70600000)
}
Event: 2,124 GC heap before
{Heap before GC invocations=6 (full 1):
 PSYoungGen      total 64000K, used 2554K [0x9e080000, 0xa8900000, 0xb3600000)
  eden space 61440K, 0% used [0x9e080000,0x9e080000,0xa1c80000)
  from space 2560K, 99% used [0xa1c80000,0xa1efe840,0xa1f00000)
  to   space 24832K, 0% used [0xa70c0000,0xa70c0000,0xa8900000)
 ParOldGen       total 48384K, used 46165K [0x73600000, 0x76540000, 0x9e080000)
  object space 48384K, 95% used [0x73600000,0x763155e8,0x76540000)
 PSPermGen       total 16384K, used 4387K [0x6f600000, 0x70600000, 0x73600000)
  object space 16384K, 26% used [0x6f600000,0x6fa48ec8,0x70600000)
Event: 2,167 GC heap after
Heap after GC invocations=6 (full 1):
 PSYoungGen      total 64000K, used 0K [0x9e080000, 0xa8900000, 0xb3600000)
  eden space 61440K, 0% used [0x9e080000,0x9e080000,0xa1c80000)
  from space 2560K, 0% used [0xa1c80000,0xa1c80000,0xa1f00000)
  to   space 24832K, 0% used [0xa70c0000,0xa70c0000,0xa8900000)
 ParOldGen       total 59648K, used 16258K [0x73600000, 0x77040000, 0x9e080000)
  object space 59648K, 27% used [0x73600000,0x745e08f8,0x77040000)
 PSPermGen       total 16384K, used 4385K [0x6f600000, 0x70600000, 0x73600000)
  object space 16384K, 26% used [0x6f600000,0x6fa487a0,0x70600000)
}
Event: 2,415 GC heap before
{Heap before GC invocations=7 (full 1):
 PSYoungGen      total 64000K, used 61440K [0x9e080000, 0xa8900000, 0xb3600000)
  eden space 61440K, 100% used [0x9e080000,0xa1c80000,0xa1c80000)
  from space 2560K, 0% used [0xa1c80000,0xa1c80000,0xa1f00000)
  to   space 24832K, 0% used [0xa70c0000,0xa70c0000,0xa8900000)
 ParOldGen       total 59648K, used 16258K [0x73600000, 0x77040000, 0x9e080000)
  object space 59648K, 27% used [0x73600000,0x745e08f8,0x77040000)
 PSPermGen       total 16384K, used 4392K [0x6f600000, 0x70600000, 0x73600000)
  object space 16384K, 26% used [0x6f600000,0x6fa4a160,0x70600000)
Event: 2,420 GC heap after
Heap after GC invocations=7 (full 1):
 PSYoungGen      total 107520K, used 9378K [0x9e080000, 0xa7a00000, 0xb3600000)
  eden space 98048K, 0% used [0x9e080000,0x9e080000,0xa4040000)
  from space 9472K, 99% used [0xa70c0000,0xa79e8848,0xa7a00000)
  to   space 23296K, 0% used [0xa4c80000,0xa4c80000,0xa6340000)
 ParOldGen       total 59648K, used 16258K [0x73600000, 0x77040000, 0x9e080000)
  object space 59648K, 27% used [0x73600000,0x745e08f8,0x77040000)
 PSPermGen       total 16384K, used 4392K [0x6f600000, 0x70600000, 0x73600000)
  object space 16384K, 26% used [0x6f600000,0x6fa4a160,0x70600000)
}
Event: 2,872 GC heap before
{Heap before GC invocations=8 (full 1):
 PSYoungGen      total 107520K, used 107426K [0x9e080000, 0xa7a00000, 0xb3600000)
  eden space 98048K, 100% used [0x9e080000,0xa4040000,0xa4040000)
  from space 9472K, 99% used [0xa70c0000,0xa79e8848,0xa7a00000)
  to   space 23296K, 0% used [0xa4c80000,0xa4c80000,0xa6340000)
 ParOldGen       total 59648K, used 16258K [0x73600000, 0x77040000, 0x9e080000)
  object space 59648K, 27% used [0x73600000,0x745e08f8,0x77040000)
 PSPermGen       total 16384K, used 4396K [0x6f600000, 0x70600000, 0x73600000)
  object space 16384K, 26% used [0x6f600000,0x6fa4b258,0x70600000)
Event: 2,877 GC heap after
Heap after GC invocations=8 (full 1):
 PSYoungGen      total 133888K, used 8956K [0x9e080000, 0xaa040000, 0xb3600000)
  eden space 110592K, 0% used [0x9e080000,0x9e080000,0xa4c80000)
  from space 23296K, 38% used [0xa4c80000,0xa553f108,0xa6340000)
  to   space 22016K, 0% used [0xa8ac0000,0xa8ac0000,0xaa040000)
 ParOldGen       total 59648K, used 16258K [0x73600000, 0x77040000, 0x9e080000)
  object space 59648K, 27% used [0x73600000,0x745e08f8,0x77040000)
 PSPermGen       total 16384K, used 4396K [0x6f600000, 0x70600000, 0x73600000)
  object space 16384K, 26% used [0x6f600000,0x6fa4b258,0x70600000)
}
Event: 3,273 GC heap before
{Heap before GC invocations=9 (full 1):
 PSYoungGen      total 133888K, used 119548K [0x9e080000, 0xaa040000, 0xb3600000)
  eden space 110592K, 100% used [0x9e080000,0xa4c80000,0xa4c80000)
  from space 23296K, 38% used [0xa4c80000,0xa553f108,0xa6340000)
  to   space 22016K, 0% used [0xa8ac0000,0xa8ac0000,0xaa040000)
 ParOldGen       total 59648K, used 16258K [0x73600000, 0x77040000, 0x9e080000)
  object space 59648K, 27% used [0x73600000,0x745e08f8,0x77040000)
 PSPermGen       total 16384K, used 4454K [0x6f600000, 0x70600000, 0x73600000)
  object space 16384K, 27% used [0x6f600000,0x6fa59ad0,0x70600000)

Deoptimization events (10 events):
Event: 2,110 Thread 0xb6708800 Uncommon trap: reason=array_check action=maybe_recompile pc=0xb37aed84 method=java.util.ComparableTimSort.binarySort([Ljava/lang/Object;III)V @ 193
Event: 2,193 Thread 0xb6708800 Uncommon trap: reason=array_check action=maybe_recompile pc=0xb37b8c40 method=java.util.TimSort.binarySort([Ljava/lang/Object;IIILjava/util/Comparator;)V @ 183
Event: 2,193 Thread 0xb6708800 Uncommon trap: reason=array_check action=maybe_recompile pc=0xb37b8c40 method=java.util.TimSort.binarySort([Ljava/lang/Object;IIILjava/util/Comparator;)V @ 183
Event: 2,193 Thread 0xb6708800 Uncommon trap: reason=array_check action=maybe_recompile pc=0xb37b8bd4 method=java.util.TimSort.binarySort([Ljava/lang/Object;IIILjava/util/Comparator;)V @ 193
Event: 2,193 Thread 0xb6708800 Uncommon trap: reason=array_check action=maybe_recompile pc=0xb37b8b28 method=java.util.TimSort.binarySort([Ljava/lang/Object;IIILjava/util/Comparator;)V @ 215
Event: 2,193 Thread 0xb6708800 Uncommon trap: reason=array_check action=maybe_recompile pc=0xb37b8bd4 method=java.util.TimSort.binarySort([Ljava/lang/Object;IIILjava/util/Comparator;)V @ 193
Event: 2,373 Thread 0xb6708800 Uncommon trap: reason=array_check action=maybe_recompile pc=0xb37aed24 method=java.util.ComparableTimSort.binarySort([Ljava/lang/Object;III)V @ 215
Event: 2,373 Thread 0xb6708800 Uncommon trap: reason=array_check action=maybe_recompile pc=0xb37aed84 method=java.util.ComparableTimSort.binarySort([Ljava/lang/Object;III)V @ 193
Event: 2,470 Thread 0xb6708800 Uncommon trap: reason=array_check action=maybe_recompile pc=0xb37d1f30 method=java.util.ComparableTimSort.binarySort([Ljava/lang/Object;III)V @ 183
Event: 2,684 Thread 0xb6708800 Uncommon trap: reason=array_check action=maybe_recompile pc=0xb37d1f30 method=java.util.ComparableTimSort.binarySort([Ljava/lang/Object;III)V @ 183

Internal exceptions (10 events):
Event: 0,742 Thread 0xb6708800 Threw 0x9ebf71e0 at /HUDSON/workspace/7u-2-build-linux-i586/jdk7u45/229/hotspot/src/share/vm/prims/jvm.cpp:1244
Event: 0,742 Thread 0xb6708800 Threw 0x9ebf9d90 at /HUDSON/workspace/7u-2-build-linux-i586/jdk7u45/229/hotspot/src/share/vm/prims/jvm.cpp:1244
Event: 0,743 Thread 0xb6708800 Threw 0x9ebfcc90 at /HUDSON/workspace/7u-2-build-linux-i586/jdk7u45/229/hotspot/src/share/vm/prims/jvm.cpp:1244
Event: 0,745 Thread 0xb6708800 Threw 0x9ec03540 at /HUDSON/workspace/7u-2-build-linux-i586/jdk7u45/229/hotspot/src/share/vm/prims/jvm.cpp:1244
Event: 0,746 Thread 0xb6708800 Threw 0x9ec054d8 at /HUDSON/workspace/7u-2-build-linux-i586/jdk7u45/229/hotspot/src/share/vm/prims/jvm.cpp:1244
Event: 0,773 Thread 0xb6708800 Threw 0x9ec9cb78 at /HUDSON/workspace/7u-2-build-linux-i586/jdk7u45/229/hotspot/src/share/vm/prims/jvm.cpp:1244
Event: 0,773 Thread 0xb6708800 Threw 0x9ec9cc90 at /HUDSON/workspace/7u-2-build-linux-i586/jdk7u45/229/hotspot/src/share/vm/prims/jvm.cpp:1244
Event: 0,773 Thread 0xb6708800 Threw 0x9ec9ee58 at /HUDSON/workspace/7u-2-build-linux-i586/jdk7u45/229/hotspot/src/share/vm/prims/jvm.cpp:1244
Event: 0,773 Thread 0xb6708800 Threw 0x9ec9ef70 at /HUDSON/workspace/7u-2-build-linux-i586/jdk7u45/229/hotspot/src/share/vm/prims/jvm.cpp:1244
Event: 1,240 Thread 0xb6708800 Threw 0x9fd45de8 at /HUDSON/workspace/7u-2-build-linux-i586/jdk7u45/229/hotspot/src/share/vm/prims/jvm.cpp:1244

Events (10 events):
Event: 3,124 loading class 0x6bf879a0 done
Event: 3,124 loading class 0x6bf867b0
Event: 3,124 loading class 0x6bf867b0 done
Event: 3,124 loading class 0x6bf879f8
Event: 3,124 loading class 0x6bf879f8 done
Event: 3,124 loading class 0x6bf87b88
Event: 3,125 loading class 0x6bf87b88 done
Event: 3,125 loading class 0x6ef46b00
Event: 3,125 loading class 0x6ef46b00 done
Event: 3,273 Executing VM operation: ParallelGCFailedAllocation


Dynamic libraries:
08048000-08049000 r-xp 00000000 08:06 671014     /usr/local/java/jdk1.7.0_45/bin/java
08049000-0804a000 rw-p 00000000 08:06 671014     /usr/local/java/jdk1.7.0_45/bin/java
08d84000-08def000 rw-p 00000000 00:00 0          [heap]
6ae00000-6aef8000 rw-p 00000000 00:00 0 
6aef8000-6af00000 ---p 00000000 00:00 0 
6b000000-6b0fc000 rw-p 00000000 00:00 0 
6b0fc000-6b100000 ---p 00000000 00:00 0 
6b100000-6b1ff000 rw-p 00000000 00:00 0 
6b1ff000-6b200000 ---p 00000000 00:00 0 
6b200000-6b2f1000 rw-p 00000000 00:00 0 
6b2f1000-6b300000 ---p 00000000 00:00 0 
6b300000-6b3fe000 rw-p 00000000 00:00 0 
6b3fe000-6b400000 ---p 00000000 00:00 0 
6b500000-6b5ea000 rw-p 00000000 00:00 0 
6b5ea000-6b600000 ---p 00000000 00:00 0 
6b600000-6b700000 rw-p 00000000 00:00 0 
6b700000-6b76a000 rw-p 00000000 00:00 0 
6b76a000-6b800000 ---p 00000000 00:00 0 
6b814000-6b817000 ---p 00000000 00:00 0 
6b817000-6b865000 rw-p 00000000 00:00 0 
6b865000-6b868000 ---p 00000000 00:00 0 
6b868000-6b8b6000 rw-p 00000000 00:00 0 
6b8b6000-6b8b9000 ---p 00000000 00:00 0 
6b8b9000-6b907000 rw-p 00000000 00:00 0 
6b907000-6b90a000 ---p 00000000 00:00 0 
6b90a000-6b958000 rw-p 00000000 00:00 0 
6b958000-6b959000 ---p 00000000 00:00 0 
6b959000-6b9d9000 rw-p 00000000 00:00 0 
6b9d9000-6b9dc000 ---p 00000000 00:00 0 
6b9dc000-6ba2a000 rw-p 00000000 00:00 0 
6ba2a000-6ba2d000 ---p 00000000 00:00 0 
6ba2d000-6baab000 rw-p 00000000 00:00 0 
6baab000-6baae000 ---p 00000000 00:00 0 
6baae000-6bb2c000 rw-p 00000000 00:00 0 
6bb2c000-6bb2f000 ---p 00000000 00:00 0 
6bb2f000-6bb7d000 rw-p 00000000 00:00 0 
6bb7d000-6bcaf000 r--p 002c8000 08:06 392632     /usr/lib/locale/locale-archive
6bcaf000-6beaf000 r--p 00000000 08:06 392632     /usr/lib/locale/locale-archive
6beaf000-6beb2000 ---p 00000000 00:00 0 
6beb2000-6bf00000 rw-p 00000000 00:00 0 
6bf00000-6bffc000 rw-p 00000000 00:00 0 
6bffc000-6c000000 ---p 00000000 00:00 0 
6c000000-6c046000 rw-p 00000000 00:00 0 
6c046000-6c100000 ---p 00000000 00:00 0 
6c100000-6c1f0000 rw-p 00000000 00:00 0 
6c1f0000-6c200000 ---p 00000000 00:00 0 
6c238000-6c239000 ---p 00000000 00:00 0 
6c239000-6c304000 rw-p 00000000 00:00 0 
6c304000-6c4c0000 r--s 039b2000 08:06 393573     /usr/local/java/jdk1.7.0_45/jre/lib/rt.jar
6c4c0000-6eb00000 rw-p 00000000 00:00 0 
6eb00000-6ebff000 rw-p 00000000 00:00 0 
6ebff000-6ec00000 ---p 00000000 00:00 0 
6ec2e000-6ec31000 ---p 00000000 00:00 0 
6ec31000-6ec7f000 rw-p 00000000 00:00 0 
6ec7f000-6ec80000 ---p 00000000 00:00 0 
6ec80000-6ed00000 rw-p 00000000 00:00 0 
6ed00000-6ed21000 rw-p 00000000 00:00 0 
6ed21000-6ee00000 ---p 00000000 00:00 0 
6ee00000-6ee21000 rw-p 00000000 00:00 0 
6ee21000-6ef00000 ---p 00000000 00:00 0 
6ef24000-6ef7f000 rw-p 00000000 00:00 0 
6ef7f000-6ef80000 ---p 00000000 00:00 0 
6ef80000-6f000000 rw-p 00000000 00:00 0 
6f000000-6f036000 rw-p 00000000 00:00 0 
6f036000-6f100000 ---p 00000000 00:00 0 
6f128000-6f13d000 r-xp 00000000 08:06 670957     /usr/local/java/jdk1.7.0_45/jre/lib/i386/libnet.so
6f13d000-6f13e000 rw-p 00014000 08:06 670957     /usr/local/java/jdk1.7.0_45/jre/lib/i386/libnet.so
6f13e000-6f14c000 r-xp 00000000 08:06 670404     /usr/local/java/jdk1.7.0_45/jre/lib/i386/libnio.so
6f14c000-6f14d000 rw-p 0000e000 08:06 670404     /usr/local/java/jdk1.7.0_45/jre/lib/i386/libnio.so
6f14d000-6f167000 rw-p 00000000 00:00 0 
6f167000-6f168000 ---p 00000000 00:00 0 
6f168000-6f1e8000 rw-p 00000000 00:00 0 
6f1e8000-6f1e9000 ---p 00000000 00:00 0 
6f1e9000-6f271000 rw-p 00000000 00:00 0 
6f271000-6f289000 rw-p 00000000 00:00 0 
6f289000-6f2a7000 rw-p 00000000 00:00 0 
6f2a7000-6f3df000 rw-p 00000000 00:00 0 
6f3df000-6f3e7000 rw-p 00000000 00:00 0 
6f3e7000-6f3ff000 rw-p 00000000 00:00 0 
6f3ff000-6f41d000 rw-p 00000000 00:00 0 
6f41d000-6f554000 rw-p 00000000 00:00 0 
6f554000-6f5b5000 rw-p 00000000 00:00 0 
6f5b5000-6f5ff000 rw-p 00000000 00:00 0 
6f5ff000-70600000 rw-p 00000000 00:00 0 
70600000-73600000 rw-p 00000000 00:00 0 
73600000-77040000 rw-p 00000000 00:00 0 
77040000-9e080000 rw-p 00000000 00:00 0 
9e080000-aa040000 rw-p 00000000 00:00 0 
ac5ba000-ac7d5000 rw-p 00000000 00:00 0 
ac7d5000-ac7dc000 r--s 00000000 08:06 399305     /usr/lib/i386-linux-gnu/gconv/gconv-modules.cache
ac7dc000-ac800000 r--p 00000000 08:06 1317469    /usr/share/locale-langpack/pl/LC_MESSAGES/libc.mo
ac800000-b3600000 rw-p 00000000 00:00 0 
b3601000-b360a000 rw-p 00000000 00:00 0 
b360a000-b36c1000 rw-p 00000000 00:00 0 
b36c1000-b3901000 rwxp 00000000 00:00 0 
b3901000-b66c1000 rw-p 00000000 00:00 0 
b66c1000-b66d8000 r-xp 00000000 08:06 670944     /usr/local/java/jdk1.7.0_45/jre/lib/i386/libzip.so
b66d8000-b66d9000 rw-p 00017000 08:06 670944     /usr/local/java/jdk1.7.0_45/jre/lib/i386/libzip.so
b66d9000-b66e4000 r-xp 00000000 08:06 786669     /lib/i386-linux-gnu/libnss_files-2.15.so
b66e4000-b66e5000 r--p 0000a000 08:06 786669     /lib/i386-linux-gnu/libnss_files-2.15.so
b66e5000-b66e6000 rw-p 0000b000 08:06 786669     /lib/i386-linux-gnu/libnss_files-2.15.so
b66e6000-b66fc000 r-xp 00000000 08:06 786655     /lib/i386-linux-gnu/libnsl-2.15.so
b66fc000-b66fd000 r--p 00015000 08:06 786655     /lib/i386-linux-gnu/libnsl-2.15.so
b66fd000-b66fe000 rw-p 00016000 08:06 786655     /lib/i386-linux-gnu/libnsl-2.15.so
b66fe000-b6700000 rw-p 00000000 00:00 0 
b6700000-b67f6000 rw-p 00000000 00:00 0 
b67f6000-b6800000 ---p 00000000 00:00 0 
b680b000-b6815000 r-xp 00000000 08:06 786668     /lib/i386-linux-gnu/libnss_nis-2.15.so
b6815000-b6816000 r--p 00009000 08:06 786668     /lib/i386-linux-gnu/libnss_nis-2.15.so
b6816000-b6817000 rw-p 0000a000 08:06 786668     /lib/i386-linux-gnu/libnss_nis-2.15.so
b6817000-b681e000 r-xp 00000000 08:06 786670     /lib/i386-linux-gnu/libnss_compat-2.15.so
b681e000-b681f000 r--p 00006000 08:06 786670     /lib/i386-linux-gnu/libnss_compat-2.15.so
b681f000-b6820000 rw-p 00007000 08:06 786670     /lib/i386-linux-gnu/libnss_compat-2.15.so
b6825000-b6829000 r--s 0008a000 08:06 397573     /usr/local/java/jdk1.7.0_45/jre/lib/jsse.jar
b6829000-b6837000 r--s 000b4000 08:06 546427     /usr/share/android-studio/data/sdk/build-tools/android-4.4W/lib/dx.jar
b6837000-b685a000 r-xp 00000000 08:06 664766     /usr/local/java/jdk1.7.0_45/jre/lib/i386/libjava.so
b685a000-b685b000 rw-p 00022000 08:06 664766     /usr/local/java/jdk1.7.0_45/jre/lib/i386/libjava.so
b685b000-b6862000 r-xp 00000000 08:06 786663     /lib/i386-linux-gnu/librt-2.15.so
b6862000-b6863000 r--p 00006000 08:06 786663     /lib/i386-linux-gnu/librt-2.15.so
b6863000-b6864000 rw-p 00007000 08:06 786663     /lib/i386-linux-gnu/librt-2.15.so
b6864000-b6867000 ---p 00000000 00:00 0 
b6867000-b68b5000 rw-p 00000000 00:00 0 
b68b5000-b68df000 r-xp 00000000 08:06 786667     /lib/i386-linux-gnu/libm-2.15.so
b68df000-b68e0000 r--p 00029000 08:06 786667     /lib/i386-linux-gnu/libm-2.15.so
b68e0000-b68e1000 rw-p 0002a000 08:06 786667     /lib/i386-linux-gnu/libm-2.15.so
b68e1000-b7158000 r-xp 00000000 08:06 670953     /usr/local/java/jdk1.7.0_45/jre/lib/i386/server/libjvm.so
b7158000-b71bd000 rw-p 00876000 08:06 670953     /usr/local/java/jdk1.7.0_45/jre/lib/i386/server/libjvm.so
b71bd000-b75e0000 rw-p 00000000 00:00 0 
b75e0000-b7784000 r-xp 00000000 08:06 786672     /lib/i386-linux-gnu/libc-2.15.so
b7784000-b7786000 r--p 001a4000 08:06 786672     /lib/i386-linux-gnu/libc-2.15.so
b7786000-b7787000 rw-p 001a6000 08:06 786672     /lib/i386-linux-gnu/libc-2.15.so
b7787000-b778a000 rw-p 00000000 00:00 0 
b778a000-b778d000 r-xp 00000000 08:06 786671     /lib/i386-linux-gnu/libdl-2.15.so
b778d000-b778e000 r--p 00002000 08:06 786671     /lib/i386-linux-gnu/libdl-2.15.so
b778e000-b778f000 rw-p 00003000 08:06 786671     /lib/i386-linux-gnu/libdl-2.15.so
b778f000-b7790000 rw-p 00000000 00:00 0 
b7790000-b77a3000 r-xp 00000000 08:06 671956     /usr/local/java/jdk1.7.0_45/lib/i386/jli/libjli.so
b77a3000-b77a4000 rw-p 00012000 08:06 671956     /usr/local/java/jdk1.7.0_45/lib/i386/jli/libjli.so
b77a4000-b77bb000 r-xp 00000000 08:06 786661     /lib/i386-linux-gnu/libpthread-2.15.so
b77bb000-b77bc000 r--p 00016000 08:06 786661     /lib/i386-linux-gnu/libpthread-2.15.so
b77bc000-b77bd000 rw-p 00017000 08:06 786661     /lib/i386-linux-gnu/libpthread-2.15.so
b77bd000-b77bf000 rw-p 00000000 00:00 0 
b77c0000-b77c8000 rw-s 00000000 08:06 1074180    /tmp/hsperfdata_olek/13293
b77c8000-b77c9000 rw-p 00000000 00:00 0 
b77c9000-b77ca000 ---p 00000000 00:00 0 
b77ca000-b77d5000 r-xp 00000000 08:06 670968     /usr/local/java/jdk1.7.0_45/jre/lib/i386/libverify.so
b77d5000-b77d6000 rw-p 0000b000 08:06 670968     /usr/local/java/jdk1.7.0_45/jre/lib/i386/libverify.so
b77d6000-b77d8000 rw-p 00000000 00:00 0 
b77d8000-b77d9000 r-xp 00000000 00:00 0          [vdso]
b77d9000-b77f9000 r-xp 00000000 08:06 786662     /lib/i386-linux-gnu/ld-2.15.so
b77f9000-b77fa000 r--p 0001f000 08:06 786662     /lib/i386-linux-gnu/ld-2.15.so
b77fa000-b77fb000 rw-p 00020000 08:06 786662     /lib/i386-linux-gnu/ld-2.15.so
bfb41000-bfb63000 rw-p 00000000 00:00 0          [stack]

VM Arguments:
jvm_args: -Xmx1024M 
java_command: /usr/share/android-studio/data/sdk/build-tools/android-4.4W/lib/dx.jar --dex --num-threads=4 --output /home/olek/AndroidStudioProjects/Firsttest2/app/build/intermediates/dex/debug /home/olek/AndroidStudioProjects/Firsttest2/app/build/intermediates/classes/debug /home/olek/AndroidStudioProjects/Firsttest2/app/build/intermediates/dependency-cache/debug /home/olek/AndroidStudioProjects/Firsttest2/app/build/intermediates/pre-dexed/debug/jackson-annotations-2.4.0-cb75a2d511b85a812af8667b8e6cbd41ca81161d.jar /home/olek/AndroidStudioProjects/Firsttest2/app/build/intermediates/pre-dexed/debug/jackson-core-2.4.1-abab094ccc8171a3581dbf117bfc98c834d34e16.jar /home/olek/AndroidStudioProjects/Firsttest2/app/build/intermediates/pre-dexed/debug/robospice-1.4.12-54891fcdaa5b6e7126720b4c3bf19aa1d1d12d96.jar /home/olek/AndroidStudioProjects/Firsttest2/app/build/intermediates/pre-dexed/debug/support-v4-19.1.0-bfe6379f31d17615f5ca4b83bd0a7235fba0720f.jar /home/olek/AndroidStudioProjects/Firsttest2/app/build/intermediates/pre-dexed/debug/spring-android-rest-template-1.0.1.RELEASE-d69bda9f71829f66ccc26dbf30324a497520b789.jar /home/olek/AndroidStudioProjects/Firsttest2/app/build/intermediates/pre-dexed/debug/commons-lang3-3.2.1-ce66e2a0b6dd5aafc7a85ddb1fff9a86400cc123.jar /home/olek/AndroidStudioProjects/Firsttest2/app/build/intermediates/pre-dexed/debug/robospice-spring-android-1.4.12-37a8ecb64b28d3e2db88252c1754a30ef7167079.jar /home/olek/AndroidStudioProjects/Firsttest2/app/build/intermediates/pre-dexed/debug/spring-android-core-1.0.1.RELEASE-690c8a62e2ed6fc5c26e6c039a1f36098e236ea4.jar /home/olek/AndroidStudioProjects/Firsttest2/app/build/intermediates/pre-dexed/debug/universal-image-loader-1.9.2-278bc8616dd812ed278193cbaaf815ab1bc09e31.jar /home/olek/AndroidStudioProjects/Firsttest2/app/build/intermediates/pre-dexed/debug/robospice-cache-1.4.12-6f74321d8968bc7a2fef8dabcf7db5abababbfe2.jar /home/olek/AndroidStudioProjects/Firsttest2/app/build/intermediates/pre-dexed/de
Launcher Type: SUN_STANDARD

Environment Variables:
JAVA_HOME=/usr/local/java/jdk1.7.0_45
CLASSPATH=/usr/share/android-studio/data/bin/../lib/bootstrap.jar:/usr/share/android-studio/data/bin/../lib/extensions.jar:/usr/share/android-studio/data/bin/../lib/util.jar:/usr/share/android-studio/data/bin/../lib/jdom.jar:/usr/share/android-studio/data/bin/../lib/log4j.jar:/usr/share/android-studio/data/bin/../lib/trove4j.jar:/usr/share/android-studio/data/bin/../lib/jna.jar:/usr/local/java/jdk1.7.0_45/lib/tools.jar
PATH=/usr/lib/lightdm/lightdm:/usr/local/sbin:/usr/local/bin:/usr/sbin:/usr/bin:/sbin:/bin:/usr/games:/home/olek/bin:/usr/local/java/jdk1.7.0_45/bin
LD_LIBRARY_PATH=/usr/share/android-studio/data/bin:
SHELL=/bin/bash
DISPLAY=:0

Signal Handlers:
SIGSEGV: [libjvm.so+0x7dd350], sa_mask[0]=0x7ffbfeff, sa_flags=0x10000004
SIGBUS: [libjvm.so+0x7dd350], sa_mask[0]=0x7ffbfeff, sa_flags=0x10000004
SIGFPE: [libjvm.so+0x678b60], sa_mask[0]=0x7ffbfeff, sa_flags=0x10000004
SIGPIPE: [libjvm.so+0x678b60], sa_mask[0]=0x7ffbfeff, sa_flags=0x10000004
SIGXFSZ: [libjvm.so+0x678b60], sa_mask[0]=0x7ffbfeff, sa_flags=0x10000004
SIGILL: [libjvm.so+0x678b60], sa_mask[0]=0x7ffbfeff, sa_flags=0x10000004
SIGUSR1: SIG_DFL, sa_mask[0]=0x00000000, sa_flags=0x00000000
SIGUSR2: [libjvm.so+0x67a050], sa_mask[0]=0x00000004, sa_flags=0x10000004
SIGHUP: [libjvm.so+0x67b1a0], sa_mask[0]=0x7ffbfeff, sa_flags=0x10000004
SIGINT: [libjvm.so+0x67b1a0], sa_mask[0]=0x7ffbfeff, sa_flags=0x10000004
SIGTERM: [libjvm.so+0x67b1a0], sa_mask[0]=0x7ffbfeff, sa_flags=0x10000004
SIGQUIT: [libjvm.so+0x67b1a0], sa_mask[0]=0x7ffbfeff, sa_flags=0x10000004


---------------  S Y S T E M  ---------------

OS:wheezy/sid

uname:Linux 3.2.0-67-generic-pae #101-Ubuntu SMP Tue Jul 15 18:04:54 UTC 2014 i686
libc:glibc 2.15 NPTL 2.15 
rlimit: STACK 8192k, CORE 0k, NPROC 30461, NOFILE 4096, AS infinity
load average:1,93 0,84 0,59

/proc/meminfo:
MemTotal:        3913636 kB
MemFree:          155764 kB
Buffers:            6804 kB
Cached:           622800 kB
SwapCached:            0 kB
Active:          3236452 kB
Inactive:         430812 kB
Active(anon):    3172932 kB
Inactive(anon):   378780 kB
Active(file):      63520 kB
Inactive(file):    52032 kB
Unevictable:           0 kB
Mlocked:               0 kB
HighTotal:       3072916 kB
HighFree:            560 kB
LowTotal:         840720 kB
LowFree:          155204 kB
SwapTotal:             0 kB
SwapFree:              0 kB
Dirty:               264 kB
Writeback:            20 kB
AnonPages:       3038128 kB
Mapped:            91072 kB
Shmem:            513696 kB
Slab:              43008 kB
SReclaimable:      19440 kB
SUnreclaim:        23568 kB
KernelStack:        5040 kB
PageTables:        21848 kB
NFS_Unstable:          0 kB
Bounce:                0 kB
WritebackTmp:          0 kB
CommitLimit:     1956816 kB
Committed_AS:    7171440 kB
VmallocTotal:     122880 kB
VmallocUsed:       59980 kB
VmallocChunk:      60148 kB
HardwareCorrupted:     0 kB
AnonHugePages:         0 kB
HugePages_Total:       0
HugePages_Free:        0
HugePages_Rsvd:        0
HugePages_Surp:        0
Hugepagesize:       2048 kB
DirectMap4k:       10232 kB
DirectMap2M:      903168 kB


CPU:total 4 (2 cores per cpu, 2 threads per core) family 6 model 37 stepping 5, cmov, cx8, fxsr, mmx, sse, sse2, sse3, ssse3, sse4.1, sse4.2, popcnt, ht, tsc, tscinvbit

/proc/cpuinfo:
processor	: 0
vendor_id	: GenuineIntel
cpu family	: 6
model		: 37
model name	: Intel(R) Core(TM) i3 CPU       M 380  @ 2.53GHz
stepping	: 5
microcode	: 0x2
cpu MHz		: 1466.000
cache size	: 3072 KB
physical id	: 0
siblings	: 4
core id		: 0
cpu cores	: 2
apicid		: 0
initial apicid	: 0
fdiv_bug	: no
hlt_bug		: no
f00f_bug	: no
coma_bug	: no
fpu		: yes
fpu_exception	: yes
cpuid level	: 11
wp		: yes
flags		: fpu vme de pse tsc msr pae mce cx8 apic sep mtrr pge mca cmov pat pse36 clflush dts acpi mmx fxsr sse sse2 ss ht tm pbe nx rdtscp lm constant_tsc arch_perfmon pebs bts xtopology nonstop_tsc aperfmperf pni dtes64 monitor ds_cpl vmx est tm2 ssse3 cx16 xtpr pdcm pcid sse4_1 sse4_2 popcnt lahf_lm arat dtherm tpr_shadow vnmi flexpriority ept vpid
bogomips	: 5053.83
clflush size	: 64
cache_alignment	: 64
address sizes	: 36 bits physical, 48 bits virtual
power management:

processor	: 1
vendor_id	: GenuineIntel
cpu family	: 6
model		: 37
model name	: Intel(R) Core(TM) i3 CPU       M 380  @ 2.53GHz
stepping	: 5
microcode	: 0x2
cpu MHz		: 2533.000
cache size	: 3072 KB
physical id	: 0
siblings	: 4
core id		: 2
cpu cores	: 2
apicid		: 4
initial apicid	: 4
fdiv_bug	: no
hlt_bug		: no
f00f_bug	: no
coma_bug	: no
fpu		: yes
fpu_exception	: yes
cpuid level	: 11
wp		: yes
flags		: fpu vme de pse tsc msr pae mce cx8 apic sep mtrr pge mca cmov pat pse36 clflush dts acpi mmx fxsr sse sse2 ss ht tm pbe nx rdtscp lm constant_tsc arch_perfmon pebs bts xtopology nonstop_tsc aperfmperf pni dtes64 monitor ds_cpl vmx est tm2 ssse3 cx16 xtpr pdcm pcid sse4_1 sse4_2 popcnt lahf_lm arat dtherm tpr_shadow vnmi flexpriority ept vpid
bogomips	: 5054.20
clflush size	: 64
cache_alignment	: 64
address sizes	: 36 bits physical, 48 bits virtual
power management:

processor	: 2
vendor_id	: GenuineIntel
cpu family	: 6
model		: 37
model name	: Intel(R) Core(TM) i3 CPU       M 380  @ 2.53GHz
stepping	: 5
microcode	: 0x2
cpu MHz		: 2533.000
cache size	: 3072 KB
physical id	: 0
siblings	: 4
core id		: 0
cpu cores	: 2
apicid		: 1
initial apicid	: 1
fdiv_bug	: no
hlt_bug		: no
f00f_bug	: no
coma_bug	: no
fpu		: yes
fpu_exception	: yes
cpuid level	: 11
wp		: yes
flags		: fpu vme de pse tsc msr pae mce cx8 apic sep mtrr pge mca cmov pat pse36 clflush dts acpi mmx fxsr sse sse2 ss ht tm pbe nx rdtscp lm constant_tsc arch_perfmon pebs bts xtopology nonstop_tsc aperfmperf pni dtes64 monitor ds_cpl vmx est tm2 ssse3 cx16 xtpr pdcm pcid sse4_1 sse4_2 popcnt lahf_lm arat dtherm tpr_shadow vnmi flexpriority ept vpid
bogomips	: 5054.18
clflush size	: 64
cache_alignment	: 64
address sizes	: 36 bits physical, 48 bits virtual
power management:

processor	: 3
vendor_id	: GenuineIntel
cpu family	: 6
model		: 37
model name	: Intel(R) Core(TM) i3 CPU       M 380  @ 2.53GHz
stepping	: 5
microcode	: 0x2
cpu MHz		: 2533.000
cache size	: 3072 KB
physical id	: 0
siblings	: 4
core id		: 2
cpu cores	: 2
apicid		: 5
initial apicid	: 5
fdiv_bug	: no
hlt_bug		: no
f00f_bug	: no
coma_bug	: no
fpu		: yes
fpu_exception	: yes
cpuid level	: 11
wp		: yes
flags		: fpu vme de pse tsc msr pae mce cx8 apic sep mtrr pge mca cmov pat pse36 clflush dts acpi mmx fxsr sse sse2 ss ht tm pbe nx rdtscp lm constant_tsc arch_perfmon pebs bts xtopology nonstop_tsc aperfmperf pni dtes64 monitor ds_cpl vmx est tm2 ssse3 cx16 xtpr pdcm pcid sse4_1 sse4_2 popcnt lahf_lm arat dtherm tpr_shadow vnmi flexpriority ept vpid
bogomips	: 5054.19
clflush size	: 64
cache_alignment	: 64
address sizes	: 36 bits physical, 48 bits virtual
power management:



Memory: 4k page, physical 3913636k(155764k free), swap 0k(0k free)

vm_info: Java HotSpot(TM) Server VM (24.45-b08) for linux-x86 JRE (1.7.0_45-b18), built on Oct  8 2013 05:44:51 by "java_re" with gcc 4.3.0 20080428 (Red Hat 4.3.0-8)

time: Mon Aug  4 15:38:37 2014
elapsed time: 3 seconds

