#
# There is insufficient memory for the Java Runtime Environment to continue.
# Native memory allocation (malloc) failed to allocate 104333312 bytes for committing reserved memory.
# Possible reasons:
#   The system is out of physical RAM or swap space
#   In 32 bit mode, the process size limit was hit
# Possible solutions:
#   Reduce memory load on the system
#   Increase physical memory or swap space
#   Check if swap backing store is full
#   Use 64 bit Java on a 64 bit OS
#   Decrease Java heap size (-Xmx/-Xms)
#   Decrease number of Java threads
#   Decrease Java thread stack sizes (-Xss)
#   Set larger code cache with -XX:ReservedCodeCacheSize=
# This output file may be truncated or incomplete.
#
#  Out of Memory Error (os_linux.cpp:2718), pid=7556, tid=1813744448
#
# JRE version: Java(TM) SE Runtime Environment (7.0_45-b18) (build 1.7.0_45-b18)
# Java VM: Java HotSpot(TM) Server VM (24.45-b08 mixed mode linux-x86 )
# Failed to write core dump. Core dumps have been disabled. To enable core dumping, try "ulimit -c unlimited" before starting Java again
#

---------------  T H R E A D  ---------------

Current thread (0x6c080400):  VMThread [stack: 0x6c138000,0x6c1b9000] [id=7569]

Stack: [0x6c138000,0x6c1b9000],  sp=0x6c1b7ae0,  free space=510k
Native frames: (J=compiled Java code, j=interpreted, Vv=VM code, C=native code)
V  [libjvm.so+0x7dc836]  VMError::report_and_die()+0x1a6
V  [libjvm.so+0x33a5c2]  report_vm_out_of_memory(char const*, int, unsigned int, char const*)+0x72
V  [libjvm.so+0x67bc21]  os::Linux::commit_memory_impl(char*, unsigned int, bool)+0xe1
V  [libjvm.so+0x67c077]  os::Linux::commit_memory_impl(char*, unsigned int, unsigned int, bool)+0x47
V  [libjvm.so+0x67c23d]  os::pd_commit_memory(char*, unsigned int, unsigned int, bool)+0x1d
V  [libjvm.so+0x675c8c]  os::commit_memory(char*, unsigned int, unsigned int, bool)+0x2c
V  [libjvm.so+0x6df178]  PSVirtualSpace::expand_by(unsigned int)+0x48
V  [libjvm.so+0x6e027a]  PSYoungGen::resize_generation(unsigned int, unsigned int)+0xda
V  [libjvm.so+0x6df5b9]  PSYoungGen::resize(unsigned int, unsigned int)+0x19
V  [libjvm.so+0x6dd31b]  PSScavenge::invoke_no_policy()+0x105b
V  [libjvm.so+0x6dd748]  PSScavenge::invoke()+0x28
V  [libjvm.so+0x69b9aa]  ParallelScavengeHeap::failed_mem_allocate(unsigned int)+0x5a
V  [libjvm.so+0x7de0da]  VM_ParallelGCFailedAllocation::doit()+0x7a
V  [libjvm.so+0x7e6e97]  VM_Operation::evaluate()+0x47
V  [libjvm.so+0x7e4f93]  VMThread::evaluate_operation(VM_Operation*)+0xb3
V  [libjvm.so+0x7e5330]  VMThread::loop()+0x1b0
V  [libjvm.so+0x7e5795]  VMThread::run()+0x85
V  [libjvm.so+0x67e0f9]  java_start(Thread*)+0x119
C  [libpthread.so.0+0x6d4c]  start_thread+0xcc

VM_Operation (0xb6808bc4): ParallelGCFailedAllocation, mode: safepoint, requested by thread 0xb6608800


---------------  P R O C E S S  ---------------

Java Threads: ( => current thread )
  0x6c099c00 JavaThread "Service Thread" daemon [_thread_blocked, id=7575, stack(0x6b92a000,0x6b97b000)]
  0x6c097c00 JavaThread "C2 CompilerThread1" daemon [_thread_blocked, id=7574, stack(0x6b97b000,0x6b9fc000)]
  0x6c095c00 JavaThread "C2 CompilerThread0" daemon [_thread_blocked, id=7573, stack(0x6b9fc000,0x6ba7d000)]
  0x6c094400 JavaThread "Signal Dispatcher" daemon [_thread_blocked, id=7572, stack(0x6ba7d000,0x6bace000)]
  0x6c084800 JavaThread "Finalizer" daemon [_thread_blocked, id=7571, stack(0x6eb2e000,0x6eb7f000)]
  0x6c082000 JavaThread "Reference Handler" daemon [_thread_blocked, id=7570, stack(0x6ed2e000,0x6ed7f000)]
  0xb6608800 JavaThread "main" [_thread_blocked, id=7564, stack(0xb67b9000,0xb680a000)]

Other Threads:
=>0x6c080400 VMThread [stack: 0x6c138000,0x6c1b9000] [id=7569]
  0x6c09bc00 WatcherThread [stack: 0x6b8a9000,0x6b92a000] [id=7576]

VM state:at safepoint (normal execution)

VM Mutex/Monitor currently owned by a thread:  ([mutex/lock_event])
[0xb6606170] Threads_lock - owner thread: 0x6c080400
[0xb6606580] Heap_lock - owner thread: 0xb6608800

Heap
 PSYoungGen      total 64000K, used 2557K [0x9df80000, 0xa2080000, 0xb3500000)
  eden space 61440K, 0% used [0x9df80000,0x9df80000,0xa1b80000)
  from space 2560K, 99% used [0xa1b80000,0xa1dff6d8,0xa1e00000)
  to   space 2560K, 0% used [0xa1e00000,0xa1e00000,0xa2080000)
 ParOldGen       total 45312K, used 42032K [0x73500000, 0x76140000, 0x9df80000)
  object space 45312K, 92% used [0x73500000,0x75e0c078,0x76140000)
 PSPermGen       total 16384K, used 4533K [0x6f500000, 0x70500000, 0x73500000)
  object space 16384K, 27% used [0x6f500000,0x6f96d528,0x70500000)

Card table byte_map: [0x6f2df000,0x6f500000] byte_map_base: 0x6ef64800

Polling page: 0xb771f000

Code Cache  [0xb35e0000, 0xb3820000, 0xb65e0000)
 total_blobs=848 nmethods=713 adapters=89 free_code_cache=47111Kb largest_free_block=48188736

Compilation events (10 events):
Event: 8,237 Thread 0x6c097c00 nmethod 715 0xb37ce048 code [0xb37ce140, 0xb37ce190]
Event: 8,237 Thread 0x6c097c00  716             com.android.dex.Dex$ClassDefIterator::hasNext (26 bytes)
Event: 8,238 Thread 0x6c095c00 nmethod 712 0xb37e4608 code [0xb37e4ae0, 0xb37e70b8]
Event: 8,238 Thread 0x6c095c00  717             com.android.dex.ClassDef::<init> (62 bytes)
Event: 8,238 Thread 0x6c097c00 nmethod 716 0xb379c888 code [0xb379c980, 0xb379ca10]
Event: 8,238 Thread 0x6c097c00  718             com.android.dx.merge.SortableType::<init> (20 bytes)
Event: 8,239 Thread 0x6c095c00 nmethod 717 0xb37cd5c8 code [0xb37cd6a0, 0xb37cd730]
Event: 8,239 Thread 0x6c097c00 nmethod 718 0xb37cd448 code [0xb37cd520, 0xb37cd570]
Event: 8,239 Thread 0x6c097c00  719             java.util.TimSort::binarySort (223 bytes)
Event: 8,240 Thread 0x6c095c00  720             com.android.dx.merge.SortableType$1::compare (13 bytes)

GC Heap History (9 events):
Event: 1,251 GC heap before
{Heap before GC invocations=1 (full 0):
 PSYoungGen      total 17920K, used 14803K [0x9df80000, 0x9f380000, 0xb3500000)
  eden space 15360K, 96% used [0x9df80000,0x9edf4d00,0x9ee80000)
  from space 2560K, 0% used [0x9f100000,0x9f100000,0x9f380000)
  to   space 2560K, 0% used [0x9ee80000,0x9ee80000,0x9f100000)
 ParOldGen       total 40704K, used 0K [0x73500000, 0x75cc0000, 0x9df80000)
  object space 40704K, 0% used [0x73500000,0x73500000,0x75cc0000)
 PSPermGen       total 16384K, used 2737K [0x6f500000, 0x70500000, 0x73500000)
  object space 16384K, 16% used [0x6f500000,0x6f7ac448,0x70500000)
Event: 1,263 GC heap after
Heap after GC invocations=1 (full 0):
 PSYoungGen      total 17920K, used 1536K [0x9df80000, 0xa0280000, 0xb3500000)
  eden space 15360K, 0% used [0x9df80000,0x9df80000,0x9ee80000)
  from space 2560K, 60% used [0x9ee80000,0x9f000248,0x9f100000)
  to   space 2560K, 0% used [0xa0000000,0xa0000000,0xa0280000)
 ParOldGen       total 40704K, used 5000K [0x73500000, 0x75cc0000, 0x9df80000)
  object space 40704K, 12% used [0x73500000,0x739e2010,0x75cc0000)
 PSPermGen       total 16384K, used 2737K [0x6f500000, 0x70500000, 0x73500000)
  object space 16384K, 16% used [0x6f500000,0x6f7ac448,0x70500000)
}
Event: 1,577 GC heap before
{Heap before GC invocations=2 (full 0):
 PSYoungGen      total 17920K, used 16896K [0x9df80000, 0xa0280000, 0xb3500000)
  eden space 15360K, 100% used [0x9df80000,0x9ee80000,0x9ee80000)
  from space 2560K, 60% used [0x9ee80000,0x9f000248,0x9f100000)
  to   space 2560K, 0% used [0xa0000000,0xa0000000,0xa0280000)
 ParOldGen       total 40704K, used 5000K [0x73500000, 0x75cc0000, 0x9df80000)
  object space 40704K, 12% used [0x73500000,0x739e2010,0x75cc0000)
 PSPermGen       total 16384K, used 3183K [0x6f500000, 0x70500000, 0x73500000)
  object space 16384K, 19% used [0x6f500000,0x6f81bd08,0x70500000)
Event: 1,582 GC heap after
Heap after GC invocations=2 (full 0):
 PSYoungGen      total 33280K, used 2550K [0x9df80000, 0xa0280000, 0xb3500000)
  eden space 30720K, 0% used [0x9df80000,0x9df80000,0x9fd80000)
  from space 2560K, 99% used [0xa0000000,0xa027db98,0xa0280000)
  to   space 2560K, 0% used [0x9fd80000,0x9fd80000,0xa0000000)
 ParOldGen       total 40704K, used 9428K [0x73500000, 0x75cc0000, 0x9df80000)
  object space 40704K, 23% used [0x73500000,0x73e350e0,0x75cc0000)
 PSPermGen       total 16384K, used 3183K [0x6f500000, 0x70500000, 0x73500000)
  object space 16384K, 19% used [0x6f500000,0x6f81bd08,0x70500000)
}
Event: 2,859 GC heap before
{Heap before GC invocations=3 (full 0):
 PSYoungGen      total 33280K, used 33270K [0x9df80000, 0xa0280000, 0xb3500000)
  eden space 30720K, 100% used [0x9df80000,0x9fd80000,0x9fd80000)
  from space 2560K, 99% used [0xa0000000,0xa027db98,0xa0280000)
  to   space 2560K, 0% used [0x9fd80000,0x9fd80000,0xa0000000)
 ParOldGen       total 40704K, used 9428K [0x73500000, 0x75cc0000, 0x9df80000)
  object space 40704K, 23% used [0x73500000,0x73e350e0,0x75cc0000)
 PSPermGen       total 16384K, used 3499K [0x6f500000, 0x70500000, 0x73500000)
  object space 16384K, 21% used [0x6f500000,0x6f86ad50,0x70500000)
Event: 2,875 GC heap after
Heap after GC invocations=3 (full 0):
 PSYoungGen      total 33280K, used 2545K [0x9df80000, 0xa2080000, 0xb3500000)
  eden space 30720K, 0% used [0x9df80000,0x9df80000,0x9fd80000)
  from space 2560K, 99% used [0x9fd80000,0x9fffc430,0xa0000000)
  to   space 2560K, 0% used [0xa1e00000,0xa1e00000,0xa2080000)
 ParOldGen       total 40704K, used 14903K [0x73500000, 0x75cc0000, 0x9df80000)
  object space 40704K, 36% used [0x73500000,0x7438de38,0x75cc0000)
 PSPermGen       total 16384K, used 3499K [0x6f500000, 0x70500000, 0x73500000)
  object space 16384K, 21% used [0x6f500000,0x6f86ad50,0x70500000)
}
Event: 6,078 GC heap before
{Heap before GC invocations=4 (full 0):
 PSYoungGen      total 33280K, used 33265K [0x9df80000, 0xa2080000, 0xb3500000)
  eden space 30720K, 100% used [0x9df80000,0x9fd80000,0x9fd80000)
  from space 2560K, 99% used [0x9fd80000,0x9fffc430,0xa0000000)
  to   space 2560K, 0% used [0xa1e00000,0xa1e00000,0xa2080000)
 ParOldGen       total 40704K, used 14903K [0x73500000, 0x75cc0000, 0x9df80000)
  object space 40704K, 36% used [0x73500000,0x7438de38,0x75cc0000)
 PSPermGen       total 16384K, used 4193K [0x6f500000, 0x70500000, 0x73500000)
  object space 16384K, 25% used [0x6f500000,0x6f918688,0x70500000)
Event: 6,091 GC heap after
Heap after GC invocations=4 (full 0):
 PSYoungGen      total 64000K, used 2550K [0x9df80000, 0xa2080000, 0xb3500000)
  eden space 61440K, 0% used [0x9df80000,0x9df80000,0xa1b80000)
  from space 2560K, 99% used [0xa1e00000,0xa207d900,0xa2080000)
  to   space 2560K, 0% used [0xa1b80000,0xa1b80000,0xa1e00000)
 ParOldGen       total 40704K, used 20820K [0x73500000, 0x75cc0000, 0x9df80000)
  object space 40704K, 51% used [0x73500000,0x74955260,0x75cc0000)
 PSPermGen       total 16384K, used 4193K [0x6f500000, 0x70500000, 0x73500000)
  object space 16384K, 25% used [0x6f500000,0x6f918688,0x70500000)
}
Event: 8,241 GC heap before
{Heap before GC invocations=5 (full 0):
 PSYoungGen      total 64000K, used 63990K [0x9df80000, 0xa2080000, 0xb3500000)
  eden space 61440K, 100% used [0x9df80000,0xa1b80000,0xa1b80000)
  from space 2560K, 99% used [0xa1e00000,0xa207d900,0xa2080000)
  to   space 2560K, 0% used [0xa1b80000,0xa1b80000,0xa1e00000)
 ParOldGen       total 40704K, used 20820K [0x73500000, 0x75cc0000, 0x9df80000)
  object space 40704K, 51% used [0x73500000,0x74955260,0x75cc0000)
 PSPermGen       total 16384K, used 4533K [0x6f500000, 0x70500000, 0x73500000)
  object space 16384K, 27% used [0x6f500000,0x6f96d528,0x70500000)

Deoptimization events (10 events):
Event: 7,020 Thread 0xb6608800 Uncommon trap: reason=class_check action=maybe_recompile pc=0xb3698690 method=java.util.HashMap.<init>(IF)V @ 115
Event: 7,021 Thread 0xb6608800 Uncommon trap: reason=class_check action=maybe_recompile pc=0xb36a0bbc method=java.util.HashMap.<init>(IF)V @ 115
Event: 7,049 Thread 0xb6608800 Uncommon trap: reason=class_check action=maybe_recompile pc=0xb368b38c method=java.util.ArrayList.<init>(Ljava/util/Collection;)V @ 6
Event: 7,093 Thread 0xb6608800 Uncommon trap: reason=class_check action=maybe_recompile pc=0xb3698690 method=java.util.HashMap.<init>(IF)V @ 115
Event: 7,094 Thread 0xb6608800 Uncommon trap: reason=class_check action=maybe_recompile pc=0xb368b38c method=java.util.ArrayList.<init>(Ljava/util/Collection;)V @ 6
Event: 7,145 Thread 0xb6608800 Uncommon trap: reason=predicate action=maybe_recompile pc=0xb37642b4 method=java.util.ComparableTimSort.binarySort([Ljava/lang/Object;III)V @ 37
Event: 7,172 Thread 0xb6608800 Uncommon trap: reason=unreached action=reinterpret pc=0xb374b108 method=com.android.dx.merge.DexMerger$IdMerger.mergeSorted()V @ 206
Event: 7,198 Thread 0xb6608800 Uncommon trap: reason=unreached action=reinterpret pc=0xb379f310 method=com.android.dx.merge.DexMerger$IdMerger.mergeSorted()V @ 206
Event: 7,239 Thread 0xb6608800 Uncommon trap: reason=predicate action=maybe_recompile pc=0xb375daec method=com.android.dex.Leb128.readUnsignedLeb128(Lcom/android/dex/util/ByteInput;)I @ 41
Event: 7,465 Thread 0xb6608800 Uncommon trap: reason=predicate action=maybe_recompile pc=0xb3768b1c method=java.util.TimSort.binarySort([Ljava/lang/Object;IIILjava/util/Comparator;)V @ 37

Internal exceptions (10 events):
Event: 5,848 Thread 0xb6608800 Threw 0x9f458aa0 at /HUDSON/workspace/7u-2-build-linux-i586/jdk7u45/229/hotspot/src/share/vm/prims/jvm.cpp:1244
Event: 5,849 Thread 0xb6608800 Threw 0x9f45b650 at /HUDSON/workspace/7u-2-build-linux-i586/jdk7u45/229/hotspot/src/share/vm/prims/jvm.cpp:1244
Event: 5,850 Thread 0xb6608800 Threw 0x9f45e550 at /HUDSON/workspace/7u-2-build-linux-i586/jdk7u45/229/hotspot/src/share/vm/prims/jvm.cpp:1244
Event: 5,854 Thread 0xb6608800 Threw 0x9f464e50 at /HUDSON/workspace/7u-2-build-linux-i586/jdk7u45/229/hotspot/src/share/vm/prims/jvm.cpp:1244
Event: 5,855 Thread 0xb6608800 Threw 0x9f4a7110 at /HUDSON/workspace/7u-2-build-linux-i586/jdk7u45/229/hotspot/src/share/vm/prims/jvm.cpp:1244
Event: 6,060 Thread 0xb6608800 Threw 0x9fc6a1f8 at /HUDSON/workspace/7u-2-build-linux-i586/jdk7u45/229/hotspot/src/share/vm/prims/jvm.cpp:1244
Event: 7,040 Thread 0xb6608800 Threw 0x9f78bb40 at /HUDSON/workspace/7u-2-build-linux-i586/jdk7u45/229/hotspot/src/share/vm/prims/jvm.cpp:1244
Event: 7,040 Thread 0xb6608800 Threw 0x9f78bc58 at /HUDSON/workspace/7u-2-build-linux-i586/jdk7u45/229/hotspot/src/share/vm/prims/jvm.cpp:1244
Event: 7,040 Thread 0xb6608800 Threw 0x9f78de20 at /HUDSON/workspace/7u-2-build-linux-i586/jdk7u45/229/hotspot/src/share/vm/prims/jvm.cpp:1244
Event: 7,040 Thread 0xb6608800 Threw 0x9f78df38 at /HUDSON/workspace/7u-2-build-linux-i586/jdk7u45/229/hotspot/src/share/vm/prims/jvm.cpp:1244

Events (10 events):
Event: 7,198 Thread 0xb6608800 Uncommon trap: trap_request=0xffffffad fr.pc=0xb379f310
Event: 7,198 Thread 0xb6608800 DEOPT PACKING pc=0xb379f310 sp=0xb6808e20
Event: 7,198 Thread 0xb6608800 DEOPT UNPACKING pc=0xb360cbbc sp=0xb6808e0c mode 2
Event: 7,239 Thread 0xb6608800 Uncommon trap: trap_request=0xffffff86 fr.pc=0xb375daec
Event: 7,240 Thread 0xb6608800 DEOPT PACKING pc=0xb375daec sp=0xb6808c80
Event: 7,240 Thread 0xb6608800 DEOPT UNPACKING pc=0xb360cbbc sp=0xb6808c6c mode 2
Event: 7,465 Thread 0xb6608800 Uncommon trap: trap_request=0xffffff86 fr.pc=0xb3768b1c
Event: 7,465 Thread 0xb6608800 DEOPT PACKING pc=0xb3768b1c sp=0xb6808d50
Event: 7,465 Thread 0xb6608800 DEOPT UNPACKING pc=0xb360cbbc sp=0xb6808d48 mode 2
Event: 8,241 Executing VM operation: ParallelGCFailedAllocation


Dynamic libraries:
08048000-08049000 r-xp 00000000 08:06 671014     /usr/local/java/jdk1.7.0_45/bin/java
08049000-0804a000 rw-p 00000000 08:06 671014     /usr/local/java/jdk1.7.0_45/bin/java
08da3000-08e58000 rw-p 00000000 00:00 0          [heap]
6a600000-6a6f7000 rw-p 00000000 00:00 0 
6a6f7000-6a700000 ---p 00000000 00:00 0 
6a800000-6a8f4000 rw-p 00000000 00:00 0 
6a8f4000-6a900000 ---p 00000000 00:00 0 
6a900000-6a9d6000 rw-p 00000000 00:00 0 
6a9d6000-6aa00000 ---p 00000000 00:00 0 
6aa00000-6aafc000 rw-p 00000000 00:00 0 
6aafc000-6ab00000 ---p 00000000 00:00 0 
6ac00000-6acff000 rw-p 00000000 00:00 0 
6acff000-6ad00000 ---p 00000000 00:00 0 
6ae00000-6aefe000 rw-p 00000000 00:00 0 
6aefe000-6af00000 ---p 00000000 00:00 0 
6b000000-6b0fc000 rw-p 00000000 00:00 0 
6b0fc000-6b100000 ---p 00000000 00:00 0 
6b1fc000-6b200000 r--s 0008a000 08:06 397573     /usr/local/java/jdk1.7.0_45/jre/lib/jsse.jar
6b200000-6b2fb000 rw-p 00000000 00:00 0 
6b2fb000-6b300000 ---p 00000000 00:00 0 
6b300000-6b3f5000 rw-p 00000000 00:00 0 
6b3f5000-6b400000 ---p 00000000 00:00 0 
6b400000-6b4fb000 rw-p 00000000 00:00 0 
6b4fb000-6b500000 ---p 00000000 00:00 0 
6b500000-6b600000 rw-p 00000000 00:00 0 
6b600000-6b686000 rw-p 00000000 00:00 0 
6b686000-6b700000 ---p 00000000 00:00 0 
6b765000-6b768000 ---p 00000000 00:00 0 
6b768000-6b7b6000 rw-p 00000000 00:00 0 
6b7b6000-6b7b9000 ---p 00000000 00:00 0 
6b7b9000-6b807000 rw-p 00000000 00:00 0 
6b807000-6b80a000 ---p 00000000 00:00 0 
6b80a000-6b858000 rw-p 00000000 00:00 0 
6b858000-6b85b000 ---p 00000000 00:00 0 
6b85b000-6b8a9000 rw-p 00000000 00:00 0 
6b8a9000-6b8aa000 ---p 00000000 00:00 0 
6b8aa000-6b92a000 rw-p 00000000 00:00 0 
6b92a000-6b92d000 ---p 00000000 00:00 0 
6b92d000-6b97b000 rw-p 00000000 00:00 0 
6b97b000-6b97e000 ---p 00000000 00:00 0 
6b97e000-6b9fc000 rw-p 00000000 00:00 0 
6b9fc000-6b9ff000 ---p 00000000 00:00 0 
6b9ff000-6ba7d000 rw-p 00000000 00:00 0 
6ba7d000-6ba80000 ---p 00000000 00:00 0 
6ba80000-6bace000 rw-p 00000000 00:00 0 
6bace000-6bc00000 r--p 002c8000 08:06 392632     /usr/lib/locale/locale-archive
6bc00000-6be00000 r--p 00000000 08:06 392632     /usr/lib/locale/locale-archive
6be00000-6befd000 rw-p 00000000 00:00 0 
6befd000-6bf00000 ---p 00000000 00:00 0 
6bf00000-6bf36000 rw-p 00000000 00:00 0 
6bf36000-6c000000 ---p 00000000 00:00 0 
6c000000-6c100000 rw-p 00000000 00:00 0 
6c138000-6c139000 ---p 00000000 00:00 0 
6c139000-6c204000 rw-p 00000000 00:00 0 
6c204000-6c3c0000 r--s 039b2000 08:06 393573     /usr/local/java/jdk1.7.0_45/jre/lib/rt.jar
6c3c0000-6ea00000 rw-p 00000000 00:00 0 
6ea00000-6eae6000 rw-p 00000000 00:00 0 
6eae6000-6eb00000 ---p 00000000 00:00 0 
6eb2e000-6eb31000 ---p 00000000 00:00 0 
6eb31000-6eb7f000 rw-p 00000000 00:00 0 
6eb7f000-6eb80000 ---p 00000000 00:00 0 
6eb80000-6ec00000 rw-p 00000000 00:00 0 
6ec00000-6ec21000 rw-p 00000000 00:00 0 
6ec21000-6ed00000 ---p 00000000 00:00 0 
6ed2e000-6ed31000 ---p 00000000 00:00 0 
6ed31000-6ed7f000 rw-p 00000000 00:00 0 
6ed7f000-6ed80000 ---p 00000000 00:00 0 
6ed80000-6ee00000 rw-p 00000000 00:00 0 
6ee00000-6ee21000 rw-p 00000000 00:00 0 
6ee21000-6ef00000 ---p 00000000 00:00 0 
6ef0e000-6ef23000 r-xp 00000000 08:06 670957     /usr/local/java/jdk1.7.0_45/jre/lib/i386/libnet.so
6ef23000-6ef24000 rw-p 00014000 08:06 670957     /usr/local/java/jdk1.7.0_45/jre/lib/i386/libnet.so
6ef24000-6ef7f000 rw-p 00000000 00:00 0 
6ef7f000-6ef80000 ---p 00000000 00:00 0 
6ef80000-6f000000 rw-p 00000000 00:00 0 
6f000000-6f029000 rw-p 00000000 00:00 0 
6f029000-6f100000 ---p 00000000 00:00 0 
6f108000-6f109000 ---p 00000000 00:00 0 
6f109000-6f1a0000 rw-p 00000000 00:00 0 
6f1a0000-6f2df000 rw-p 00000000 00:00 0 
6f2df000-6f2e7000 rw-p 00000000 00:00 0 
6f2e7000-6f2ff000 rw-p 00000000 00:00 0 
6f2ff000-6f316000 rw-p 00000000 00:00 0 
6f316000-6f454000 rw-p 00000000 00:00 0 
6f454000-6f475000 rw-p 00000000 00:00 0 
6f475000-6f4ff000 rw-p 00000000 00:00 0 
6f4ff000-70500000 rw-p 00000000 00:00 0 
70500000-73500000 rw-p 00000000 00:00 0 
73500000-76140000 rw-p 00000000 00:00 0 
76140000-9df80000 rw-p 00000000 00:00 0 
9df80000-a2080000 rw-p 00000000 00:00 0 
a81bc000-a83d5000 rw-p 00000000 00:00 0 
a83d5000-a83dc000 r--s 00000000 08:06 395046     /usr/lib/i386-linux-gnu/gconv/gconv-modules.cache
a83dc000-a8400000 r--p 00000000 08:06 1317469    /usr/share/locale-langpack/pl/LC_MESSAGES/libc.mo
a8400000-b3500000 rw-p 00000000 00:00 0 
b3506000-b3529000 rw-p 00000000 00:00 0 
b3529000-b35e0000 rw-p 00000000 00:00 0 
b35e0000-b3820000 rwxp 00000000 00:00 0 
b3820000-b65e0000 rw-p 00000000 00:00 0 
b65e0000-b65e7000 r-xp 00000000 08:06 786201     /lib/i386-linux-gnu/libnss_compat-2.15.so
b65e7000-b65e8000 r--p 00006000 08:06 786201     /lib/i386-linux-gnu/libnss_compat-2.15.so
b65e8000-b65e9000 rw-p 00007000 08:06 786201     /lib/i386-linux-gnu/libnss_compat-2.15.so
b65f1000-b65ff000 r-xp 00000000 08:06 670404     /usr/local/java/jdk1.7.0_45/jre/lib/i386/libnio.so
b65ff000-b6600000 rw-p 0000e000 08:06 670404     /usr/local/java/jdk1.7.0_45/jre/lib/i386/libnio.so
b6600000-b66f7000 rw-p 00000000 00:00 0 
b66f7000-b6700000 ---p 00000000 00:00 0 
b670a000-b6712000 rw-p 00000000 00:00 0 
b6712000-b672a000 rw-p 00000000 00:00 0 
b672a000-b6741000 r-xp 00000000 08:06 670944     /usr/local/java/jdk1.7.0_45/jre/lib/i386/libzip.so
b6741000-b6742000 rw-p 00017000 08:06 670944     /usr/local/java/jdk1.7.0_45/jre/lib/i386/libzip.so
b6742000-b674d000 r-xp 00000000 08:06 786164     /lib/i386-linux-gnu/libnss_files-2.15.so
b674d000-b674e000 r--p 0000a000 08:06 786164     /lib/i386-linux-gnu/libnss_files-2.15.so
b674e000-b674f000 rw-p 0000b000 08:06 786164     /lib/i386-linux-gnu/libnss_files-2.15.so
b674f000-b6759000 r-xp 00000000 08:06 786202     /lib/i386-linux-gnu/libnss_nis-2.15.so
b6759000-b675a000 r--p 00009000 08:06 786202     /lib/i386-linux-gnu/libnss_nis-2.15.so
b675a000-b675b000 rw-p 0000a000 08:06 786202     /lib/i386-linux-gnu/libnss_nis-2.15.so
b6763000-b6764000 rw-p 00000000 00:00 0 
b6764000-b6772000 r--s 000b4000 08:06 546427     /usr/share/android-studio/data/sdk/build-tools/android-4.4W/lib/dx.jar
b6772000-b6788000 r-xp 00000000 08:06 786163     /lib/i386-linux-gnu/libnsl-2.15.so
b6788000-b6789000 r--p 00015000 08:06 786163     /lib/i386-linux-gnu/libnsl-2.15.so
b6789000-b678a000 rw-p 00016000 08:06 786163     /lib/i386-linux-gnu/libnsl-2.15.so
b678a000-b678c000 rw-p 00000000 00:00 0 
b678c000-b67af000 r-xp 00000000 08:06 664766     /usr/local/java/jdk1.7.0_45/jre/lib/i386/libjava.so
b67af000-b67b0000 rw-p 00022000 08:06 664766     /usr/local/java/jdk1.7.0_45/jre/lib/i386/libjava.so
b67b0000-b67b7000 r-xp 00000000 08:06 786021     /lib/i386-linux-gnu/librt-2.15.so
b67b7000-b67b8000 r--p 00006000 08:06 786021     /lib/i386-linux-gnu/librt-2.15.so
b67b8000-b67b9000 rw-p 00007000 08:06 786021     /lib/i386-linux-gnu/librt-2.15.so
b67b9000-b67bc000 ---p 00000000 00:00 0 
b67bc000-b680a000 rw-p 00000000 00:00 0 
b680a000-b6834000 r-xp 00000000 08:06 786199     /lib/i386-linux-gnu/libm-2.15.so
b6834000-b6835000 r--p 00029000 08:06 786199     /lib/i386-linux-gnu/libm-2.15.so
b6835000-b6836000 rw-p 0002a000 08:06 786199     /lib/i386-linux-gnu/libm-2.15.so
b6836000-b70ad000 r-xp 00000000 08:06 670953     /usr/local/java/jdk1.7.0_45/jre/lib/i386/server/libjvm.so
b70ad000-b7112000 rw-p 00876000 08:06 670953     /usr/local/java/jdk1.7.0_45/jre/lib/i386/server/libjvm.so
b7112000-b7535000 rw-p 00000000 00:00 0 
b7535000-b76d9000 r-xp 00000000 08:06 786179     /lib/i386-linux-gnu/libc-2.15.so
b76d9000-b76da000 ---p 001a4000 08:06 786179     /lib/i386-linux-gnu/libc-2.15.so
b76da000-b76dc000 r--p 001a4000 08:06 786179     /lib/i386-linux-gnu/libc-2.15.so
b76dc000-b76dd000 rw-p 001a6000 08:06 786179     /lib/i386-linux-gnu/libc-2.15.so
b76dd000-b76e0000 rw-p 00000000 00:00 0 
b76e0000-b76e3000 r-xp 00000000 08:06 811213     /lib/i386-linux-gnu/libdl-2.15.so
b76e3000-b76e4000 r--p 00002000 08:06 811213     /lib/i386-linux-gnu/libdl-2.15.so
b76e4000-b76e5000 rw-p 00003000 08:06 811213     /lib/i386-linux-gnu/libdl-2.15.so
b76e5000-b76e6000 rw-p 00000000 00:00 0 
b76e6000-b76f9000 r-xp 00000000 08:06 671956     /usr/local/java/jdk1.7.0_45/lib/i386/jli/libjli.so
b76f9000-b76fa000 rw-p 00012000 08:06 671956     /usr/local/java/jdk1.7.0_45/lib/i386/jli/libjli.so
b76fa000-b7711000 r-xp 00000000 08:06 785972     /lib/i386-linux-gnu/libpthread-2.15.so
b7711000-b7712000 r--p 00016000 08:06 785972     /lib/i386-linux-gnu/libpthread-2.15.so
b7712000-b7713000 rw-p 00017000 08:06 785972     /lib/i386-linux-gnu/libpthread-2.15.so
b7713000-b7716000 rw-p 00000000 00:00 0 
b7716000-b771e000 rw-s 00000000 08:06 1074668    /tmp/hsperfdata_olek/7556
b771e000-b771f000 rw-p 00000000 00:00 0 
b771f000-b7720000 ---p 00000000 00:00 0 
b7720000-b772b000 r-xp 00000000 08:06 670968     /usr/local/java/jdk1.7.0_45/jre/lib/i386/libverify.so
b772b000-b772c000 rw-p 0000b000 08:06 670968     /usr/local/java/jdk1.7.0_45/jre/lib/i386/libverify.so
b772c000-b772e000 rw-p 00000000 00:00 0 
b772e000-b772f000 r-xp 00000000 00:00 0          [vdso]
b772f000-b774f000 r-xp 00000000 08:06 785971     /lib/i386-linux-gnu/ld-2.15.so
b774f000-b7750000 r--p 0001f000 08:06 785971     /lib/i386-linux-gnu/ld-2.15.so
b7750000-b7751000 rw-p 00020000 08:06 785971     /lib/i386-linux-gnu/ld-2.15.so
bf960000-bf982000 rw-p 00000000 00:00 0          [stack]

VM Arguments:
jvm_args: -Xmx1024M 
java_command: /usr/share/android-studio/data/sdk/build-tools/android-4.4W/lib/dx.jar --dex --num-threads=4 --output /home/olek/AndroidStudioProjects/DajSpisac2/DajSpisac/app/build/intermediates/dex/debug /home/olek/AndroidStudioProjects/DajSpisac2/DajSpisac/app/build/intermediates/classes/debug /home/olek/AndroidStudioProjects/DajSpisac2/DajSpisac/app/build/intermediates/dependency-cache/debug /home/olek/AndroidStudioProjects/DajSpisac2/DajSpisac/app/build/intermediates/pre-dexed/debug/classes-e99f374224a6e0d8466773740ec3d1131db8ebb1.jar /home/olek/AndroidStudioProjects/DajSpisac2/DajSpisac/app/build/intermediates/pre-dexed/debug/support-v4-19.1.0-bfe6379f31d17615f5ca4b83bd0a7235fba0720f.jar /home/olek/AndroidStudioProjects/DajSpisac2/DajSpisac/app/build/intermediates/pre-dexed/debug/commons-io-1.3.2-65ced0583e745a13466ed476e15f98ed8c349674.jar /home/olek/AndroidStudioProjects/DajSpisac2/DajSpisac/app/build/intermediates/pre-dexed/debug/robospice-spring-android-1.4.12-762be6cfb250899b1c81036b07f54fee4dcb2ac4.jar /home/olek/AndroidStudioProjects/DajSpisac2/DajSpisac/app/build/intermediates/pre-dexed/debug/commons-lang3-3.2.1-48ddb587b0af443a44635ae516cd5b6e9793dbc0.jar /home/olek/AndroidStudioProjects/DajSpisac2/DajSpisac/app/build/intermediates/pre-dexed/debug/universal-image-loader-1.9.2-eee2392d80033a19dda5fe10e97bf2d997aa8324.jar /home/olek/AndroidStudioProjects/DajSpisac2/DajSpisac/app/build/intermediates/pre-dexed/debug/spring-android-core-1.0.1.RELEASE-9b9474ca76c015172b287f2cde44701cfd7f5b74.jar /home/olek/AndroidStudioProjects/DajSpisac2/DajSpisac/app/build/intermediates/pre-dexed/debug/jackson-annotations-2.4.0-f178df8577412c09ca51db91729aef33d7539dfc.jar /home/olek/AndroidStudioProjects/DajSpisac2/DajSpisac/app/build/intermediates/pre-dexed/debug/jackson-databind-2.4.1-6d3307ebe01e61039a6ee8c8c597c33528867cbd.jar /home/olek/AndroidStudioProjects/DajSpisac2/DajSpisac/app/build/intermediates/pre-dexed/debug/spring-android-rest-template-1.0.1.RELEASE-0958c0
Launcher Type: SUN_STANDARD

Environment Variables:
JAVA_HOME=/usr/local/java/jdk1.7.0_45
CLASSPATH=/usr/share/android-studio/data/bin/../lib/bootstrap.jar:/usr/share/android-studio/data/bin/../lib/extensions.jar:/usr/share/android-studio/data/bin/../lib/util.jar:/usr/share/android-studio/data/bin/../lib/jdom.jar:/usr/share/android-studio/data/bin/../lib/log4j.jar:/usr/share/android-studio/data/bin/../lib/trove4j.jar:/usr/share/android-studio/data/bin/../lib/jna.jar:/usr/local/java/jdk1.7.0_45/lib/tools.jar
PATH=/usr/lib/lightdm/lightdm:/usr/local/sbin:/usr/local/bin:/usr/sbin:/usr/bin:/sbin:/bin:/usr/games:/home/olek/bin:/usr/local/java/jdk1.7.0_45/bin
LD_LIBRARY_PATH=/usr/share/android-studio/data/bin:
SHELL=/bin/bash
DISPLAY=:0

Signal Handlers:
SIGSEGV: [libjvm.so+0x7dd350], sa_mask[0]=0x7ffbfeff, sa_flags=0x10000004
SIGBUS: [libjvm.so+0x7dd350], sa_mask[0]=0x7ffbfeff, sa_flags=0x10000004
SIGFPE: [libjvm.so+0x678b60], sa_mask[0]=0x7ffbfeff, sa_flags=0x10000004
SIGPIPE: [libjvm.so+0x678b60], sa_mask[0]=0x7ffbfeff, sa_flags=0x10000004
SIGXFSZ: [libjvm.so+0x678b60], sa_mask[0]=0x7ffbfeff, sa_flags=0x10000004
SIGILL: [libjvm.so+0x678b60], sa_mask[0]=0x7ffbfeff, sa_flags=0x10000004
SIGUSR1: SIG_DFL, sa_mask[0]=0x00000000, sa_flags=0x00000000
SIGUSR2: [libjvm.so+0x67a050], sa_mask[0]=0x00000004, sa_flags=0x10000004
SIGHUP: [libjvm.so+0x67b1a0], sa_mask[0]=0x7ffbfeff, sa_flags=0x10000004
SIGINT: [libjvm.so+0x67b1a0], sa_mask[0]=0x7ffbfeff, sa_flags=0x10000004
SIGTERM: [libjvm.so+0x67b1a0], sa_mask[0]=0x7ffbfeff, sa_flags=0x10000004
SIGQUIT: [libjvm.so+0x67b1a0], sa_mask[0]=0x7ffbfeff, sa_flags=0x10000004


---------------  S Y S T E M  ---------------

OS:wheezy/sid

uname:Linux 3.2.0-67-generic-pae #101-Ubuntu SMP Tue Jul 15 18:04:54 UTC 2014 i686
libc:glibc 2.15 NPTL 2.15 
rlimit: STACK 8192k, CORE 0k, NPROC 30461, NOFILE 4096, AS infinity
load average:5,07 3,37 2,08

/proc/meminfo:
MemTotal:        3913636 kB
MemFree:          163008 kB
Buffers:            3440 kB
Cached:           598228 kB
SwapCached:            0 kB
Active:          3130300 kB
Inactive:         530452 kB
Active(anon):    3081160 kB
Inactive(anon):   486636 kB
Active(file):      49140 kB
Inactive(file):    43816 kB
Unevictable:          16 kB
Mlocked:              16 kB
HighTotal:       3072916 kB
HighFree:            336 kB
LowTotal:         840720 kB
LowFree:          162672 kB
SwapTotal:             0 kB
SwapFree:              0 kB
Dirty:               100 kB
Writeback:             0 kB
AnonPages:       3059268 kB
Mapped:           103464 kB
Shmem:            508612 kB
Slab:              40764 kB
SReclaimable:      19204 kB
SUnreclaim:        21560 kB
KernelStack:        5080 kB
PageTables:        21048 kB
NFS_Unstable:          0 kB
Bounce:                0 kB
WritebackTmp:          0 kB
CommitLimit:     1956816 kB
Committed_AS:    7309952 kB
VmallocTotal:     122880 kB
VmallocUsed:       59952 kB
VmallocChunk:      59156 kB
HardwareCorrupted:     0 kB
AnonHugePages:         0 kB
HugePages_Total:       0
HugePages_Free:        0
HugePages_Rsvd:        0
HugePages_Surp:        0
Hugepagesize:       2048 kB
DirectMap4k:       10232 kB
DirectMap2M:      903168 kB


CPU:total 4 (2 cores per cpu, 2 threads per core) family 6 model 37 stepping 5, cmov, cx8, fxsr, mmx, sse, sse2, sse3, ssse3, sse4.1, sse4.2, popcnt, ht, tsc, tscinvbit

/proc/cpuinfo:
processor	: 0
vendor_id	: GenuineIntel
cpu family	: 6
model		: 37
model name	: Intel(R) Core(TM) i3 CPU       M 380  @ 2.53GHz
stepping	: 5
microcode	: 0x2
cpu MHz		: 2533.000
cache size	: 3072 KB
physical id	: 0
siblings	: 4
core id		: 0
cpu cores	: 2
apicid		: 0
initial apicid	: 0
fdiv_bug	: no
hlt_bug		: no
f00f_bug	: no
coma_bug	: no
fpu		: yes
fpu_exception	: yes
cpuid level	: 11
wp		: yes
flags		: fpu vme de pse tsc msr pae mce cx8 apic sep mtrr pge mca cmov pat pse36 clflush dts acpi mmx fxsr sse sse2 ss ht tm pbe nx rdtscp lm constant_tsc arch_perfmon pebs bts xtopology nonstop_tsc aperfmperf pni dtes64 monitor ds_cpl vmx est tm2 ssse3 cx16 xtpr pdcm pcid sse4_1 sse4_2 popcnt lahf_lm arat dtherm tpr_shadow vnmi flexpriority ept vpid
bogomips	: 5054.49
clflush size	: 64
cache_alignment	: 64
address sizes	: 36 bits physical, 48 bits virtual
power management:

processor	: 1
vendor_id	: GenuineIntel
cpu family	: 6
model		: 37
model name	: Intel(R) Core(TM) i3 CPU       M 380  @ 2.53GHz
stepping	: 5
microcode	: 0x2
cpu MHz		: 2533.000
cache size	: 3072 KB
physical id	: 0
siblings	: 4
core id		: 2
cpu cores	: 2
apicid		: 4
initial apicid	: 4
fdiv_bug	: no
hlt_bug		: no
f00f_bug	: no
coma_bug	: no
fpu		: yes
fpu_exception	: yes
cpuid level	: 11
wp		: yes
flags		: fpu vme de pse tsc msr pae mce cx8 apic sep mtrr pge mca cmov pat pse36 clflush dts acpi mmx fxsr sse sse2 ss ht tm pbe nx rdtscp lm constant_tsc arch_perfmon pebs bts xtopology nonstop_tsc aperfmperf pni dtes64 monitor ds_cpl vmx est tm2 ssse3 cx16 xtpr pdcm pcid sse4_1 sse4_2 popcnt lahf_lm arat dtherm tpr_shadow vnmi flexpriority ept vpid
bogomips	: 5054.18
clflush size	: 64
cache_alignment	: 64
address sizes	: 36 bits physical, 48 bits virtual
power management:

processor	: 2
vendor_id	: GenuineIntel
cpu family	: 6
model		: 37
model name	: Intel(R) Core(TM) i3 CPU       M 380  @ 2.53GHz
stepping	: 5
microcode	: 0x2
cpu MHz		: 2533.000
cache size	: 3072 KB
physical id	: 0
siblings	: 4
core id		: 0
cpu cores	: 2
apicid		: 1
initial apicid	: 1
fdiv_bug	: no
hlt_bug		: no
f00f_bug	: no
coma_bug	: no
fpu		: yes
fpu_exception	: yes
cpuid level	: 11
wp		: yes
flags		: fpu vme de pse tsc msr pae mce cx8 apic sep mtrr pge mca cmov pat pse36 clflush dts acpi mmx fxsr sse sse2 ss ht tm pbe nx rdtscp lm constant_tsc arch_perfmon pebs bts xtopology nonstop_tsc aperfmperf pni dtes64 monitor ds_cpl vmx est tm2 ssse3 cx16 xtpr pdcm pcid sse4_1 sse4_2 popcnt lahf_lm arat dtherm tpr_shadow vnmi flexpriority ept vpid
bogomips	: 5054.18
clflush size	: 64
cache_alignment	: 64
address sizes	: 36 bits physical, 48 bits virtual
power management:

processor	: 3
vendor_id	: GenuineIntel
cpu family	: 6
model		: 37
model name	: Intel(R) Core(TM) i3 CPU       M 380  @ 2.53GHz
stepping	: 5
microcode	: 0x2
cpu MHz		: 933.000
cache size	: 3072 KB
physical id	: 0
siblings	: 4
core id		: 2
cpu cores	: 2
apicid		: 5
initial apicid	: 5
fdiv_bug	: no
hlt_bug		: no
f00f_bug	: no
coma_bug	: no
fpu		: yes
fpu_exception	: yes
cpuid level	: 11
wp		: yes
flags		: fpu vme de pse tsc msr pae mce cx8 apic sep mtrr pge mca cmov pat pse36 clflush dts acpi mmx fxsr sse sse2 ss ht tm pbe nx rdtscp lm constant_tsc arch_perfmon pebs bts xtopology nonstop_tsc aperfmperf pni dtes64 monitor ds_cpl vmx est tm2 ssse3 cx16 xtpr pdcm pcid sse4_1 sse4_2 popcnt lahf_lm arat dtherm tpr_shadow vnmi flexpriority ept vpid
bogomips	: 5054.19
clflush size	: 64
cache_alignment	: 64
address sizes	: 36 bits physical, 48 bits virtual
power management:



Memory: 4k page, physical 3913636k(163008k free), swap 0k(0k free)

vm_info: Java HotSpot(TM) Server VM (24.45-b08) for linux-x86 JRE (1.7.0_45-b18), built on Oct  8 2013 05:44:51 by "java_re" with gcc 4.3.0 20080428 (Red Hat 4.3.0-8)

time: Fri Aug 22 11:57:36 2014
elapsed time: 9 seconds

