#
# There is insufficient memory for the Java Runtime Environment to continue.
# Native memory allocation (malloc) failed to allocate 88604672 bytes for committing reserved memory.
# Possible reasons:
#   The system is out of physical RAM or swap space
#   In 32 bit mode, the process size limit was hit
# Possible solutions:
#   Reduce memory load on the system
#   Increase physical memory or swap space
#   Check if swap backing store is full
#   Use 64 bit Java on a 64 bit OS
#   Decrease Java heap size (-Xmx/-Xms)
#   Decrease number of Java threads
#   Decrease Java thread stack sizes (-Xss)
#   Set larger code cache with -XX:ReservedCodeCacheSize=
# This output file may be truncated or incomplete.
#
#  Out of Memory Error (os_linux.cpp:2718), pid=6942, tid=1813744448
#
# JRE version: Java(TM) SE Runtime Environment (7.0_45-b18) (build 1.7.0_45-b18)
# Java VM: Java HotSpot(TM) Server VM (24.45-b08 mixed mode linux-x86 )
# Failed to write core dump. Core dumps have been disabled. To enable core dumping, try "ulimit -c unlimited" before starting Java again
#

---------------  T H R E A D  ---------------

Current thread (0x6c080400):  VMThread [stack: 0x6c138000,0x6c1b9000] [id=6955]

Stack: [0x6c138000,0x6c1b9000],  sp=0x6c1b79e0,  free space=510k
Native frames: (J=compiled Java code, j=interpreted, Vv=VM code, C=native code)
V  [libjvm.so+0x7dc836]  VMError::report_and_die()+0x1a6
V  [libjvm.so+0x33a5c2]  report_vm_out_of_memory(char const*, int, unsigned int, char const*)+0x72
V  [libjvm.so+0x67bc21]  os::Linux::commit_memory_impl(char*, unsigned int, bool)+0xe1
V  [libjvm.so+0x67c077]  os::Linux::commit_memory_impl(char*, unsigned int, unsigned int, bool)+0x47
V  [libjvm.so+0x67c23d]  os::pd_commit_memory(char*, unsigned int, unsigned int, bool)+0x1d
V  [libjvm.so+0x675c8c]  os::commit_memory(char*, unsigned int, unsigned int, bool)+0x2c
V  [libjvm.so+0x6df178]  PSVirtualSpace::expand_by(unsigned int)+0x48
V  [libjvm.so+0x6e027a]  PSYoungGen::resize_generation(unsigned int, unsigned int)+0xda
V  [libjvm.so+0x6df5b9]  PSYoungGen::resize(unsigned int, unsigned int)+0x19
V  [libjvm.so+0x6dd31b]  PSScavenge::invoke_no_policy()+0x105b
V  [libjvm.so+0x6dd748]  PSScavenge::invoke()+0x28
V  [libjvm.so+0x69b9aa]  ParallelScavengeHeap::failed_mem_allocate(unsigned int)+0x5a
V  [libjvm.so+0x7de0da]  VM_ParallelGCFailedAllocation::doit()+0x7a
V  [libjvm.so+0x7e6e97]  VM_Operation::evaluate()+0x47
V  [libjvm.so+0x7e4f93]  VMThread::evaluate_operation(VM_Operation*)+0xb3
V  [libjvm.so+0x7e5330]  VMThread::loop()+0x1b0
V  [libjvm.so+0x7e5795]  VMThread::run()+0x85
V  [libjvm.so+0x67e0f9]  java_start(Thread*)+0x119
C  [libpthread.so.0+0x6d4c]  start_thread+0xcc

VM_Operation (0xb67eecb4): ParallelGCFailedAllocation, mode: safepoint, requested by thread 0xb6608800


---------------  P R O C E S S  ---------------

Java Threads: ( => current thread )
  0x6c099c00 JavaThread "Service Thread" daemon [_thread_blocked, id=6961, stack(0x6b92a000,0x6b97b000)]
  0x6c097c00 JavaThread "C2 CompilerThread1" daemon [_thread_blocked, id=6960, stack(0x6b97b000,0x6b9fc000)]
  0x6c095c00 JavaThread "C2 CompilerThread0" daemon [_thread_blocked, id=6959, stack(0x6b9fc000,0x6ba7d000)]
  0x6c094400 JavaThread "Signal Dispatcher" daemon [_thread_blocked, id=6958, stack(0x6ba7d000,0x6bace000)]
  0x6c084800 JavaThread "Finalizer" daemon [_thread_blocked, id=6957, stack(0x6eb2e000,0x6eb7f000)]
  0x6c082000 JavaThread "Reference Handler" daemon [_thread_blocked, id=6956, stack(0x6ed2e000,0x6ed7f000)]
  0xb6608800 JavaThread "main" [_thread_blocked, id=6950, stack(0xb679f000,0xb67f0000)]

Other Threads:
=>0x6c080400 VMThread [stack: 0x6c138000,0x6c1b9000] [id=6955]
  0x6c09bc00 WatcherThread [stack: 0x6b8a9000,0x6b92a000] [id=6962]

VM state:at safepoint (normal execution)

VM Mutex/Monitor currently owned by a thread:  ([mutex/lock_event])
[0xb6606170] Threads_lock - owner thread: 0x6c080400
[0xb6606580] Heap_lock - owner thread: 0xb6608800

Heap
 PSYoungGen      total 193792K, used 29521K [0x9df80000, 0xabbc0000, 0xb3500000)
  eden space 162048K, 0% used [0x9df80000,0x9df80000,0xa7dc0000)
  from space 31744K, 92% used [0xa7dc0000,0xa9a94780,0xa9cc0000)
  to   space 31232K, 0% used [0xa9d00000,0xa9d00000,0xabb80000)
 ParOldGen       total 52224K, used 28267K [0x73500000, 0x76800000, 0x9df80000)
  object space 52224K, 54% used [0x73500000,0x7509aca0,0x76800000)
 PSPermGen       total 16384K, used 4502K [0x6f500000, 0x70500000, 0x73500000)
  object space 16384K, 27% used [0x6f500000,0x6f9659f8,0x70500000)

Card table byte_map: [0x6f2df000,0x6f500000] byte_map_base: 0x6ef64800

Polling page: 0xb7705000

Code Cache  [0xb35e0000, 0xb3820000, 0xb65e0000)
 total_blobs=859 nmethods=724 adapters=89 free_code_cache=47389Kb largest_free_block=48493376

Compilation events (10 events):
Event: 5,765 Thread 0x6c095c00  739             java.util.TimSort::countRunAndMakeAscending (128 bytes)
Event: 5,784 Thread 0x6c095c00 nmethod 739 0xb379aa08 code [0xb379ab60, 0xb379b4f0]
Event: 5,807 Thread 0x6c095c00  741             com.android.dx.io.instructions.InstructionCodec::unit0 (3 bytes)
Event: 5,807 Thread 0x6c097c00  740             com.android.dx.io.instructions.InstructionCodec::access$700 (5 bytes)
Event: 5,808 Thread 0x6c097c00 nmethod 740 0xb366d948 code [0xb366da20, 0xb366da50]
Event: 5,808 Thread 0x6c095c00 nmethod 741 0xb36cea48 code [0xb36ceb20, 0xb36ceb50]
Event: 5,808 Thread 0x6c095c00  742             com.android.dx.io.instructions.InstructionCodec::access$800 (5 bytes)
Event: 5,808 Thread 0x6c097c00  743             com.android.dx.io.instructions.InstructionCodec::unit1 (6 bytes)
Event: 5,808 Thread 0x6c095c00 nmethod 742 0xb3707888 code [0xb3707960, 0xb3707990]
Event: 5,808 Thread 0x6c097c00 nmethod 743 0xb373c048 code [0xb373c120, 0xb373c150]

GC Heap History (10 events):
Event: 4,366 GC heap after
Heap after GC invocations=9 (full 1):
 PSYoungGen      total 96256K, used 15334K [0x9df80000, 0xa5900000, 0xb3500000)
  eden space 77824K, 0% used [0x9df80000,0x9df80000,0xa2b80000)
  from space 18432K, 83% used [0xa3f80000,0xa4e79b58,0xa5180000)
  to   space 20480K, 0% used [0xa2b80000,0xa2b80000,0xa3f80000)
 ParOldGen       total 52224K, used 18092K [0x73500000, 0x76800000, 0x9df80000)
  object space 52224K, 34% used [0x73500000,0x746ab3e8,0x76800000)
 PSPermGen       total 16384K, used 4492K [0x6f500000, 0x70500000, 0x73500000)
  object space 16384K, 27% used [0x6f500000,0x6f963088,0x70500000)
}
Event: 4,652 GC heap before
{Heap before GC invocations=10 (full 1):
 PSYoungGen      total 96256K, used 93158K [0x9df80000, 0xa5900000, 0xb3500000)
  eden space 77824K, 100% used [0x9df80000,0xa2b80000,0xa2b80000)
  from space 18432K, 83% used [0xa3f80000,0xa4e79b58,0xa5180000)
  to   space 20480K, 0% used [0xa2b80000,0xa2b80000,0xa3f80000)
 ParOldGen       total 52224K, used 18092K [0x73500000, 0x76800000, 0x9df80000)
  object space 52224K, 34% used [0x73500000,0x746ab3e8,0x76800000)
 PSPermGen       total 16384K, used 4496K [0x6f500000, 0x70500000, 0x73500000)
  object space 16384K, 27% used [0x6f500000,0x6f964368,0x70500000)
Event: 4,679 GC heap after
Heap after GC invocations=10 (full 1):
 PSYoungGen      total 98304K, used 19149K [0x9df80000, 0xa7ac0000, 0xb3500000)
  eden space 77824K, 0% used [0x9df80000,0x9df80000,0xa2b80000)
  from space 20480K, 93% used [0xa2b80000,0xa3e335a0,0xa3f80000)
  to   space 23296K, 0% used [0xa6400000,0xa6400000,0xa7ac0000)
 ParOldGen       total 52224K, used 22892K [0x73500000, 0x76800000, 0x9df80000)
  object space 52224K, 43% used [0x73500000,0x74b5b1d0,0x76800000)
 PSPermGen       total 16384K, used 4496K [0x6f500000, 0x70500000, 0x73500000)
  object space 16384K, 27% used [0x6f500000,0x6f964368,0x70500000)
}
Event: 4,893 GC heap before
{Heap before GC invocations=11 (full 1):
 PSYoungGen      total 98304K, used 96973K [0x9df80000, 0xa7ac0000, 0xb3500000)
  eden space 77824K, 100% used [0x9df80000,0xa2b80000,0xa2b80000)
  from space 20480K, 93% used [0xa2b80000,0xa3e335a0,0xa3f80000)
  to   space 23296K, 0% used [0xa6400000,0xa6400000,0xa7ac0000)
 ParOldGen       total 52224K, used 22892K [0x73500000, 0x76800000, 0x9df80000)
  object space 52224K, 43% used [0x73500000,0x74b5b1d0,0x76800000)
 PSPermGen       total 16384K, used 4496K [0x6f500000, 0x70500000, 0x73500000)
  object space 16384K, 27% used [0x6f500000,0x6f964368,0x70500000)
Event: 4,926 GC heap after
Heap after GC invocations=11 (full 1):
 PSYoungGen      total 132352K, used 23092K [0x9df80000, 0xa8540000, 0xb3500000)
  eden space 109056K, 0% used [0x9df80000,0x9df80000,0xa4a00000)
  from space 23296K, 99% used [0xa6400000,0xa7a8d100,0xa7ac0000)
  to   space 26624K, 0% used [0xa4a00000,0xa4a00000,0xa6400000)
 ParOldGen       total 52224K, used 27303K [0x73500000, 0x76800000, 0x9df80000)
  object space 52224K, 52% used [0x73500000,0x74fa9c70,0x76800000)
 PSPermGen       total 16384K, used 4496K [0x6f500000, 0x70500000, 0x73500000)
  object space 16384K, 27% used [0x6f500000,0x6f964368,0x70500000)
}
Event: 5,168 GC heap before
{Heap before GC invocations=12 (full 1):
 PSYoungGen      total 132352K, used 132148K [0x9df80000, 0xa8540000, 0xb3500000)
  eden space 109056K, 100% used [0x9df80000,0xa4a00000,0xa4a00000)
  from space 23296K, 99% used [0xa6400000,0xa7a8d100,0xa7ac0000)
  to   space 26624K, 0% used [0xa4a00000,0xa4a00000,0xa6400000)
 ParOldGen       total 52224K, used 27303K [0x73500000, 0x76800000, 0x9df80000)
  object space 52224K, 52% used [0x73500000,0x74fa9c70,0x76800000)
 PSPermGen       total 16384K, used 4499K [0x6f500000, 0x70500000, 0x73500000)
  object space 16384K, 27% used [0x6f500000,0x6f964e40,0x70500000)
Event: 5,184 GC heap after
Heap after GC invocations=12 (full 1):
 PSYoungGen      total 135680K, used 26620K [0x9df80000, 0xabb80000, 0xb3500000)
  eden space 109056K, 0% used [0x9df80000,0x9df80000,0xa4a00000)
  from space 26624K, 99% used [0xa4a00000,0xa63ff120,0xa6400000)
  to   space 31232K, 0% used [0xa9d00000,0xa9d00000,0xabb80000)
 ParOldGen       total 52224K, used 28243K [0x73500000, 0x76800000, 0x9df80000)
  object space 52224K, 54% used [0x73500000,0x75094ca0,0x76800000)
 PSPermGen       total 16384K, used 4499K [0x6f500000, 0x70500000, 0x73500000)
  object space 16384K, 27% used [0x6f500000,0x6f964e40,0x70500000)
}
Event: 5,475 GC heap before
{Heap before GC invocations=13 (full 1):
 PSYoungGen      total 135680K, used 135676K [0x9df80000, 0xabb80000, 0xb3500000)
  eden space 109056K, 100% used [0x9df80000,0xa4a00000,0xa4a00000)
  from space 26624K, 99% used [0xa4a00000,0xa63ff120,0xa6400000)
  to   space 31232K, 0% used [0xa9d00000,0xa9d00000,0xabb80000)
 ParOldGen       total 52224K, used 28243K [0x73500000, 0x76800000, 0x9df80000)
  object space 52224K, 54% used [0x73500000,0x75094ca0,0x76800000)
 PSPermGen       total 16384K, used 4501K [0x6f500000, 0x70500000, 0x73500000)
  object space 16384K, 27% used [0x6f500000,0x6f965548,0x70500000)
Event: 5,487 GC heap after
Heap after GC invocations=13 (full 1):
 PSYoungGen      total 193280K, used 19540K [0x9df80000, 0xabbc0000, 0xb3500000)
  eden space 162048K, 0% used [0x9df80000,0x9df80000,0xa7dc0000)
  from space 31232K, 62% used [0xa9d00000,0xab015350,0xabb80000)
  to   space 31744K, 0% used [0xa7dc0000,0xa7dc0000,0xa9cc0000)
 ParOldGen       total 52224K, used 28267K [0x73500000, 0x76800000, 0x9df80000)
  object space 52224K, 54% used [0x73500000,0x7509aca0,0x76800000)
 PSPermGen       total 16384K, used 4501K [0x6f500000, 0x70500000, 0x73500000)
  object space 16384K, 27% used [0x6f500000,0x6f965548,0x70500000)
}
Event: 5,901 GC heap before
{Heap before GC invocations=14 (full 1):
 PSYoungGen      total 193280K, used 181588K [0x9df80000, 0xabbc0000, 0xb3500000)
  eden space 162048K, 100% used [0x9df80000,0xa7dc0000,0xa7dc0000)
  from space 31232K, 62% used [0xa9d00000,0xab015350,0xabb80000)
  to   space 31744K, 0% used [0xa7dc0000,0xa7dc0000,0xa9cc0000)
 ParOldGen       total 52224K, used 28267K [0x73500000, 0x76800000, 0x9df80000)
  object space 52224K, 54% used [0x73500000,0x7509aca0,0x76800000)
 PSPermGen       total 16384K, used 4502K [0x6f500000, 0x70500000, 0x73500000)
  object space 16384K, 27% used [0x6f500000,0x6f9659f8,0x70500000)

Deoptimization events (10 events):
Event: 4,880 Thread 0xb6608800 Uncommon trap: reason=array_check action=maybe_recompile pc=0xb3788cf8 method=java.util.ComparableTimSort.binarySort([Ljava/lang/Object;III)V @ 183
Event: 4,943 Thread 0xb6608800 Uncommon trap: reason=null_check action=make_not_entrant pc=0xb3774c54 method=java.util.TimSort.binarySort([Ljava/lang/Object;IIILjava/util/Comparator;)V @ 193
Event: 5,066 Thread 0xb6608800 Uncommon trap: reason=array_check action=maybe_recompile pc=0xb3788cf8 method=java.util.ComparableTimSort.binarySort([Ljava/lang/Object;III)V @ 183
Event: 5,098 Thread 0xb6608800 Uncommon trap: reason=predicate action=maybe_recompile pc=0xb3708864 method=java.util.TimSort.reverseRange([Ljava/lang/Object;II)V @ 8
Event: 5,427 Thread 0xb6608800 Uncommon trap: reason=array_check action=maybe_recompile pc=0xb36d5c0c method=java.util.TimSort.reverseRange([Ljava/lang/Object;II)V @ 20
Event: 5,427 Thread 0xb6608800 Uncommon trap: reason=array_check action=maybe_recompile pc=0xb36d5c0c method=java.util.TimSort.reverseRange([Ljava/lang/Object;II)V @ 20
Event: 5,427 Thread 0xb6608800 Uncommon trap: reason=array_check action=maybe_recompile pc=0xb36d5c0c method=java.util.TimSort.reverseRange([Ljava/lang/Object;II)V @ 20
Event: 5,427 Thread 0xb6608800 Uncommon trap: reason=array_check action=maybe_recompile pc=0xb36d5c0c method=java.util.TimSort.reverseRange([Ljava/lang/Object;II)V @ 20
Event: 5,765 Thread 0xb6608800 Uncommon trap: reason=array_check action=maybe_recompile pc=0xb379c28c method=java.util.TimSort.reverseRange([Ljava/lang/Object;II)V @ 27
Event: 5,765 Thread 0xb6608800 Uncommon trap: reason=array_check action=maybe_recompile pc=0xb379c28c method=java.util.TimSort.reverseRange([Ljava/lang/Object;II)V @ 27

Internal exceptions (10 events):
Event: 2,780 Thread 0xb6608800 Threw 0x9e5e1b00 at /HUDSON/workspace/7u-2-build-linux-i586/jdk7u45/229/hotspot/src/share/vm/prims/jvm.cpp:1244
Event: 2,781 Thread 0xb6608800 Threw 0x9e5e3ae8 at /HUDSON/workspace/7u-2-build-linux-i586/jdk7u45/229/hotspot/src/share/vm/prims/jvm.cpp:1244
Event: 2,950 Thread 0xb6608800 Threw 0x9ede7030 at /HUDSON/workspace/7u-2-build-linux-i586/jdk7u45/229/hotspot/src/share/vm/prims/jvm.cpp:1244
Event: 3,464 Thread 0xb6608800 Threw 0x9e8c0d28 at /HUDSON/workspace/7u-2-build-linux-i586/jdk7u45/229/hotspot/src/share/vm/prims/jvm.cpp:1244
Event: 3,464 Thread 0xb6608800 Threw 0x9e8c0e40 at /HUDSON/workspace/7u-2-build-linux-i586/jdk7u45/229/hotspot/src/share/vm/prims/jvm.cpp:1244
Event: 3,464 Thread 0xb6608800 Threw 0x9e8c3008 at /HUDSON/workspace/7u-2-build-linux-i586/jdk7u45/229/hotspot/src/share/vm/prims/jvm.cpp:1244
Event: 3,464 Thread 0xb6608800 Threw 0x9e8c3120 at /HUDSON/workspace/7u-2-build-linux-i586/jdk7u45/229/hotspot/src/share/vm/prims/jvm.cpp:1244
Event: 4,240 Thread 0xb6608800 Implicit null exception at 0xb3770e7a to 0xb37717a5
Event: 4,246 Thread 0xb6608800 Implicit null exception at 0xb376dd54 to 0xb376e581
Event: 4,943 Thread 0xb6608800 Implicit null exception at 0xb3774584 to 0xb3774c31

Events (10 events):
Event: 5,449 Thread 0x6c097c00 flushing nmethod 0xb374fb88
Event: 5,474 Executing VM operation: ParallelGCFailedAllocation
Event: 5,487 Executing VM operation: ParallelGCFailedAllocation done
Event: 5,765 Thread 0xb6608800 Uncommon trap: trap_request=0xffffffd6 fr.pc=0xb379c28c
Event: 5,765 Thread 0xb6608800 DEOPT PACKING pc=0xb379c28c sp=0xb67eed40
Event: 5,765 Thread 0xb6608800 DEOPT UNPACKING pc=0xb360cbbc sp=0xb67eed10 mode 2
Event: 5,765 Thread 0xb6608800 Uncommon trap: trap_request=0xffffffd6 fr.pc=0xb379c28c
Event: 5,765 Thread 0xb6608800 DEOPT PACKING pc=0xb379c28c sp=0xb67eed40
Event: 5,765 Thread 0xb6608800 DEOPT UNPACKING pc=0xb360cbbc sp=0xb67eed10 mode 2
Event: 5,901 Executing VM operation: ParallelGCFailedAllocation


Dynamic libraries:
08048000-08049000 r-xp 00000000 08:06 671014     /usr/local/java/jdk1.7.0_45/bin/java
08049000-0804a000 rw-p 00000000 08:06 671014     /usr/local/java/jdk1.7.0_45/bin/java
09315000-093ab000 rw-p 00000000 00:00 0          [heap]
6ac00000-6acee000 rw-p 00000000 00:00 0 
6acee000-6ad00000 ---p 00000000 00:00 0 
6ad00000-6ae00000 rw-p 00000000 00:00 0 
6ae00000-6aefc000 rw-p 00000000 00:00 0 
6aefc000-6af00000 ---p 00000000 00:00 0 
6b000000-6b0fa000 rw-p 00000000 00:00 0 
6b0fa000-6b100000 ---p 00000000 00:00 0 
6b200000-6b2fe000 rw-p 00000000 00:00 0 
6b2fe000-6b300000 ---p 00000000 00:00 0 
6b300000-6b3fe000 rw-p 00000000 00:00 0 
6b3fe000-6b400000 ---p 00000000 00:00 0 
6b400000-6b4f9000 rw-p 00000000 00:00 0 
6b4f9000-6b500000 ---p 00000000 00:00 0 
6b500000-6b5ec000 rw-p 00000000 00:00 0 
6b5ec000-6b600000 ---p 00000000 00:00 0 
6b600000-6b6a0000 rw-p 00000000 00:00 0 
6b6a0000-6b700000 ---p 00000000 00:00 0 
6b765000-6b768000 ---p 00000000 00:00 0 
6b768000-6b7b6000 rw-p 00000000 00:00 0 
6b7b6000-6b7b9000 ---p 00000000 00:00 0 
6b7b9000-6b807000 rw-p 00000000 00:00 0 
6b807000-6b80a000 ---p 00000000 00:00 0 
6b80a000-6b858000 rw-p 00000000 00:00 0 
6b858000-6b85b000 ---p 00000000 00:00 0 
6b85b000-6b8a9000 rw-p 00000000 00:00 0 
6b8a9000-6b8aa000 ---p 00000000 00:00 0 
6b8aa000-6b92a000 rw-p 00000000 00:00 0 
6b92a000-6b92d000 ---p 00000000 00:00 0 
6b92d000-6b97b000 rw-p 00000000 00:00 0 
6b97b000-6b97e000 ---p 00000000 00:00 0 
6b97e000-6b9fc000 rw-p 00000000 00:00 0 
6b9fc000-6b9ff000 ---p 00000000 00:00 0 
6b9ff000-6ba7d000 rw-p 00000000 00:00 0 
6ba7d000-6ba80000 ---p 00000000 00:00 0 
6ba80000-6bace000 rw-p 00000000 00:00 0 
6bace000-6bc00000 r--p 002c8000 08:06 392632     /usr/lib/locale/locale-archive
6bc00000-6be00000 r--p 00000000 08:06 392632     /usr/lib/locale/locale-archive
6be00000-6bef5000 rw-p 00000000 00:00 0 
6bef5000-6bf00000 ---p 00000000 00:00 0 
6bf00000-6bf3c000 rw-p 00000000 00:00 0 
6bf3c000-6c000000 ---p 00000000 00:00 0 
6c000000-6c0ef000 rw-p 00000000 00:00 0 
6c0ef000-6c100000 ---p 00000000 00:00 0 
6c138000-6c139000 ---p 00000000 00:00 0 
6c139000-6c204000 rw-p 00000000 00:00 0 
6c204000-6c3c0000 r--s 039b2000 08:06 393573     /usr/local/java/jdk1.7.0_45/jre/lib/rt.jar
6c3c0000-6ea00000 rw-p 00000000 00:00 0 
6ea00000-6eafe000 rw-p 00000000 00:00 0 
6eafe000-6eb00000 ---p 00000000 00:00 0 
6eb2e000-6eb31000 ---p 00000000 00:00 0 
6eb31000-6eb7f000 rw-p 00000000 00:00 0 
6eb7f000-6eb80000 ---p 00000000 00:00 0 
6eb80000-6ec00000 rw-p 00000000 00:00 0 
6ec00000-6ec21000 rw-p 00000000 00:00 0 
6ec21000-6ed00000 ---p 00000000 00:00 0 
6ed2e000-6ed31000 ---p 00000000 00:00 0 
6ed31000-6ed7f000 rw-p 00000000 00:00 0 
6ed7f000-6ed80000 ---p 00000000 00:00 0 
6ed80000-6ee00000 rw-p 00000000 00:00 0 
6ee00000-6ee21000 rw-p 00000000 00:00 0 
6ee21000-6ef00000 ---p 00000000 00:00 0 
6ef0a000-6ef7f000 rw-p 00000000 00:00 0 
6ef7f000-6ef80000 ---p 00000000 00:00 0 
6ef80000-6f000000 rw-p 00000000 00:00 0 
6f000000-6f040000 rw-p 00000000 00:00 0 
6f040000-6f100000 ---p 00000000 00:00 0 
6f108000-6f109000 ---p 00000000 00:00 0 
6f109000-6f1a3000 rw-p 00000000 00:00 0 
6f1a3000-6f2df000 rw-p 00000000 00:00 0 
6f2df000-6f2e7000 rw-p 00000000 00:00 0 
6f2e7000-6f2ff000 rw-p 00000000 00:00 0 
6f2ff000-6f319000 rw-p 00000000 00:00 0 
6f319000-6f454000 rw-p 00000000 00:00 0 
6f454000-6f4c3000 rw-p 00000000 00:00 0 
6f4c3000-6f4ff000 rw-p 00000000 00:00 0 
6f4ff000-70500000 rw-p 00000000 00:00 0 
70500000-73500000 rw-p 00000000 00:00 0 
73500000-76800000 rw-p 00000000 00:00 0 
76800000-9df80000 rw-p 00000000 00:00 0 
9df80000-abbc0000 rw-p 00000000 00:00 0 
b0dfa000-b1015000 rw-p 00000000 00:00 0 
b1015000-b101c000 r--s 00000000 08:06 395046     /usr/lib/i386-linux-gnu/gconv/gconv-modules.cache
b101c000-b1040000 r--p 00000000 08:06 1317469    /usr/share/locale-langpack/pl/LC_MESSAGES/libc.mo
b1040000-b3500000 rw-p 00000000 00:00 0 
b3500000-b3508000 rw-p 00000000 00:00 0 
b3508000-b3520000 rw-p 00000000 00:00 0 
b3520000-b3529000 rw-p 00000000 00:00 0 
b3529000-b35e0000 rw-p 00000000 00:00 0 
b35e0000-b3820000 rwxp 00000000 00:00 0 
b3820000-b65e0000 rw-p 00000000 00:00 0 
b65e0000-b65e7000 r-xp 00000000 08:06 786201     /lib/i386-linux-gnu/libnss_compat-2.15.so
b65e7000-b65e8000 r--p 00006000 08:06 786201     /lib/i386-linux-gnu/libnss_compat-2.15.so
b65e8000-b65e9000 rw-p 00007000 08:06 786201     /lib/i386-linux-gnu/libnss_compat-2.15.so
b65ea000-b65ff000 r-xp 00000000 08:06 670957     /usr/local/java/jdk1.7.0_45/jre/lib/i386/libnet.so
b65ff000-b6600000 rw-p 00014000 08:06 670957     /usr/local/java/jdk1.7.0_45/jre/lib/i386/libnet.so
b6600000-b66f7000 rw-p 00000000 00:00 0 
b66f7000-b6700000 ---p 00000000 00:00 0 
b6701000-b670f000 r-xp 00000000 08:06 670404     /usr/local/java/jdk1.7.0_45/jre/lib/i386/libnio.so
b670f000-b6710000 rw-p 0000e000 08:06 670404     /usr/local/java/jdk1.7.0_45/jre/lib/i386/libnio.so
b6710000-b6727000 r-xp 00000000 08:06 670944     /usr/local/java/jdk1.7.0_45/jre/lib/i386/libzip.so
b6727000-b6728000 rw-p 00017000 08:06 670944     /usr/local/java/jdk1.7.0_45/jre/lib/i386/libzip.so
b6728000-b6733000 r-xp 00000000 08:06 786164     /lib/i386-linux-gnu/libnss_files-2.15.so
b6733000-b6734000 r--p 0000a000 08:06 786164     /lib/i386-linux-gnu/libnss_files-2.15.so
b6734000-b6735000 rw-p 0000b000 08:06 786164     /lib/i386-linux-gnu/libnss_files-2.15.so
b6735000-b673f000 r-xp 00000000 08:06 786202     /lib/i386-linux-gnu/libnss_nis-2.15.so
b673f000-b6740000 r--p 00009000 08:06 786202     /lib/i386-linux-gnu/libnss_nis-2.15.so
b6740000-b6741000 rw-p 0000a000 08:06 786202     /lib/i386-linux-gnu/libnss_nis-2.15.so
b6746000-b674a000 r--s 0008a000 08:06 397573     /usr/local/java/jdk1.7.0_45/jre/lib/jsse.jar
b674a000-b6758000 r--s 000b4000 08:06 546427     /usr/share/android-studio/data/sdk/build-tools/android-4.4W/lib/dx.jar
b6758000-b676e000 r-xp 00000000 08:06 786163     /lib/i386-linux-gnu/libnsl-2.15.so
b676e000-b676f000 r--p 00015000 08:06 786163     /lib/i386-linux-gnu/libnsl-2.15.so
b676f000-b6770000 rw-p 00016000 08:06 786163     /lib/i386-linux-gnu/libnsl-2.15.so
b6770000-b6772000 rw-p 00000000 00:00 0 
b6772000-b6795000 r-xp 00000000 08:06 664766     /usr/local/java/jdk1.7.0_45/jre/lib/i386/libjava.so
b6795000-b6796000 rw-p 00022000 08:06 664766     /usr/local/java/jdk1.7.0_45/jre/lib/i386/libjava.so
b6796000-b679d000 r-xp 00000000 08:06 786021     /lib/i386-linux-gnu/librt-2.15.so
b679d000-b679e000 r--p 00006000 08:06 786021     /lib/i386-linux-gnu/librt-2.15.so
b679e000-b679f000 rw-p 00007000 08:06 786021     /lib/i386-linux-gnu/librt-2.15.so
b679f000-b67a2000 ---p 00000000 00:00 0 
b67a2000-b67f0000 rw-p 00000000 00:00 0 
b67f0000-b681a000 r-xp 00000000 08:06 786199     /lib/i386-linux-gnu/libm-2.15.so
b681a000-b681b000 r--p 00029000 08:06 786199     /lib/i386-linux-gnu/libm-2.15.so
b681b000-b681c000 rw-p 0002a000 08:06 786199     /lib/i386-linux-gnu/libm-2.15.so
b681c000-b7093000 r-xp 00000000 08:06 670953     /usr/local/java/jdk1.7.0_45/jre/lib/i386/server/libjvm.so
b7093000-b70f8000 rw-p 00876000 08:06 670953     /usr/local/java/jdk1.7.0_45/jre/lib/i386/server/libjvm.so
b70f8000-b751b000 rw-p 00000000 00:00 0 
b751b000-b76bf000 r-xp 00000000 08:06 786179     /lib/i386-linux-gnu/libc-2.15.so
b76bf000-b76c0000 ---p 001a4000 08:06 786179     /lib/i386-linux-gnu/libc-2.15.so
b76c0000-b76c2000 r--p 001a4000 08:06 786179     /lib/i386-linux-gnu/libc-2.15.so
b76c2000-b76c3000 rw-p 001a6000 08:06 786179     /lib/i386-linux-gnu/libc-2.15.so
b76c3000-b76c6000 rw-p 00000000 00:00 0 
b76c6000-b76c9000 r-xp 00000000 08:06 811213     /lib/i386-linux-gnu/libdl-2.15.so
b76c9000-b76ca000 r--p 00002000 08:06 811213     /lib/i386-linux-gnu/libdl-2.15.so
b76ca000-b76cb000 rw-p 00003000 08:06 811213     /lib/i386-linux-gnu/libdl-2.15.so
b76cb000-b76cc000 rw-p 00000000 00:00 0 
b76cc000-b76df000 r-xp 00000000 08:06 671956     /usr/local/java/jdk1.7.0_45/lib/i386/jli/libjli.so
b76df000-b76e0000 rw-p 00012000 08:06 671956     /usr/local/java/jdk1.7.0_45/lib/i386/jli/libjli.so
b76e0000-b76f7000 r-xp 00000000 08:06 785972     /lib/i386-linux-gnu/libpthread-2.15.so
b76f7000-b76f8000 r--p 00016000 08:06 785972     /lib/i386-linux-gnu/libpthread-2.15.so
b76f8000-b76f9000 rw-p 00017000 08:06 785972     /lib/i386-linux-gnu/libpthread-2.15.so
b76f9000-b76fb000 rw-p 00000000 00:00 0 
b76fc000-b7704000 rw-s 00000000 08:06 1074489    /tmp/hsperfdata_olek/6942
b7704000-b7705000 rw-p 00000000 00:00 0 
b7705000-b7706000 ---p 00000000 00:00 0 
b7706000-b7711000 r-xp 00000000 08:06 670968     /usr/local/java/jdk1.7.0_45/jre/lib/i386/libverify.so
b7711000-b7712000 rw-p 0000b000 08:06 670968     /usr/local/java/jdk1.7.0_45/jre/lib/i386/libverify.so
b7712000-b7714000 rw-p 00000000 00:00 0 
b7714000-b7715000 r-xp 00000000 00:00 0          [vdso]
b7715000-b7735000 r-xp 00000000 08:06 785971     /lib/i386-linux-gnu/ld-2.15.so
b7735000-b7736000 r--p 0001f000 08:06 785971     /lib/i386-linux-gnu/ld-2.15.so
b7736000-b7737000 rw-p 00020000 08:06 785971     /lib/i386-linux-gnu/ld-2.15.so
bfc3a000-bfc5c000 rw-p 00000000 00:00 0          [stack]

VM Arguments:
jvm_args: -Xmx1024M 
java_command: /usr/share/android-studio/data/sdk/build-tools/android-4.4W/lib/dx.jar --dex --num-threads=4 --output /home/olek/AndroidStudioProjects/DajSpisac2/DajSpisac/app/build/intermediates/dex/debug /home/olek/AndroidStudioProjects/DajSpisac2/DajSpisac/app/build/intermediates/classes/debug /home/olek/AndroidStudioProjects/DajSpisac2/DajSpisac/app/build/intermediates/dependency-cache/debug /home/olek/AndroidStudioProjects/DajSpisac2/DajSpisac/app/build/intermediates/pre-dexed/debug/classes-e99f374224a6e0d8466773740ec3d1131db8ebb1.jar /home/olek/AndroidStudioProjects/DajSpisac2/DajSpisac/app/build/intermediates/pre-dexed/debug/support-v4-19.1.0-bfe6379f31d17615f5ca4b83bd0a7235fba0720f.jar /home/olek/AndroidStudioProjects/DajSpisac2/DajSpisac/app/build/intermediates/pre-dexed/debug/commons-io-1.3.2-65ced0583e745a13466ed476e15f98ed8c349674.jar /home/olek/AndroidStudioProjects/DajSpisac2/DajSpisac/app/build/intermediates/pre-dexed/debug/robospice-spring-android-1.4.12-762be6cfb250899b1c81036b07f54fee4dcb2ac4.jar /home/olek/AndroidStudioProjects/DajSpisac2/DajSpisac/app/build/intermediates/pre-dexed/debug/commons-lang3-3.2.1-48ddb587b0af443a44635ae516cd5b6e9793dbc0.jar /home/olek/AndroidStudioProjects/DajSpisac2/DajSpisac/app/build/intermediates/pre-dexed/debug/universal-image-loader-1.9.2-eee2392d80033a19dda5fe10e97bf2d997aa8324.jar /home/olek/AndroidStudioProjects/DajSpisac2/DajSpisac/app/build/intermediates/pre-dexed/debug/spring-android-core-1.0.1.RELEASE-9b9474ca76c015172b287f2cde44701cfd7f5b74.jar /home/olek/AndroidStudioProjects/DajSpisac2/DajSpisac/app/build/intermediates/pre-dexed/debug/jackson-annotations-2.4.0-f178df8577412c09ca51db91729aef33d7539dfc.jar /home/olek/AndroidStudioProjects/DajSpisac2/DajSpisac/app/build/intermediates/pre-dexed/debug/jackson-databind-2.4.1-6d3307ebe01e61039a6ee8c8c597c33528867cbd.jar /home/olek/AndroidStudioProjects/DajSpisac2/DajSpisac/app/build/intermediates/pre-dexed/debug/spring-android-rest-template-1.0.1.RELEASE-0958c0
Launcher Type: SUN_STANDARD

Environment Variables:
JAVA_HOME=/usr/local/java/jdk1.7.0_45
CLASSPATH=/usr/share/android-studio/data/bin/../lib/bootstrap.jar:/usr/share/android-studio/data/bin/../lib/extensions.jar:/usr/share/android-studio/data/bin/../lib/util.jar:/usr/share/android-studio/data/bin/../lib/jdom.jar:/usr/share/android-studio/data/bin/../lib/log4j.jar:/usr/share/android-studio/data/bin/../lib/trove4j.jar:/usr/share/android-studio/data/bin/../lib/jna.jar:/usr/local/java/jdk1.7.0_45/lib/tools.jar
PATH=/usr/lib/lightdm/lightdm:/usr/local/sbin:/usr/local/bin:/usr/sbin:/usr/bin:/sbin:/bin:/usr/games:/home/olek/bin:/usr/local/java/jdk1.7.0_45/bin
LD_LIBRARY_PATH=/usr/share/android-studio/data/bin:
SHELL=/bin/bash
DISPLAY=:0

Signal Handlers:
SIGSEGV: [libjvm.so+0x7dd350], sa_mask[0]=0x7ffbfeff, sa_flags=0x10000004
SIGBUS: [libjvm.so+0x7dd350], sa_mask[0]=0x7ffbfeff, sa_flags=0x10000004
SIGFPE: [libjvm.so+0x678b60], sa_mask[0]=0x7ffbfeff, sa_flags=0x10000004
SIGPIPE: [libjvm.so+0x678b60], sa_mask[0]=0x7ffbfeff, sa_flags=0x10000004
SIGXFSZ: [libjvm.so+0x678b60], sa_mask[0]=0x7ffbfeff, sa_flags=0x10000004
SIGILL: [libjvm.so+0x678b60], sa_mask[0]=0x7ffbfeff, sa_flags=0x10000004
SIGUSR1: SIG_DFL, sa_mask[0]=0x00000000, sa_flags=0x00000000
SIGUSR2: [libjvm.so+0x67a050], sa_mask[0]=0x00000004, sa_flags=0x10000004
SIGHUP: [libjvm.so+0x67b1a0], sa_mask[0]=0x7ffbfeff, sa_flags=0x10000004
SIGINT: [libjvm.so+0x67b1a0], sa_mask[0]=0x7ffbfeff, sa_flags=0x10000004
SIGTERM: [libjvm.so+0x67b1a0], sa_mask[0]=0x7ffbfeff, sa_flags=0x10000004
SIGQUIT: [libjvm.so+0x67b1a0], sa_mask[0]=0x7ffbfeff, sa_flags=0x10000004


---------------  S Y S T E M  ---------------

OS:wheezy/sid

uname:Linux 3.2.0-67-generic-pae #101-Ubuntu SMP Tue Jul 15 18:04:54 UTC 2014 i686
libc:glibc 2.15 NPTL 2.15 
rlimit: STACK 8192k, CORE 0k, NPROC 30461, NOFILE 4096, AS infinity
load average:2,10 0,89 0,75

/proc/meminfo:
MemTotal:        3913636 kB
MemFree:          159204 kB
Buffers:            4440 kB
Cached:           595572 kB
SwapCached:            0 kB
Active:          3221380 kB
Inactive:         443136 kB
Active(anon):    3166644 kB
Inactive(anon):   384976 kB
Active(file):      54736 kB
Inactive(file):    58160 kB
Unevictable:          16 kB
Mlocked:              16 kB
HighTotal:       3072916 kB
HighFree:           1088 kB
LowTotal:         840720 kB
LowFree:          158116 kB
SwapTotal:             0 kB
SwapFree:              0 kB
Dirty:                 0 kB
Writeback:            92 kB
AnonPages:       3064196 kB
Mapped:            67712 kB
Shmem:            487480 kB
Slab:              41984 kB
SReclaimable:      20272 kB
SUnreclaim:        21712 kB
KernelStack:        4816 kB
PageTables:        20196 kB
NFS_Unstable:          0 kB
Bounce:                0 kB
WritebackTmp:          0 kB
CommitLimit:     1956816 kB
Committed_AS:    6836120 kB
VmallocTotal:     122880 kB
VmallocUsed:       59956 kB
VmallocChunk:      60148 kB
HardwareCorrupted:     0 kB
AnonHugePages:         0 kB
HugePages_Total:       0
HugePages_Free:        0
HugePages_Rsvd:        0
HugePages_Surp:        0
Hugepagesize:       2048 kB
DirectMap4k:       10232 kB
DirectMap2M:      903168 kB


CPU:total 4 (2 cores per cpu, 2 threads per core) family 6 model 37 stepping 5, cmov, cx8, fxsr, mmx, sse, sse2, sse3, ssse3, sse4.1, sse4.2, popcnt, ht, tsc, tscinvbit

/proc/cpuinfo:
processor	: 0
vendor_id	: GenuineIntel
cpu family	: 6
model		: 37
model name	: Intel(R) Core(TM) i3 CPU       M 380  @ 2.53GHz
stepping	: 5
microcode	: 0x2
cpu MHz		: 1199.000
cache size	: 3072 KB
physical id	: 0
siblings	: 4
core id		: 0
cpu cores	: 2
apicid		: 0
initial apicid	: 0
fdiv_bug	: no
hlt_bug		: no
f00f_bug	: no
coma_bug	: no
fpu		: yes
fpu_exception	: yes
cpuid level	: 11
wp		: yes
flags		: fpu vme de pse tsc msr pae mce cx8 apic sep mtrr pge mca cmov pat pse36 clflush dts acpi mmx fxsr sse sse2 ss ht tm pbe nx rdtscp lm constant_tsc arch_perfmon pebs bts xtopology nonstop_tsc aperfmperf pni dtes64 monitor ds_cpl vmx est tm2 ssse3 cx16 xtpr pdcm pcid sse4_1 sse4_2 popcnt lahf_lm arat dtherm tpr_shadow vnmi flexpriority ept vpid
bogomips	: 5054.32
clflush size	: 64
cache_alignment	: 64
address sizes	: 36 bits physical, 48 bits virtual
power management:

processor	: 1
vendor_id	: GenuineIntel
cpu family	: 6
model		: 37
model name	: Intel(R) Core(TM) i3 CPU       M 380  @ 2.53GHz
stepping	: 5
microcode	: 0x2
cpu MHz		: 933.000
cache size	: 3072 KB
physical id	: 0
siblings	: 4
core id		: 2
cpu cores	: 2
apicid		: 4
initial apicid	: 4
fdiv_bug	: no
hlt_bug		: no
f00f_bug	: no
coma_bug	: no
fpu		: yes
fpu_exception	: yes
cpuid level	: 11
wp		: yes
flags		: fpu vme de pse tsc msr pae mce cx8 apic sep mtrr pge mca cmov pat pse36 clflush dts acpi mmx fxsr sse sse2 ss ht tm pbe nx rdtscp lm constant_tsc arch_perfmon pebs bts xtopology nonstop_tsc aperfmperf pni dtes64 monitor ds_cpl vmx est tm2 ssse3 cx16 xtpr pdcm pcid sse4_1 sse4_2 popcnt lahf_lm arat dtherm tpr_shadow vnmi flexpriority ept vpid
bogomips	: 5054.20
clflush size	: 64
cache_alignment	: 64
address sizes	: 36 bits physical, 48 bits virtual
power management:

processor	: 2
vendor_id	: GenuineIntel
cpu family	: 6
model		: 37
model name	: Intel(R) Core(TM) i3 CPU       M 380  @ 2.53GHz
stepping	: 5
microcode	: 0x2
cpu MHz		: 1066.000
cache size	: 3072 KB
physical id	: 0
siblings	: 4
core id		: 0
cpu cores	: 2
apicid		: 1
initial apicid	: 1
fdiv_bug	: no
hlt_bug		: no
f00f_bug	: no
coma_bug	: no
fpu		: yes
fpu_exception	: yes
cpuid level	: 11
wp		: yes
flags		: fpu vme de pse tsc msr pae mce cx8 apic sep mtrr pge mca cmov pat pse36 clflush dts acpi mmx fxsr sse sse2 ss ht tm pbe nx rdtscp lm constant_tsc arch_perfmon pebs bts xtopology nonstop_tsc aperfmperf pni dtes64 monitor ds_cpl vmx est tm2 ssse3 cx16 xtpr pdcm pcid sse4_1 sse4_2 popcnt lahf_lm arat dtherm tpr_shadow vnmi flexpriority ept vpid
bogomips	: 5054.18
clflush size	: 64
cache_alignment	: 64
address sizes	: 36 bits physical, 48 bits virtual
power management:

processor	: 3
vendor_id	: GenuineIntel
cpu family	: 6
model		: 37
model name	: Intel(R) Core(TM) i3 CPU       M 380  @ 2.53GHz
stepping	: 5
microcode	: 0x2
cpu MHz		: 933.000
cache size	: 3072 KB
physical id	: 0
siblings	: 4
core id		: 2
cpu cores	: 2
apicid		: 5
initial apicid	: 5
fdiv_bug	: no
hlt_bug		: no
f00f_bug	: no
coma_bug	: no
fpu		: yes
fpu_exception	: yes
cpuid level	: 11
wp		: yes
flags		: fpu vme de pse tsc msr pae mce cx8 apic sep mtrr pge mca cmov pat pse36 clflush dts acpi mmx fxsr sse sse2 ss ht tm pbe nx rdtscp lm constant_tsc arch_perfmon pebs bts xtopology nonstop_tsc aperfmperf pni dtes64 monitor ds_cpl vmx est tm2 ssse3 cx16 xtpr pdcm pcid sse4_1 sse4_2 popcnt lahf_lm arat dtherm tpr_shadow vnmi flexpriority ept vpid
bogomips	: 5054.19
clflush size	: 64
cache_alignment	: 64
address sizes	: 36 bits physical, 48 bits virtual
power management:



Memory: 4k page, physical 3913636k(159204k free), swap 0k(0k free)

vm_info: Java HotSpot(TM) Server VM (24.45-b08) for linux-x86 JRE (1.7.0_45-b18), built on Oct  8 2013 05:44:51 by "java_re" with gcc 4.3.0 20080428 (Red Hat 4.3.0-8)

time: Mon Aug 11 11:00:52 2014
elapsed time: 8 seconds

