#
# There is insufficient memory for the Java Runtime Environment to continue.
# Native memory allocation (malloc) failed to allocate 30408704 bytes for committing reserved memory.
# Possible reasons:
#   The system is out of physical RAM or swap space
#   In 32 bit mode, the process size limit was hit
# Possible solutions:
#   Reduce memory load on the system
#   Increase physical memory or swap space
#   Check if swap backing store is full
#   Use 64 bit Java on a 64 bit OS
#   Decrease Java heap size (-Xmx/-Xms)
#   Decrease number of Java threads
#   Decrease Java thread stack sizes (-Xss)
#   Set larger code cache with -XX:ReservedCodeCacheSize=
# This output file may be truncated or incomplete.
#
#  Out of Memory Error (os_linux.cpp:2718), pid=12743, tid=1814793024
#
# JRE version: Java(TM) SE Runtime Environment (7.0_45-b18) (build 1.7.0_45-b18)
# Java VM: Java HotSpot(TM) Server VM (24.45-b08 mixed mode linux-x86 )
# Failed to write core dump. Core dumps have been disabled. To enable core dumping, try "ulimit -c unlimited" before starting Java again
#

---------------  T H R E A D  ---------------

Current thread (0x6c180800):  VMThread [stack: 0x6c238000,0x6c2b9000] [id=12756]

Stack: [0x6c238000,0x6c2b9000],  sp=0x6c2b7960,  free space=510k
Native frames: (J=compiled Java code, j=interpreted, Vv=VM code, C=native code)
V  [libjvm.so+0x7dc836]  VMError::report_and_die()+0x1a6
V  [libjvm.so+0x33a5c2]  report_vm_out_of_memory(char const*, int, unsigned int, char const*)+0x72
V  [libjvm.so+0x67bc21]  os::Linux::commit_memory_impl(char*, unsigned int, bool)+0xe1
V  [libjvm.so+0x67c077]  os::Linux::commit_memory_impl(char*, unsigned int, unsigned int, bool)+0x47
V  [libjvm.so+0x67c23d]  os::pd_commit_memory(char*, unsigned int, unsigned int, bool)+0x1d
V  [libjvm.so+0x675c8c]  os::commit_memory(char*, unsigned int, unsigned int, bool)+0x2c
V  [libjvm.so+0x6df178]  PSVirtualSpace::expand_by(unsigned int)+0x48
V  [libjvm.so+0x6e027a]  PSYoungGen::resize_generation(unsigned int, unsigned int)+0xda
V  [libjvm.so+0x6df5b9]  PSYoungGen::resize(unsigned int, unsigned int)+0x19
V  [libjvm.so+0x6dd31b]  PSScavenge::invoke_no_policy()+0x105b
V  [libjvm.so+0x6dd748]  PSScavenge::invoke()+0x28
V  [libjvm.so+0x69b9aa]  ParallelScavengeHeap::failed_mem_allocate(unsigned int)+0x5a
V  [libjvm.so+0x7de0da]  VM_ParallelGCFailedAllocation::doit()+0x7a
V  [libjvm.so+0x7e6e97]  VM_Operation::evaluate()+0x47
V  [libjvm.so+0x7e4f93]  VMThread::evaluate_operation(VM_Operation*)+0xb3
V  [libjvm.so+0x7e5330]  VMThread::loop()+0x1b0
V  [libjvm.so+0x7e5795]  VMThread::run()+0x85
V  [libjvm.so+0x67e0f9]  java_start(Thread*)+0x119
C  [libpthread.so.0+0x6d4c]  start_thread+0xcc

VM_Operation (0xb6868dd4): ParallelGCFailedAllocation, mode: safepoint, requested by thread 0xb6708c00


---------------  P R O C E S S  ---------------

Java Threads: ( => current thread )
  0x6c199c00 JavaThread "Service Thread" daemon [_thread_blocked, id=12762, stack(0x6b9d9000,0x6ba2a000)]
  0x6c198000 JavaThread "C2 CompilerThread1" daemon [_thread_blocked, id=12761, stack(0x6ba2a000,0x6baab000)]
  0x6c196000 JavaThread "C2 CompilerThread0" daemon [_thread_blocked, id=12760, stack(0x6baab000,0x6bb2c000)]
  0x6c194400 JavaThread "Signal Dispatcher" daemon [_thread_blocked, id=12759, stack(0x6bb2c000,0x6bb7d000)]
  0x6c184800 JavaThread "Finalizer" daemon [_thread_blocked, id=12758, stack(0x6beaf000,0x6bf00000)]
  0x6c182000 JavaThread "Reference Handler" daemon [_thread_blocked, id=12757, stack(0x6ec2e000,0x6ec7f000)]
  0xb6708c00 JavaThread "main" [_thread_blocked, id=12751, stack(0xb6819000,0xb686a000)]

Other Threads:
=>0x6c180800 VMThread [stack: 0x6c238000,0x6c2b9000] [id=12756]
  0x6c19bc00 WatcherThread [stack: 0x6b958000,0x6b9d9000] [id=12763]

VM state:at safepoint (normal execution)

VM Mutex/Monitor currently owned by a thread:  ([mutex/lock_event])
[0xb67062b0] Threads_lock - owner thread: 0x6c180800
[0xb67066c0] Heap_lock - owner thread: 0xb6708c00

Heap
 PSYoungGen      total 270592K, used 14338K [0x9e040000, 0xb18c0000, 0xb35c0000)
  eden space 228096K, 0% used [0x9e040000,0x9e040000,0xabf00000)
  from space 42496K, 33% used [0xabf00000,0xacd00ab0,0xae880000)
  to   space 39168K, 0% used [0xae880000,0xae880000,0xb0ec0000)
 ParOldGen       total 66816K, used 20593K [0x735c0000, 0x77700000, 0x9e040000)
  object space 66816K, 30% used [0x735c0000,0x749dc5a0,0x77700000)
 PSPermGen       total 16384K, used 4537K [0x6f5c0000, 0x705c0000, 0x735c0000)
  object space 16384K, 27% used [0x6f5c0000,0x6fa2e7d8,0x705c0000)

Card table byte_map: [0x6f39f000,0x6f5c0000] byte_map_base: 0x6f024200

Polling page: 0xb777f000

Code Cache  [0xb3686000, 0xb38c6000, 0xb6686000)
 total_blobs=968 nmethods=833 adapters=89 free_code_cache=46973Kb largest_free_block=48071680

Compilation events (10 events):
Event: 6,364 Thread 0x6c196000  848             java.lang.Integer::bitCount (49 bytes)
Event: 6,365 Thread 0x6c196000 nmethod 848 0xb37dbc48 code [0xb37dbd20, 0xb37dbd90]
Event: 6,365 Thread 0x6c198000  849             java.util.HashMap::roundUpToPowerOf2 (42 bytes)
Event: 6,365 Thread 0x6c196000  850             java.lang.Integer::highestOneBit (38 bytes)
Event: 6,366 Thread 0x6c196000 nmethod 850 0xb37d3e08 code [0xb37d3ee0, 0xb37d3f30]
Event: 6,366 Thread 0x6c198000 nmethod 849 0xb37d3c48 code [0xb37d3d20, 0xb37d3db0]
Event: 6,499 Thread 0x6c196000  851             java.util.TimSort::mergeLo (655 bytes)
Event: 6,543 Thread 0x6c198000  852             com.android.dx.io.instructions.InstructionCodec$34::decode (314 bytes)
Event: 6,548 Thread 0x6c196000 nmethod 851 0xb38ab588 code [0xb38ab740, 0xb38ad044]
Event: 6,588 Thread 0x6c198000 nmethod 852 0xb38a7748 code [0xb38a78c0, 0xb38a87c4]

GC Heap History (10 events):
Event: 4,089 GC heap after
Heap after GC invocations=7 (full 1):
 PSYoungGen      total 112384K, used 11804K [0x9e040000, 0xa8280000, 0xb35c0000)
  eden space 100352K, 0% used [0x9e040000,0x9e040000,0xa4240000)
  from space 12032K, 98% used [0xa76c0000,0xa82473c0,0xa8280000)
  to   space 28416K, 0% used [0xa4b00000,0xa4b00000,0xa66c0000)
 ParOldGen       total 66816K, used 20589K [0x735c0000, 0x77700000, 0x9e040000)
  object space 66816K, 30% used [0x735c0000,0x749db5a0,0x77700000)
 PSPermGen       total 16384K, used 4526K [0x6f5c0000, 0x705c0000, 0x735c0000)
  object space 16384K, 27% used [0x6f5c0000,0x6fa2ba08,0x705c0000)
}
Event: 4,501 GC heap before
{Heap before GC invocations=8 (full 1):
 PSYoungGen      total 112384K, used 112156K [0x9e040000, 0xa8280000, 0xb35c0000)
  eden space 100352K, 100% used [0x9e040000,0xa4240000,0xa4240000)
  from space 12032K, 98% used [0xa76c0000,0xa82473c0,0xa8280000)
  to   space 28416K, 0% used [0xa4b00000,0xa4b00000,0xa66c0000)
 ParOldGen       total 66816K, used 20589K [0x735c0000, 0x77700000, 0x9e040000)
  object space 66816K, 30% used [0x735c0000,0x749db5a0,0x77700000)
 PSPermGen       total 16384K, used 4530K [0x6f5c0000, 0x705c0000, 0x735c0000)
  object space 16384K, 27% used [0x6f5c0000,0x6fa2c9a8,0x705c0000)
Event: 4,524 GC heap after
Heap after GC invocations=8 (full 1):
 PSYoungGen      total 137728K, used 25629K [0x9e040000, 0xac540000, 0xb35c0000)
  eden space 109312K, 0% used [0x9e040000,0x9e040000,0xa4b00000)
  from space 28416K, 90% used [0xa4b00000,0xa6407438,0xa66c0000)
  to   space 33024K, 0% used [0xaa500000,0xaa500000,0xac540000)
 ParOldGen       total 66816K, used 20589K [0x735c0000, 0x77700000, 0x9e040000)
  object space 66816K, 30% used [0x735c0000,0x749db5a0,0x77700000)
 PSPermGen       total 16384K, used 4530K [0x6f5c0000, 0x705c0000, 0x735c0000)
  object space 16384K, 27% used [0x6f5c0000,0x6fa2c9a8,0x705c0000)
}
Event: 5,151 GC heap before
{Heap before GC invocations=9 (full 1):
 PSYoungGen      total 137728K, used 134941K [0x9e040000, 0xac540000, 0xb35c0000)
  eden space 109312K, 100% used [0x9e040000,0xa4b00000,0xa4b00000)
  from space 28416K, 90% used [0xa4b00000,0xa6407438,0xa66c0000)
  to   space 33024K, 0% used [0xaa500000,0xaa500000,0xac540000)
 ParOldGen       total 66816K, used 20589K [0x735c0000, 0x77700000, 0x9e040000)
  object space 66816K, 30% used [0x735c0000,0x749db5a0,0x77700000)
 PSPermGen       total 16384K, used 4531K [0x6f5c0000, 0x705c0000, 0x735c0000)
  object space 16384K, 27% used [0x6f5c0000,0x6fa2ccf8,0x705c0000)
Event: 5,161 GC heap after
Heap after GC invocations=9 (full 1):
 PSYoungGen      total 198400K, used 26522K [0x9e040000, 0xad680000, 0xb35c0000)
  eden space 165376K, 0% used [0x9e040000,0x9e040000,0xa81c0000)
  from space 33024K, 80% used [0xaa500000,0xabee6bc8,0xac540000)
  to   space 36096K, 0% used [0xa81c0000,0xa81c0000,0xaa500000)
 ParOldGen       total 66816K, used 20589K [0x735c0000, 0x77700000, 0x9e040000)
  object space 66816K, 30% used [0x735c0000,0x749db5a0,0x77700000)
 PSPermGen       total 16384K, used 4531K [0x6f5c0000, 0x705c0000, 0x735c0000)
  object space 16384K, 27% used [0x6f5c0000,0x6fa2ccf8,0x705c0000)
}
Event: 5,611 GC heap before
{Heap before GC invocations=10 (full 1):
 PSYoungGen      total 198400K, used 191898K [0x9e040000, 0xad680000, 0xb35c0000)
  eden space 165376K, 100% used [0x9e040000,0xa81c0000,0xa81c0000)
  from space 33024K, 80% used [0xaa500000,0xabee6bc8,0xac540000)
  to   space 36096K, 0% used [0xa81c0000,0xa81c0000,0xaa500000)
 ParOldGen       total 66816K, used 20589K [0x735c0000, 0x77700000, 0x9e040000)
  object space 66816K, 30% used [0x735c0000,0x749db5a0,0x77700000)
 PSPermGen       total 16384K, used 4533K [0x6f5c0000, 0x705c0000, 0x735c0000)
  object space 16384K, 27% used [0x6f5c0000,0x6fa2d638,0x705c0000)
Event: 5,630 GC heap after
Heap after GC invocations=10 (full 1):
 PSYoungGen      total 201472K, used 28952K [0x9e040000, 0xb0ec0000, 0xb35c0000)
  eden space 165376K, 0% used [0x9e040000,0x9e040000,0xa81c0000)
  from space 36096K, 80% used [0xa81c0000,0xa9e06180,0xaa500000)
  to   space 39168K, 0% used [0xae880000,0xae880000,0xb0ec0000)
 ParOldGen       total 66816K, used 20593K [0x735c0000, 0x77700000, 0x9e040000)
  object space 66816K, 30% used [0x735c0000,0x749dc5a0,0x77700000)
 PSPermGen       total 16384K, used 4533K [0x6f5c0000, 0x705c0000, 0x735c0000)
  object space 16384K, 27% used [0x6f5c0000,0x6fa2d638,0x705c0000)
}
Event: 6,066 GC heap before
{Heap before GC invocations=11 (full 1):
 PSYoungGen      total 201472K, used 191664K [0x9e040000, 0xb0ec0000, 0xb35c0000)
  eden space 165376K, 98% used [0x9e040000,0xa7f26148,0xa81c0000)
  from space 36096K, 80% used [0xa81c0000,0xa9e06180,0xaa500000)
  to   space 39168K, 0% used [0xae880000,0xae880000,0xb0ec0000)
 ParOldGen       total 66816K, used 20593K [0x735c0000, 0x77700000, 0x9e040000)
  object space 66816K, 30% used [0x735c0000,0x749dc5a0,0x77700000)
 PSPermGen       total 16384K, used 4535K [0x6f5c0000, 0x705c0000, 0x735c0000)
  object space 16384K, 27% used [0x6f5c0000,0x6fa2df60,0x705c0000)
Event: 6,092 GC heap after
Heap after GC invocations=11 (full 1):
 PSYoungGen      total 267264K, used 32366K [0x9e040000, 0xb18c0000, 0xb35c0000)
  eden space 228096K, 0% used [0x9e040000,0x9e040000,0xabf00000)
  from space 39168K, 82% used [0xae880000,0xb081bb20,0xb0ec0000)
  to   space 42496K, 0% used [0xabf00000,0xabf00000,0xae880000)
 ParOldGen       total 66816K, used 20593K [0x735c0000, 0x77700000, 0x9e040000)
  object space 66816K, 30% used [0x735c0000,0x749dc5a0,0x77700000)
 PSPermGen       total 16384K, used 4535K [0x6f5c0000, 0x705c0000, 0x735c0000)
  object space 16384K, 27% used [0x6f5c0000,0x6fa2df60,0x705c0000)
}
Event: 6,669 GC heap before
{Heap before GC invocations=12 (full 1):
 PSYoungGen      total 267264K, used 258370K [0x9e040000, 0xb18c0000, 0xb35c0000)
  eden space 228096K, 99% used [0x9e040000,0xabcf5030,0xabf00000)
  from space 39168K, 82% used [0xae880000,0xb081bb20,0xb0ec0000)
  to   space 42496K, 0% used [0xabf00000,0xabf00000,0xae880000)
 ParOldGen       total 66816K, used 20593K [0x735c0000, 0x77700000, 0x9e040000)
  object space 66816K, 30% used [0x735c0000,0x749dc5a0,0x77700000)
 PSPermGen       total 16384K, used 4537K [0x6f5c0000, 0x705c0000, 0x735c0000)
  object space 16384K, 27% used [0x6f5c0000,0x6fa2e7d8,0x705c0000)

Deoptimization events (10 events):
Event: 4,492 Thread 0xb6708c00 Uncommon trap: reason=null_check action=make_not_entrant pc=0xb387eb3c method=java.util.TimSort.binarySort([Ljava/lang/Object;IIILjava/util/Comparator;)V @ 183
Event: 4,797 Thread 0xb6708c00 Uncommon trap: reason=array_check action=maybe_recompile pc=0xb3888280 method=java.util.ComparableTimSort.binarySort([Ljava/lang/Object;III)V @ 183
Event: 5,183 Thread 0xb6708c00 Uncommon trap: reason=predicate action=maybe_recompile pc=0xb389bc24 method=java.util.TimSort.reverseRange([Ljava/lang/Object;II)V @ 8
Event: 5,316 Thread 0xb6708c00 Uncommon trap: reason=array_check action=maybe_recompile pc=0xb3888280 method=java.util.ComparableTimSort.binarySort([Ljava/lang/Object;III)V @ 183
Event: 5,545 Thread 0xb6708c00 Uncommon trap: reason=array_check action=maybe_recompile pc=0xb389d50c method=java.util.TimSort.reverseRange([Ljava/lang/Object;II)V @ 20
Event: 5,545 Thread 0xb6708c00 Uncommon trap: reason=array_check action=maybe_recompile pc=0xb389d50c method=java.util.TimSort.reverseRange([Ljava/lang/Object;II)V @ 20
Event: 5,545 Thread 0xb6708c00 Uncommon trap: reason=array_check action=maybe_recompile pc=0xb389d50c method=java.util.TimSort.reverseRange([Ljava/lang/Object;II)V @ 20
Event: 5,545 Thread 0xb6708c00 Uncommon trap: reason=array_check action=maybe_recompile pc=0xb389d50c method=java.util.TimSort.reverseRange([Ljava/lang/Object;II)V @ 20
Event: 5,919 Thread 0xb6708c00 Uncommon trap: reason=array_check action=maybe_recompile pc=0xb37ecb4c method=java.util.TimSort.reverseRange([Ljava/lang/Object;II)V @ 27
Event: 5,919 Thread 0xb6708c00 Uncommon trap: reason=array_check action=maybe_recompile pc=0xb37ecb4c method=java.util.TimSort.reverseRange([Ljava/lang/Object;II)V @ 27

Internal exceptions (10 events):
Event: 2,807 Thread 0xb6708c00 Threw 0x9f42ae50 at /HUDSON/workspace/7u-2-build-linux-i586/jdk7u45/229/hotspot/src/share/vm/prims/jvm.cpp:1244
Event: 2,807 Thread 0xb6708c00 Threw 0x9f42d218 at /HUDSON/workspace/7u-2-build-linux-i586/jdk7u45/229/hotspot/src/share/vm/prims/jvm.cpp:1244
Event: 2,985 Thread 0xb6708c00 Threw 0x9fc227f0 at /HUDSON/workspace/7u-2-build-linux-i586/jdk7u45/229/hotspot/src/share/vm/prims/jvm.cpp:1244
Event: 3,413 Thread 0xb6708c00 Threw 0x9f9f4648 at /HUDSON/workspace/7u-2-build-linux-i586/jdk7u45/229/hotspot/src/share/vm/prims/jvm.cpp:1244
Event: 3,413 Thread 0xb6708c00 Threw 0x9f9f4760 at /HUDSON/workspace/7u-2-build-linux-i586/jdk7u45/229/hotspot/src/share/vm/prims/jvm.cpp:1244
Event: 3,414 Thread 0xb6708c00 Threw 0x9f9f6928 at /HUDSON/workspace/7u-2-build-linux-i586/jdk7u45/229/hotspot/src/share/vm/prims/jvm.cpp:1244
Event: 3,414 Thread 0xb6708c00 Threw 0x9f9f6a40 at /HUDSON/workspace/7u-2-build-linux-i586/jdk7u45/229/hotspot/src/share/vm/prims/jvm.cpp:1244
Event: 4,128 Thread 0xb6708c00 Implicit null exception at 0xb38706d8 to 0xb3870f1d
Event: 4,129 Thread 0xb6708c00 Implicit null exception at 0xb384abba to 0xb384b4e5
Event: 4,492 Thread 0xb6708c00 Implicit null exception at 0xb387e3fc to 0xb387eb19

Events (10 events):
Event: 5,664 Thread 0x6c196000 flushing nmethod 0xb37ec448
Event: 5,919 Thread 0xb6708c00 Uncommon trap: trap_request=0xffffffd6 fr.pc=0xb37ecb4c
Event: 5,919 Thread 0xb6708c00 DEOPT PACKING pc=0xb37ecb4c sp=0xb6868d20
Event: 5,919 Thread 0xb6708c00 DEOPT UNPACKING pc=0xb36b2bbc sp=0xb6868cf0 mode 2
Event: 5,919 Thread 0xb6708c00 Uncommon trap: trap_request=0xffffffd6 fr.pc=0xb37ecb4c
Event: 5,919 Thread 0xb6708c00 DEOPT PACKING pc=0xb37ecb4c sp=0xb6868d20
Event: 5,919 Thread 0xb6708c00 DEOPT UNPACKING pc=0xb36b2bbc sp=0xb6868cf0 mode 2
Event: 6,066 Executing VM operation: ParallelGCFailedAllocation
Event: 6,092 Executing VM operation: ParallelGCFailedAllocation done
Event: 6,669 Executing VM operation: ParallelGCFailedAllocation


Dynamic libraries:
08048000-08049000 r-xp 00000000 08:06 671014     /usr/local/java/jdk1.7.0_45/bin/java
08049000-0804a000 rw-p 00000000 08:06 671014     /usr/local/java/jdk1.7.0_45/bin/java
092c9000-0937c000 rw-p 00000000 00:00 0          [heap]
6a900000-6a9f6000 rw-p 00000000 00:00 0 
6a9f6000-6aa00000 ---p 00000000 00:00 0 
6ab00000-6abc5000 rw-p 00000000 00:00 0 
6abc5000-6ac00000 ---p 00000000 00:00 0 
6ad00000-6adf3000 rw-p 00000000 00:00 0 
6adf3000-6ae00000 ---p 00000000 00:00 0 
6af00000-6affb000 rw-p 00000000 00:00 0 
6affb000-6b000000 ---p 00000000 00:00 0 
6b000000-6b0fb000 rw-p 00000000 00:00 0 
6b0fb000-6b100000 ---p 00000000 00:00 0 
6b100000-6b1c7000 rw-p 00000000 00:00 0 
6b1c7000-6b200000 ---p 00000000 00:00 0 
6b2fc000-6b300000 r--s 0008a000 08:06 397573     /usr/local/java/jdk1.7.0_45/jre/lib/jsse.jar
6b300000-6b3e9000 rw-p 00000000 00:00 0 
6b3e9000-6b400000 ---p 00000000 00:00 0 
6b400000-6b4f5000 rw-p 00000000 00:00 0 
6b4f5000-6b500000 ---p 00000000 00:00 0 
6b500000-6b5fc000 rw-p 00000000 00:00 0 
6b5fc000-6b600000 ---p 00000000 00:00 0 
6b600000-6b6fc000 rw-p 00000000 00:00 0 
6b6fc000-6b700000 ---p 00000000 00:00 0 
6b700000-6b7d6000 rw-p 00000000 00:00 0 
6b7d6000-6b800000 ---p 00000000 00:00 0 
6b814000-6b817000 ---p 00000000 00:00 0 
6b817000-6b865000 rw-p 00000000 00:00 0 
6b865000-6b868000 ---p 00000000 00:00 0 
6b868000-6b8b6000 rw-p 00000000 00:00 0 
6b8b6000-6b8b9000 ---p 00000000 00:00 0 
6b8b9000-6b907000 rw-p 00000000 00:00 0 
6b907000-6b90a000 ---p 00000000 00:00 0 
6b90a000-6b958000 rw-p 00000000 00:00 0 
6b958000-6b959000 ---p 00000000 00:00 0 
6b959000-6b9d9000 rw-p 00000000 00:00 0 
6b9d9000-6b9dc000 ---p 00000000 00:00 0 
6b9dc000-6ba2a000 rw-p 00000000 00:00 0 
6ba2a000-6ba2d000 ---p 00000000 00:00 0 
6ba2d000-6baab000 rw-p 00000000 00:00 0 
6baab000-6baae000 ---p 00000000 00:00 0 
6baae000-6bb2c000 rw-p 00000000 00:00 0 
6bb2c000-6bb2f000 ---p 00000000 00:00 0 
6bb2f000-6bb7d000 rw-p 00000000 00:00 0 
6bb7d000-6bcaf000 r--p 002c8000 08:06 392632     /usr/lib/locale/locale-archive
6bcaf000-6beaf000 r--p 00000000 08:06 392632     /usr/lib/locale/locale-archive
6beaf000-6beb2000 ---p 00000000 00:00 0 
6beb2000-6bf00000 rw-p 00000000 00:00 0 
6bf00000-6bfeb000 rw-p 00000000 00:00 0 
6bfeb000-6c000000 ---p 00000000 00:00 0 
6c000000-6c021000 rw-p 00000000 00:00 0 
6c021000-6c100000 ---p 00000000 00:00 0 
6c100000-6c1fa000 rw-p 00000000 00:00 0 
6c1fa000-6c200000 ---p 00000000 00:00 0 
6c238000-6c239000 ---p 00000000 00:00 0 
6c239000-6c304000 rw-p 00000000 00:00 0 
6c304000-6c4c0000 r--s 039b2000 08:06 393573     /usr/local/java/jdk1.7.0_45/jre/lib/rt.jar
6c4c0000-6eb00000 rw-p 00000000 00:00 0 
6eb00000-6ec00000 rw-p 00000000 00:00 0 
6ec18000-6ec2d000 r-xp 00000000 08:06 670957     /usr/local/java/jdk1.7.0_45/jre/lib/i386/libnet.so
6ec2d000-6ec2e000 rw-p 00014000 08:06 670957     /usr/local/java/jdk1.7.0_45/jre/lib/i386/libnet.so
6ec2e000-6ec31000 ---p 00000000 00:00 0 
6ec31000-6ec7f000 rw-p 00000000 00:00 0 
6ec7f000-6ec80000 ---p 00000000 00:00 0 
6ec80000-6ed00000 rw-p 00000000 00:00 0 
6ed00000-6ed21000 rw-p 00000000 00:00 0 
6ed21000-6ee00000 ---p 00000000 00:00 0 
6ee00000-6ee21000 rw-p 00000000 00:00 0 
6ee21000-6ef00000 ---p 00000000 00:00 0 
6ef15000-6ef23000 r-xp 00000000 08:06 670404     /usr/local/java/jdk1.7.0_45/jre/lib/i386/libnio.so
6ef23000-6ef24000 rw-p 0000e000 08:06 670404     /usr/local/java/jdk1.7.0_45/jre/lib/i386/libnio.so
6ef24000-6ef7f000 rw-p 00000000 00:00 0 
6ef7f000-6ef80000 ---p 00000000 00:00 0 
6ef80000-6f000000 rw-p 00000000 00:00 0 
6f000000-6f05e000 rw-p 00000000 00:00 0 
6f05e000-6f100000 ---p 00000000 00:00 0 
6f10d000-6f127000 rw-p 00000000 00:00 0 
6f127000-6f128000 ---p 00000000 00:00 0 
6f128000-6f1a8000 rw-p 00000000 00:00 0 
6f1a8000-6f1a9000 ---p 00000000 00:00 0 
6f1a9000-6f231000 rw-p 00000000 00:00 0 
6f231000-6f249000 rw-p 00000000 00:00 0 
6f249000-6f26a000 rw-p 00000000 00:00 0 
6f26a000-6f39f000 rw-p 00000000 00:00 0 
6f39f000-6f3a7000 rw-p 00000000 00:00 0 
6f3a7000-6f3bf000 rw-p 00000000 00:00 0 
6f3bf000-6f3e0000 rw-p 00000000 00:00 0 
6f3e0000-6f514000 rw-p 00000000 00:00 0 
6f514000-6f5b1000 rw-p 00000000 00:00 0 
6f5b1000-6f5bf000 rw-p 00000000 00:00 0 
6f5bf000-705c0000 rw-p 00000000 00:00 0 
705c0000-735c0000 rw-p 00000000 00:00 0 
735c0000-77700000 rw-p 00000000 00:00 0 
77700000-9e040000 rw-p 00000000 00:00 0 
9e040000-b18c0000 rw-p 00000000 00:00 0 
b3428000-b359b000 rw-p 00000000 00:00 0 
b359b000-b35a2000 r--s 00000000 08:06 395046     /usr/lib/i386-linux-gnu/gconv/gconv-modules.cache
b35a2000-b35c6000 r--p 00000000 08:06 1317469    /usr/share/locale-langpack/pl/LC_MESSAGES/libc.mo
b35c6000-b35cf000 rw-p 00000000 00:00 0 
b35cf000-b3686000 rw-p 00000000 00:00 0 
b3686000-b38c6000 rwxp 00000000 00:00 0 
b38c6000-b6686000 rw-p 00000000 00:00 0 
b6686000-b669d000 r-xp 00000000 08:06 670944     /usr/local/java/jdk1.7.0_45/jre/lib/i386/libzip.so
b669d000-b669e000 rw-p 00017000 08:06 670944     /usr/local/java/jdk1.7.0_45/jre/lib/i386/libzip.so
b669e000-b66a9000 r-xp 00000000 08:06 786164     /lib/i386-linux-gnu/libnss_files-2.15.so
b66a9000-b66aa000 r--p 0000a000 08:06 786164     /lib/i386-linux-gnu/libnss_files-2.15.so
b66aa000-b66ab000 rw-p 0000b000 08:06 786164     /lib/i386-linux-gnu/libnss_files-2.15.so
b66ab000-b66c1000 r-xp 00000000 08:06 786163     /lib/i386-linux-gnu/libnsl-2.15.so
b66c1000-b66c2000 r--p 00015000 08:06 786163     /lib/i386-linux-gnu/libnsl-2.15.so
b66c2000-b66c3000 rw-p 00016000 08:06 786163     /lib/i386-linux-gnu/libnsl-2.15.so
b66c3000-b66c5000 rw-p 00000000 00:00 0 
b66c6000-b66d4000 r--s 000b4000 08:06 546427     /usr/share/android-studio/data/sdk/build-tools/android-4.4W/lib/dx.jar
b66d4000-b66dc000 rw-s 00000000 08:06 1076039    /tmp/hsperfdata_olek/12743
b66dc000-b66ff000 r-xp 00000000 08:06 664766     /usr/local/java/jdk1.7.0_45/jre/lib/i386/libjava.so
b66ff000-b6700000 rw-p 00022000 08:06 664766     /usr/local/java/jdk1.7.0_45/jre/lib/i386/libjava.so
b6700000-b67f7000 rw-p 00000000 00:00 0 
b67f7000-b6800000 ---p 00000000 00:00 0 
b6804000-b680e000 r-xp 00000000 08:06 786202     /lib/i386-linux-gnu/libnss_nis-2.15.so
b680e000-b680f000 r--p 00009000 08:06 786202     /lib/i386-linux-gnu/libnss_nis-2.15.so
b680f000-b6810000 rw-p 0000a000 08:06 786202     /lib/i386-linux-gnu/libnss_nis-2.15.so
b6810000-b6817000 r-xp 00000000 08:06 786021     /lib/i386-linux-gnu/librt-2.15.so
b6817000-b6818000 r--p 00006000 08:06 786021     /lib/i386-linux-gnu/librt-2.15.so
b6818000-b6819000 rw-p 00007000 08:06 786021     /lib/i386-linux-gnu/librt-2.15.so
b6819000-b681c000 ---p 00000000 00:00 0 
b681c000-b686a000 rw-p 00000000 00:00 0 
b686a000-b6894000 r-xp 00000000 08:06 786199     /lib/i386-linux-gnu/libm-2.15.so
b6894000-b6895000 r--p 00029000 08:06 786199     /lib/i386-linux-gnu/libm-2.15.so
b6895000-b6896000 rw-p 0002a000 08:06 786199     /lib/i386-linux-gnu/libm-2.15.so
b6896000-b710d000 r-xp 00000000 08:06 670953     /usr/local/java/jdk1.7.0_45/jre/lib/i386/server/libjvm.so
b710d000-b7172000 rw-p 00876000 08:06 670953     /usr/local/java/jdk1.7.0_45/jre/lib/i386/server/libjvm.so
b7172000-b7595000 rw-p 00000000 00:00 0 
b7595000-b7739000 r-xp 00000000 08:06 786179     /lib/i386-linux-gnu/libc-2.15.so
b7739000-b773a000 ---p 001a4000 08:06 786179     /lib/i386-linux-gnu/libc-2.15.so
b773a000-b773c000 r--p 001a4000 08:06 786179     /lib/i386-linux-gnu/libc-2.15.so
b773c000-b773d000 rw-p 001a6000 08:06 786179     /lib/i386-linux-gnu/libc-2.15.so
b773d000-b7740000 rw-p 00000000 00:00 0 
b7740000-b7743000 r-xp 00000000 08:06 811213     /lib/i386-linux-gnu/libdl-2.15.so
b7743000-b7744000 r--p 00002000 08:06 811213     /lib/i386-linux-gnu/libdl-2.15.so
b7744000-b7745000 rw-p 00003000 08:06 811213     /lib/i386-linux-gnu/libdl-2.15.so
b7745000-b7746000 rw-p 00000000 00:00 0 
b7746000-b7759000 r-xp 00000000 08:06 671956     /usr/local/java/jdk1.7.0_45/lib/i386/jli/libjli.so
b7759000-b775a000 rw-p 00012000 08:06 671956     /usr/local/java/jdk1.7.0_45/lib/i386/jli/libjli.so
b775a000-b7771000 r-xp 00000000 08:06 785972     /lib/i386-linux-gnu/libpthread-2.15.so
b7771000-b7772000 r--p 00016000 08:06 785972     /lib/i386-linux-gnu/libpthread-2.15.so
b7772000-b7773000 rw-p 00017000 08:06 785972     /lib/i386-linux-gnu/libpthread-2.15.so
b7773000-b7775000 rw-p 00000000 00:00 0 
b7775000-b777c000 r-xp 00000000 08:06 786201     /lib/i386-linux-gnu/libnss_compat-2.15.so
b777c000-b777d000 r--p 00006000 08:06 786201     /lib/i386-linux-gnu/libnss_compat-2.15.so
b777d000-b777e000 rw-p 00007000 08:06 786201     /lib/i386-linux-gnu/libnss_compat-2.15.so
b777e000-b777f000 rw-p 00000000 00:00 0 
b777f000-b7780000 ---p 00000000 00:00 0 
b7780000-b778b000 r-xp 00000000 08:06 670968     /usr/local/java/jdk1.7.0_45/jre/lib/i386/libverify.so
b778b000-b778c000 rw-p 0000b000 08:06 670968     /usr/local/java/jdk1.7.0_45/jre/lib/i386/libverify.so
b778c000-b778e000 rw-p 00000000 00:00 0 
b778e000-b778f000 r-xp 00000000 00:00 0          [vdso]
b778f000-b77af000 r-xp 00000000 08:06 785971     /lib/i386-linux-gnu/ld-2.15.so
b77af000-b77b0000 r--p 0001f000 08:06 785971     /lib/i386-linux-gnu/ld-2.15.so
b77b0000-b77b1000 rw-p 00020000 08:06 785971     /lib/i386-linux-gnu/ld-2.15.so
bfd11000-bfd33000 rw-p 00000000 00:00 0          [stack]

VM Arguments:
jvm_args: -Xmx1024M 
java_command: /usr/share/android-studio/data/sdk/build-tools/android-4.4W/lib/dx.jar --dex --num-threads=4 --output /home/olek/AndroidStudioProjects/DajSpisac2/DajSpisac/app/build/intermediates/dex/debug /home/olek/AndroidStudioProjects/DajSpisac2/DajSpisac/app/build/intermediates/classes/debug /home/olek/AndroidStudioProjects/DajSpisac2/DajSpisac/app/build/intermediates/dependency-cache/debug /home/olek/AndroidStudioProjects/DajSpisac2/DajSpisac/app/build/intermediates/pre-dexed/debug/classes-70e4cd1c8b82dadb81c01a1164645fd5171b131f.jar /home/olek/AndroidStudioProjects/DajSpisac2/DajSpisac/app/build/intermediates/pre-dexed/debug/support-v4-19.1.0-bfe6379f31d17615f5ca4b83bd0a7235fba0720f.jar /home/olek/AndroidStudioProjects/DajSpisac2/DajSpisac/app/build/intermediates/pre-dexed/debug/commons-io-1.3.2-65ced0583e745a13466ed476e15f98ed8c349674.jar /home/olek/AndroidStudioProjects/DajSpisac2/DajSpisac/app/build/intermediates/pre-dexed/debug/robospice-spring-android-1.4.12-762be6cfb250899b1c81036b07f54fee4dcb2ac4.jar /home/olek/AndroidStudioProjects/DajSpisac2/DajSpisac/app/build/intermediates/pre-dexed/debug/commons-lang3-3.2.1-48ddb587b0af443a44635ae516cd5b6e9793dbc0.jar /home/olek/AndroidStudioProjects/DajSpisac2/DajSpisac/app/build/intermediates/pre-dexed/debug/universal-image-loader-1.9.2-eee2392d80033a19dda5fe10e97bf2d997aa8324.jar /home/olek/AndroidStudioProjects/DajSpisac2/DajSpisac/app/build/intermediates/pre-dexed/debug/spring-android-core-1.0.1.RELEASE-9b9474ca76c015172b287f2cde44701cfd7f5b74.jar /home/olek/AndroidStudioProjects/DajSpisac2/DajSpisac/app/build/intermediates/pre-dexed/debug/jackson-annotations-2.4.0-f178df8577412c09ca51db91729aef33d7539dfc.jar /home/olek/AndroidStudioProjects/DajSpisac2/DajSpisac/app/build/intermediates/pre-dexed/debug/jackson-databind-2.4.1-6d3307ebe01e61039a6ee8c8c597c33528867cbd.jar /home/olek/AndroidStudioProjects/DajSpisac2/DajSpisac/app/build/intermediates/pre-dexed/debug/spring-android-rest-template-1.0.1.RELEASE-0958c0
Launcher Type: SUN_STANDARD

Environment Variables:
JAVA_HOME=/usr/local/java/jdk1.7.0_45
CLASSPATH=/usr/share/android-studio/data/bin/../lib/bootstrap.jar:/usr/share/android-studio/data/bin/../lib/extensions.jar:/usr/share/android-studio/data/bin/../lib/util.jar:/usr/share/android-studio/data/bin/../lib/jdom.jar:/usr/share/android-studio/data/bin/../lib/log4j.jar:/usr/share/android-studio/data/bin/../lib/trove4j.jar:/usr/share/android-studio/data/bin/../lib/jna.jar:/usr/local/java/jdk1.7.0_45/lib/tools.jar
PATH=/usr/lib/lightdm/lightdm:/usr/local/sbin:/usr/local/bin:/usr/sbin:/usr/bin:/sbin:/bin:/usr/games:/home/olek/bin:/usr/local/java/jdk1.7.0_45/bin
LD_LIBRARY_PATH=/usr/share/android-studio/data/bin:
SHELL=/bin/bash
DISPLAY=:0

Signal Handlers:
SIGSEGV: [libjvm.so+0x7dd350], sa_mask[0]=0x7ffbfeff, sa_flags=0x10000004
SIGBUS: [libjvm.so+0x7dd350], sa_mask[0]=0x7ffbfeff, sa_flags=0x10000004
SIGFPE: [libjvm.so+0x678b60], sa_mask[0]=0x7ffbfeff, sa_flags=0x10000004
SIGPIPE: [libjvm.so+0x678b60], sa_mask[0]=0x7ffbfeff, sa_flags=0x10000004
SIGXFSZ: [libjvm.so+0x678b60], sa_mask[0]=0x7ffbfeff, sa_flags=0x10000004
SIGILL: [libjvm.so+0x678b60], sa_mask[0]=0x7ffbfeff, sa_flags=0x10000004
SIGUSR1: SIG_DFL, sa_mask[0]=0x00000000, sa_flags=0x00000000
SIGUSR2: [libjvm.so+0x67a050], sa_mask[0]=0x00000004, sa_flags=0x10000004
SIGHUP: [libjvm.so+0x67b1a0], sa_mask[0]=0x7ffbfeff, sa_flags=0x10000004
SIGINT: [libjvm.so+0x67b1a0], sa_mask[0]=0x7ffbfeff, sa_flags=0x10000004
SIGTERM: [libjvm.so+0x67b1a0], sa_mask[0]=0x7ffbfeff, sa_flags=0x10000004
SIGQUIT: [libjvm.so+0x67b1a0], sa_mask[0]=0x7ffbfeff, sa_flags=0x10000004


---------------  S Y S T E M  ---------------

OS:wheezy/sid

uname:Linux 3.2.0-67-generic-pae #101-Ubuntu SMP Tue Jul 15 18:04:54 UTC 2014 i686
libc:glibc 2.15 NPTL 2.15 
rlimit: STACK 8192k, CORE 0k, NPROC 30461, NOFILE 4096, AS infinity
load average:1,33 1,16 1,24

/proc/meminfo:
MemTotal:        3913636 kB
MemFree:          156612 kB
Buffers:            5620 kB
Cached:           588004 kB
SwapCached:            0 kB
Active:          3158132 kB
Inactive:         511468 kB
Active(anon):    3114200 kB
Inactive(anon):   467384 kB
Active(file):      43932 kB
Inactive(file):    44084 kB
Unevictable:          16 kB
Mlocked:              16 kB
HighTotal:       3072916 kB
HighFree:           1512 kB
LowTotal:         840720 kB
LowFree:          155100 kB
SwapTotal:             0 kB
SwapFree:              0 kB
Dirty:              4268 kB
Writeback:             0 kB
AnonPages:       3076500 kB
Mapped:           119468 kB
Shmem:            505344 kB
Slab:              40256 kB
SReclaimable:      17972 kB
SUnreclaim:        22284 kB
KernelStack:        4728 kB
PageTables:        20000 kB
NFS_Unstable:          0 kB
Bounce:                0 kB
WritebackTmp:          0 kB
CommitLimit:     1956816 kB
Committed_AS:    6941540 kB
VmallocTotal:     122880 kB
VmallocUsed:       59992 kB
VmallocChunk:      59636 kB
HardwareCorrupted:     0 kB
AnonHugePages:         0 kB
HugePages_Total:       0
HugePages_Free:        0
HugePages_Rsvd:        0
HugePages_Surp:        0
Hugepagesize:       2048 kB
DirectMap4k:       10232 kB
DirectMap2M:      903168 kB


CPU:total 4 (2 cores per cpu, 2 threads per core) family 6 model 37 stepping 5, cmov, cx8, fxsr, mmx, sse, sse2, sse3, ssse3, sse4.1, sse4.2, popcnt, ht, tsc, tscinvbit

/proc/cpuinfo:
processor	: 0
vendor_id	: GenuineIntel
cpu family	: 6
model		: 37
model name	: Intel(R) Core(TM) i3 CPU       M 380  @ 2.53GHz
stepping	: 5
microcode	: 0x2
cpu MHz		: 2533.000
cache size	: 3072 KB
physical id	: 0
siblings	: 4
core id		: 0
cpu cores	: 2
apicid		: 0
initial apicid	: 0
fdiv_bug	: no
hlt_bug		: no
f00f_bug	: no
coma_bug	: no
fpu		: yes
fpu_exception	: yes
cpuid level	: 11
wp		: yes
flags		: fpu vme de pse tsc msr pae mce cx8 apic sep mtrr pge mca cmov pat pse36 clflush dts acpi mmx fxsr sse sse2 ss ht tm pbe nx rdtscp lm constant_tsc arch_perfmon pebs bts xtopology nonstop_tsc aperfmperf pni dtes64 monitor ds_cpl vmx est tm2 ssse3 cx16 xtpr pdcm pcid sse4_1 sse4_2 popcnt lahf_lm arat dtherm tpr_shadow vnmi flexpriority ept vpid
bogomips	: 5053.97
clflush size	: 64
cache_alignment	: 64
address sizes	: 36 bits physical, 48 bits virtual
power management:

processor	: 1
vendor_id	: GenuineIntel
cpu family	: 6
model		: 37
model name	: Intel(R) Core(TM) i3 CPU       M 380  @ 2.53GHz
stepping	: 5
microcode	: 0x2
cpu MHz		: 933.000
cache size	: 3072 KB
physical id	: 0
siblings	: 4
core id		: 2
cpu cores	: 2
apicid		: 4
initial apicid	: 4
fdiv_bug	: no
hlt_bug		: no
f00f_bug	: no
coma_bug	: no
fpu		: yes
fpu_exception	: yes
cpuid level	: 11
wp		: yes
flags		: fpu vme de pse tsc msr pae mce cx8 apic sep mtrr pge mca cmov pat pse36 clflush dts acpi mmx fxsr sse sse2 ss ht tm pbe nx rdtscp lm constant_tsc arch_perfmon pebs bts xtopology nonstop_tsc aperfmperf pni dtes64 monitor ds_cpl vmx est tm2 ssse3 cx16 xtpr pdcm pcid sse4_1 sse4_2 popcnt lahf_lm arat dtherm tpr_shadow vnmi flexpriority ept vpid
bogomips	: 5054.19
clflush size	: 64
cache_alignment	: 64
address sizes	: 36 bits physical, 48 bits virtual
power management:

processor	: 2
vendor_id	: GenuineIntel
cpu family	: 6
model		: 37
model name	: Intel(R) Core(TM) i3 CPU       M 380  @ 2.53GHz
stepping	: 5
microcode	: 0x2
cpu MHz		: 2533.000
cache size	: 3072 KB
physical id	: 0
siblings	: 4
core id		: 0
cpu cores	: 2
apicid		: 1
initial apicid	: 1
fdiv_bug	: no
hlt_bug		: no
f00f_bug	: no
coma_bug	: no
fpu		: yes
fpu_exception	: yes
cpuid level	: 11
wp		: yes
flags		: fpu vme de pse tsc msr pae mce cx8 apic sep mtrr pge mca cmov pat pse36 clflush dts acpi mmx fxsr sse sse2 ss ht tm pbe nx rdtscp lm constant_tsc arch_perfmon pebs bts xtopology nonstop_tsc aperfmperf pni dtes64 monitor ds_cpl vmx est tm2 ssse3 cx16 xtpr pdcm pcid sse4_1 sse4_2 popcnt lahf_lm arat dtherm tpr_shadow vnmi flexpriority ept vpid
bogomips	: 5054.18
clflush size	: 64
cache_alignment	: 64
address sizes	: 36 bits physical, 48 bits virtual
power management:

processor	: 3
vendor_id	: GenuineIntel
cpu family	: 6
model		: 37
model name	: Intel(R) Core(TM) i3 CPU       M 380  @ 2.53GHz
stepping	: 5
microcode	: 0x2
cpu MHz		: 2533.000
cache size	: 3072 KB
physical id	: 0
siblings	: 4
core id		: 2
cpu cores	: 2
apicid		: 5
initial apicid	: 5
fdiv_bug	: no
hlt_bug		: no
f00f_bug	: no
coma_bug	: no
fpu		: yes
fpu_exception	: yes
cpuid level	: 11
wp		: yes
flags		: fpu vme de pse tsc msr pae mce cx8 apic sep mtrr pge mca cmov pat pse36 clflush dts acpi mmx fxsr sse sse2 ss ht tm pbe nx rdtscp lm constant_tsc arch_perfmon pebs bts xtopology nonstop_tsc aperfmperf pni dtes64 monitor ds_cpl vmx est tm2 ssse3 cx16 xtpr pdcm pcid sse4_1 sse4_2 popcnt lahf_lm arat dtherm tpr_shadow vnmi flexpriority ept vpid
bogomips	: 5054.19
clflush size	: 64
cache_alignment	: 64
address sizes	: 36 bits physical, 48 bits virtual
power management:



Memory: 4k page, physical 3913636k(156612k free), swap 0k(0k free)

vm_info: Java HotSpot(TM) Server VM (24.45-b08) for linux-x86 JRE (1.7.0_45-b18), built on Oct  8 2013 05:44:51 by "java_re" with gcc 4.3.0 20080428 (Red Hat 4.3.0-8)

time: Wed Aug 27 14:15:17 2014
elapsed time: 7 seconds

